<?xml version="1.0" encoding="UTF-8"?>
<!-- Generated by org.testng.reporters.JUnitXMLReporter -->
<testsuite ignored="0" hostname="JAMOCHA30" failures="1" tests="1" name="Test" time="0.62" errors="0" timestamp="2024-05-16T12:37:53 IST">
  <testcase classname="net.testcases_worktimemodule.categories_category_administrationmenu.AddCategory" name="addCategory" time="0.0">
    <failure type="org.testng.TestNGException" message="
Parameter &amp;apos;browser&amp;apos; is required by @Test on method addCategory but has not been marked @Optional or defined
in C:\Users\pavana.c\Desktop\REsults\ProHanceAutomationMySql\ChromeTestResultsXML\categoires_category.xml">
      <![CDATA[org.testng.TestNGException: 
Parameter 'browser' is required by @Test on method addCategory but has not been marked @Optional or defined
in C:\Users\pavana.c\Desktop\REsults\ProHanceAutomationMySql\ChromeTestResultsXML\categoires_category.xml
at java.base/java.util.ArrayList.forEach(ArrayList.java:1541)
... Removed 26 stack frames]]>
    </failure>
  </testcase> <!-- addCategory -->
</testsuite> <!-- Test -->
