<?xml version="1.0" encoding="UTF-8"?>
<!-- Generated by org.testng.reporters.JUnitXMLReporter -->
<testsuite ignored="0" hostname="JAMOCHA30" failures="4" tests="43" name="ie" time="1173.311" errors="0" timestamp="2024-06-03T17:49:20 IST">
  <testcase classname="net.testcases_worktimemodule.validate_user_roles_administrationmenu.UserRolesModifyManagerDefineNewActivity" name="userRolesModifyManagerDefineNewActivity" time="43.414"/>
  <testcase classname="net.testcases_worktimemodule.User_adminmenu.UsersLoggedinUsersBytrayCPU" name="usersLoggedinUsersByTrayCPU" time="15.769">
    <skipped/>
  </testcase> <!-- usersLoggedinUsersByTrayCPU -->
  <testcase classname="net.testcases_worktimemodule.User_adminmenu.UsersLoggedinUsersBytrayCPU" name="usersLoggedinUsersByTrayCPU" time="13.087">
    <skipped/>
  </testcase> <!-- usersLoggedinUsersByTrayCPU -->
  <testcase classname="net.testcases_worktimemodule.User_adminmenu.UsersLoggedinUsersBytrayCPU" name="usersLoggedinUsersByTrayCPU" time="10.94">
    <failure type="org.openqa.selenium.ElementClickInterceptedException" message="element click intercepted: Element &amp;lt;iframe id=&amp;quot;contentFrame&amp;quot; name=&amp;quot;contentFrame&amp;quot; frameborder=&amp;quot;0&amp;quot; src=&amp;quot;/prohance/UserSummary.htm?menuItemId=128&amp;quot; style=&amp;quot;height: 529px;&amp;quot; cd_frame_id_=&amp;quot;61ae92c15f0dc3ced5729db21ad59b8a&amp;quot;&amp;gt;&amp;lt;/iframe&amp;gt; is not clickable at point (1061, 205). Other element would receive the click: &amp;lt;div class=&amp;quot;modal fade&amp;quot; role=&amp;quot;dialog&amp;quot; tabindex=&amp;quot;-1&amp;quot; id=&amp;quot;adminLoadingModal&amp;quot; aria-labelledby=&amp;quot;gridSystemModalLabel&amp;quot; style=&amp;quot;z-index: 1040; display: block;&amp;quot;&amp;gt;...&amp;lt;/div&amp;gt;
  (Session info: chrome=118.0.5993.118)
Build info: version: &amp;apos;4.13.0&amp;apos;, revision: &amp;apos;ba948ece5b*&amp;apos;
System info: os.name: &amp;apos;Windows 10&amp;apos;, os.arch: &amp;apos;amd64&amp;apos;, os.version: &amp;apos;10.0&amp;apos;, java.version: &amp;apos;11.0.21&amp;apos;
Driver info: org.openqa.selenium.chrome.ChromeDriver
Command: [9a37c11f3834b7137a112d0c93917853, clickElement {id=E58B878B85A7B91B4C13512D289659BB_element_981}]
Capabilities {acceptInsecureCerts: false, browserName: chrome, browserVersion: 118.0.5993.118, chrome: {chromedriverVersion: 118.0.5993.70 (e52f33f30b91..., userDataDir: C:\Users\pavana.c\AppData\L...}, fedcm:accounts: true, goog:chromeOptions: {debuggerAddress: localhost:64278}, networkConnectionEnabled: false, pageLoadStrategy: normal, platformName: windows, proxy: Proxy(), se:cdp: ws://localhost:64278/devtoo..., se:cdpVersion: 118.0.5993.118, setWindowRect: true, strictFileInteractability: false, timeouts: {implicit: 0, pageLoad: 300000, script: 30000}, unhandledPromptBehavior: dismiss and notify, webauthn:extension:credBlob: true, webauthn:extension:largeBlob: true, webauthn:extension:minPinLength: true, webauthn:extension:prf: true, webauthn:virtualAuthenticators: true}
Element: [[ChromeDriver: chrome on windows (9a37c11f3834b7137a112d0c93917853)] -&amp;gt; xpath: //li/a[contains(text(),&amp;quot;SHOW LOGGED IN USERS&amp;quot;)]]
Session ID: 9a37c11f3834b7137a112d0c93917853">
      <![CDATA[org.openqa.selenium.ElementClickInterceptedException: element click intercepted: Element <iframe id="contentFrame" name="contentFrame" frameborder="0" src="/prohance/UserSummary.htm?menuItemId=128" style="height: 529px;" cd_frame_id_="61ae92c15f0dc3ced5729db21ad59b8a"></iframe> is not clickable at point (1061, 205). Other element would receive the click: <div class="modal fade" role="dialog" tabindex="-1" id="adminLoadingModal" aria-labelledby="gridSystemModalLabel" style="z-index: 1040; display: block;">...</div>
  (Session info: chrome=118.0.5993.118)
Build info: version: '4.13.0', revision: 'ba948ece5b*'
System info: os.name: 'Windows 10', os.arch: 'amd64', os.version: '10.0', java.version: '11.0.21'
Driver info: org.openqa.selenium.chrome.ChromeDriver
Command: [9a37c11f3834b7137a112d0c93917853, clickElement {id=E58B878B85A7B91B4C13512D289659BB_element_981}]
Capabilities {acceptInsecureCerts: false, browserName: chrome, browserVersion: 118.0.5993.118, chrome: {chromedriverVersion: 118.0.5993.70 (e52f33f30b91..., userDataDir: C:\Users\pavana.c\AppData\L...}, fedcm:accounts: true, goog:chromeOptions: {debuggerAddress: localhost:64278}, networkConnectionEnabled: false, pageLoadStrategy: normal, platformName: windows, proxy: Proxy(), se:cdp: ws://localhost:64278/devtoo..., se:cdpVersion: 118.0.5993.118, setWindowRect: true, strictFileInteractability: false, timeouts: {implicit: 0, pageLoad: 300000, script: 30000}, unhandledPromptBehavior: dismiss and notify, webauthn:extension:credBlob: true, webauthn:extension:largeBlob: true, webauthn:extension:minPinLength: true, webauthn:extension:prf: true, webauthn:virtualAuthenticators: true}
Element: [[ChromeDriver: chrome on windows (9a37c11f3834b7137a112d0c93917853)] -> xpath: //li/a[contains(text(),"SHOW LOGGED IN USERS")]]
Session ID: 9a37c11f3834b7137a112d0c93917853
at org.openqa.selenium.remote.codec.w3c.W3CHttpResponseCodec.createException(W3CHttpResponseCodec.java:200)
at org.openqa.selenium.remote.codec.w3c.W3CHttpResponseCodec.decode(W3CHttpResponseCodec.java:133)
at org.openqa.selenium.remote.codec.w3c.W3CHttpResponseCodec.decode(W3CHttpResponseCodec.java:52)
at org.openqa.selenium.remote.HttpCommandExecutor.execute(HttpCommandExecutor.java:191)
at org.openqa.selenium.remote.service.DriverCommandExecutor.invokeExecute(DriverCommandExecutor.java:196)
at org.openqa.selenium.remote.service.DriverCommandExecutor.execute(DriverCommandExecutor.java:171)
at org.openqa.selenium.remote.RemoteWebDriver.execute(RemoteWebDriver.java:602)
at org.openqa.selenium.remote.RemoteWebElement.execute(RemoteWebElement.java:224)
at org.openqa.selenium.remote.RemoteWebElement.click(RemoteWebElement.java:77)
at org.openqa.selenium.support.pagefactory.internal.LocatingElementHandler.invoke(LocatingElementHandler.java:51)
at com.sun.proxy.$Proxy14.click(Unknown Source)
at net.pages_worktimemodule.UsersPage.clickLoggedUsers(UsersPage.java:882)
at net.testcases_worktimemodule.User_adminmenu.UsersLoggedinUsersBytrayCPU.usersLoggedinUsersByTrayCPU(UsersLoggedinUsersBytrayCPU.java:47)
at java.base/java.util.ArrayList.forEach(ArrayList.java:1541)
... Removed 35 stack frames]]>
    </failure>
  </testcase> <!-- usersLoggedinUsersByTrayCPU -->
  <testcase classname="net.testcases_worktimemodule.User_adminmenu.UsersLoggedinUsersByServiceMemory" name="usersLoggedinUsersByServiceMemory" time="13.324">
    <skipped/>
  </testcase> <!-- usersLoggedinUsersByServiceMemory -->
  <testcase classname="net.testcases_worktimemodule.User_adminmenu.UsersLoggedinUsersByServiceMemory" name="usersLoggedinUsersByServiceMemory" time="14.904">
    <skipped/>
  </testcase> <!-- usersLoggedinUsersByServiceMemory -->
  <testcase classname="net.testcases_worktimemodule.User_adminmenu.UsersLoggedinUsersByServiceMemory" name="usersLoggedinUsersByServiceMemory" time="9.617">
    <failure type="org.openqa.selenium.ElementClickInterceptedException" message="element click intercepted: Element &amp;lt;iframe id=&amp;quot;contentFrame&amp;quot; name=&amp;quot;contentFrame&amp;quot; frameborder=&amp;quot;0&amp;quot; src=&amp;quot;/prohance/UserSummary.htm?menuItemId=128&amp;quot; style=&amp;quot;height: 529px;&amp;quot; cd_frame_id_=&amp;quot;e63844090153bc4a749cddebdda9fde0&amp;quot;&amp;gt;&amp;lt;/iframe&amp;gt; is not clickable at point (1061, 205). Other element would receive the click: &amp;lt;div class=&amp;quot;modal fade&amp;quot; role=&amp;quot;dialog&amp;quot; tabindex=&amp;quot;-1&amp;quot; id=&amp;quot;adminLoadingModal&amp;quot; aria-labelledby=&amp;quot;gridSystemModalLabel&amp;quot; style=&amp;quot;z-index: 1040; display: block;&amp;quot;&amp;gt;...&amp;lt;/div&amp;gt;
  (Session info: chrome=118.0.5993.118)
Build info: version: &amp;apos;4.13.0&amp;apos;, revision: &amp;apos;ba948ece5b*&amp;apos;
System info: os.name: &amp;apos;Windows 10&amp;apos;, os.arch: &amp;apos;amd64&amp;apos;, os.version: &amp;apos;10.0&amp;apos;, java.version: &amp;apos;11.0.21&amp;apos;
Driver info: org.openqa.selenium.chrome.ChromeDriver
Command: [8bfcf704d75d4dcbea87fbd98fb693b1, clickElement {id=7833AE744BE3EF6EB2CD45CC3EFB5627_element_980}]
Capabilities {acceptInsecureCerts: false, browserName: chrome, browserVersion: 118.0.5993.118, chrome: {chromedriverVersion: 118.0.5993.70 (e52f33f30b91..., userDataDir: C:\Users\pavana.c\AppData\L...}, fedcm:accounts: true, goog:chromeOptions: {debuggerAddress: localhost:64359}, networkConnectionEnabled: false, pageLoadStrategy: normal, platformName: windows, proxy: Proxy(), se:cdp: ws://localhost:64359/devtoo..., se:cdpVersion: 118.0.5993.118, setWindowRect: true, strictFileInteractability: false, timeouts: {implicit: 0, pageLoad: 300000, script: 30000}, unhandledPromptBehavior: dismiss and notify, webauthn:extension:credBlob: true, webauthn:extension:largeBlob: true, webauthn:extension:minPinLength: true, webauthn:extension:prf: true, webauthn:virtualAuthenticators: true}
Element: [[ChromeDriver: chrome on windows (8bfcf704d75d4dcbea87fbd98fb693b1)] -&amp;gt; xpath: //li/a[contains(text(),&amp;quot;SHOW LOGGED IN USERS&amp;quot;)]]
Session ID: 8bfcf704d75d4dcbea87fbd98fb693b1">
      <![CDATA[org.openqa.selenium.ElementClickInterceptedException: element click intercepted: Element <iframe id="contentFrame" name="contentFrame" frameborder="0" src="/prohance/UserSummary.htm?menuItemId=128" style="height: 529px;" cd_frame_id_="e63844090153bc4a749cddebdda9fde0"></iframe> is not clickable at point (1061, 205). Other element would receive the click: <div class="modal fade" role="dialog" tabindex="-1" id="adminLoadingModal" aria-labelledby="gridSystemModalLabel" style="z-index: 1040; display: block;">...</div>
  (Session info: chrome=118.0.5993.118)
Build info: version: '4.13.0', revision: 'ba948ece5b*'
System info: os.name: 'Windows 10', os.arch: 'amd64', os.version: '10.0', java.version: '11.0.21'
Driver info: org.openqa.selenium.chrome.ChromeDriver
Command: [8bfcf704d75d4dcbea87fbd98fb693b1, clickElement {id=7833AE744BE3EF6EB2CD45CC3EFB5627_element_980}]
Capabilities {acceptInsecureCerts: false, browserName: chrome, browserVersion: 118.0.5993.118, chrome: {chromedriverVersion: 118.0.5993.70 (e52f33f30b91..., userDataDir: C:\Users\pavana.c\AppData\L...}, fedcm:accounts: true, goog:chromeOptions: {debuggerAddress: localhost:64359}, networkConnectionEnabled: false, pageLoadStrategy: normal, platformName: windows, proxy: Proxy(), se:cdp: ws://localhost:64359/devtoo..., se:cdpVersion: 118.0.5993.118, setWindowRect: true, strictFileInteractability: false, timeouts: {implicit: 0, pageLoad: 300000, script: 30000}, unhandledPromptBehavior: dismiss and notify, webauthn:extension:credBlob: true, webauthn:extension:largeBlob: true, webauthn:extension:minPinLength: true, webauthn:extension:prf: true, webauthn:virtualAuthenticators: true}
Element: [[ChromeDriver: chrome on windows (8bfcf704d75d4dcbea87fbd98fb693b1)] -> xpath: //li/a[contains(text(),"SHOW LOGGED IN USERS")]]
Session ID: 8bfcf704d75d4dcbea87fbd98fb693b1
at org.openqa.selenium.remote.codec.w3c.W3CHttpResponseCodec.createException(W3CHttpResponseCodec.java:200)
at org.openqa.selenium.remote.codec.w3c.W3CHttpResponseCodec.decode(W3CHttpResponseCodec.java:133)
at org.openqa.selenium.remote.codec.w3c.W3CHttpResponseCodec.decode(W3CHttpResponseCodec.java:52)
at org.openqa.selenium.remote.HttpCommandExecutor.execute(HttpCommandExecutor.java:191)
at org.openqa.selenium.remote.service.DriverCommandExecutor.invokeExecute(DriverCommandExecutor.java:196)
at org.openqa.selenium.remote.service.DriverCommandExecutor.execute(DriverCommandExecutor.java:171)
at org.openqa.selenium.remote.RemoteWebDriver.execute(RemoteWebDriver.java:602)
at org.openqa.selenium.remote.RemoteWebElement.execute(RemoteWebElement.java:224)
at org.openqa.selenium.remote.RemoteWebElement.click(RemoteWebElement.java:77)
at org.openqa.selenium.support.pagefactory.internal.LocatingElementHandler.invoke(LocatingElementHandler.java:51)
at com.sun.proxy.$Proxy14.click(Unknown Source)
at net.pages_worktimemodule.UsersPage.clickLoggedUsers(UsersPage.java:882)
at net.testcases_worktimemodule.User_adminmenu.UsersLoggedinUsersByServiceMemory.usersLoggedinUsersByServiceMemory(UsersLoggedinUsersByServiceMemory.java:48)
at java.base/java.util.ArrayList.forEach(ArrayList.java:1541)
... Removed 34 stack frames]]>
    </failure>
  </testcase> <!-- usersLoggedinUsersByServiceMemory -->
  <testcase classname="net.testcases_worktimemodule.User_adminmenu.UsersAddingNew" name="addNewUsers" time="38.248"/>
  <testcase classname="net.testcases_worktimemodule.User_adminmenu.UsersReportColumn" name="usersReportColumn" time="19.207"/>
  <testcase classname="net.testcases_worktimemodule.User_adminmenu.UsersAttributesForActiveUsers" name="usersAttributesForInactiveUsers" time="15.611">
    <skipped/>
  </testcase> <!-- usersAttributesForInactiveUsers -->
  <testcase classname="net.testcases_worktimemodule.User_adminmenu.UsersAttributesForActiveUsers" name="usersAttributesForInactiveUsers" time="18.941">
    <skipped/>
  </testcase> <!-- usersAttributesForInactiveUsers -->
  <testcase classname="net.testcases_worktimemodule.User_adminmenu.UsersAttributesForActiveUsers" name="usersAttributesForInactiveUsers" time="19.031"/>
  <testcase classname="net.testcases_worktimemodule.User_adminmenu.UsersAttributesForInactiveUsers" name="usersAttributesForInactiveUsers" time="19.222"/>
  <testcase classname="net.testcases_worktimemodule.User_adminmenu.UsersLoggedinUsersByClientVersion" name="usersLoggedinUsersByClientVersion" time="14.887"/>
  <testcase classname="net.testcases_worktimemodule.User_adminmenu.UsersLoggedinUsersByClientMode" name="usersLoggedinUsersByClientMode" time="15.331"/>
  <testcase classname="net.testcases_worktimemodule.User_adminmenu.UsersLoggedinUsersByDotNetVersion" name="usersLoggedinUsersByDotNetVersion" time="15.627"/>
  <testcase classname="net.testcases_worktimemodule.User_adminmenu.UsersLoggedinUsersByActivity" name="usersLoggedinUsersByHeartbeat" time="24.438"/>
  <testcase classname="net.testcases_worktimemodule.User_adminmenu.UsersLoggedinUsersByTrayMemory" name="usersLoggedinUsersByTrayMemory" time="17.616"/>
  <testcase classname="net.testcases_worktimemodule.User_adminmenu.UsersEmailExportClose" name="usersEmailExportClose" time="12.757"/>
  <testcase classname="net.testcases_worktimemodule.User_adminmenu.UsersLoggedinUsersByOperatingSystem" name="usersLoggedinUsersByOperatingSystem" time="14.024"/>
  <testcase classname="net.testcases_worktimemodule.User_adminmenu.UsersLoggedinUsersByOSflavour" name="usersLoggedinUsersByOSflavour" time="16.556"/>
  <testcase classname="net.testcases_worktimemodule.User_adminmenu.UsersLoggedinUsersByServiceCPU" name="usersLoggedinUsersByServiceCPU" time="18.824"/>
  <testcase classname="net.testcases_worktimemodule.User_adminmenu.UsersDefineTenureRangeWithMissingFields" name="defineTenureRageAdd" time="113.287"/>
  <testcase classname="net.testcases_worktimemodule.User_adminmenu.UsersLoggedinUsersByProxy" name="usersLoggedinUsersByProxy" time="15.803"/>
  <testcase classname="net.testcases_worktimemodule.User_adminmenu.UsersEmailExportWithMoreRecipients" name="usersEmailExportWithMoreRecipients" time="16.324"/>
  <testcase classname="net.testcases_worktimemodule.User_adminmenu.UsersEmailExportWithMissingRecipients" name="usersEmailExportWithMissingRecipients" time="13.758"/>
  <testcase classname="net.testcases_worktimemodule.User_adminmenu.UsersEmailexportWithMissingReportViewBy" name="usersEmailexportWithMissingReportViewBy" time="10.718"/>
  <testcase classname="net.testcases_worktimemodule.User_adminmenu.UsersPDFValidation" name="usersExcelValidation" time="72.791"/>
  <testcase classname="net.testcases_worktimemodule.User_adminmenu.UsersExcelValidation" name="usersExcelValidation" time="15.562">
    <skipped/>
  </testcase> <!-- usersExcelValidation -->
  <testcase classname="net.testcases_worktimemodule.User_adminmenu.UsersExcelValidation" name="usersExcelValidation" time="67.063"/>
  <testcase classname="net.testcases_worktimemodule.User_adminmenu.UsersBulkUploadForAllUsers" name="usersBulkUploadForAllUsers" time="84.416"/>
  <testcase classname="net.testcases_worktimemodule.User_adminmenu.UsersBulkUploadForActiveUsersWithMissingFields" name="usersBulkUploadForActiveUsersWithMissingFields" time="8.288">
    <skipped/>
  </testcase> <!-- usersBulkUploadForActiveUsersWithMissingFields -->
  <testcase classname="net.testcases_worktimemodule.User_adminmenu.UsersBulkUploadForActiveUsersWithMissingFields" name="usersBulkUploadForActiveUsersWithMissingFields" time="24.227"/>
  <testcase classname="net.testcases_worktimemodule.User_adminmenu.UsersBulkUploadForActiveUsers" name="userBulkUploadForActiveUsers" time="73.084"/>
  <testcase classname="net.testcases_worktimemodule.User_adminmenu.UserAttributeSearchValidation" name="userAttributeSearchValidation" time="11.103"/>
  <testcase classname="net.testcases_worktimemodule.User_adminmenu.UsersBulkUploadForInactiveUsers" name="bulkUploadforInactiveUsers" time="74.788"/>
  <testcase classname="net.testcases_worktimemodule.User_adminmenu.UsersSearchValidation" name="usersSearchValidation" time="10.166">
    <skipped/>
  </testcase> <!-- usersSearchValidation -->
  <testcase classname="net.testcases_worktimemodule.User_adminmenu.UsersSearchValidation" name="usersSearchValidation" time="9.916">
    <skipped/>
  </testcase> <!-- usersSearchValidation -->
  <testcase classname="net.testcases_worktimemodule.User_adminmenu.UsersSearchValidation" name="usersSearchValidation" time="10.117">
    <failure type="java.lang.AssertionError">
      <![CDATA[java.lang.AssertionError
at org.junit.Assert.fail(Assert.java:86)
at org.junit.Assert.assertTrue(Assert.java:41)
at org.junit.Assert.assertTrue(Assert.java:52)
at net.pages_worktimemodule.UsersPage.getSearchList(UsersPage.java:1422)
at net.testcases_worktimemodule.User_adminmenu.UsersSearchValidation.usersSearchValidation(UsersSearchValidation.java:40)
at java.base/java.util.ArrayList.forEach(ArrayList.java:1541)
... Removed 28 stack frames]]>
    </failure>
  </testcase> <!-- usersSearchValidation -->
  <testcase classname="net.testcases_worktimemodule.User_adminmenu.UsersBulkUploadForInactiveUsersWithMissingFields" name="usersBulkUploadForInactiveUsersWithMissingFields" time="29.999">
    <skipped/>
  </testcase> <!-- usersBulkUploadForInactiveUsersWithMissingFields -->
  <testcase classname="net.testcases_worktimemodule.User_adminmenu.UsersBulkUploadForInactiveUsersWithMissingFields" name="usersBulkUploadForInactiveUsersWithMissingFields" time="29.741">
    <skipped/>
  </testcase> <!-- usersBulkUploadForInactiveUsersWithMissingFields -->
  <testcase classname="net.testcases_worktimemodule.User_adminmenu.UsersBulkUploadForInactiveUsersWithMissingFields" name="usersBulkUploadForInactiveUsersWithMissingFields" time="29.58">
    <failure type="org.openqa.selenium.NoSuchElementException" message="no such element: Unable to locate element: {&amp;quot;method&amp;quot;:&amp;quot;xpath&amp;quot;,&amp;quot;selector&amp;quot;:&amp;quot;//div[@class =&amp;quot;row message-area&amp;quot;]/div[4]/span&amp;quot;}
  (Session info: chrome=118.0.5993.118)
For documentation on this error, please visit: https://www.selenium.dev/documentation/webdriver/troubleshooting/errors#no-such-element-exception
Build info: version: &amp;apos;4.13.0&amp;apos;, revision: &amp;apos;ba948ece5b*&amp;apos;
System info: os.name: &amp;apos;Windows 10&amp;apos;, os.arch: &amp;apos;amd64&amp;apos;, os.version: &amp;apos;10.0&amp;apos;, java.version: &amp;apos;11.0.21&amp;apos;
Driver info: org.openqa.selenium.chrome.ChromeDriver
Command: [96a415471268b26b5855e062f3ed70a1, findElement {using=xpath, value=//div[@class =&amp;quot;row message-area&amp;quot;]/div[4]/span}]
Capabilities {acceptInsecureCerts: false, browserName: chrome, browserVersion: 118.0.5993.118, chrome: {chromedriverVersion: 118.0.5993.70 (e52f33f30b91..., userDataDir: C:\Users\pavana.c\AppData\L...}, fedcm:accounts: true, goog:chromeOptions: {debuggerAddress: localhost:65520}, networkConnectionEnabled: false, pageLoadStrategy: normal, platformName: windows, proxy: Proxy(), se:cdp: ws://localhost:65520/devtoo..., se:cdpVersion: 118.0.5993.118, setWindowRect: true, strictFileInteractability: false, timeouts: {implicit: 0, pageLoad: 300000, script: 30000}, unhandledPromptBehavior: dismiss and notify, webauthn:extension:credBlob: true, webauthn:extension:largeBlob: true, webauthn:extension:minPinLength: true, webauthn:extension:prf: true, webauthn:virtualAuthenticators: true}
Session ID: 96a415471268b26b5855e062f3ed70a1">
      <![CDATA[org.openqa.selenium.NoSuchElementException: no such element: Unable to locate element: {"method":"xpath","selector":"//div[@class ="row message-area"]/div[4]/span"}
  (Session info: chrome=118.0.5993.118)
For documentation on this error, please visit: https://www.selenium.dev/documentation/webdriver/troubleshooting/errors#no-such-element-exception
Build info: version: '4.13.0', revision: 'ba948ece5b*'
System info: os.name: 'Windows 10', os.arch: 'amd64', os.version: '10.0', java.version: '11.0.21'
Driver info: org.openqa.selenium.chrome.ChromeDriver
Command: [96a415471268b26b5855e062f3ed70a1, findElement {using=xpath, value=//div[@class ="row message-area"]/div[4]/span}]
Capabilities {acceptInsecureCerts: false, browserName: chrome, browserVersion: 118.0.5993.118, chrome: {chromedriverVersion: 118.0.5993.70 (e52f33f30b91..., userDataDir: C:\Users\pavana.c\AppData\L...}, fedcm:accounts: true, goog:chromeOptions: {debuggerAddress: localhost:65520}, networkConnectionEnabled: false, pageLoadStrategy: normal, platformName: windows, proxy: Proxy(), se:cdp: ws://localhost:65520/devtoo..., se:cdpVersion: 118.0.5993.118, setWindowRect: true, strictFileInteractability: false, timeouts: {implicit: 0, pageLoad: 300000, script: 30000}, unhandledPromptBehavior: dismiss and notify, webauthn:extension:credBlob: true, webauthn:extension:largeBlob: true, webauthn:extension:minPinLength: true, webauthn:extension:prf: true, webauthn:virtualAuthenticators: true}
Session ID: 96a415471268b26b5855e062f3ed70a1
at org.openqa.selenium.remote.codec.w3c.W3CHttpResponseCodec.createException(W3CHttpResponseCodec.java:200)
at org.openqa.selenium.remote.codec.w3c.W3CHttpResponseCodec.decode(W3CHttpResponseCodec.java:133)
at org.openqa.selenium.remote.codec.w3c.W3CHttpResponseCodec.decode(W3CHttpResponseCodec.java:52)
at org.openqa.selenium.remote.HttpCommandExecutor.execute(HttpCommandExecutor.java:191)
at org.openqa.selenium.remote.service.DriverCommandExecutor.invokeExecute(DriverCommandExecutor.java:196)
at org.openqa.selenium.remote.service.DriverCommandExecutor.execute(DriverCommandExecutor.java:171)
at org.openqa.selenium.remote.RemoteWebDriver.execute(RemoteWebDriver.java:602)
at org.openqa.selenium.remote.ElementLocation$ElementFinder$2.findElement(ElementLocation.java:165)
at org.openqa.selenium.remote.ElementLocation.findElement(ElementLocation.java:59)
at org.openqa.selenium.remote.RemoteWebDriver.findElement(RemoteWebDriver.java:359)
at org.openqa.selenium.remote.RemoteWebDriver.findElement(RemoteWebDriver.java:353)
at org.openqa.selenium.support.pagefactory.DefaultElementLocator.findElement(DefaultElementLocator.java:68)
at org.openqa.selenium.support.pagefactory.internal.LocatingElementHandler.invoke(LocatingElementHandler.java:38)
at com.sun.proxy.$Proxy14.getText(Unknown Source)
at net.pages_worktimemodule.UsersPage.getFailMsg(UsersPage.java:769)
at net.testcases_worktimemodule.User_adminmenu.UsersBulkUploadForInactiveUsersWithMissingFields.usersBulkUploadForInactiveUsersWithMissingFields(UsersBulkUploadForInactiveUsersWithMissingFields.java:58)
at java.base/java.util.ArrayList.forEach(ArrayList.java:1541)
... Removed 31 stack frames]]>
    </failure>
  </testcase> <!-- usersBulkUploadForInactiveUsersWithMissingFields -->
  <testcase classname="net.testcases_worktimemodule.User_adminmenu.UsersBulkUploadForAllUsersWithMissingFileds" name="usersBulkUploadForAllUsersWithMissingFileds" time="33.696"/>
</testsuite> <!-- ie -->
