<html>
<head>
<title>TestNG:  net.testcases_assetoptimizationmodule.softwaredefinitationCURDopertions</title>
<link href="../testng.css" rel="stylesheet" type="text/css" />
<link href="../my-testng.css" rel="stylesheet" type="text/css" />

<style type="text/css">
.log { display: none;} 
.stack-trace { display: none;} 
</style>
<script type="text/javascript">
<!--
function flip(e) {
  current = e.style.display;
  if (current == 'block') {
    e.style.display = 'none';
    return 0;
  }
  else {
    e.style.display = 'block';
    return 1;
  }
}

function toggleBox(szDivId, elem, msg1, msg2)
{
  var res = -1;  if (document.getElementById) {
    res = flip(document.getElementById(szDivId));
  }
  else if (document.all) {
    // this is the way old msie versions work
    res = flip(document.all[szDivId]);
  }
  if(elem) {
    if(res == 0) elem.innerHTML = msg1; else elem.innerHTML = msg2;
  }

}

function toggleAllBoxes() {
  if (document.getElementsByTagName) {
    d = document.getElementsByTagName('div');
    for (i = 0; i < d.length; i++) {
      if (d[i].className == 'log') {
        flip(d[i]);
      }
    }
  }
}

// -->
</script>

</head>
<body>
<h2 align='center'>net.testcases_assetoptimizationmodule.softwaredefinitationCURDopertions</h2><table border='1' align="center">
<tr>
<td>Tests passed/Failed/Skipped:</td><td>19/0/1</td>
</tr><tr>
<td>Started on:</td><td>Mon Jun 10 13:40:35 IST 2024</td>
</tr>
<tr><td>Total time:</td><td>459 seconds (459982 ms)</td>
</tr><tr>
<td>Included groups:</td><td></td>
</tr><tr>
<td>Excluded groups:</td><td></td>
</tr>
</table><p/>
<small><i>(Hover the method name to see the test class name)</i></small><p/>
<table width='100%' border='1' class='invocation-passed'>
<tr><td colspan='4' align='center'><b>PASSED TESTS</b></td></tr>
<tr><td><b>Test method</b></td>
<td><b>Attribute(s)</b></td>
<td width="30%"><b>Exception</b></td>
<td width="10%"><b>Time (seconds)</b></td>
<td><b>Instance</b></td>
</tr>
<tr>
<td title='net.testcases_assetoptimizationmodule.softwaredefinitationCURDopertions.SoftwareDefinitionActivityTagEnableInSoftwareTagPage.softwareDefinitionActivityTagEnableInSoftwareTagPage()'><b>softwareDefinitionActivityTagEnableInSoftwareTagPage</b><br>Test class: net.testcases_assetoptimizationmodule.softwaredefinitationCURDopertions.SoftwareDefinitionActivityTagEnableInSoftwareTagPage<br>Test method: softwareDefinition ActivityTag Enable In SoftwareTag Page<br>Parameters: chrome</td>
<td></td>
<td>58</td>
<td>net.testcases_assetoptimizationmodule.softwaredefinitationCURDopertions.SoftwareDefinitionActivityTagEnableInSoftwareTagPage@6cf0a747</td></tr>
<tr>
<td title='net.testcases_assetoptimizationmodule.softwaredefinitationCURDopertions.SoftwareDefinitationForSoftwareTagsCURD.softwareDefinitationForSoftwareTagsCURD()'><b>softwareDefinitationForSoftwareTagsCURD</b><br>Test class: net.testcases_assetoptimizationmodule.softwaredefinitationCURDopertions.SoftwareDefinitationForSoftwareTagsCURD<br>Test method: Software Definitation For SoftwareTagsCURD<br>Parameters: chrome</td>
<td></td>
<td>28</td>
<td>net.testcases_assetoptimizationmodule.softwaredefinitationCURDopertions.SoftwareDefinitationForSoftwareTagsCURD@4996c99</td></tr>
<tr>
<td title='net.testcases_assetoptimizationmodule.softwaredefinitationCURDopertions.WorkStationPdfExport.workStationGroups()'><b>workStationGroups</b><br>Test class: net.testcases_assetoptimizationmodule.softwaredefinitationCURDopertions.WorkStationPdfExport<br>Test method: WorkStation Pdf Export<br>Parameters: chrome</td>
<td></td>
<td>19</td>
<td>net.testcases_assetoptimizationmodule.softwaredefinitationCURDopertions.WorkStationPdfExport@21505815</td></tr>
<tr>
<td title='net.testcases_assetoptimizationmodule.softwaredefinitationCURDopertions.SoftwareDefinitationWithMissingNameField.softwareDefinitationWithMissingNameField()'><b>softwareDefinitationWithMissingNameField</b><br>Test class: net.testcases_assetoptimizationmodule.softwaredefinitationCURDopertions.SoftwareDefinitationWithMissingNameField<br>Test method: Software Definitation With Missing Name Field<br>Parameters: chrome</td>
<td></td>
<td>19</td>
<td>net.testcases_assetoptimizationmodule.softwaredefinitationCURDopertions.SoftwareDefinitationWithMissingNameField@315f09ef</td></tr>
<tr>
<td title='net.testcases_assetoptimizationmodule.softwaredefinitationCURDopertions.WorkStationwithMissingNameFiled.workStationwithMissingNameFiled()'><b>workStationwithMissingNameFiled</b><br>Test class: net.testcases_assetoptimizationmodule.softwaredefinitationCURDopertions.WorkStationwithMissingNameFiled<br>Test method: WorkStation with Missing Name Filed<br>Parameters: chrome</td>
<td></td>
<td>15</td>
<td>net.testcases_assetoptimizationmodule.softwaredefinitationCURDopertions.WorkStationwithMissingNameFiled@51d387d3</td></tr>
<tr>
<td title='net.testcases_assetoptimizationmodule.softwaredefinitationCURDopertions.SoftwareDefinitationClear.softwareDefinitationClear()'><b>softwareDefinitationClear</b><br>Test class: net.testcases_assetoptimizationmodule.softwaredefinitationCURDopertions.SoftwareDefinitationClear<br>Test method: Software DefinitationClear<br>Parameters: chrome</td>
<td></td>
<td>17</td>
<td>net.testcases_assetoptimizationmodule.softwaredefinitationCURDopertions.SoftwareDefinitationClear@75d4a80f</td></tr>
<tr>
<td title='net.testcases_assetoptimizationmodule.softwaredefinitationCURDopertions.SoftwareDefinitationCURD.softwareDefinitation()'><b>softwareDefinitation</b><br>Test class: net.testcases_assetoptimizationmodule.softwaredefinitationCURDopertions.SoftwareDefinitationCURD<br>Test method: SoftwareDefinitation CURD<br>Parameters: chrome</td>
<td></td>
<td>28</td>
<td>net.testcases_assetoptimizationmodule.softwaredefinitationCURDopertions.SoftwareDefinitationCURD@4596f8f3</td></tr>
<tr>
<td title='net.testcases_assetoptimizationmodule.softwaredefinitationCURDopertions.SoftwareDefinitionForSoftwareTagsExcelexport.softwareDefinitationForSoftwareTagsExcelexport()'><b>softwareDefinitationForSoftwareTagsExcelexport</b><br>Test class: net.testcases_assetoptimizationmodule.softwaredefinitationCURDopertions.SoftwareDefinitionForSoftwareTagsExcelexport<br>Test method: SoftwareDefinition For SoftwareTags Excelexport<br>Parameters: chrome</td>
<td></td>
<td>18</td>
<td>net.testcases_assetoptimizationmodule.softwaredefinitationCURDopertions.SoftwareDefinitionForSoftwareTagsExcelexport@65c5bf0e</td></tr>
<tr>
<td title='net.testcases_assetoptimizationmodule.softwaredefinitationCURDopertions.SoftwareDefinitionForSoftwareTagsPdf.softwareDefinitationForSoftwareTagsCURD()'><b>softwareDefinitationForSoftwareTagsCURD</b><br>Test class: net.testcases_assetoptimizationmodule.softwaredefinitationCURDopertions.SoftwareDefinitionForSoftwareTagsPdf<br>Test method: Software Definition For SoftwareTags Pdf<br>Parameters: chrome</td>
<td></td>
<td>24</td>
<td>net.testcases_assetoptimizationmodule.softwaredefinitationCURDopertions.SoftwareDefinitionForSoftwareTagsPdf@5f481b73</td></tr>
<tr>
<td title='net.testcases_assetoptimizationmodule.softwaredefinitationCURDopertions.SoftwareDefinitationExcelExport.softwareDefinitation()'><b>softwareDefinitation</b><br>Test class: net.testcases_assetoptimizationmodule.softwaredefinitationCURDopertions.SoftwareDefinitationExcelExport<br>Test method: SoftwareD efinitation ExcelExport<br>Parameters: chrome</td>
<td></td>
<td>19</td>
<td>net.testcases_assetoptimizationmodule.softwaredefinitationCURDopertions.SoftwareDefinitationExcelExport@41294371</td></tr>
<tr>
<td title='net.testcases_assetoptimizationmodule.softwaredefinitationCURDopertions.WorkStationGroupsClear.workStationGroups()'><b>workStationGroups</b><br>Test class: net.testcases_assetoptimizationmodule.softwaredefinitationCURDopertions.WorkStationGroupsClear<br>Test method: WorkStation GroupsClear<br>Parameters: chrome</td>
<td></td>
<td>13</td>
<td>net.testcases_assetoptimizationmodule.softwaredefinitationCURDopertions.WorkStationGroupsClear@697d6ded</td></tr>
<tr>
<td title='net.testcases_assetoptimizationmodule.softwaredefinitationCURDopertions.WorkStationGroupsCURD.workStationGroups()'><b>workStationGroups</b><br>Test class: net.testcases_assetoptimizationmodule.softwaredefinitationCURDopertions.WorkStationGroupsCURD<br>Test method: WorkStation Groups CURD<br>Parameters: chrome</td>
<td></td>
<td>33</td>
<td>net.testcases_assetoptimizationmodule.softwaredefinitationCURDopertions.WorkStationGroupsCURD@117d32e</td></tr>
<tr>
<td title='net.testcases_assetoptimizationmodule.softwaredefinitationCURDopertions.SoftwareDefinitationWithMissingAssociatedProcessesField.softwareDefinitationWithMissingAssociatedProcessesField()'><b>softwareDefinitationWithMissingAssociatedProcessesField</b><br>Test class: net.testcases_assetoptimizationmodule.softwaredefinitationCURDopertions.SoftwareDefinitationWithMissingAssociatedProcessesField<br>Test method: Software Definitation With Missing Associated Processes Field<br>Parameters: chrome</td>
<td></td>
<td>16</td>
<td>net.testcases_assetoptimizationmodule.softwaredefinitationCURDopertions.SoftwareDefinitationWithMissingAssociatedProcessesField@1b956cfa</td></tr>
<tr>
<td title='net.testcases_assetoptimizationmodule.softwaredefinitationCURDopertions.WorkStationExcelExport.workStationGroups()'><b>workStationGroups</b><br>Test class: net.testcases_assetoptimizationmodule.softwaredefinitationCURDopertions.WorkStationExcelExport<br>Test method: WorkStation Excel Export<br>Parameters: chrome</td>
<td></td>
<td>17</td>
<td>net.testcases_assetoptimizationmodule.softwaredefinitationCURDopertions.WorkStationExcelExport@7e53339</td></tr>
<tr>
<td title='net.testcases_assetoptimizationmodule.softwaredefinitationCURDopertions.SoftwareDefinitionPdfExport.softwareDefinitation()'><b>softwareDefinitation</b><br>Test class: net.testcases_assetoptimizationmodule.softwaredefinitationCURDopertions.SoftwareDefinitionPdfExport<br>Test method: SoftwareD efinition Pdf Export<br>Parameters: chrome</td>
<td></td>
<td>18</td>
<td>net.testcases_assetoptimizationmodule.softwaredefinitationCURDopertions.SoftwareDefinitionPdfExport@32130e61</td></tr>
<tr>
<td title='net.testcases_assetoptimizationmodule.softwaredefinitationCURDopertions.SoftwareDefinitationForSoftwareTagsWithMissingSoftwareTag.softwareDefinitationForSoftwareTagsCURD()'><b>softwareDefinitationForSoftwareTagsCURD</b><br>Test class: net.testcases_assetoptimizationmodule.softwaredefinitationCURDopertions.SoftwareDefinitationForSoftwareTagsWithMissingSoftwareTag<br>Test method: Software Definitation For Software TagsWithMissing SoftwareTag<br>Parameters: chrome</td>
<td></td>
<td>19</td>
<td>net.testcases_assetoptimizationmodule.softwaredefinitationCURDopertions.SoftwareDefinitationForSoftwareTagsWithMissingSoftwareTag@ccf91df</td></tr>
<tr>
<td title='net.testcases_assetoptimizationmodule.softwaredefinitationCURDopertions.SoftwareDefinitationForSoftwareTagsClear.softwareDefinitationForSoftwareTagsCURD()'><b>softwareDefinitationForSoftwareTagsCURD</b><br>Test class: net.testcases_assetoptimizationmodule.softwaredefinitationCURDopertions.SoftwareDefinitationForSoftwareTagsClear<br>Test method: Software Definitation For Software Tags Clear<br>Parameters: chrome</td>
<td></td>
<td>18</td>
<td>net.testcases_assetoptimizationmodule.softwaredefinitationCURDopertions.SoftwareDefinitationForSoftwareTagsClear@3a66e67e</td></tr>
<tr>
<td title='net.testcases_assetoptimizationmodule.softwaredefinitationCURDopertions.WorkStationwithMissingScanField.workStationwithMissingScanField()'><b>workStationwithMissingScanField</b><br>Test class: net.testcases_assetoptimizationmodule.softwaredefinitationCURDopertions.WorkStationwithMissingScanField<br>Test method: WorkStation with MissingScan Field<br>Parameters: chrome</td>
<td></td>
<td>16</td>
<td>net.testcases_assetoptimizationmodule.softwaredefinitationCURDopertions.WorkStationwithMissingScanField@2370ac7a</td></tr>
<tr>
<td title='net.testcases_assetoptimizationmodule.softwaredefinitationCURDopertions.SoftwaredefinitionForActivityTagPresent.softwareDefinitationForSoftwareTagsCURD()'><b>softwareDefinitationForSoftwareTagsCURD</b><br>Test class: net.testcases_assetoptimizationmodule.softwaredefinitationCURDopertions.SoftwaredefinitionForActivityTagPresent<br>Test method: Softwaredefinition For Activity TagPresent<br>Parameters: chrome</td>
<td></td>
<td>18</td>
<td>net.testcases_assetoptimizationmodule.softwaredefinitationCURDopertions.SoftwaredefinitionForActivityTagPresent@534180a2</td></tr>
</table><p>
<table width='100%' border='1' class='invocation-skipped'>
<tr><td colspan='4' align='center'><b>SKIPPED TESTS</b></td></tr>
<tr><td><b>Test method</b></td>
<td><b>Attribute(s)</b></td>
<td width="30%"><b>Exception</b></td>
<td width="10%"><b>Time (seconds)</b></td>
<td><b>Instance</b></td>
</tr>
<tr>
<td title='net.testcases_assetoptimizationmodule.softwaredefinitationCURDopertions.SoftwareDefinitationForSoftwareTagsCURD.softwareDefinitationForSoftwareTagsCURD()'><b>softwareDefinitationForSoftwareTagsCURD</b><br>Test class: net.testcases_assetoptimizationmodule.softwaredefinitationCURDopertions.SoftwareDefinitationForSoftwareTagsCURD<br>Test method: Software Definitation For SoftwareTagsCURD<br>Parameters: chrome</td>
<td><div><pre>org.openqa.selenium.ElementClickInterceptedException: element click intercepted: Element &lt;iframe style=&quot;min-height: 529px;&quot; id=&quot;contentFrame&quot; name=&quot;contentFrame&quot; frameborder=&quot;0&quot; src=&quot;/phworkstation/WS_Software/list.htm?menuItemId=194&amp;amp;menuClick=true&quot; cd_frame_id_=&quot;ab0350c1fc92ffacd68c8f56c9fe7339&quot;&gt;&lt;/iframe&gt; is not clickable at point (1011, 72). Other element would receive the click: &lt;div class=&quot;modal fade&quot; role=&quot;dialog&quot; tabindex=&quot;-1&quot; id=&quot;adminLoadingModal&quot; aria-labelledby=&quot;gridSystemModalLabel&quot; style=&quot;z-index: 1040; display: block;&quot;&gt;...&lt;/div&gt;
  (Session info: chrome=118.0.5993.118)
Build info: version: &apos;4.13.0&apos;, revision: &apos;ba948ece5b*&apos;
System info: os.name: &apos;Windows 10&apos;, os.arch: &apos;amd64&apos;, os.version: &apos;10.0&apos;, java.version: &apos;11.0.21&apos;
Driver info: org.openqa.selenium.chrome.ChromeDriver
Command: [a86646c5d439e8eee1c59bfca343eb17, clickElement {id=7F5A81C05C6E5A4B77CFCC2678182DD1_element_2239}]
Capabilities {acceptInsecureCerts: false, browserName: chrome, browserVersion: 118.0.5993.118, chrome: {chromedriverVersion: 118.0.5993.70 (e52f33f30b91..., userDataDir: C:\Users\pavana.c\AppData\L...}, fedcm:accounts: true, goog:chromeOptions: {debuggerAddress: localhost:59172}, networkConnectionEnabled: false, pageLoadStrategy: normal, platformName: windows, proxy: Proxy(), se:cdp: ws://localhost:59172/devtoo..., se:cdpVersion: 118.0.5993.118, setWindowRect: true, strictFileInteractability: false, timeouts: {implicit: 0, pageLoad: 300000, script: 30000}, unhandledPromptBehavior: dismiss and notify, webauthn:extension:credBlob: true, webauthn:extension:largeBlob: true, webauthn:extension:minPinLength: true, webauthn:extension:prf: true, webauthn:virtualAuthenticators: true}
Element: [[ChromeDriver: chrome on windows (a86646c5d439e8eee1c59bfca343eb17)] -&gt; xpath: //span[@id=&quot;dialogsuccessspan&quot;]/span/a]
Session ID: a86646c5d439e8eee1c59bfca343eb17
	at org.openqa.selenium.remote.codec.w3c.W3CHttpResponseCodec.createException(W3CHttpResponseCodec.java:200)
	at org.openqa.selenium.remote.codec.w3c.W3CHttpResponseCodec.decode(W3CHttpResponseCodec.java:133)
	at org.openqa.selenium.remote.codec.w3c.W3CHttpResponseCodec.decode(W3CHttpResponseCodec.java:52)
	at org.openqa.selenium.remote.HttpCommandExecutor.execute(HttpCommandExecutor.java:191)
	at org.openqa.selenium.remote.service.DriverCommandExecutor.invokeExecute(DriverCommandExecutor.java:196)
	at org.openqa.selenium.remote.service.DriverCommandExecutor.execute(DriverCommandExecutor.java:171)
	at org.openqa.selenium.remote.RemoteWebDriver.execute(RemoteWebDriver.java:602)
	at org.openqa.selenium.remote.RemoteWebElement.execute(RemoteWebElement.java:224)
	at org.openqa.selenium.remote.RemoteWebElement.click(RemoteWebElement.java:77)
	at org.openqa.selenium.support.pagefactory.internal.LocatingElementHandler.invoke(LocatingElementHandler.java:51)
	at com.sun.proxy.$Proxy14.click(Unknown Source)
	at net.pages_asset_optimizationmodule.WorkStationGroupsPages.clickCloseXIconBtn(WorkStationGroupsPages.java:299)
	at net.testcases_assetoptimizationmodule.softwaredefinitationCURDopertions.SoftwareDefinitationForSoftwareTagsCURD.softwareDefinitationForSoftwareTagsCURD(SoftwareDefinitationForSoftwareTagsCURD.java:69)
	at java.base/java.util.ArrayList.forEach(ArrayList.java:1541)
... Removed 35 stack frames</pre></div><a href='#' onClick='toggleBox("stack-trace1180856742", this, "Click to show all stack frames", "Click to hide stack frames")'>Click to show all stack frames</a>
<div class='stack-trace' id='stack-trace1180856742'><pre>org.openqa.selenium.ElementClickInterceptedException: element click intercepted: Element &lt;iframe style=&quot;min-height: 529px;&quot; id=&quot;contentFrame&quot; name=&quot;contentFrame&quot; frameborder=&quot;0&quot; src=&quot;/phworkstation/WS_Software/list.htm?menuItemId=194&amp;amp;menuClick=true&quot; cd_frame_id_=&quot;ab0350c1fc92ffacd68c8f56c9fe7339&quot;&gt;&lt;/iframe&gt; is not clickable at point (1011, 72). Other element would receive the click: &lt;div class=&quot;modal fade&quot; role=&quot;dialog&quot; tabindex=&quot;-1&quot; id=&quot;adminLoadingModal&quot; aria-labelledby=&quot;gridSystemModalLabel&quot; style=&quot;z-index: 1040; display: block;&quot;&gt;...&lt;/div&gt;
  (Session info: chrome=118.0.5993.118)
Build info: version: &apos;4.13.0&apos;, revision: &apos;ba948ece5b*&apos;
System info: os.name: &apos;Windows 10&apos;, os.arch: &apos;amd64&apos;, os.version: &apos;10.0&apos;, java.version: &apos;11.0.21&apos;
Driver info: org.openqa.selenium.chrome.ChromeDriver
Command: [a86646c5d439e8eee1c59bfca343eb17, clickElement {id=7F5A81C05C6E5A4B77CFCC2678182DD1_element_2239}]
Capabilities {acceptInsecureCerts: false, browserName: chrome, browserVersion: 118.0.5993.118, chrome: {chromedriverVersion: 118.0.5993.70 (e52f33f30b91..., userDataDir: C:\Users\pavana.c\AppData\L...}, fedcm:accounts: true, goog:chromeOptions: {debuggerAddress: localhost:59172}, networkConnectionEnabled: false, pageLoadStrategy: normal, platformName: windows, proxy: Proxy(), se:cdp: ws://localhost:59172/devtoo..., se:cdpVersion: 118.0.5993.118, setWindowRect: true, strictFileInteractability: false, timeouts: {implicit: 0, pageLoad: 300000, script: 30000}, unhandledPromptBehavior: dismiss and notify, webauthn:extension:credBlob: true, webauthn:extension:largeBlob: true, webauthn:extension:minPinLength: true, webauthn:extension:prf: true, webauthn:virtualAuthenticators: true}
Element: [[ChromeDriver: chrome on windows (a86646c5d439e8eee1c59bfca343eb17)] -&gt; xpath: //span[@id=&quot;dialogsuccessspan&quot;]/span/a]
Session ID: a86646c5d439e8eee1c59bfca343eb17
	at java.base/jdk.internal.reflect.NativeConstructorAccessorImpl.newInstance0(Native Method)
	at java.base/jdk.internal.reflect.NativeConstructorAccessorImpl.newInstance(NativeConstructorAccessorImpl.java:62)
	at java.base/jdk.internal.reflect.DelegatingConstructorAccessorImpl.newInstance(DelegatingConstructorAccessorImpl.java:45)
	at java.base/java.lang.reflect.Constructor.newInstance(Constructor.java:490)
	at org.openqa.selenium.remote.codec.w3c.W3CHttpResponseCodec.createException(W3CHttpResponseCodec.java:200)
	at org.openqa.selenium.remote.codec.w3c.W3CHttpResponseCodec.decode(W3CHttpResponseCodec.java:133)
	at org.openqa.selenium.remote.codec.w3c.W3CHttpResponseCodec.decode(W3CHttpResponseCodec.java:52)
	at org.openqa.selenium.remote.HttpCommandExecutor.execute(HttpCommandExecutor.java:191)
	at org.openqa.selenium.remote.service.DriverCommandExecutor.invokeExecute(DriverCommandExecutor.java:196)
	at org.openqa.selenium.remote.service.DriverCommandExecutor.execute(DriverCommandExecutor.java:171)
	at org.openqa.selenium.remote.RemoteWebDriver.execute(RemoteWebDriver.java:602)
	at org.openqa.selenium.remote.RemoteWebElement.execute(RemoteWebElement.java:224)
	at org.openqa.selenium.remote.RemoteWebElement.click(RemoteWebElement.java:77)
	at jdk.internal.reflect.GeneratedMethodAccessor15.invoke(Unknown Source)
	at java.base/jdk.internal.reflect.DelegatingMethodAccessorImpl.invoke(DelegatingMethodAccessorImpl.java:43)
	at java.base/java.lang.reflect.Method.invoke(Method.java:566)
	at org.openqa.selenium.support.pagefactory.internal.LocatingElementHandler.invoke(LocatingElementHandler.java:51)
	at com.sun.proxy.$Proxy14.click(Unknown Source)
	at net.pages_asset_optimizationmodule.WorkStationGroupsPages.clickCloseXIconBtn(WorkStationGroupsPages.java:299)
	at net.testcases_assetoptimizationmodule.softwaredefinitationCURDopertions.SoftwareDefinitationForSoftwareTagsCURD.softwareDefinitationForSoftwareTagsCURD(SoftwareDefinitationForSoftwareTagsCURD.java:69)
	at java.base/jdk.internal.reflect.NativeMethodAccessorImpl.invoke0(Native Method)
	at java.base/jdk.internal.reflect.NativeMethodAccessorImpl.invoke(NativeMethodAccessorImpl.java:62)
	at java.base/jdk.internal.reflect.DelegatingMethodAccessorImpl.invoke(DelegatingMethodAccessorImpl.java:43)
	at java.base/java.lang.reflect.Method.invoke(Method.java:566)
	at org.testng.internal.invokers.MethodInvocationHelper.invokeMethod(MethodInvocationHelper.java:139)
	at org.testng.internal.invokers.TestInvoker.invokeMethod(TestInvoker.java:677)
	at org.testng.internal.invokers.TestInvoker.invokeTestMethod(TestInvoker.java:221)
	at org.testng.internal.invokers.MethodRunner.runInSequence(MethodRunner.java:50)
	at org.testng.internal.invokers.TestInvoker$MethodInvocationAgent.invoke(TestInvoker.java:962)
	at org.testng.internal.invokers.TestInvoker.invokeTestMethods(TestInvoker.java:194)
	at org.testng.internal.invokers.TestMethodWorker.invokeTestMethods(TestMethodWorker.java:148)
	at org.testng.internal.invokers.TestMethodWorker.run(TestMethodWorker.java:128)
	at java.base/java.util.ArrayList.forEach(ArrayList.java:1541)
	at org.testng.TestRunner.privateRun(TestRunner.java:806)
	at org.testng.TestRunner.run(TestRunner.java:601)
	at org.testng.SuiteRunner.runTest(SuiteRunner.java:433)
	at org.testng.SuiteRunner.runSequentially(SuiteRunner.java:427)
	at org.testng.SuiteRunner.privateRun(SuiteRunner.java:387)
	at org.testng.SuiteRunner.run(SuiteRunner.java:330)
	at org.testng.SuiteRunnerWorker.runSuite(SuiteRunnerWorker.java:52)
	at org.testng.SuiteRunnerWorker.run(SuiteRunnerWorker.java:95)
	at org.testng.TestNG.runSuitesSequentially(TestNG.java:1256)
	at org.testng.TestNG.runSuitesSequentially(TestNG.java:1251)
	at org.testng.TestNG.runSuitesLocally(TestNG.java:1176)
	at org.testng.TestNG.runSuites(TestNG.java:1099)
	at org.testng.TestNG.run(TestNG.java:1067)
	at org.testng.remote.AbstractRemoteTestNG.run(AbstractRemoteTestNG.java:115)
	at org.testng.remote.RemoteTestNG.initAndRun(RemoteTestNG.java:251)
	at org.testng.remote.RemoteTestNG.main(RemoteTestNG.java:77)
</pre></div></td>
<td>25</td>
<td>net.testcases_assetoptimizationmodule.softwaredefinitationCURDopertions.SoftwareDefinitationForSoftwareTagsCURD@4996c99</td></tr>
</table><p>
</body>
</html>