<?xml version="1.0" encoding="UTF-8"?>
<!-- Generated by org.testng.reporters.JUnitXMLReporter -->
<testsuite ignored="0" hostname="JAMOCHA30" failures="4" tests="47" name="chrome" time="1371.226" errors="0" timestamp="2024-06-03T17:29:47 IST">
  <testcase classname="net.testcases_worktimemodule.validate_user_roles_administrationmenu.UserRolesModifyManagerRestrictusers" name="userRolesModifyManagerRestrictusers" time="21.622"/>
  <testcase classname="net.testcases_worktimemodule.validate_user_roles_administrationmenu.UserRolesModifyMemberModuleSelection" name="userRolesModifyMemberModuleSelection" time="29.761"/>
  <testcase classname="net.testcases_worktimemodule.validate_user_roles_administrationmenu.UserRolesAddNewManager" name="userRolesAddNewManager" time="43.309"/>
  <testcase classname="net.testcases_worktimemodule.validate_user_roles_administrationmenu.UserRolesModifyManagerDefineNewActivity" name="userRolesModifyManagerDefineNewActivity" time="36.473"/>
  <testcase classname="net.testcases_worktimemodule.validate_user_roles_administrationmenu.UserRolesModifyManagerAllowUserToExportDataXLS" name="userRolesModifyManagerAllowUserToExportDataXLS" time="40.364"/>
  <testcase classname="net.testcases_worktimemodule.validate_user_roles_administrationmenu.UserRolesModifyManagerHierarchyLevel" name="userRolesModifyManagerHierarchyLevel" time="13.705"/>
  <testcase classname="net.testcases_worktimemodule.validate_user_roles_administrationmenu.UserRolesModifyMemberHierarchyLevel" name="userRolesModifyMemberHierarchyLevel" time="12.282"/>
  <testcase classname="net.testcases_worktimemodule.validate_user_roles_administrationmenu.UserRoleExcelValidation" name="userRoleExcelValidation" time="18.778"/>
  <testcase classname="net.testcases_worktimemodule.validate_user_roles_administrationmenu.UserRolesModifyManagerModuleSelection" name="userRolesModifyManagerModuleSelection" time="22.38"/>
  <testcase classname="net.testcases_worktimemodule.validate_user_roles_administrationmenu.UserRolesAddNewMemberDelete" name="userRolesAddNewMemberDelete" time="39.004"/>
  <testcase classname="net.testcases_worktimemodule.validate_user_roles_administrationmenu.UserRolesModifyManagerExportDataPermissionAllowUserToMail" name="userRolesModifyManagerExportDataPermissionAllowUserToMail" time="25.347"/>
  <testcase classname="net.testcases_worktimemodule.validate_user_roles_administrationmenu.UserRolesModifyManagerExportDataPermissionNotAllowUserToDemandOnMail" name="userRolesModifyManagerExportDataPermissionNotAllowUserToDemandOnMail" time="23.262"/>
  <testcase classname="net.testcases_worktimemodule.validate_user_roles_administrationmenu.UserRolesModifyManagerDontAllowUserToExportDataXLS" name="userRolesModifyManagerDontAllowUserToExportDataXLS" time="32.902"/>
  <testcase classname="net.testcases_worktimemodule.validate_user_roles_administrationmenu.UserRolesModifyManagerEditActivityRating" name="userRolesModifyManagerEditActivityRating" time="40.066"/>
  <testcase classname="net.testcases_worktimemodule.validate_user_roles_administrationmenu.UserRolesModifyMemberToManager" name="userRolesModifyMemberToManager" time="87.314"/>
  <testcase classname="net.testcases_worktimemodule.validate_user_roles_administrationmenu.UserRolePDFValidation" name="userRolePDFValidation" time="20.453"/>
  <testcase classname="net.testcases_worktimemodule.validate_user_roles_administrationmenu.UserRolesModifyManagerDontAllowUserToExportDataPDF2" name="userRolesModifyManagerDontAllowUserToExportDataPDF2" time="28.689"/>
  <testcase classname="net.testcases_worktimemodule.validate_user_roles_administrationmenu.UserRolesBulkUpdateMember" name="userRolesBulkUpdateMember" time="43.058"/>
  <testcase classname="net.testcases_worktimemodule.validate_user_roles_administrationmenu.UserRolesModifyManagerAllowUserToExportDataPDF" name="userRolesModifyManagerAllowUserToExportDataPDF" time="33.998"/>
  <testcase classname="net.testcases_worktimemodule.validate_user_roles_administrationmenu.UserRoleSorting" name="userRoleSorting" time="20.892"/>
  <testcase classname="net.testcases_worktimemodule.validate_user_roles_administrationmenu.UserRolesModifyManagerToMeber" name="userRolesModifyManagerToMeber" time="78.422"/>
  <testcase classname="net.testcases_worktimemodule.validate_user_roles_administrationmenu.UserRolesAddNewManagerDelete" name="userRolesAddNewManagerDelete" time="62.308"/>
  <testcase classname="net.testcases_worktimemodule.validate_user_roles_administrationmenu.UserRolesBulkUpdate" name="userRolesBulkUpdate" time="65.936"/>
  <testcase classname="net.testcases_worktimemodule.validate_user_roles_administrationmenu.UserRolesAddNewMember" name="userRolesAddNewManager" time="33.819"/>
  <testcase classname="net.testcases_worktimemodule.validate_user_roles_administrationmenu.UserRolesModifyManagerEditAO" name="userRolesModifyManagerEditAO" time="15.856"/>
  <testcase classname="net.testcases_worktimemodule.validate_user_roles_administrationmenu.UserRolesModifyManagerEditClientSetting" name="userRolesModifyManagerEditClientSetting" time="11.701"/>
  <testcase classname="net.testcases_worktimemodule.validate_user_roles_administrationmenu.UserRolesModifyManagerEditUserGroupWidget" name="userRolesModifyManagerEditUserGroupWidget" time="36.846"/>
  <testcase classname="net.testcases_worktimemodule.validate_user_roles_administrationmenu.UserRolesModifyManagerEditWorkOutPut" name="userRolesModifyManagerEditWorkOutPut" time="16.038"/>
  <testcase classname="net.testcases_worktimemodule.validate_user_roles_administrationmenu.UserRolesModifyManagerEditUserWidget" name="userRolesModifyManagerEditUserWidget" time="40.25"/>
  <testcase classname="net.testcases_worktimemodule.validate_user_roles_administrationmenu.UserRolesModifyManagerEditTimeSheet" name="userRolesModifyManagerEditTimeSheet" time="22.431">
    <skipped/>
  </testcase> <!-- userRolesModifyManagerEditTimeSheet -->
  <testcase classname="net.testcases_worktimemodule.validate_user_roles_administrationmenu.UserRolesModifyManagerEditTimeSheet" name="userRolesModifyManagerEditTimeSheet" time="22.539">
    <skipped/>
  </testcase> <!-- userRolesModifyManagerEditTimeSheet -->
  <testcase classname="net.testcases_worktimemodule.validate_user_roles_administrationmenu.UserRolesModifyManagerEditTimeSheet" name="userRolesModifyManagerEditTimeSheet" time="21.574">
    <failure type="org.openqa.selenium.NoSuchElementException" message="Cannot locate option with value: 93
For documentation on this error, please visit: https://www.selenium.dev/documentation/webdriver/troubleshooting/errors#no-such-element-exception
Build info: version: &amp;apos;4.13.0&amp;apos;, revision: &amp;apos;ba948ece5b*&amp;apos;
System info: os.name: &amp;apos;Windows 10&amp;apos;, os.arch: &amp;apos;amd64&amp;apos;, os.version: &amp;apos;10.0&amp;apos;, java.version: &amp;apos;11.0.21&amp;apos;
Driver info: driver.version: unknown">
      <![CDATA[org.openqa.selenium.NoSuchElementException: Cannot locate option with value: 93
For documentation on this error, please visit: https://www.selenium.dev/documentation/webdriver/troubleshooting/errors#no-such-element-exception
Build info: version: '4.13.0', revision: 'ba948ece5b*'
System info: os.name: 'Windows 10', os.arch: 'amd64', os.version: '10.0', java.version: '11.0.21'
Driver info: driver.version: unknown
at org.openqa.selenium.support.ui.Select.findOptionsByValue(Select.java:289)
at org.openqa.selenium.support.ui.Select.selectByValue(Select.java:194)
at net.pages_worktimemodule.UserRolePage.selectTimeSheet(UserRolePage.java:408)
at net.testcases_worktimemodule.validate_user_roles_administrationmenu.UserRolesModifyManagerEditTimeSheet.userRolesModifyManagerEditTimeSheet(UserRolesModifyManagerEditTimeSheet.java:60)
at java.base/java.util.ArrayList.forEach(ArrayList.java:1541)
... Removed 28 stack frames]]>
    </failure>
  </testcase> <!-- userRolesModifyManagerEditTimeSheet -->
  <testcase classname="net.testcases_worktimemodule.validate_user_roles_administrationmenu.UserRolesModifyManagerEditCurrentActivity" name="userRolesModifyManagerEditCurrentActivity" time="21.997">
    <skipped/>
  </testcase> <!-- userRolesModifyManagerEditCurrentActivity -->
  <testcase classname="net.testcases_worktimemodule.validate_user_roles_administrationmenu.UserRolesModifyManagerEditCurrentActivity" name="userRolesModifyManagerEditCurrentActivity" time="23.022">
    <skipped/>
  </testcase> <!-- userRolesModifyManagerEditCurrentActivity -->
  <testcase classname="net.testcases_worktimemodule.validate_user_roles_administrationmenu.UserRolesModifyManagerEditCurrentActivity" name="userRolesModifyManagerEditCurrentActivity" time="23.175">
    <failure type="org.openqa.selenium.NoSuchElementException" message="Cannot locate option with value: 230
For documentation on this error, please visit: https://www.selenium.dev/documentation/webdriver/troubleshooting/errors#no-such-element-exception
Build info: version: &amp;apos;4.13.0&amp;apos;, revision: &amp;apos;ba948ece5b*&amp;apos;
System info: os.name: &amp;apos;Windows 10&amp;apos;, os.arch: &amp;apos;amd64&amp;apos;, os.version: &amp;apos;10.0&amp;apos;, java.version: &amp;apos;11.0.21&amp;apos;
Driver info: driver.version: unknown">
      <![CDATA[org.openqa.selenium.NoSuchElementException: Cannot locate option with value: 230
For documentation on this error, please visit: https://www.selenium.dev/documentation/webdriver/troubleshooting/errors#no-such-element-exception
Build info: version: '4.13.0', revision: 'ba948ece5b*'
System info: os.name: 'Windows 10', os.arch: 'amd64', os.version: '10.0', java.version: '11.0.21'
Driver info: driver.version: unknown
at org.openqa.selenium.support.ui.Select.findOptionsByValue(Select.java:289)
at org.openqa.selenium.support.ui.Select.selectByValue(Select.java:194)
at net.pages_worktimemodule.UserRolePage.selectCurrentActivity(UserRolePage.java:415)
at net.testcases_worktimemodule.validate_user_roles_administrationmenu.UserRolesModifyManagerEditCurrentActivity.userRolesModifyManagerEditCurrentActivity(UserRolesModifyManagerEditCurrentActivity.java:60)
at java.base/java.util.ArrayList.forEach(ArrayList.java:1541)
... Removed 28 stack frames]]>
    </failure>
  </testcase> <!-- userRolesModifyManagerEditCurrentActivity -->
  <testcase classname="net.testcases_worktimemodule.validate_user_roles_administrationmenu.UserRolesModifyManagerEditCustomReports" name="userRolesModifyManagerEditCustomReports" time="22.156">
    <skipped/>
  </testcase> <!-- userRolesModifyManagerEditCustomReports -->
  <testcase classname="net.testcases_worktimemodule.validate_user_roles_administrationmenu.UserRolesModifyManagerEditCustomReports" name="userRolesModifyManagerEditCustomReports" time="22.803">
    <skipped/>
  </testcase> <!-- userRolesModifyManagerEditCustomReports -->
  <testcase classname="net.testcases_worktimemodule.validate_user_roles_administrationmenu.UserRolesModifyManagerEditCustomReports" name="userRolesModifyManagerEditCustomReports" time="23.132">
    <failure type="org.openqa.selenium.NoSuchElementException" message="Cannot locate option with value: 167
For documentation on this error, please visit: https://www.selenium.dev/documentation/webdriver/troubleshooting/errors#no-such-element-exception
Build info: version: &amp;apos;4.13.0&amp;apos;, revision: &amp;apos;ba948ece5b*&amp;apos;
System info: os.name: &amp;apos;Windows 10&amp;apos;, os.arch: &amp;apos;amd64&amp;apos;, os.version: &amp;apos;10.0&amp;apos;, java.version: &amp;apos;11.0.21&amp;apos;
Driver info: driver.version: unknown">
      <![CDATA[org.openqa.selenium.NoSuchElementException: Cannot locate option with value: 167
For documentation on this error, please visit: https://www.selenium.dev/documentation/webdriver/troubleshooting/errors#no-such-element-exception
Build info: version: '4.13.0', revision: 'ba948ece5b*'
System info: os.name: 'Windows 10', os.arch: 'amd64', os.version: '10.0', java.version: '11.0.21'
Driver info: driver.version: unknown
at org.openqa.selenium.support.ui.Select.findOptionsByValue(Select.java:289)
at org.openqa.selenium.support.ui.Select.selectByValue(Select.java:194)
at net.pages_worktimemodule.UserRolePage.selectCustomReports(UserRolePage.java:422)
at net.testcases_worktimemodule.validate_user_roles_administrationmenu.UserRolesModifyManagerEditCustomReports.userRolesModifyManagerEditCustomReports(UserRolesModifyManagerEditCustomReports.java:60)
at java.base/java.util.ArrayList.forEach(ArrayList.java:1541)
... Removed 28 stack frames]]>
    </failure>
  </testcase> <!-- userRolesModifyManagerEditCustomReports -->
  <testcase classname="net.testcases_worktimemodule.validate_user_roles_administrationmenu.UserRolesModifyManagerEditCustomReportsPublishReport" name="userRolesModifyManagerEditCustomReportsPublishReport" time="21.24">
    <skipped/>
  </testcase> <!-- userRolesModifyManagerEditCustomReportsPublishReport -->
  <testcase classname="net.testcases_worktimemodule.validate_user_roles_administrationmenu.UserRolesModifyManagerEditCustomReportsPublishReport" name="userRolesModifyManagerEditCustomReportsPublishReport" time="22.903">
    <skipped/>
  </testcase> <!-- userRolesModifyManagerEditCustomReportsPublishReport -->
  <testcase classname="net.testcases_worktimemodule.validate_user_roles_administrationmenu.UserRolesModifyManagerEditCustomReportsPublishReport" name="userRolesModifyManagerEditCustomReportsPublishReport" time="13.564">
    <failure type="org.openqa.selenium.ElementClickInterceptedException" message="element click intercepted: Element &amp;lt;iframe id=&amp;quot;contentFrame&amp;quot; name=&amp;quot;contentFrame&amp;quot; frameborder=&amp;quot;0&amp;quot; src=&amp;quot;/prohance/UserRole.htm?menuItemId=131&amp;quot; style=&amp;quot;height: 529px;&amp;quot; cd_frame_id_=&amp;quot;12ce5fc63ef1a72ec6c821ef80c8e95a&amp;quot;&amp;gt;&amp;lt;/iframe&amp;gt; is not clickable at point (135, 161). Other element would receive the click: &amp;lt;div class=&amp;quot;modal-backdrop fade modal-stack&amp;quot; style=&amp;quot;z-index: 1039;&amp;quot;&amp;gt;&amp;lt;/div&amp;gt;
  (Session info: chrome=118.0.5993.118)
Build info: version: &amp;apos;4.13.0&amp;apos;, revision: &amp;apos;ba948ece5b*&amp;apos;
System info: os.name: &amp;apos;Windows 10&amp;apos;, os.arch: &amp;apos;amd64&amp;apos;, os.version: &amp;apos;10.0&amp;apos;, java.version: &amp;apos;11.0.21&amp;apos;
Driver info: org.openqa.selenium.chrome.ChromeDriver
Command: [f2c4375269cabf7da37098190b42eb78, clickElement {id=0866F744514056AA5EF8128AA0747705_element_3433}]
Capabilities {acceptInsecureCerts: false, browserName: chrome, browserVersion: 118.0.5993.118, chrome: {chromedriverVersion: 118.0.5993.70 (e52f33f30b91..., userDataDir: C:\Users\pavana.c\AppData\L...}, fedcm:accounts: true, goog:chromeOptions: {debuggerAddress: localhost:63977}, networkConnectionEnabled: false, pageLoadStrategy: normal, platformName: windows, proxy: Proxy(), se:cdp: ws://localhost:63977/devtoo..., se:cdpVersion: 118.0.5993.118, setWindowRect: true, strictFileInteractability: false, timeouts: {implicit: 0, pageLoad: 300000, script: 30000}, unhandledPromptBehavior: dismiss and notify, webauthn:extension:credBlob: true, webauthn:extension:largeBlob: true, webauthn:extension:minPinLength: true, webauthn:extension:prf: true, webauthn:virtualAuthenticators: true}
Element: [[ChromeDriver: chrome on windows (f2c4375269cabf7da37098190b42eb78)] -&amp;gt; xpath: //span[contains(text(),&amp;apos;Role Permissions&amp;apos;)]]
Session ID: f2c4375269cabf7da37098190b42eb78">
      <![CDATA[org.openqa.selenium.ElementClickInterceptedException: element click intercepted: Element <iframe id="contentFrame" name="contentFrame" frameborder="0" src="/prohance/UserRole.htm?menuItemId=131" style="height: 529px;" cd_frame_id_="12ce5fc63ef1a72ec6c821ef80c8e95a"></iframe> is not clickable at point (135, 161). Other element would receive the click: <div class="modal-backdrop fade modal-stack" style="z-index: 1039;"></div>
  (Session info: chrome=118.0.5993.118)
Build info: version: '4.13.0', revision: 'ba948ece5b*'
System info: os.name: 'Windows 10', os.arch: 'amd64', os.version: '10.0', java.version: '11.0.21'
Driver info: org.openqa.selenium.chrome.ChromeDriver
Command: [f2c4375269cabf7da37098190b42eb78, clickElement {id=0866F744514056AA5EF8128AA0747705_element_3433}]
Capabilities {acceptInsecureCerts: false, browserName: chrome, browserVersion: 118.0.5993.118, chrome: {chromedriverVersion: 118.0.5993.70 (e52f33f30b91..., userDataDir: C:\Users\pavana.c\AppData\L...}, fedcm:accounts: true, goog:chromeOptions: {debuggerAddress: localhost:63977}, networkConnectionEnabled: false, pageLoadStrategy: normal, platformName: windows, proxy: Proxy(), se:cdp: ws://localhost:63977/devtoo..., se:cdpVersion: 118.0.5993.118, setWindowRect: true, strictFileInteractability: false, timeouts: {implicit: 0, pageLoad: 300000, script: 30000}, unhandledPromptBehavior: dismiss and notify, webauthn:extension:credBlob: true, webauthn:extension:largeBlob: true, webauthn:extension:minPinLength: true, webauthn:extension:prf: true, webauthn:virtualAuthenticators: true}
Element: [[ChromeDriver: chrome on windows (f2c4375269cabf7da37098190b42eb78)] -> xpath: //span[contains(text(),'Role Permissions')]]
Session ID: f2c4375269cabf7da37098190b42eb78
at org.openqa.selenium.remote.codec.w3c.W3CHttpResponseCodec.createException(W3CHttpResponseCodec.java:200)
at org.openqa.selenium.remote.codec.w3c.W3CHttpResponseCodec.decode(W3CHttpResponseCodec.java:133)
at org.openqa.selenium.remote.codec.w3c.W3CHttpResponseCodec.decode(W3CHttpResponseCodec.java:52)
at org.openqa.selenium.remote.HttpCommandExecutor.execute(HttpCommandExecutor.java:191)
at org.openqa.selenium.remote.service.DriverCommandExecutor.invokeExecute(DriverCommandExecutor.java:196)
at org.openqa.selenium.remote.service.DriverCommandExecutor.execute(DriverCommandExecutor.java:171)
at org.openqa.selenium.remote.RemoteWebDriver.execute(RemoteWebDriver.java:602)
at org.openqa.selenium.remote.RemoteWebElement.execute(RemoteWebElement.java:224)
at org.openqa.selenium.remote.RemoteWebElement.click(RemoteWebElement.java:77)
at org.openqa.selenium.support.pagefactory.internal.LocatingElementHandler.invoke(LocatingElementHandler.java:51)
at com.sun.proxy.$Proxy14.click(Unknown Source)
at net.pages_worktimemodule.UserRolePage.clickUserRolePrmissionBtn(UserRolePage.java:355)
at net.testcases_worktimemodule.validate_user_roles_administrationmenu.UserRolesModifyManagerEditCustomReportsPublishReport.userRolesModifyManagerEditCustomReportsPublishReport(UserRolesModifyManagerEditCustomReportsPublishReport.java:57)
at java.base/java.util.ArrayList.forEach(ArrayList.java:1541)
... Removed 35 stack frames]]>
    </failure>
  </testcase> <!-- userRolesModifyManagerEditCustomReportsPublishReport -->
  <testcase classname="net.testcases_worktimemodule.validate_user_roles_administrationmenu.UserRolesModifyMemberWorkLoadAnalysis" name="userRolesModifyManagerEditActivityRating" time="19.668"/>
  <testcase classname="net.testcases_worktimemodule.validate_user_roles_administrationmenu.UserRolesModifyManagerEditWorkLOadForGRoup" name="userRolesModifyManagerEditWorkLOadForGRoup" time="12.56">
    <skipped/>
  </testcase> <!-- userRolesModifyManagerEditWorkLOadForGRoup -->
  <testcase classname="net.testcases_worktimemodule.validate_user_roles_administrationmenu.UserRolesModifyManagerEditWorkLOadForGRoup" name="userRolesModifyManagerEditWorkLOadForGRoup" time="13.027">
    <skipped/>
  </testcase> <!-- userRolesModifyManagerEditWorkLOadForGRoup -->
  <testcase classname="net.testcases_worktimemodule.validate_user_roles_administrationmenu.UserRolesModifyManagerEditWorkLOadForGRoup" name="userRolesModifyManagerEditWorkLOadForGRoup" time="17.385"/>
  <testcase classname="net.testcases_worktimemodule.validate_user_roles_administrationmenu.UserRolesModifyManagerEditWorkLOadForUser" name="userRolesModifyManagerEditWorkLOadForUser" time="18.331"/>
  <testcase classname="net.testcases_worktimemodule.validate_user_roles_administrationmenu.UserRolesModifyManagerEditAttendence" name="userRolesModifyManagerEditAttendence" time="17.739"/>
</testsuite> <!-- chrome -->
