<html>
<head>
<title>TestNG:  chrome</title>
<link href="../testng.css" rel="stylesheet" type="text/css" />
<link href="../my-testng.css" rel="stylesheet" type="text/css" />

<style type="text/css">
.log { display: none;} 
.stack-trace { display: none;} 
</style>
<script type="text/javascript">
<!--
function flip(e) {
  current = e.style.display;
  if (current == 'block') {
    e.style.display = 'none';
    return 0;
  }
  else {
    e.style.display = 'block';
    return 1;
  }
}

function toggleBox(szDivId, elem, msg1, msg2)
{
  var res = -1;  if (document.getElementById) {
    res = flip(document.getElementById(szDivId));
  }
  else if (document.all) {
    // this is the way old msie versions work
    res = flip(document.all[szDivId]);
  }
  if(elem) {
    if(res == 0) elem.innerHTML = msg1; else elem.innerHTML = msg2;
  }

}

function toggleAllBoxes() {
  if (document.getElementsByTagName) {
    d = document.getElementsByTagName('div');
    for (i = 0; i < d.length; i++) {
      if (d[i].className == 'log') {
        flip(d[i]);
      }
    }
  }
}

// -->
</script>

</head>
<body>
<h2 align='center'>chrome</h2><table border='1' align="center">
<tr>
<td>Tests passed/Failed/Skipped:</td><td>33/4/10</td>
</tr><tr>
<td>Started on:</td><td>Mon Jun 03 17:06:56 IST 2024</td>
</tr>
<tr><td>Total time:</td><td>1371 seconds (1371226 ms)</td>
</tr><tr>
<td>Included groups:</td><td></td>
</tr><tr>
<td>Excluded groups:</td><td></td>
</tr>
</table><p/>
<small><i>(Hover the method name to see the test class name)</i></small><p/>
<table width='100%' border='1' class='invocation-failed'>
<tr><td colspan='4' align='center'><b>FAILED TESTS</b></td></tr>
<tr><td><b>Test method</b></td>
<td><b>Attribute(s)</b></td>
<td width="30%"><b>Exception</b></td>
<td width="10%"><b>Time (seconds)</b></td>
<td><b>Instance</b></td>
</tr>
<tr>
<td title='net.testcases_worktimemodule.validate_user_roles_administrationmenu.UserRolesModifyManagerEditCurrentActivity.userRolesModifyManagerEditCurrentActivity()'><b>userRolesModifyManagerEditCurrentActivity</b><br>Test class: net.testcases_worktimemodule.validate_user_roles_administrationmenu.UserRolesModifyManagerEditCurrentActivity<br>Parameters: chrome</td>
<td><div><pre>org.openqa.selenium.NoSuchElementException: Cannot locate option with value: 230
For documentation on this error, please visit: https://www.selenium.dev/documentation/webdriver/troubleshooting/errors#no-such-element-exception
Build info: version: &apos;4.13.0&apos;, revision: &apos;ba948ece5b*&apos;
System info: os.name: &apos;Windows 10&apos;, os.arch: &apos;amd64&apos;, os.version: &apos;10.0&apos;, java.version: &apos;11.0.21&apos;
Driver info: driver.version: unknown
	at org.openqa.selenium.support.ui.Select.findOptionsByValue(Select.java:289)
	at org.openqa.selenium.support.ui.Select.selectByValue(Select.java:194)
	at net.pages_worktimemodule.UserRolePage.selectCurrentActivity(UserRolePage.java:415)
	at net.testcases_worktimemodule.validate_user_roles_administrationmenu.UserRolesModifyManagerEditCurrentActivity.userRolesModifyManagerEditCurrentActivity(UserRolesModifyManagerEditCurrentActivity.java:60)
	at java.base/java.util.ArrayList.forEach(ArrayList.java:1541)
... Removed 28 stack frames</pre></div><a href='#' onClick='toggleBox("stack-trace300738565", this, "Click to show all stack frames", "Click to hide stack frames")'>Click to show all stack frames</a>
<div class='stack-trace' id='stack-trace300738565'><pre>org.openqa.selenium.NoSuchElementException: Cannot locate option with value: 230
For documentation on this error, please visit: https://www.selenium.dev/documentation/webdriver/troubleshooting/errors#no-such-element-exception
Build info: version: &apos;4.13.0&apos;, revision: &apos;ba948ece5b*&apos;
System info: os.name: &apos;Windows 10&apos;, os.arch: &apos;amd64&apos;, os.version: &apos;10.0&apos;, java.version: &apos;11.0.21&apos;
Driver info: driver.version: unknown
	at org.openqa.selenium.support.ui.Select.findOptionsByValue(Select.java:289)
	at org.openqa.selenium.support.ui.Select.selectByValue(Select.java:194)
	at net.pages_worktimemodule.UserRolePage.selectCurrentActivity(UserRolePage.java:415)
	at net.testcases_worktimemodule.validate_user_roles_administrationmenu.UserRolesModifyManagerEditCurrentActivity.userRolesModifyManagerEditCurrentActivity(UserRolesModifyManagerEditCurrentActivity.java:60)
	at java.base/jdk.internal.reflect.NativeMethodAccessorImpl.invoke0(Native Method)
	at java.base/jdk.internal.reflect.NativeMethodAccessorImpl.invoke(NativeMethodAccessorImpl.java:62)
	at java.base/jdk.internal.reflect.DelegatingMethodAccessorImpl.invoke(DelegatingMethodAccessorImpl.java:43)
	at java.base/java.lang.reflect.Method.invoke(Method.java:566)
	at org.testng.internal.invokers.MethodInvocationHelper.invokeMethod(MethodInvocationHelper.java:139)
	at org.testng.internal.invokers.TestInvoker.invokeMethod(TestInvoker.java:677)
	at org.testng.internal.invokers.TestInvoker.retryFailed(TestInvoker.java:263)
	at org.testng.internal.invokers.MethodRunner.runInSequence(MethodRunner.java:62)
	at org.testng.internal.invokers.TestInvoker$MethodInvocationAgent.invoke(TestInvoker.java:962)
	at org.testng.internal.invokers.TestInvoker.invokeTestMethods(TestInvoker.java:194)
	at org.testng.internal.invokers.TestMethodWorker.invokeTestMethods(TestMethodWorker.java:148)
	at org.testng.internal.invokers.TestMethodWorker.run(TestMethodWorker.java:128)
	at java.base/java.util.ArrayList.forEach(ArrayList.java:1541)
	at org.testng.TestRunner.privateRun(TestRunner.java:806)
	at org.testng.TestRunner.run(TestRunner.java:601)
	at org.testng.SuiteRunner.runTest(SuiteRunner.java:433)
	at org.testng.SuiteRunner.runSequentially(SuiteRunner.java:427)
	at org.testng.SuiteRunner.privateRun(SuiteRunner.java:387)
	at org.testng.SuiteRunner.run(SuiteRunner.java:330)
	at org.testng.SuiteRunnerWorker.runSuite(SuiteRunnerWorker.java:52)
	at org.testng.SuiteRunnerWorker.run(SuiteRunnerWorker.java:95)
	at org.testng.TestNG.runSuitesSequentially(TestNG.java:1256)
	at org.testng.TestNG.runSuitesSequentially(TestNG.java:1251)
	at org.testng.TestNG.runSuitesLocally(TestNG.java:1176)
	at org.testng.TestNG.runSuites(TestNG.java:1099)
	at org.testng.TestNG.run(TestNG.java:1067)
	at org.testng.remote.AbstractRemoteTestNG.run(AbstractRemoteTestNG.java:115)
	at org.testng.remote.RemoteTestNG.initAndRun(RemoteTestNG.java:251)
	at org.testng.remote.RemoteTestNG.main(RemoteTestNG.java:77)
</pre></div></td>
<td>23</td>
<td>net.testcases_worktimemodule.validate_user_roles_administrationmenu.UserRolesModifyManagerEditCurrentActivity@237add</td></tr>
<tr>
<td title='net.testcases_worktimemodule.validate_user_roles_administrationmenu.UserRolesModifyManagerEditCustomReports.userRolesModifyManagerEditCustomReports()'><b>userRolesModifyManagerEditCustomReports</b><br>Test class: net.testcases_worktimemodule.validate_user_roles_administrationmenu.UserRolesModifyManagerEditCustomReports<br>Parameters: chrome</td>
<td><div><pre>org.openqa.selenium.NoSuchElementException: Cannot locate option with value: 167
For documentation on this error, please visit: https://www.selenium.dev/documentation/webdriver/troubleshooting/errors#no-such-element-exception
Build info: version: &apos;4.13.0&apos;, revision: &apos;ba948ece5b*&apos;
System info: os.name: &apos;Windows 10&apos;, os.arch: &apos;amd64&apos;, os.version: &apos;10.0&apos;, java.version: &apos;11.0.21&apos;
Driver info: driver.version: unknown
	at org.openqa.selenium.support.ui.Select.findOptionsByValue(Select.java:289)
	at org.openqa.selenium.support.ui.Select.selectByValue(Select.java:194)
	at net.pages_worktimemodule.UserRolePage.selectCustomReports(UserRolePage.java:422)
	at net.testcases_worktimemodule.validate_user_roles_administrationmenu.UserRolesModifyManagerEditCustomReports.userRolesModifyManagerEditCustomReports(UserRolesModifyManagerEditCustomReports.java:60)
	at java.base/java.util.ArrayList.forEach(ArrayList.java:1541)
... Removed 28 stack frames</pre></div><a href='#' onClick='toggleBox("stack-trace952677921", this, "Click to show all stack frames", "Click to hide stack frames")'>Click to show all stack frames</a>
<div class='stack-trace' id='stack-trace952677921'><pre>org.openqa.selenium.NoSuchElementException: Cannot locate option with value: 167
For documentation on this error, please visit: https://www.selenium.dev/documentation/webdriver/troubleshooting/errors#no-such-element-exception
Build info: version: &apos;4.13.0&apos;, revision: &apos;ba948ece5b*&apos;
System info: os.name: &apos;Windows 10&apos;, os.arch: &apos;amd64&apos;, os.version: &apos;10.0&apos;, java.version: &apos;11.0.21&apos;
Driver info: driver.version: unknown
	at org.openqa.selenium.support.ui.Select.findOptionsByValue(Select.java:289)
	at org.openqa.selenium.support.ui.Select.selectByValue(Select.java:194)
	at net.pages_worktimemodule.UserRolePage.selectCustomReports(UserRolePage.java:422)
	at net.testcases_worktimemodule.validate_user_roles_administrationmenu.UserRolesModifyManagerEditCustomReports.userRolesModifyManagerEditCustomReports(UserRolesModifyManagerEditCustomReports.java:60)
	at java.base/jdk.internal.reflect.NativeMethodAccessorImpl.invoke0(Native Method)
	at java.base/jdk.internal.reflect.NativeMethodAccessorImpl.invoke(NativeMethodAccessorImpl.java:62)
	at java.base/jdk.internal.reflect.DelegatingMethodAccessorImpl.invoke(DelegatingMethodAccessorImpl.java:43)
	at java.base/java.lang.reflect.Method.invoke(Method.java:566)
	at org.testng.internal.invokers.MethodInvocationHelper.invokeMethod(MethodInvocationHelper.java:139)
	at org.testng.internal.invokers.TestInvoker.invokeMethod(TestInvoker.java:677)
	at org.testng.internal.invokers.TestInvoker.retryFailed(TestInvoker.java:263)
	at org.testng.internal.invokers.MethodRunner.runInSequence(MethodRunner.java:62)
	at org.testng.internal.invokers.TestInvoker$MethodInvocationAgent.invoke(TestInvoker.java:962)
	at org.testng.internal.invokers.TestInvoker.invokeTestMethods(TestInvoker.java:194)
	at org.testng.internal.invokers.TestMethodWorker.invokeTestMethods(TestMethodWorker.java:148)
	at org.testng.internal.invokers.TestMethodWorker.run(TestMethodWorker.java:128)
	at java.base/java.util.ArrayList.forEach(ArrayList.java:1541)
	at org.testng.TestRunner.privateRun(TestRunner.java:806)
	at org.testng.TestRunner.run(TestRunner.java:601)
	at org.testng.SuiteRunner.runTest(SuiteRunner.java:433)
	at org.testng.SuiteRunner.runSequentially(SuiteRunner.java:427)
	at org.testng.SuiteRunner.privateRun(SuiteRunner.java:387)
	at org.testng.SuiteRunner.run(SuiteRunner.java:330)
	at org.testng.SuiteRunnerWorker.runSuite(SuiteRunnerWorker.java:52)
	at org.testng.SuiteRunnerWorker.run(SuiteRunnerWorker.java:95)
	at org.testng.TestNG.runSuitesSequentially(TestNG.java:1256)
	at org.testng.TestNG.runSuitesSequentially(TestNG.java:1251)
	at org.testng.TestNG.runSuitesLocally(TestNG.java:1176)
	at org.testng.TestNG.runSuites(TestNG.java:1099)
	at org.testng.TestNG.run(TestNG.java:1067)
	at org.testng.remote.AbstractRemoteTestNG.run(AbstractRemoteTestNG.java:115)
	at org.testng.remote.RemoteTestNG.initAndRun(RemoteTestNG.java:251)
	at org.testng.remote.RemoteTestNG.main(RemoteTestNG.java:77)
</pre></div></td>
<td>23</td>
<td>net.testcases_worktimemodule.validate_user_roles_administrationmenu.UserRolesModifyManagerEditCustomReports@491cafec</td></tr>
<tr>
<td title='net.testcases_worktimemodule.validate_user_roles_administrationmenu.UserRolesModifyManagerEditTimeSheet.userRolesModifyManagerEditTimeSheet()'><b>userRolesModifyManagerEditTimeSheet</b><br>Test class: net.testcases_worktimemodule.validate_user_roles_administrationmenu.UserRolesModifyManagerEditTimeSheet<br>Parameters: chrome</td>
<td><div><pre>org.openqa.selenium.NoSuchElementException: Cannot locate option with value: 93
For documentation on this error, please visit: https://www.selenium.dev/documentation/webdriver/troubleshooting/errors#no-such-element-exception
Build info: version: &apos;4.13.0&apos;, revision: &apos;ba948ece5b*&apos;
System info: os.name: &apos;Windows 10&apos;, os.arch: &apos;amd64&apos;, os.version: &apos;10.0&apos;, java.version: &apos;11.0.21&apos;
Driver info: driver.version: unknown
	at org.openqa.selenium.support.ui.Select.findOptionsByValue(Select.java:289)
	at org.openqa.selenium.support.ui.Select.selectByValue(Select.java:194)
	at net.pages_worktimemodule.UserRolePage.selectTimeSheet(UserRolePage.java:408)
	at net.testcases_worktimemodule.validate_user_roles_administrationmenu.UserRolesModifyManagerEditTimeSheet.userRolesModifyManagerEditTimeSheet(UserRolesModifyManagerEditTimeSheet.java:60)
	at java.base/java.util.ArrayList.forEach(ArrayList.java:1541)
... Removed 28 stack frames</pre></div><a href='#' onClick='toggleBox("stack-trace302054301", this, "Click to show all stack frames", "Click to hide stack frames")'>Click to show all stack frames</a>
<div class='stack-trace' id='stack-trace302054301'><pre>org.openqa.selenium.NoSuchElementException: Cannot locate option with value: 93
For documentation on this error, please visit: https://www.selenium.dev/documentation/webdriver/troubleshooting/errors#no-such-element-exception
Build info: version: &apos;4.13.0&apos;, revision: &apos;ba948ece5b*&apos;
System info: os.name: &apos;Windows 10&apos;, os.arch: &apos;amd64&apos;, os.version: &apos;10.0&apos;, java.version: &apos;11.0.21&apos;
Driver info: driver.version: unknown
	at org.openqa.selenium.support.ui.Select.findOptionsByValue(Select.java:289)
	at org.openqa.selenium.support.ui.Select.selectByValue(Select.java:194)
	at net.pages_worktimemodule.UserRolePage.selectTimeSheet(UserRolePage.java:408)
	at net.testcases_worktimemodule.validate_user_roles_administrationmenu.UserRolesModifyManagerEditTimeSheet.userRolesModifyManagerEditTimeSheet(UserRolesModifyManagerEditTimeSheet.java:60)
	at java.base/jdk.internal.reflect.NativeMethodAccessorImpl.invoke0(Native Method)
	at java.base/jdk.internal.reflect.NativeMethodAccessorImpl.invoke(NativeMethodAccessorImpl.java:62)
	at java.base/jdk.internal.reflect.DelegatingMethodAccessorImpl.invoke(DelegatingMethodAccessorImpl.java:43)
	at java.base/java.lang.reflect.Method.invoke(Method.java:566)
	at org.testng.internal.invokers.MethodInvocationHelper.invokeMethod(MethodInvocationHelper.java:139)
	at org.testng.internal.invokers.TestInvoker.invokeMethod(TestInvoker.java:677)
	at org.testng.internal.invokers.TestInvoker.retryFailed(TestInvoker.java:263)
	at org.testng.internal.invokers.MethodRunner.runInSequence(MethodRunner.java:62)
	at org.testng.internal.invokers.TestInvoker$MethodInvocationAgent.invoke(TestInvoker.java:962)
	at org.testng.internal.invokers.TestInvoker.invokeTestMethods(TestInvoker.java:194)
	at org.testng.internal.invokers.TestMethodWorker.invokeTestMethods(TestMethodWorker.java:148)
	at org.testng.internal.invokers.TestMethodWorker.run(TestMethodWorker.java:128)
	at java.base/java.util.ArrayList.forEach(ArrayList.java:1541)
	at org.testng.TestRunner.privateRun(TestRunner.java:806)
	at org.testng.TestRunner.run(TestRunner.java:601)
	at org.testng.SuiteRunner.runTest(SuiteRunner.java:433)
	at org.testng.SuiteRunner.runSequentially(SuiteRunner.java:427)
	at org.testng.SuiteRunner.privateRun(SuiteRunner.java:387)
	at org.testng.SuiteRunner.run(SuiteRunner.java:330)
	at org.testng.SuiteRunnerWorker.runSuite(SuiteRunnerWorker.java:52)
	at org.testng.SuiteRunnerWorker.run(SuiteRunnerWorker.java:95)
	at org.testng.TestNG.runSuitesSequentially(TestNG.java:1256)
	at org.testng.TestNG.runSuitesSequentially(TestNG.java:1251)
	at org.testng.TestNG.runSuitesLocally(TestNG.java:1176)
	at org.testng.TestNG.runSuites(TestNG.java:1099)
	at org.testng.TestNG.run(TestNG.java:1067)
	at org.testng.remote.AbstractRemoteTestNG.run(AbstractRemoteTestNG.java:115)
	at org.testng.remote.RemoteTestNG.initAndRun(RemoteTestNG.java:251)
	at org.testng.remote.RemoteTestNG.main(RemoteTestNG.java:77)
</pre></div></td>
<td>21</td>
<td>net.testcases_worktimemodule.validate_user_roles_administrationmenu.UserRolesModifyManagerEditTimeSheet@35cec305</td></tr>
<tr>
<td title='net.testcases_worktimemodule.validate_user_roles_administrationmenu.UserRolesModifyManagerEditCustomReportsPublishReport.userRolesModifyManagerEditCustomReportsPublishReport()'><b>userRolesModifyManagerEditCustomReportsPublishReport</b><br>Test class: net.testcases_worktimemodule.validate_user_roles_administrationmenu.UserRolesModifyManagerEditCustomReportsPublishReport<br>Parameters: chrome</td>
<td><div><pre>org.openqa.selenium.ElementClickInterceptedException: element click intercepted: Element &lt;iframe id=&quot;contentFrame&quot; name=&quot;contentFrame&quot; frameborder=&quot;0&quot; src=&quot;/prohance/UserRole.htm?menuItemId=131&quot; style=&quot;height: 529px;&quot; cd_frame_id_=&quot;12ce5fc63ef1a72ec6c821ef80c8e95a&quot;&gt;&lt;/iframe&gt; is not clickable at point (135, 161). Other element would receive the click: &lt;div class=&quot;modal-backdrop fade modal-stack&quot; style=&quot;z-index: 1039;&quot;&gt;&lt;/div&gt;
  (Session info: chrome=118.0.5993.118)
Build info: version: &apos;4.13.0&apos;, revision: &apos;ba948ece5b*&apos;
System info: os.name: &apos;Windows 10&apos;, os.arch: &apos;amd64&apos;, os.version: &apos;10.0&apos;, java.version: &apos;11.0.21&apos;
Driver info: org.openqa.selenium.chrome.ChromeDriver
Command: [f2c4375269cabf7da37098190b42eb78, clickElement {id=0866F744514056AA5EF8128AA0747705_element_3433}]
Capabilities {acceptInsecureCerts: false, browserName: chrome, browserVersion: 118.0.5993.118, chrome: {chromedriverVersion: 118.0.5993.70 (e52f33f30b91..., userDataDir: C:\Users\pavana.c\AppData\L...}, fedcm:accounts: true, goog:chromeOptions: {debuggerAddress: localhost:63977}, networkConnectionEnabled: false, pageLoadStrategy: normal, platformName: windows, proxy: Proxy(), se:cdp: ws://localhost:63977/devtoo..., se:cdpVersion: 118.0.5993.118, setWindowRect: true, strictFileInteractability: false, timeouts: {implicit: 0, pageLoad: 300000, script: 30000}, unhandledPromptBehavior: dismiss and notify, webauthn:extension:credBlob: true, webauthn:extension:largeBlob: true, webauthn:extension:minPinLength: true, webauthn:extension:prf: true, webauthn:virtualAuthenticators: true}
Element: [[ChromeDriver: chrome on windows (f2c4375269cabf7da37098190b42eb78)] -&gt; xpath: //span[contains(text(),&apos;Role Permissions&apos;)]]
Session ID: f2c4375269cabf7da37098190b42eb78
	at org.openqa.selenium.remote.codec.w3c.W3CHttpResponseCodec.createException(W3CHttpResponseCodec.java:200)
	at org.openqa.selenium.remote.codec.w3c.W3CHttpResponseCodec.decode(W3CHttpResponseCodec.java:133)
	at org.openqa.selenium.remote.codec.w3c.W3CHttpResponseCodec.decode(W3CHttpResponseCodec.java:52)
	at org.openqa.selenium.remote.HttpCommandExecutor.execute(HttpCommandExecutor.java:191)
	at org.openqa.selenium.remote.service.DriverCommandExecutor.invokeExecute(DriverCommandExecutor.java:196)
	at org.openqa.selenium.remote.service.DriverCommandExecutor.execute(DriverCommandExecutor.java:171)
	at org.openqa.selenium.remote.RemoteWebDriver.execute(RemoteWebDriver.java:602)
	at org.openqa.selenium.remote.RemoteWebElement.execute(RemoteWebElement.java:224)
	at org.openqa.selenium.remote.RemoteWebElement.click(RemoteWebElement.java:77)
	at org.openqa.selenium.support.pagefactory.internal.LocatingElementHandler.invoke(LocatingElementHandler.java:51)
	at com.sun.proxy.$Proxy14.click(Unknown Source)
	at net.pages_worktimemodule.UserRolePage.clickUserRolePrmissionBtn(UserRolePage.java:355)
	at net.testcases_worktimemodule.validate_user_roles_administrationmenu.UserRolesModifyManagerEditCustomReportsPublishReport.userRolesModifyManagerEditCustomReportsPublishReport(UserRolesModifyManagerEditCustomReportsPublishReport.java:57)
	at java.base/java.util.ArrayList.forEach(ArrayList.java:1541)
... Removed 35 stack frames</pre></div><a href='#' onClick='toggleBox("stack-trace552838973", this, "Click to show all stack frames", "Click to hide stack frames")'>Click to show all stack frames</a>
<div class='stack-trace' id='stack-trace552838973'><pre>org.openqa.selenium.ElementClickInterceptedException: element click intercepted: Element &lt;iframe id=&quot;contentFrame&quot; name=&quot;contentFrame&quot; frameborder=&quot;0&quot; src=&quot;/prohance/UserRole.htm?menuItemId=131&quot; style=&quot;height: 529px;&quot; cd_frame_id_=&quot;12ce5fc63ef1a72ec6c821ef80c8e95a&quot;&gt;&lt;/iframe&gt; is not clickable at point (135, 161). Other element would receive the click: &lt;div class=&quot;modal-backdrop fade modal-stack&quot; style=&quot;z-index: 1039;&quot;&gt;&lt;/div&gt;
  (Session info: chrome=118.0.5993.118)
Build info: version: &apos;4.13.0&apos;, revision: &apos;ba948ece5b*&apos;
System info: os.name: &apos;Windows 10&apos;, os.arch: &apos;amd64&apos;, os.version: &apos;10.0&apos;, java.version: &apos;11.0.21&apos;
Driver info: org.openqa.selenium.chrome.ChromeDriver
Command: [f2c4375269cabf7da37098190b42eb78, clickElement {id=0866F744514056AA5EF8128AA0747705_element_3433}]
Capabilities {acceptInsecureCerts: false, browserName: chrome, browserVersion: 118.0.5993.118, chrome: {chromedriverVersion: 118.0.5993.70 (e52f33f30b91..., userDataDir: C:\Users\pavana.c\AppData\L...}, fedcm:accounts: true, goog:chromeOptions: {debuggerAddress: localhost:63977}, networkConnectionEnabled: false, pageLoadStrategy: normal, platformName: windows, proxy: Proxy(), se:cdp: ws://localhost:63977/devtoo..., se:cdpVersion: 118.0.5993.118, setWindowRect: true, strictFileInteractability: false, timeouts: {implicit: 0, pageLoad: 300000, script: 30000}, unhandledPromptBehavior: dismiss and notify, webauthn:extension:credBlob: true, webauthn:extension:largeBlob: true, webauthn:extension:minPinLength: true, webauthn:extension:prf: true, webauthn:virtualAuthenticators: true}
Element: [[ChromeDriver: chrome on windows (f2c4375269cabf7da37098190b42eb78)] -&gt; xpath: //span[contains(text(),&apos;Role Permissions&apos;)]]
Session ID: f2c4375269cabf7da37098190b42eb78
	at java.base/jdk.internal.reflect.NativeConstructorAccessorImpl.newInstance0(Native Method)
	at java.base/jdk.internal.reflect.NativeConstructorAccessorImpl.newInstance(NativeConstructorAccessorImpl.java:62)
	at java.base/jdk.internal.reflect.DelegatingConstructorAccessorImpl.newInstance(DelegatingConstructorAccessorImpl.java:45)
	at java.base/java.lang.reflect.Constructor.newInstance(Constructor.java:490)
	at org.openqa.selenium.remote.codec.w3c.W3CHttpResponseCodec.createException(W3CHttpResponseCodec.java:200)
	at org.openqa.selenium.remote.codec.w3c.W3CHttpResponseCodec.decode(W3CHttpResponseCodec.java:133)
	at org.openqa.selenium.remote.codec.w3c.W3CHttpResponseCodec.decode(W3CHttpResponseCodec.java:52)
	at org.openqa.selenium.remote.HttpCommandExecutor.execute(HttpCommandExecutor.java:191)
	at org.openqa.selenium.remote.service.DriverCommandExecutor.invokeExecute(DriverCommandExecutor.java:196)
	at org.openqa.selenium.remote.service.DriverCommandExecutor.execute(DriverCommandExecutor.java:171)
	at org.openqa.selenium.remote.RemoteWebDriver.execute(RemoteWebDriver.java:602)
	at org.openqa.selenium.remote.RemoteWebElement.execute(RemoteWebElement.java:224)
	at org.openqa.selenium.remote.RemoteWebElement.click(RemoteWebElement.java:77)
	at jdk.internal.reflect.GeneratedMethodAccessor13.invoke(Unknown Source)
	at java.base/jdk.internal.reflect.DelegatingMethodAccessorImpl.invoke(DelegatingMethodAccessorImpl.java:43)
	at java.base/java.lang.reflect.Method.invoke(Method.java:566)
	at org.openqa.selenium.support.pagefactory.internal.LocatingElementHandler.invoke(LocatingElementHandler.java:51)
	at com.sun.proxy.$Proxy14.click(Unknown Source)
	at net.pages_worktimemodule.UserRolePage.clickUserRolePrmissionBtn(UserRolePage.java:355)
	at net.testcases_worktimemodule.validate_user_roles_administrationmenu.UserRolesModifyManagerEditCustomReportsPublishReport.userRolesModifyManagerEditCustomReportsPublishReport(UserRolesModifyManagerEditCustomReportsPublishReport.java:57)
	at java.base/jdk.internal.reflect.NativeMethodAccessorImpl.invoke0(Native Method)
	at java.base/jdk.internal.reflect.NativeMethodAccessorImpl.invoke(NativeMethodAccessorImpl.java:62)
	at java.base/jdk.internal.reflect.DelegatingMethodAccessorImpl.invoke(DelegatingMethodAccessorImpl.java:43)
	at java.base/java.lang.reflect.Method.invoke(Method.java:566)
	at org.testng.internal.invokers.MethodInvocationHelper.invokeMethod(MethodInvocationHelper.java:139)
	at org.testng.internal.invokers.TestInvoker.invokeMethod(TestInvoker.java:677)
	at org.testng.internal.invokers.TestInvoker.retryFailed(TestInvoker.java:263)
	at org.testng.internal.invokers.MethodRunner.runInSequence(MethodRunner.java:62)
	at org.testng.internal.invokers.TestInvoker$MethodInvocationAgent.invoke(TestInvoker.java:962)
	at org.testng.internal.invokers.TestInvoker.invokeTestMethods(TestInvoker.java:194)
	at org.testng.internal.invokers.TestMethodWorker.invokeTestMethods(TestMethodWorker.java:148)
	at org.testng.internal.invokers.TestMethodWorker.run(TestMethodWorker.java:128)
	at java.base/java.util.ArrayList.forEach(ArrayList.java:1541)
	at org.testng.TestRunner.privateRun(TestRunner.java:806)
	at org.testng.TestRunner.run(TestRunner.java:601)
	at org.testng.SuiteRunner.runTest(SuiteRunner.java:433)
	at org.testng.SuiteRunner.runSequentially(SuiteRunner.java:427)
	at org.testng.SuiteRunner.privateRun(SuiteRunner.java:387)
	at org.testng.SuiteRunner.run(SuiteRunner.java:330)
	at org.testng.SuiteRunnerWorker.runSuite(SuiteRunnerWorker.java:52)
	at org.testng.SuiteRunnerWorker.run(SuiteRunnerWorker.java:95)
	at org.testng.TestNG.runSuitesSequentially(TestNG.java:1256)
	at org.testng.TestNG.runSuitesSequentially(TestNG.java:1251)
	at org.testng.TestNG.runSuitesLocally(TestNG.java:1176)
	at org.testng.TestNG.runSuites(TestNG.java:1099)
	at org.testng.TestNG.run(TestNG.java:1067)
	at org.testng.remote.AbstractRemoteTestNG.run(AbstractRemoteTestNG.java:115)
	at org.testng.remote.RemoteTestNG.initAndRun(RemoteTestNG.java:251)
	at org.testng.remote.RemoteTestNG.main(RemoteTestNG.java:77)
</pre></div></td>
<td>13</td>
<td>net.testcases_worktimemodule.validate_user_roles_administrationmenu.UserRolesModifyManagerEditCustomReportsPublishReport@cbd40c1</td></tr>
</table><p>
<table width='100%' border='1' class='invocation-passed'>
<tr><td colspan='4' align='center'><b>PASSED TESTS</b></td></tr>
<tr><td><b>Test method</b></td>
<td><b>Attribute(s)</b></td>
<td width="30%"><b>Exception</b></td>
<td width="10%"><b>Time (seconds)</b></td>
<td><b>Instance</b></td>
</tr>
<tr>
<td title='net.testcases_worktimemodule.validate_user_roles_administrationmenu.UserRolesAddNewManagerDelete.userRolesAddNewManagerDelete()'><b>userRolesAddNewManagerDelete</b><br>Test class: net.testcases_worktimemodule.validate_user_roles_administrationmenu.UserRolesAddNewManagerDelete<br>Parameters: chrome</td>
<td></td>
<td>62</td>
<td>net.testcases_worktimemodule.validate_user_roles_administrationmenu.UserRolesAddNewManagerDelete@634ca3e7</td></tr>
<tr>
<td title='net.testcases_worktimemodule.validate_user_roles_administrationmenu.UserRolesModifyMemberHierarchyLevel.userRolesModifyMemberHierarchyLevel()'><b>userRolesModifyMemberHierarchyLevel</b><br>Test class: net.testcases_worktimemodule.validate_user_roles_administrationmenu.UserRolesModifyMemberHierarchyLevel<br>Parameters: chrome</td>
<td></td>
<td>12</td>
<td>net.testcases_worktimemodule.validate_user_roles_administrationmenu.UserRolesModifyMemberHierarchyLevel@4b41587d</td></tr>
<tr>
<td title='net.testcases_worktimemodule.validate_user_roles_administrationmenu.UserRolesAddNewMemberDelete.userRolesAddNewMemberDelete()'><b>userRolesAddNewMemberDelete</b><br>Test class: net.testcases_worktimemodule.validate_user_roles_administrationmenu.UserRolesAddNewMemberDelete<br>Parameters: chrome</td>
<td></td>
<td>39</td>
<td>net.testcases_worktimemodule.validate_user_roles_administrationmenu.UserRolesAddNewMemberDelete@28393e82</td></tr>
<tr>
<td title='net.testcases_worktimemodule.validate_user_roles_administrationmenu.UserRolesModifyManagerRestrictusers.userRolesModifyManagerRestrictusers()'><b>userRolesModifyManagerRestrictusers</b><br>Test class: net.testcases_worktimemodule.validate_user_roles_administrationmenu.UserRolesModifyManagerRestrictusers<br>Parameters: chrome</td>
<td></td>
<td>21</td>
<td>net.testcases_worktimemodule.validate_user_roles_administrationmenu.UserRolesModifyManagerRestrictusers@626e0c86</td></tr>
<tr>
<td title='net.testcases_worktimemodule.validate_user_roles_administrationmenu.UserRolesModifyMemberModuleSelection.userRolesModifyMemberModuleSelection()'><b>userRolesModifyMemberModuleSelection</b><br>Test class: net.testcases_worktimemodule.validate_user_roles_administrationmenu.UserRolesModifyMemberModuleSelection<br>Parameters: chrome</td>
<td></td>
<td>29</td>
<td>net.testcases_worktimemodule.validate_user_roles_administrationmenu.UserRolesModifyMemberModuleSelection@28ee0a3c</td></tr>
<tr>
<td title='net.testcases_worktimemodule.validate_user_roles_administrationmenu.UserRolesModifyManagerDontAllowUserToExportDataPDF2.userRolesModifyManagerDontAllowUserToExportDataPDF2()'><b>userRolesModifyManagerDontAllowUserToExportDataPDF2</b><br>Test class: net.testcases_worktimemodule.validate_user_roles_administrationmenu.UserRolesModifyManagerDontAllowUserToExportDataPDF2<br>Parameters: chrome</td>
<td></td>
<td>28</td>
<td>net.testcases_worktimemodule.validate_user_roles_administrationmenu.UserRolesModifyManagerDontAllowUserToExportDataPDF2@22a260ff</td></tr>
<tr>
<td title='net.testcases_worktimemodule.validate_user_roles_administrationmenu.UserRolesModifyManagerEditWorkOutPut.userRolesModifyManagerEditWorkOutPut()'><b>userRolesModifyManagerEditWorkOutPut</b><br>Test class: net.testcases_worktimemodule.validate_user_roles_administrationmenu.UserRolesModifyManagerEditWorkOutPut<br>Parameters: chrome</td>
<td></td>
<td>16</td>
<td>net.testcases_worktimemodule.validate_user_roles_administrationmenu.UserRolesModifyManagerEditWorkOutPut@1d6a8386</td></tr>
<tr>
<td title='net.testcases_worktimemodule.validate_user_roles_administrationmenu.UserRolePDFValidation.userRolePDFValidation()'><b>userRolePDFValidation</b><br>Test class: net.testcases_worktimemodule.validate_user_roles_administrationmenu.UserRolePDFValidation<br>Parameters: chrome</td>
<td></td>
<td>20</td>
<td>net.testcases_worktimemodule.validate_user_roles_administrationmenu.UserRolePDFValidation@5234b61a</td></tr>
<tr>
<td title='net.testcases_worktimemodule.validate_user_roles_administrationmenu.UserRolesModifyManagerEditAttendence.userRolesModifyManagerEditAttendence()'><b>userRolesModifyManagerEditAttendence</b><br>Test class: net.testcases_worktimemodule.validate_user_roles_administrationmenu.UserRolesModifyManagerEditAttendence<br>Parameters: chrome</td>
<td></td>
<td>17</td>
<td>net.testcases_worktimemodule.validate_user_roles_administrationmenu.UserRolesModifyManagerEditAttendence@1e545821</td></tr>
<tr>
<td title='net.testcases_worktimemodule.validate_user_roles_administrationmenu.UserRolesModifyManagerEditWorkLOadForUser.userRolesModifyManagerEditWorkLOadForUser()'><b>userRolesModifyManagerEditWorkLOadForUser</b><br>Test class: net.testcases_worktimemodule.validate_user_roles_administrationmenu.UserRolesModifyManagerEditWorkLOadForUser<br>Parameters: chrome</td>
<td></td>
<td>18</td>
<td>net.testcases_worktimemodule.validate_user_roles_administrationmenu.UserRolesModifyManagerEditWorkLOadForUser@7889b4b9</td></tr>
<tr>
<td title='net.testcases_worktimemodule.validate_user_roles_administrationmenu.UserRolesModifyManagerDefineNewActivity.userRolesModifyManagerDefineNewActivity()'><b>userRolesModifyManagerDefineNewActivity</b><br>Test class: net.testcases_worktimemodule.validate_user_roles_administrationmenu.UserRolesModifyManagerDefineNewActivity<br>Parameters: chrome</td>
<td></td>
<td>36</td>
<td>net.testcases_worktimemodule.validate_user_roles_administrationmenu.UserRolesModifyManagerDefineNewActivity@6b8d54da</td></tr>
<tr>
<td title='net.testcases_worktimemodule.validate_user_roles_administrationmenu.UserRolesModifyManagerAllowUserToExportDataPDF.userRolesModifyManagerAllowUserToExportDataPDF()'><b>userRolesModifyManagerAllowUserToExportDataPDF</b><br>Test class: net.testcases_worktimemodule.validate_user_roles_administrationmenu.UserRolesModifyManagerAllowUserToExportDataPDF<br>Parameters: chrome</td>
<td></td>
<td>33</td>
<td>net.testcases_worktimemodule.validate_user_roles_administrationmenu.UserRolesModifyManagerAllowUserToExportDataPDF@50b734c4</td></tr>
<tr>
<td title='net.testcases_worktimemodule.validate_user_roles_administrationmenu.UserRolesModifyManagerExportDataPermissionNotAllowUserToDemandOnMail.userRolesModifyManagerExportDataPermissionNotAllowUserToDemandOnMail()'><b>userRolesModifyManagerExportDataPermissionNotAllowUserToDemandOnMail</b><br>Test class: net.testcases_worktimemodule.validate_user_roles_administrationmenu.UserRolesModifyManagerExportDataPermissionNotAllowUserToDemandOnMail<br>Parameters: chrome</td>
<td></td>
<td>23</td>
<td>net.testcases_worktimemodule.validate_user_roles_administrationmenu.UserRolesModifyManagerExportDataPermissionNotAllowUserToDemandOnMail@7cf63b9a</td></tr>
<tr>
<td title='net.testcases_worktimemodule.validate_user_roles_administrationmenu.UserRolesBulkUpdate.userRolesBulkUpdate()'><b>userRolesBulkUpdate</b><br>Test class: net.testcases_worktimemodule.validate_user_roles_administrationmenu.UserRolesBulkUpdate<br>Parameters: chrome</td>
<td></td>
<td>65</td>
<td>net.testcases_worktimemodule.validate_user_roles_administrationmenu.UserRolesBulkUpdate@ab4aa5e</td></tr>
<tr>
<td title='net.testcases_worktimemodule.validate_user_roles_administrationmenu.UserRolesModifyManagerDontAllowUserToExportDataXLS.userRolesModifyManagerDontAllowUserToExportDataXLS()'><b>userRolesModifyManagerDontAllowUserToExportDataXLS</b><br>Test class: net.testcases_worktimemodule.validate_user_roles_administrationmenu.UserRolesModifyManagerDontAllowUserToExportDataXLS<br>Parameters: chrome</td>
<td></td>
<td>32</td>
<td>net.testcases_worktimemodule.validate_user_roles_administrationmenu.UserRolesModifyManagerDontAllowUserToExportDataXLS@4776e209</td></tr>
<tr>
<td title='net.testcases_worktimemodule.validate_user_roles_administrationmenu.UserRolesModifyManagerEditWorkLOadForGRoup.userRolesModifyManagerEditWorkLOadForGRoup()'><b>userRolesModifyManagerEditWorkLOadForGRoup</b><br>Test class: net.testcases_worktimemodule.validate_user_roles_administrationmenu.UserRolesModifyManagerEditWorkLOadForGRoup<br>Parameters: chrome</td>
<td></td>
<td>17</td>
<td>net.testcases_worktimemodule.validate_user_roles_administrationmenu.UserRolesModifyManagerEditWorkLOadForGRoup@54c60202</td></tr>
<tr>
<td title='net.testcases_worktimemodule.validate_user_roles_administrationmenu.UserRolesBulkUpdateMember.userRolesBulkUpdateMember()'><b>userRolesBulkUpdateMember</b><br>Test class: net.testcases_worktimemodule.validate_user_roles_administrationmenu.UserRolesBulkUpdateMember<br>Parameters: chrome</td>
<td></td>
<td>43</td>
<td>net.testcases_worktimemodule.validate_user_roles_administrationmenu.UserRolesBulkUpdateMember@54c425b1</td></tr>
<tr>
<td title='net.testcases_worktimemodule.validate_user_roles_administrationmenu.UserRolesModifyManagerEditClientSetting.userRolesModifyManagerEditClientSetting()'><b>userRolesModifyManagerEditClientSetting</b><br>Test class: net.testcases_worktimemodule.validate_user_roles_administrationmenu.UserRolesModifyManagerEditClientSetting<br>Parameters: chrome</td>
<td></td>
<td>11</td>
<td>net.testcases_worktimemodule.validate_user_roles_administrationmenu.UserRolesModifyManagerEditClientSetting@1c297897</td></tr>
<tr>
<td title='net.testcases_worktimemodule.validate_user_roles_administrationmenu.UserRolesModifyManagerHierarchyLevel.userRolesModifyManagerHierarchyLevel()'><b>userRolesModifyManagerHierarchyLevel</b><br>Test class: net.testcases_worktimemodule.validate_user_roles_administrationmenu.UserRolesModifyManagerHierarchyLevel<br>Parameters: chrome</td>
<td></td>
<td>13</td>
<td>net.testcases_worktimemodule.validate_user_roles_administrationmenu.UserRolesModifyManagerHierarchyLevel@217235f5</td></tr>
<tr>
<td title='net.testcases_worktimemodule.validate_user_roles_administrationmenu.UserRolesModifyManagerEditActivityRating.userRolesModifyManagerEditActivityRating()'><b>userRolesModifyManagerEditActivityRating</b><br>Test class: net.testcases_worktimemodule.validate_user_roles_administrationmenu.UserRolesModifyManagerEditActivityRating<br>Parameters: chrome</td>
<td></td>
<td>40</td>
<td>net.testcases_worktimemodule.validate_user_roles_administrationmenu.UserRolesModifyManagerEditActivityRating@265a094b</td></tr>
<tr>
<td title='net.testcases_worktimemodule.validate_user_roles_administrationmenu.UserRolesModifyManagerEditUserGroupWidget.userRolesModifyManagerEditUserGroupWidget()'><b>userRolesModifyManagerEditUserGroupWidget</b><br>Test class: net.testcases_worktimemodule.validate_user_roles_administrationmenu.UserRolesModifyManagerEditUserGroupWidget<br>Parameters: chrome</td>
<td></td>
<td>36</td>
<td>net.testcases_worktimemodule.validate_user_roles_administrationmenu.UserRolesModifyManagerEditUserGroupWidget@33e0c716</td></tr>
<tr>
<td title='net.testcases_worktimemodule.validate_user_roles_administrationmenu.UserRolesModifyManagerAllowUserToExportDataXLS.userRolesModifyManagerAllowUserToExportDataXLS()'><b>userRolesModifyManagerAllowUserToExportDataXLS</b><br>Test class: net.testcases_worktimemodule.validate_user_roles_administrationmenu.UserRolesModifyManagerAllowUserToExportDataXLS<br>Parameters: chrome</td>
<td></td>
<td>40</td>
<td>net.testcases_worktimemodule.validate_user_roles_administrationmenu.UserRolesModifyManagerAllowUserToExportDataXLS@79957f11</td></tr>
<tr>
<td title='net.testcases_worktimemodule.validate_user_roles_administrationmenu.UserRolesModifyManagerModuleSelection.userRolesModifyManagerModuleSelection()'><b>userRolesModifyManagerModuleSelection</b><br>Test class: net.testcases_worktimemodule.validate_user_roles_administrationmenu.UserRolesModifyManagerModuleSelection<br>Parameters: chrome</td>
<td></td>
<td>22</td>
<td>net.testcases_worktimemodule.validate_user_roles_administrationmenu.UserRolesModifyManagerModuleSelection@18d47df0</td></tr>
<tr>
<td title='net.testcases_worktimemodule.validate_user_roles_administrationmenu.UserRoleSorting.userRoleSorting()'><b>userRoleSorting</b><br>Test class: net.testcases_worktimemodule.validate_user_roles_administrationmenu.UserRoleSorting<br>Parameters: chrome</td>
<td></td>
<td>20</td>
<td>net.testcases_worktimemodule.validate_user_roles_administrationmenu.UserRoleSorting@2744dcae</td></tr>
<tr>
<td title='net.testcases_worktimemodule.validate_user_roles_administrationmenu.UserRolesModifyMemberToManager.userRolesModifyMemberToManager()'><b>userRolesModifyMemberToManager</b><br>Test class: net.testcases_worktimemodule.validate_user_roles_administrationmenu.UserRolesModifyMemberToManager<br>Parameters: chrome</td>
<td></td>
<td>87</td>
<td>net.testcases_worktimemodule.validate_user_roles_administrationmenu.UserRolesModifyMemberToManager@1f536481</td></tr>
<tr>
<td title='net.testcases_worktimemodule.validate_user_roles_administrationmenu.UserRolesModifyManagerToMeber.userRolesModifyManagerToMeber()'><b>userRolesModifyManagerToMeber</b><br>Test class: net.testcases_worktimemodule.validate_user_roles_administrationmenu.UserRolesModifyManagerToMeber<br>Parameters: chrome</td>
<td></td>
<td>78</td>
<td>net.testcases_worktimemodule.validate_user_roles_administrationmenu.UserRolesModifyManagerToMeber@16d0e521</td></tr>
<tr>
<td title='net.testcases_worktimemodule.validate_user_roles_administrationmenu.UserRolesModifyMemberWorkLoadAnalysis.userRolesModifyManagerEditActivityRating()'><b>userRolesModifyManagerEditActivityRating</b><br>Test class: net.testcases_worktimemodule.validate_user_roles_administrationmenu.UserRolesModifyMemberWorkLoadAnalysis<br>Parameters: chrome</td>
<td></td>
<td>19</td>
<td>net.testcases_worktimemodule.validate_user_roles_administrationmenu.UserRolesModifyMemberWorkLoadAnalysis@4fa86cb8</td></tr>
<tr>
<td title='net.testcases_worktimemodule.validate_user_roles_administrationmenu.UserRoleExcelValidation.userRoleExcelValidation()'><b>userRoleExcelValidation</b><br>Test class: net.testcases_worktimemodule.validate_user_roles_administrationmenu.UserRoleExcelValidation<br>Parameters: chrome</td>
<td></td>
<td>18</td>
<td>net.testcases_worktimemodule.validate_user_roles_administrationmenu.UserRoleExcelValidation@4aebee4b</td></tr>
<tr>
<td title='net.testcases_worktimemodule.validate_user_roles_administrationmenu.UserRolesAddNewMember.userRolesAddNewManager()'><b>userRolesAddNewManager</b><br>Test class: net.testcases_worktimemodule.validate_user_roles_administrationmenu.UserRolesAddNewMember<br>Parameters: chrome</td>
<td></td>
<td>33</td>
<td>net.testcases_worktimemodule.validate_user_roles_administrationmenu.UserRolesAddNewMember@b14b60a</td></tr>
<tr>
<td title='net.testcases_worktimemodule.validate_user_roles_administrationmenu.UserRolesAddNewManager.userRolesAddNewManager()'><b>userRolesAddNewManager</b><br>Test class: net.testcases_worktimemodule.validate_user_roles_administrationmenu.UserRolesAddNewManager<br>Parameters: chrome</td>
<td></td>
<td>43</td>
<td>net.testcases_worktimemodule.validate_user_roles_administrationmenu.UserRolesAddNewManager@2dd1086</td></tr>
<tr>
<td title='net.testcases_worktimemodule.validate_user_roles_administrationmenu.UserRolesModifyManagerEditUserWidget.userRolesModifyManagerEditUserWidget()'><b>userRolesModifyManagerEditUserWidget</b><br>Test class: net.testcases_worktimemodule.validate_user_roles_administrationmenu.UserRolesModifyManagerEditUserWidget<br>Parameters: chrome</td>
<td></td>
<td>40</td>
<td>net.testcases_worktimemodule.validate_user_roles_administrationmenu.UserRolesModifyManagerEditUserWidget@6274f21c</td></tr>
<tr>
<td title='net.testcases_worktimemodule.validate_user_roles_administrationmenu.UserRolesModifyManagerExportDataPermissionAllowUserToMail.userRolesModifyManagerExportDataPermissionAllowUserToMail()'><b>userRolesModifyManagerExportDataPermissionAllowUserToMail</b><br>Test class: net.testcases_worktimemodule.validate_user_roles_administrationmenu.UserRolesModifyManagerExportDataPermissionAllowUserToMail<br>Parameters: chrome</td>
<td></td>
<td>25</td>
<td>net.testcases_worktimemodule.validate_user_roles_administrationmenu.UserRolesModifyManagerExportDataPermissionAllowUserToMail@697a0948</td></tr>
<tr>
<td title='net.testcases_worktimemodule.validate_user_roles_administrationmenu.UserRolesModifyManagerEditAO.userRolesModifyManagerEditAO()'><b>userRolesModifyManagerEditAO</b><br>Test class: net.testcases_worktimemodule.validate_user_roles_administrationmenu.UserRolesModifyManagerEditAO<br>Parameters: chrome</td>
<td></td>
<td>15</td>
<td>net.testcases_worktimemodule.validate_user_roles_administrationmenu.UserRolesModifyManagerEditAO@1a7cb3a4</td></tr>
</table><p>
<table width='100%' border='1' class='invocation-skipped'>
<tr><td colspan='4' align='center'><b>SKIPPED TESTS</b></td></tr>
<tr><td><b>Test method</b></td>
<td><b>Attribute(s)</b></td>
<td width="30%"><b>Exception</b></td>
<td width="10%"><b>Time (seconds)</b></td>
<td><b>Instance</b></td>
</tr>
<tr>
<td title='net.testcases_worktimemodule.validate_user_roles_administrationmenu.UserRolesModifyManagerEditCurrentActivity.userRolesModifyManagerEditCurrentActivity()'><b>userRolesModifyManagerEditCurrentActivity</b><br>Test class: net.testcases_worktimemodule.validate_user_roles_administrationmenu.UserRolesModifyManagerEditCurrentActivity<br>Parameters: chrome</td>
<td><div><pre>org.openqa.selenium.NoSuchElementException: Cannot locate option with value: 230
For documentation on this error, please visit: https://www.selenium.dev/documentation/webdriver/troubleshooting/errors#no-such-element-exception
Build info: version: &apos;4.13.0&apos;, revision: &apos;ba948ece5b*&apos;
System info: os.name: &apos;Windows 10&apos;, os.arch: &apos;amd64&apos;, os.version: &apos;10.0&apos;, java.version: &apos;11.0.21&apos;
Driver info: driver.version: unknown
	at org.openqa.selenium.support.ui.Select.findOptionsByValue(Select.java:289)
	at org.openqa.selenium.support.ui.Select.selectByValue(Select.java:194)
	at net.pages_worktimemodule.UserRolePage.selectCurrentActivity(UserRolePage.java:415)
	at net.testcases_worktimemodule.validate_user_roles_administrationmenu.UserRolesModifyManagerEditCurrentActivity.userRolesModifyManagerEditCurrentActivity(UserRolesModifyManagerEditCurrentActivity.java:60)
	at java.base/java.util.ArrayList.forEach(ArrayList.java:1541)
... Removed 28 stack frames</pre></div><a href='#' onClick='toggleBox("stack-trace1088355535", this, "Click to show all stack frames", "Click to hide stack frames")'>Click to show all stack frames</a>
<div class='stack-trace' id='stack-trace1088355535'><pre>org.openqa.selenium.NoSuchElementException: Cannot locate option with value: 230
For documentation on this error, please visit: https://www.selenium.dev/documentation/webdriver/troubleshooting/errors#no-such-element-exception
Build info: version: &apos;4.13.0&apos;, revision: &apos;ba948ece5b*&apos;
System info: os.name: &apos;Windows 10&apos;, os.arch: &apos;amd64&apos;, os.version: &apos;10.0&apos;, java.version: &apos;11.0.21&apos;
Driver info: driver.version: unknown
	at org.openqa.selenium.support.ui.Select.findOptionsByValue(Select.java:289)
	at org.openqa.selenium.support.ui.Select.selectByValue(Select.java:194)
	at net.pages_worktimemodule.UserRolePage.selectCurrentActivity(UserRolePage.java:415)
	at net.testcases_worktimemodule.validate_user_roles_administrationmenu.UserRolesModifyManagerEditCurrentActivity.userRolesModifyManagerEditCurrentActivity(UserRolesModifyManagerEditCurrentActivity.java:60)
	at java.base/jdk.internal.reflect.NativeMethodAccessorImpl.invoke0(Native Method)
	at java.base/jdk.internal.reflect.NativeMethodAccessorImpl.invoke(NativeMethodAccessorImpl.java:62)
	at java.base/jdk.internal.reflect.DelegatingMethodAccessorImpl.invoke(DelegatingMethodAccessorImpl.java:43)
	at java.base/java.lang.reflect.Method.invoke(Method.java:566)
	at org.testng.internal.invokers.MethodInvocationHelper.invokeMethod(MethodInvocationHelper.java:139)
	at org.testng.internal.invokers.TestInvoker.invokeMethod(TestInvoker.java:677)
	at org.testng.internal.invokers.TestInvoker.retryFailed(TestInvoker.java:263)
	at org.testng.internal.invokers.MethodRunner.runInSequence(MethodRunner.java:62)
	at org.testng.internal.invokers.TestInvoker$MethodInvocationAgent.invoke(TestInvoker.java:962)
	at org.testng.internal.invokers.TestInvoker.invokeTestMethods(TestInvoker.java:194)
	at org.testng.internal.invokers.TestMethodWorker.invokeTestMethods(TestMethodWorker.java:148)
	at org.testng.internal.invokers.TestMethodWorker.run(TestMethodWorker.java:128)
	at java.base/java.util.ArrayList.forEach(ArrayList.java:1541)
	at org.testng.TestRunner.privateRun(TestRunner.java:806)
	at org.testng.TestRunner.run(TestRunner.java:601)
	at org.testng.SuiteRunner.runTest(SuiteRunner.java:433)
	at org.testng.SuiteRunner.runSequentially(SuiteRunner.java:427)
	at org.testng.SuiteRunner.privateRun(SuiteRunner.java:387)
	at org.testng.SuiteRunner.run(SuiteRunner.java:330)
	at org.testng.SuiteRunnerWorker.runSuite(SuiteRunnerWorker.java:52)
	at org.testng.SuiteRunnerWorker.run(SuiteRunnerWorker.java:95)
	at org.testng.TestNG.runSuitesSequentially(TestNG.java:1256)
	at org.testng.TestNG.runSuitesSequentially(TestNG.java:1251)
	at org.testng.TestNG.runSuitesLocally(TestNG.java:1176)
	at org.testng.TestNG.runSuites(TestNG.java:1099)
	at org.testng.TestNG.run(TestNG.java:1067)
	at org.testng.remote.AbstractRemoteTestNG.run(AbstractRemoteTestNG.java:115)
	at org.testng.remote.RemoteTestNG.initAndRun(RemoteTestNG.java:251)
	at org.testng.remote.RemoteTestNG.main(RemoteTestNG.java:77)
</pre></div></td>
<td>23</td>
<td>net.testcases_worktimemodule.validate_user_roles_administrationmenu.UserRolesModifyManagerEditCurrentActivity@237add</td></tr>
<tr>
<td title='net.testcases_worktimemodule.validate_user_roles_administrationmenu.UserRolesModifyManagerEditCustomReports.userRolesModifyManagerEditCustomReports()'><b>userRolesModifyManagerEditCustomReports</b><br>Test class: net.testcases_worktimemodule.validate_user_roles_administrationmenu.UserRolesModifyManagerEditCustomReports<br>Parameters: chrome</td>
<td><div><pre>org.openqa.selenium.NoSuchElementException: Cannot locate option with value: 167
For documentation on this error, please visit: https://www.selenium.dev/documentation/webdriver/troubleshooting/errors#no-such-element-exception
Build info: version: &apos;4.13.0&apos;, revision: &apos;ba948ece5b*&apos;
System info: os.name: &apos;Windows 10&apos;, os.arch: &apos;amd64&apos;, os.version: &apos;10.0&apos;, java.version: &apos;11.0.21&apos;
Driver info: driver.version: unknown
	at org.openqa.selenium.support.ui.Select.findOptionsByValue(Select.java:289)
	at org.openqa.selenium.support.ui.Select.selectByValue(Select.java:194)
	at net.pages_worktimemodule.UserRolePage.selectCustomReports(UserRolePage.java:422)
	at net.testcases_worktimemodule.validate_user_roles_administrationmenu.UserRolesModifyManagerEditCustomReports.userRolesModifyManagerEditCustomReports(UserRolesModifyManagerEditCustomReports.java:60)
	at java.base/java.util.ArrayList.forEach(ArrayList.java:1541)
... Removed 28 stack frames</pre></div><a href='#' onClick='toggleBox("stack-trace968759133", this, "Click to show all stack frames", "Click to hide stack frames")'>Click to show all stack frames</a>
<div class='stack-trace' id='stack-trace968759133'><pre>org.openqa.selenium.NoSuchElementException: Cannot locate option with value: 167
For documentation on this error, please visit: https://www.selenium.dev/documentation/webdriver/troubleshooting/errors#no-such-element-exception
Build info: version: &apos;4.13.0&apos;, revision: &apos;ba948ece5b*&apos;
System info: os.name: &apos;Windows 10&apos;, os.arch: &apos;amd64&apos;, os.version: &apos;10.0&apos;, java.version: &apos;11.0.21&apos;
Driver info: driver.version: unknown
	at org.openqa.selenium.support.ui.Select.findOptionsByValue(Select.java:289)
	at org.openqa.selenium.support.ui.Select.selectByValue(Select.java:194)
	at net.pages_worktimemodule.UserRolePage.selectCustomReports(UserRolePage.java:422)
	at net.testcases_worktimemodule.validate_user_roles_administrationmenu.UserRolesModifyManagerEditCustomReports.userRolesModifyManagerEditCustomReports(UserRolesModifyManagerEditCustomReports.java:60)
	at java.base/jdk.internal.reflect.NativeMethodAccessorImpl.invoke0(Native Method)
	at java.base/jdk.internal.reflect.NativeMethodAccessorImpl.invoke(NativeMethodAccessorImpl.java:62)
	at java.base/jdk.internal.reflect.DelegatingMethodAccessorImpl.invoke(DelegatingMethodAccessorImpl.java:43)
	at java.base/java.lang.reflect.Method.invoke(Method.java:566)
	at org.testng.internal.invokers.MethodInvocationHelper.invokeMethod(MethodInvocationHelper.java:139)
	at org.testng.internal.invokers.TestInvoker.invokeMethod(TestInvoker.java:677)
	at org.testng.internal.invokers.TestInvoker.invokeTestMethod(TestInvoker.java:221)
	at org.testng.internal.invokers.MethodRunner.runInSequence(MethodRunner.java:50)
	at org.testng.internal.invokers.TestInvoker$MethodInvocationAgent.invoke(TestInvoker.java:962)
	at org.testng.internal.invokers.TestInvoker.invokeTestMethods(TestInvoker.java:194)
	at org.testng.internal.invokers.TestMethodWorker.invokeTestMethods(TestMethodWorker.java:148)
	at org.testng.internal.invokers.TestMethodWorker.run(TestMethodWorker.java:128)
	at java.base/java.util.ArrayList.forEach(ArrayList.java:1541)
	at org.testng.TestRunner.privateRun(TestRunner.java:806)
	at org.testng.TestRunner.run(TestRunner.java:601)
	at org.testng.SuiteRunner.runTest(SuiteRunner.java:433)
	at org.testng.SuiteRunner.runSequentially(SuiteRunner.java:427)
	at org.testng.SuiteRunner.privateRun(SuiteRunner.java:387)
	at org.testng.SuiteRunner.run(SuiteRunner.java:330)
	at org.testng.SuiteRunnerWorker.runSuite(SuiteRunnerWorker.java:52)
	at org.testng.SuiteRunnerWorker.run(SuiteRunnerWorker.java:95)
	at org.testng.TestNG.runSuitesSequentially(TestNG.java:1256)
	at org.testng.TestNG.runSuitesSequentially(TestNG.java:1251)
	at org.testng.TestNG.runSuitesLocally(TestNG.java:1176)
	at org.testng.TestNG.runSuites(TestNG.java:1099)
	at org.testng.TestNG.run(TestNG.java:1067)
	at org.testng.remote.AbstractRemoteTestNG.run(AbstractRemoteTestNG.java:115)
	at org.testng.remote.RemoteTestNG.initAndRun(RemoteTestNG.java:251)
	at org.testng.remote.RemoteTestNG.main(RemoteTestNG.java:77)
</pre></div></td>
<td>22</td>
<td>net.testcases_worktimemodule.validate_user_roles_administrationmenu.UserRolesModifyManagerEditCustomReports@491cafec</td></tr>
<tr>
<td title='net.testcases_worktimemodule.validate_user_roles_administrationmenu.UserRolesModifyManagerEditCurrentActivity.userRolesModifyManagerEditCurrentActivity()'><b>userRolesModifyManagerEditCurrentActivity</b><br>Test class: net.testcases_worktimemodule.validate_user_roles_administrationmenu.UserRolesModifyManagerEditCurrentActivity<br>Parameters: chrome</td>
<td><div><pre>org.openqa.selenium.NoSuchElementException: Cannot locate option with value: 230
For documentation on this error, please visit: https://www.selenium.dev/documentation/webdriver/troubleshooting/errors#no-such-element-exception
Build info: version: &apos;4.13.0&apos;, revision: &apos;ba948ece5b*&apos;
System info: os.name: &apos;Windows 10&apos;, os.arch: &apos;amd64&apos;, os.version: &apos;10.0&apos;, java.version: &apos;11.0.21&apos;
Driver info: driver.version: unknown
	at org.openqa.selenium.support.ui.Select.findOptionsByValue(Select.java:289)
	at org.openqa.selenium.support.ui.Select.selectByValue(Select.java:194)
	at net.pages_worktimemodule.UserRolePage.selectCurrentActivity(UserRolePage.java:415)
	at net.testcases_worktimemodule.validate_user_roles_administrationmenu.UserRolesModifyManagerEditCurrentActivity.userRolesModifyManagerEditCurrentActivity(UserRolesModifyManagerEditCurrentActivity.java:60)
	at java.base/java.util.ArrayList.forEach(ArrayList.java:1541)
... Removed 28 stack frames</pre></div><a href='#' onClick='toggleBox("stack-trace566145915", this, "Click to show all stack frames", "Click to hide stack frames")'>Click to show all stack frames</a>
<div class='stack-trace' id='stack-trace566145915'><pre>org.openqa.selenium.NoSuchElementException: Cannot locate option with value: 230
For documentation on this error, please visit: https://www.selenium.dev/documentation/webdriver/troubleshooting/errors#no-such-element-exception
Build info: version: &apos;4.13.0&apos;, revision: &apos;ba948ece5b*&apos;
System info: os.name: &apos;Windows 10&apos;, os.arch: &apos;amd64&apos;, os.version: &apos;10.0&apos;, java.version: &apos;11.0.21&apos;
Driver info: driver.version: unknown
	at org.openqa.selenium.support.ui.Select.findOptionsByValue(Select.java:289)
	at org.openqa.selenium.support.ui.Select.selectByValue(Select.java:194)
	at net.pages_worktimemodule.UserRolePage.selectCurrentActivity(UserRolePage.java:415)
	at net.testcases_worktimemodule.validate_user_roles_administrationmenu.UserRolesModifyManagerEditCurrentActivity.userRolesModifyManagerEditCurrentActivity(UserRolesModifyManagerEditCurrentActivity.java:60)
	at java.base/jdk.internal.reflect.NativeMethodAccessorImpl.invoke0(Native Method)
	at java.base/jdk.internal.reflect.NativeMethodAccessorImpl.invoke(NativeMethodAccessorImpl.java:62)
	at java.base/jdk.internal.reflect.DelegatingMethodAccessorImpl.invoke(DelegatingMethodAccessorImpl.java:43)
	at java.base/java.lang.reflect.Method.invoke(Method.java:566)
	at org.testng.internal.invokers.MethodInvocationHelper.invokeMethod(MethodInvocationHelper.java:139)
	at org.testng.internal.invokers.TestInvoker.invokeMethod(TestInvoker.java:677)
	at org.testng.internal.invokers.TestInvoker.invokeTestMethod(TestInvoker.java:221)
	at org.testng.internal.invokers.MethodRunner.runInSequence(MethodRunner.java:50)
	at org.testng.internal.invokers.TestInvoker$MethodInvocationAgent.invoke(TestInvoker.java:962)
	at org.testng.internal.invokers.TestInvoker.invokeTestMethods(TestInvoker.java:194)
	at org.testng.internal.invokers.TestMethodWorker.invokeTestMethods(TestMethodWorker.java:148)
	at org.testng.internal.invokers.TestMethodWorker.run(TestMethodWorker.java:128)
	at java.base/java.util.ArrayList.forEach(ArrayList.java:1541)
	at org.testng.TestRunner.privateRun(TestRunner.java:806)
	at org.testng.TestRunner.run(TestRunner.java:601)
	at org.testng.SuiteRunner.runTest(SuiteRunner.java:433)
	at org.testng.SuiteRunner.runSequentially(SuiteRunner.java:427)
	at org.testng.SuiteRunner.privateRun(SuiteRunner.java:387)
	at org.testng.SuiteRunner.run(SuiteRunner.java:330)
	at org.testng.SuiteRunnerWorker.runSuite(SuiteRunnerWorker.java:52)
	at org.testng.SuiteRunnerWorker.run(SuiteRunnerWorker.java:95)
	at org.testng.TestNG.runSuitesSequentially(TestNG.java:1256)
	at org.testng.TestNG.runSuitesSequentially(TestNG.java:1251)
	at org.testng.TestNG.runSuitesLocally(TestNG.java:1176)
	at org.testng.TestNG.runSuites(TestNG.java:1099)
	at org.testng.TestNG.run(TestNG.java:1067)
	at org.testng.remote.AbstractRemoteTestNG.run(AbstractRemoteTestNG.java:115)
	at org.testng.remote.RemoteTestNG.initAndRun(RemoteTestNG.java:251)
	at org.testng.remote.RemoteTestNG.main(RemoteTestNG.java:77)
</pre></div></td>
<td>21</td>
<td>net.testcases_worktimemodule.validate_user_roles_administrationmenu.UserRolesModifyManagerEditCurrentActivity@237add</td></tr>
<tr>
<td title='net.testcases_worktimemodule.validate_user_roles_administrationmenu.UserRolesModifyManagerEditTimeSheet.userRolesModifyManagerEditTimeSheet()'><b>userRolesModifyManagerEditTimeSheet</b><br>Test class: net.testcases_worktimemodule.validate_user_roles_administrationmenu.UserRolesModifyManagerEditTimeSheet<br>Parameters: chrome</td>
<td><div><pre>org.openqa.selenium.NoSuchElementException: Cannot locate option with value: 93
For documentation on this error, please visit: https://www.selenium.dev/documentation/webdriver/troubleshooting/errors#no-such-element-exception
Build info: version: &apos;4.13.0&apos;, revision: &apos;ba948ece5b*&apos;
System info: os.name: &apos;Windows 10&apos;, os.arch: &apos;amd64&apos;, os.version: &apos;10.0&apos;, java.version: &apos;11.0.21&apos;
Driver info: driver.version: unknown
	at org.openqa.selenium.support.ui.Select.findOptionsByValue(Select.java:289)
	at org.openqa.selenium.support.ui.Select.selectByValue(Select.java:194)
	at net.pages_worktimemodule.UserRolePage.selectTimeSheet(UserRolePage.java:408)
	at net.testcases_worktimemodule.validate_user_roles_administrationmenu.UserRolesModifyManagerEditTimeSheet.userRolesModifyManagerEditTimeSheet(UserRolesModifyManagerEditTimeSheet.java:60)
	at java.base/java.util.ArrayList.forEach(ArrayList.java:1541)
... Removed 28 stack frames</pre></div><a href='#' onClick='toggleBox("stack-trace2131826839", this, "Click to show all stack frames", "Click to hide stack frames")'>Click to show all stack frames</a>
<div class='stack-trace' id='stack-trace2131826839'><pre>org.openqa.selenium.NoSuchElementException: Cannot locate option with value: 93
For documentation on this error, please visit: https://www.selenium.dev/documentation/webdriver/troubleshooting/errors#no-such-element-exception
Build info: version: &apos;4.13.0&apos;, revision: &apos;ba948ece5b*&apos;
System info: os.name: &apos;Windows 10&apos;, os.arch: &apos;amd64&apos;, os.version: &apos;10.0&apos;, java.version: &apos;11.0.21&apos;
Driver info: driver.version: unknown
	at org.openqa.selenium.support.ui.Select.findOptionsByValue(Select.java:289)
	at org.openqa.selenium.support.ui.Select.selectByValue(Select.java:194)
	at net.pages_worktimemodule.UserRolePage.selectTimeSheet(UserRolePage.java:408)
	at net.testcases_worktimemodule.validate_user_roles_administrationmenu.UserRolesModifyManagerEditTimeSheet.userRolesModifyManagerEditTimeSheet(UserRolesModifyManagerEditTimeSheet.java:60)
	at java.base/jdk.internal.reflect.NativeMethodAccessorImpl.invoke0(Native Method)
	at java.base/jdk.internal.reflect.NativeMethodAccessorImpl.invoke(NativeMethodAccessorImpl.java:62)
	at java.base/jdk.internal.reflect.DelegatingMethodAccessorImpl.invoke(DelegatingMethodAccessorImpl.java:43)
	at java.base/java.lang.reflect.Method.invoke(Method.java:566)
	at org.testng.internal.invokers.MethodInvocationHelper.invokeMethod(MethodInvocationHelper.java:139)
	at org.testng.internal.invokers.TestInvoker.invokeMethod(TestInvoker.java:677)
	at org.testng.internal.invokers.TestInvoker.retryFailed(TestInvoker.java:263)
	at org.testng.internal.invokers.MethodRunner.runInSequence(MethodRunner.java:62)
	at org.testng.internal.invokers.TestInvoker$MethodInvocationAgent.invoke(TestInvoker.java:962)
	at org.testng.internal.invokers.TestInvoker.invokeTestMethods(TestInvoker.java:194)
	at org.testng.internal.invokers.TestMethodWorker.invokeTestMethods(TestMethodWorker.java:148)
	at org.testng.internal.invokers.TestMethodWorker.run(TestMethodWorker.java:128)
	at java.base/java.util.ArrayList.forEach(ArrayList.java:1541)
	at org.testng.TestRunner.privateRun(TestRunner.java:806)
	at org.testng.TestRunner.run(TestRunner.java:601)
	at org.testng.SuiteRunner.runTest(SuiteRunner.java:433)
	at org.testng.SuiteRunner.runSequentially(SuiteRunner.java:427)
	at org.testng.SuiteRunner.privateRun(SuiteRunner.java:387)
	at org.testng.SuiteRunner.run(SuiteRunner.java:330)
	at org.testng.SuiteRunnerWorker.runSuite(SuiteRunnerWorker.java:52)
	at org.testng.SuiteRunnerWorker.run(SuiteRunnerWorker.java:95)
	at org.testng.TestNG.runSuitesSequentially(TestNG.java:1256)
	at org.testng.TestNG.runSuitesSequentially(TestNG.java:1251)
	at org.testng.TestNG.runSuitesLocally(TestNG.java:1176)
	at org.testng.TestNG.runSuites(TestNG.java:1099)
	at org.testng.TestNG.run(TestNG.java:1067)
	at org.testng.remote.AbstractRemoteTestNG.run(AbstractRemoteTestNG.java:115)
	at org.testng.remote.RemoteTestNG.initAndRun(RemoteTestNG.java:251)
	at org.testng.remote.RemoteTestNG.main(RemoteTestNG.java:77)
</pre></div></td>
<td>22</td>
<td>net.testcases_worktimemodule.validate_user_roles_administrationmenu.UserRolesModifyManagerEditTimeSheet@35cec305</td></tr>
<tr>
<td title='net.testcases_worktimemodule.validate_user_roles_administrationmenu.UserRolesModifyManagerEditWorkLOadForGRoup.userRolesModifyManagerEditWorkLOadForGRoup()'><b>userRolesModifyManagerEditWorkLOadForGRoup</b><br>Test class: net.testcases_worktimemodule.validate_user_roles_administrationmenu.UserRolesModifyManagerEditWorkLOadForGRoup<br>Parameters: chrome</td>
<td><div><pre>org.openqa.selenium.ElementClickInterceptedException: element click intercepted: Element &lt;iframe id=&quot;contentFrame&quot; name=&quot;contentFrame&quot; frameborder=&quot;0&quot; src=&quot;/prohance/UserRole.htm?menuItemId=131&quot; style=&quot;height: 529px;&quot; cd_frame_id_=&quot;bc72ef897ff4a2da45c13cabf2d6c6ec&quot;&gt;&lt;/iframe&gt; is not clickable at point (131, 206). Other element would receive the click: &lt;div class=&quot;modal-backdrop fade modal-stack&quot; style=&quot;z-index: 1039;&quot;&gt;&lt;/div&gt;
  (Session info: chrome=118.0.5993.118)
Build info: version: &apos;4.13.0&apos;, revision: &apos;ba948ece5b*&apos;
System info: os.name: &apos;Windows 10&apos;, os.arch: &apos;amd64&apos;, os.version: &apos;10.0&apos;, java.version: &apos;11.0.21&apos;
Driver info: org.openqa.selenium.chrome.ChromeDriver
Command: [cdb881b83be07a828fff6e51941de0c8, clickElement {id=28208D55DA8C2FC2880DC35119EC5203_element_3148}]
Capabilities {acceptInsecureCerts: false, browserName: chrome, browserVersion: 118.0.5993.118, chrome: {chromedriverVersion: 118.0.5993.70 (e52f33f30b91..., userDataDir: C:\Users\pavana.c\AppData\L...}, fedcm:accounts: true, goog:chromeOptions: {debuggerAddress: localhost:64042}, networkConnectionEnabled: false, pageLoadStrategy: normal, platformName: windows, proxy: Proxy(), se:cdp: ws://localhost:64042/devtoo..., se:cdpVersion: 118.0.5993.118, setWindowRect: true, strictFileInteractability: false, timeouts: {implicit: 0, pageLoad: 300000, script: 30000}, unhandledPromptBehavior: dismiss and notify, webauthn:extension:credBlob: true, webauthn:extension:largeBlob: true, webauthn:extension:minPinLength: true, webauthn:extension:prf: true, webauthn:virtualAuthenticators: true}
Element: [[ChromeDriver: chrome on windows (cdb881b83be07a828fff6e51941de0c8)] -&gt; xpath: //i[@title=&apos;Modify&apos;]]
Session ID: cdb881b83be07a828fff6e51941de0c8
	at org.openqa.selenium.remote.codec.w3c.W3CHttpResponseCodec.createException(W3CHttpResponseCodec.java:200)
	at org.openqa.selenium.remote.codec.w3c.W3CHttpResponseCodec.decode(W3CHttpResponseCodec.java:133)
	at org.openqa.selenium.remote.codec.w3c.W3CHttpResponseCodec.decode(W3CHttpResponseCodec.java:52)
	at org.openqa.selenium.remote.HttpCommandExecutor.execute(HttpCommandExecutor.java:191)
	at org.openqa.selenium.remote.service.DriverCommandExecutor.invokeExecute(DriverCommandExecutor.java:196)
	at org.openqa.selenium.remote.service.DriverCommandExecutor.execute(DriverCommandExecutor.java:171)
	at org.openqa.selenium.remote.RemoteWebDriver.execute(RemoteWebDriver.java:602)
	at org.openqa.selenium.remote.RemoteWebElement.execute(RemoteWebElement.java:224)
	at org.openqa.selenium.remote.RemoteWebElement.click(RemoteWebElement.java:77)
	at org.openqa.selenium.support.pagefactory.internal.LocatingElementHandler.invoke(LocatingElementHandler.java:51)
	at com.sun.proxy.$Proxy14.click(Unknown Source)
	at net.pages_worktimemodule.UserRolePage.clickModifyBtn(UserRolePage.java:198)
	at net.testcases_worktimemodule.validate_user_roles_administrationmenu.UserRolesModifyManagerEditWorkLOadForGRoup.userRolesModifyManagerEditWorkLOadForGRoup(UserRolesModifyManagerEditWorkLOadForGRoup.java:53)
	at java.base/java.util.ArrayList.forEach(ArrayList.java:1541)
... Removed 35 stack frames</pre></div><a href='#' onClick='toggleBox("stack-trace1046335307", this, "Click to show all stack frames", "Click to hide stack frames")'>Click to show all stack frames</a>
<div class='stack-trace' id='stack-trace1046335307'><pre>org.openqa.selenium.ElementClickInterceptedException: element click intercepted: Element &lt;iframe id=&quot;contentFrame&quot; name=&quot;contentFrame&quot; frameborder=&quot;0&quot; src=&quot;/prohance/UserRole.htm?menuItemId=131&quot; style=&quot;height: 529px;&quot; cd_frame_id_=&quot;bc72ef897ff4a2da45c13cabf2d6c6ec&quot;&gt;&lt;/iframe&gt; is not clickable at point (131, 206). Other element would receive the click: &lt;div class=&quot;modal-backdrop fade modal-stack&quot; style=&quot;z-index: 1039;&quot;&gt;&lt;/div&gt;
  (Session info: chrome=118.0.5993.118)
Build info: version: &apos;4.13.0&apos;, revision: &apos;ba948ece5b*&apos;
System info: os.name: &apos;Windows 10&apos;, os.arch: &apos;amd64&apos;, os.version: &apos;10.0&apos;, java.version: &apos;11.0.21&apos;
Driver info: org.openqa.selenium.chrome.ChromeDriver
Command: [cdb881b83be07a828fff6e51941de0c8, clickElement {id=28208D55DA8C2FC2880DC35119EC5203_element_3148}]
Capabilities {acceptInsecureCerts: false, browserName: chrome, browserVersion: 118.0.5993.118, chrome: {chromedriverVersion: 118.0.5993.70 (e52f33f30b91..., userDataDir: C:\Users\pavana.c\AppData\L...}, fedcm:accounts: true, goog:chromeOptions: {debuggerAddress: localhost:64042}, networkConnectionEnabled: false, pageLoadStrategy: normal, platformName: windows, proxy: Proxy(), se:cdp: ws://localhost:64042/devtoo..., se:cdpVersion: 118.0.5993.118, setWindowRect: true, strictFileInteractability: false, timeouts: {implicit: 0, pageLoad: 300000, script: 30000}, unhandledPromptBehavior: dismiss and notify, webauthn:extension:credBlob: true, webauthn:extension:largeBlob: true, webauthn:extension:minPinLength: true, webauthn:extension:prf: true, webauthn:virtualAuthenticators: true}
Element: [[ChromeDriver: chrome on windows (cdb881b83be07a828fff6e51941de0c8)] -&gt; xpath: //i[@title=&apos;Modify&apos;]]
Session ID: cdb881b83be07a828fff6e51941de0c8
	at java.base/jdk.internal.reflect.NativeConstructorAccessorImpl.newInstance0(Native Method)
	at java.base/jdk.internal.reflect.NativeConstructorAccessorImpl.newInstance(NativeConstructorAccessorImpl.java:62)
	at java.base/jdk.internal.reflect.DelegatingConstructorAccessorImpl.newInstance(DelegatingConstructorAccessorImpl.java:45)
	at java.base/java.lang.reflect.Constructor.newInstance(Constructor.java:490)
	at org.openqa.selenium.remote.codec.w3c.W3CHttpResponseCodec.createException(W3CHttpResponseCodec.java:200)
	at org.openqa.selenium.remote.codec.w3c.W3CHttpResponseCodec.decode(W3CHttpResponseCodec.java:133)
	at org.openqa.selenium.remote.codec.w3c.W3CHttpResponseCodec.decode(W3CHttpResponseCodec.java:52)
	at org.openqa.selenium.remote.HttpCommandExecutor.execute(HttpCommandExecutor.java:191)
	at org.openqa.selenium.remote.service.DriverCommandExecutor.invokeExecute(DriverCommandExecutor.java:196)
	at org.openqa.selenium.remote.service.DriverCommandExecutor.execute(DriverCommandExecutor.java:171)
	at org.openqa.selenium.remote.RemoteWebDriver.execute(RemoteWebDriver.java:602)
	at org.openqa.selenium.remote.RemoteWebElement.execute(RemoteWebElement.java:224)
	at org.openqa.selenium.remote.RemoteWebElement.click(RemoteWebElement.java:77)
	at jdk.internal.reflect.GeneratedMethodAccessor13.invoke(Unknown Source)
	at java.base/jdk.internal.reflect.DelegatingMethodAccessorImpl.invoke(DelegatingMethodAccessorImpl.java:43)
	at java.base/java.lang.reflect.Method.invoke(Method.java:566)
	at org.openqa.selenium.support.pagefactory.internal.LocatingElementHandler.invoke(LocatingElementHandler.java:51)
	at com.sun.proxy.$Proxy14.click(Unknown Source)
	at net.pages_worktimemodule.UserRolePage.clickModifyBtn(UserRolePage.java:198)
	at net.testcases_worktimemodule.validate_user_roles_administrationmenu.UserRolesModifyManagerEditWorkLOadForGRoup.userRolesModifyManagerEditWorkLOadForGRoup(UserRolesModifyManagerEditWorkLOadForGRoup.java:53)
	at java.base/jdk.internal.reflect.NativeMethodAccessorImpl.invoke0(Native Method)
	at java.base/jdk.internal.reflect.NativeMethodAccessorImpl.invoke(NativeMethodAccessorImpl.java:62)
	at java.base/jdk.internal.reflect.DelegatingMethodAccessorImpl.invoke(DelegatingMethodAccessorImpl.java:43)
	at java.base/java.lang.reflect.Method.invoke(Method.java:566)
	at org.testng.internal.invokers.MethodInvocationHelper.invokeMethod(MethodInvocationHelper.java:139)
	at org.testng.internal.invokers.TestInvoker.invokeMethod(TestInvoker.java:677)
	at org.testng.internal.invokers.TestInvoker.invokeTestMethod(TestInvoker.java:221)
	at org.testng.internal.invokers.MethodRunner.runInSequence(MethodRunner.java:50)
	at org.testng.internal.invokers.TestInvoker$MethodInvocationAgent.invoke(TestInvoker.java:962)
	at org.testng.internal.invokers.TestInvoker.invokeTestMethods(TestInvoker.java:194)
	at org.testng.internal.invokers.TestMethodWorker.invokeTestMethods(TestMethodWorker.java:148)
	at org.testng.internal.invokers.TestMethodWorker.run(TestMethodWorker.java:128)
	at java.base/java.util.ArrayList.forEach(ArrayList.java:1541)
	at org.testng.TestRunner.privateRun(TestRunner.java:806)
	at org.testng.TestRunner.run(TestRunner.java:601)
	at org.testng.SuiteRunner.runTest(SuiteRunner.java:433)
	at org.testng.SuiteRunner.runSequentially(SuiteRunner.java:427)
	at org.testng.SuiteRunner.privateRun(SuiteRunner.java:387)
	at org.testng.SuiteRunner.run(SuiteRunner.java:330)
	at org.testng.SuiteRunnerWorker.runSuite(SuiteRunnerWorker.java:52)
	at org.testng.SuiteRunnerWorker.run(SuiteRunnerWorker.java:95)
	at org.testng.TestNG.runSuitesSequentially(TestNG.java:1256)
	at org.testng.TestNG.runSuitesSequentially(TestNG.java:1251)
	at org.testng.TestNG.runSuitesLocally(TestNG.java:1176)
	at org.testng.TestNG.runSuites(TestNG.java:1099)
	at org.testng.TestNG.run(TestNG.java:1067)
	at org.testng.remote.AbstractRemoteTestNG.run(AbstractRemoteTestNG.java:115)
	at org.testng.remote.RemoteTestNG.initAndRun(RemoteTestNG.java:251)
	at org.testng.remote.RemoteTestNG.main(RemoteTestNG.java:77)
</pre></div></td>
<td>12</td>
<td>net.testcases_worktimemodule.validate_user_roles_administrationmenu.UserRolesModifyManagerEditWorkLOadForGRoup@54c60202</td></tr>
<tr>
<td title='net.testcases_worktimemodule.validate_user_roles_administrationmenu.UserRolesModifyManagerEditCustomReportsPublishReport.userRolesModifyManagerEditCustomReportsPublishReport()'><b>userRolesModifyManagerEditCustomReportsPublishReport</b><br>Test class: net.testcases_worktimemodule.validate_user_roles_administrationmenu.UserRolesModifyManagerEditCustomReportsPublishReport<br>Parameters: chrome</td>
<td><div><pre>org.openqa.selenium.NoSuchElementException: Cannot locate option with value: 167
For documentation on this error, please visit: https://www.selenium.dev/documentation/webdriver/troubleshooting/errors#no-such-element-exception
Build info: version: &apos;4.13.0&apos;, revision: &apos;ba948ece5b*&apos;
System info: os.name: &apos;Windows 10&apos;, os.arch: &apos;amd64&apos;, os.version: &apos;10.0&apos;, java.version: &apos;11.0.21&apos;
Driver info: driver.version: unknown
	at org.openqa.selenium.support.ui.Select.findOptionsByValue(Select.java:289)
	at org.openqa.selenium.support.ui.Select.selectByValue(Select.java:194)
	at net.pages_worktimemodule.UserRolePage.selectCustomReports(UserRolePage.java:422)
	at net.testcases_worktimemodule.validate_user_roles_administrationmenu.UserRolesModifyManagerEditCustomReportsPublishReport.userRolesModifyManagerEditCustomReportsPublishReport(UserRolesModifyManagerEditCustomReportsPublishReport.java:60)
	at java.base/java.util.ArrayList.forEach(ArrayList.java:1541)
... Removed 28 stack frames</pre></div><a href='#' onClick='toggleBox("stack-trace456808269", this, "Click to show all stack frames", "Click to hide stack frames")'>Click to show all stack frames</a>
<div class='stack-trace' id='stack-trace456808269'><pre>org.openqa.selenium.NoSuchElementException: Cannot locate option with value: 167
For documentation on this error, please visit: https://www.selenium.dev/documentation/webdriver/troubleshooting/errors#no-such-element-exception
Build info: version: &apos;4.13.0&apos;, revision: &apos;ba948ece5b*&apos;
System info: os.name: &apos;Windows 10&apos;, os.arch: &apos;amd64&apos;, os.version: &apos;10.0&apos;, java.version: &apos;11.0.21&apos;
Driver info: driver.version: unknown
	at org.openqa.selenium.support.ui.Select.findOptionsByValue(Select.java:289)
	at org.openqa.selenium.support.ui.Select.selectByValue(Select.java:194)
	at net.pages_worktimemodule.UserRolePage.selectCustomReports(UserRolePage.java:422)
	at net.testcases_worktimemodule.validate_user_roles_administrationmenu.UserRolesModifyManagerEditCustomReportsPublishReport.userRolesModifyManagerEditCustomReportsPublishReport(UserRolesModifyManagerEditCustomReportsPublishReport.java:60)
	at java.base/jdk.internal.reflect.NativeMethodAccessorImpl.invoke0(Native Method)
	at java.base/jdk.internal.reflect.NativeMethodAccessorImpl.invoke(NativeMethodAccessorImpl.java:62)
	at java.base/jdk.internal.reflect.DelegatingMethodAccessorImpl.invoke(DelegatingMethodAccessorImpl.java:43)
	at java.base/java.lang.reflect.Method.invoke(Method.java:566)
	at org.testng.internal.invokers.MethodInvocationHelper.invokeMethod(MethodInvocationHelper.java:139)
	at org.testng.internal.invokers.TestInvoker.invokeMethod(TestInvoker.java:677)
	at org.testng.internal.invokers.TestInvoker.invokeTestMethod(TestInvoker.java:221)
	at org.testng.internal.invokers.MethodRunner.runInSequence(MethodRunner.java:50)
	at org.testng.internal.invokers.TestInvoker$MethodInvocationAgent.invoke(TestInvoker.java:962)
	at org.testng.internal.invokers.TestInvoker.invokeTestMethods(TestInvoker.java:194)
	at org.testng.internal.invokers.TestMethodWorker.invokeTestMethods(TestMethodWorker.java:148)
	at org.testng.internal.invokers.TestMethodWorker.run(TestMethodWorker.java:128)
	at java.base/java.util.ArrayList.forEach(ArrayList.java:1541)
	at org.testng.TestRunner.privateRun(TestRunner.java:806)
	at org.testng.TestRunner.run(TestRunner.java:601)
	at org.testng.SuiteRunner.runTest(SuiteRunner.java:433)
	at org.testng.SuiteRunner.runSequentially(SuiteRunner.java:427)
	at org.testng.SuiteRunner.privateRun(SuiteRunner.java:387)
	at org.testng.SuiteRunner.run(SuiteRunner.java:330)
	at org.testng.SuiteRunnerWorker.runSuite(SuiteRunnerWorker.java:52)
	at org.testng.SuiteRunnerWorker.run(SuiteRunnerWorker.java:95)
	at org.testng.TestNG.runSuitesSequentially(TestNG.java:1256)
	at org.testng.TestNG.runSuitesSequentially(TestNG.java:1251)
	at org.testng.TestNG.runSuitesLocally(TestNG.java:1176)
	at org.testng.TestNG.runSuites(TestNG.java:1099)
	at org.testng.TestNG.run(TestNG.java:1067)
	at org.testng.remote.AbstractRemoteTestNG.run(AbstractRemoteTestNG.java:115)
	at org.testng.remote.RemoteTestNG.initAndRun(RemoteTestNG.java:251)
	at org.testng.remote.RemoteTestNG.main(RemoteTestNG.java:77)
</pre></div></td>
<td>21</td>
<td>net.testcases_worktimemodule.validate_user_roles_administrationmenu.UserRolesModifyManagerEditCustomReportsPublishReport@cbd40c1</td></tr>
<tr>
<td title='net.testcases_worktimemodule.validate_user_roles_administrationmenu.UserRolesModifyManagerEditWorkLOadForGRoup.userRolesModifyManagerEditWorkLOadForGRoup()'><b>userRolesModifyManagerEditWorkLOadForGRoup</b><br>Test class: net.testcases_worktimemodule.validate_user_roles_administrationmenu.UserRolesModifyManagerEditWorkLOadForGRoup<br>Parameters: chrome</td>
<td><div><pre>org.openqa.selenium.ElementClickInterceptedException: element click intercepted: Element &lt;iframe id=&quot;contentFrame&quot; name=&quot;contentFrame&quot; frameborder=&quot;0&quot; src=&quot;/prohance/UserRole.htm?menuItemId=131&quot; style=&quot;height: 529px;&quot; cd_frame_id_=&quot;7fa27a34ecc54057a3576c04cc6dad99&quot;&gt;&lt;/iframe&gt; is not clickable at point (135, 161). Other element would receive the click: &lt;div class=&quot;modal-backdrop fade modal-stack&quot; style=&quot;z-index: 1039;&quot;&gt;&lt;/div&gt;
  (Session info: chrome=118.0.5993.118)
Build info: version: &apos;4.13.0&apos;, revision: &apos;ba948ece5b*&apos;
System info: os.name: &apos;Windows 10&apos;, os.arch: &apos;amd64&apos;, os.version: &apos;10.0&apos;, java.version: &apos;11.0.21&apos;
Driver info: org.openqa.selenium.chrome.ChromeDriver
Command: [8446352acd9b4667fa3cff84700fe160, clickElement {id=95C246F16B801BE06BC59CAE38216EDD_element_3506}]
Capabilities {acceptInsecureCerts: false, browserName: chrome, browserVersion: 118.0.5993.118, chrome: {chromedriverVersion: 118.0.5993.70 (e52f33f30b91..., userDataDir: C:\Users\pavana.c\AppData\L...}, fedcm:accounts: true, goog:chromeOptions: {debuggerAddress: localhost:64067}, networkConnectionEnabled: false, pageLoadStrategy: normal, platformName: windows, proxy: Proxy(), se:cdp: ws://localhost:64067/devtoo..., se:cdpVersion: 118.0.5993.118, setWindowRect: true, strictFileInteractability: false, timeouts: {implicit: 0, pageLoad: 300000, script: 30000}, unhandledPromptBehavior: dismiss and notify, webauthn:extension:credBlob: true, webauthn:extension:largeBlob: true, webauthn:extension:minPinLength: true, webauthn:extension:prf: true, webauthn:virtualAuthenticators: true}
Element: [[ChromeDriver: chrome on windows (8446352acd9b4667fa3cff84700fe160)] -&gt; xpath: //span[contains(text(),&apos;Role Permissions&apos;)]]
Session ID: 8446352acd9b4667fa3cff84700fe160
	at org.openqa.selenium.remote.codec.w3c.W3CHttpResponseCodec.createException(W3CHttpResponseCodec.java:200)
	at org.openqa.selenium.remote.codec.w3c.W3CHttpResponseCodec.decode(W3CHttpResponseCodec.java:133)
	at org.openqa.selenium.remote.codec.w3c.W3CHttpResponseCodec.decode(W3CHttpResponseCodec.java:52)
	at org.openqa.selenium.remote.HttpCommandExecutor.execute(HttpCommandExecutor.java:191)
	at org.openqa.selenium.remote.service.DriverCommandExecutor.invokeExecute(DriverCommandExecutor.java:196)
	at org.openqa.selenium.remote.service.DriverCommandExecutor.execute(DriverCommandExecutor.java:171)
	at org.openqa.selenium.remote.RemoteWebDriver.execute(RemoteWebDriver.java:602)
	at org.openqa.selenium.remote.RemoteWebElement.execute(RemoteWebElement.java:224)
	at org.openqa.selenium.remote.RemoteWebElement.click(RemoteWebElement.java:77)
	at org.openqa.selenium.support.pagefactory.internal.LocatingElementHandler.invoke(LocatingElementHandler.java:51)
	at com.sun.proxy.$Proxy14.click(Unknown Source)
	at net.pages_worktimemodule.UserRolePage.clickUserRolePrmissionBtn(UserRolePage.java:355)
	at net.testcases_worktimemodule.validate_user_roles_administrationmenu.UserRolesModifyManagerEditWorkLOadForGRoup.userRolesModifyManagerEditWorkLOadForGRoup(UserRolesModifyManagerEditWorkLOadForGRoup.java:57)
	at java.base/java.util.ArrayList.forEach(ArrayList.java:1541)
... Removed 35 stack frames</pre></div><a href='#' onClick='toggleBox("stack-trace1151268679", this, "Click to show all stack frames", "Click to hide stack frames")'>Click to show all stack frames</a>
<div class='stack-trace' id='stack-trace1151268679'><pre>org.openqa.selenium.ElementClickInterceptedException: element click intercepted: Element &lt;iframe id=&quot;contentFrame&quot; name=&quot;contentFrame&quot; frameborder=&quot;0&quot; src=&quot;/prohance/UserRole.htm?menuItemId=131&quot; style=&quot;height: 529px;&quot; cd_frame_id_=&quot;7fa27a34ecc54057a3576c04cc6dad99&quot;&gt;&lt;/iframe&gt; is not clickable at point (135, 161). Other element would receive the click: &lt;div class=&quot;modal-backdrop fade modal-stack&quot; style=&quot;z-index: 1039;&quot;&gt;&lt;/div&gt;
  (Session info: chrome=118.0.5993.118)
Build info: version: &apos;4.13.0&apos;, revision: &apos;ba948ece5b*&apos;
System info: os.name: &apos;Windows 10&apos;, os.arch: &apos;amd64&apos;, os.version: &apos;10.0&apos;, java.version: &apos;11.0.21&apos;
Driver info: org.openqa.selenium.chrome.ChromeDriver
Command: [8446352acd9b4667fa3cff84700fe160, clickElement {id=95C246F16B801BE06BC59CAE38216EDD_element_3506}]
Capabilities {acceptInsecureCerts: false, browserName: chrome, browserVersion: 118.0.5993.118, chrome: {chromedriverVersion: 118.0.5993.70 (e52f33f30b91..., userDataDir: C:\Users\pavana.c\AppData\L...}, fedcm:accounts: true, goog:chromeOptions: {debuggerAddress: localhost:64067}, networkConnectionEnabled: false, pageLoadStrategy: normal, platformName: windows, proxy: Proxy(), se:cdp: ws://localhost:64067/devtoo..., se:cdpVersion: 118.0.5993.118, setWindowRect: true, strictFileInteractability: false, timeouts: {implicit: 0, pageLoad: 300000, script: 30000}, unhandledPromptBehavior: dismiss and notify, webauthn:extension:credBlob: true, webauthn:extension:largeBlob: true, webauthn:extension:minPinLength: true, webauthn:extension:prf: true, webauthn:virtualAuthenticators: true}
Element: [[ChromeDriver: chrome on windows (8446352acd9b4667fa3cff84700fe160)] -&gt; xpath: //span[contains(text(),&apos;Role Permissions&apos;)]]
Session ID: 8446352acd9b4667fa3cff84700fe160
	at java.base/jdk.internal.reflect.NativeConstructorAccessorImpl.newInstance0(Native Method)
	at java.base/jdk.internal.reflect.NativeConstructorAccessorImpl.newInstance(NativeConstructorAccessorImpl.java:62)
	at java.base/jdk.internal.reflect.DelegatingConstructorAccessorImpl.newInstance(DelegatingConstructorAccessorImpl.java:45)
	at java.base/java.lang.reflect.Constructor.newInstance(Constructor.java:490)
	at org.openqa.selenium.remote.codec.w3c.W3CHttpResponseCodec.createException(W3CHttpResponseCodec.java:200)
	at org.openqa.selenium.remote.codec.w3c.W3CHttpResponseCodec.decode(W3CHttpResponseCodec.java:133)
	at org.openqa.selenium.remote.codec.w3c.W3CHttpResponseCodec.decode(W3CHttpResponseCodec.java:52)
	at org.openqa.selenium.remote.HttpCommandExecutor.execute(HttpCommandExecutor.java:191)
	at org.openqa.selenium.remote.service.DriverCommandExecutor.invokeExecute(DriverCommandExecutor.java:196)
	at org.openqa.selenium.remote.service.DriverCommandExecutor.execute(DriverCommandExecutor.java:171)
	at org.openqa.selenium.remote.RemoteWebDriver.execute(RemoteWebDriver.java:602)
	at org.openqa.selenium.remote.RemoteWebElement.execute(RemoteWebElement.java:224)
	at org.openqa.selenium.remote.RemoteWebElement.click(RemoteWebElement.java:77)
	at jdk.internal.reflect.GeneratedMethodAccessor13.invoke(Unknown Source)
	at java.base/jdk.internal.reflect.DelegatingMethodAccessorImpl.invoke(DelegatingMethodAccessorImpl.java:43)
	at java.base/java.lang.reflect.Method.invoke(Method.java:566)
	at org.openqa.selenium.support.pagefactory.internal.LocatingElementHandler.invoke(LocatingElementHandler.java:51)
	at com.sun.proxy.$Proxy14.click(Unknown Source)
	at net.pages_worktimemodule.UserRolePage.clickUserRolePrmissionBtn(UserRolePage.java:355)
	at net.testcases_worktimemodule.validate_user_roles_administrationmenu.UserRolesModifyManagerEditWorkLOadForGRoup.userRolesModifyManagerEditWorkLOadForGRoup(UserRolesModifyManagerEditWorkLOadForGRoup.java:57)
	at java.base/jdk.internal.reflect.NativeMethodAccessorImpl.invoke0(Native Method)
	at java.base/jdk.internal.reflect.NativeMethodAccessorImpl.invoke(NativeMethodAccessorImpl.java:62)
	at java.base/jdk.internal.reflect.DelegatingMethodAccessorImpl.invoke(DelegatingMethodAccessorImpl.java:43)
	at java.base/java.lang.reflect.Method.invoke(Method.java:566)
	at org.testng.internal.invokers.MethodInvocationHelper.invokeMethod(MethodInvocationHelper.java:139)
	at org.testng.internal.invokers.TestInvoker.invokeMethod(TestInvoker.java:677)
	at org.testng.internal.invokers.TestInvoker.retryFailed(TestInvoker.java:263)
	at org.testng.internal.invokers.MethodRunner.runInSequence(MethodRunner.java:62)
	at org.testng.internal.invokers.TestInvoker$MethodInvocationAgent.invoke(TestInvoker.java:962)
	at org.testng.internal.invokers.TestInvoker.invokeTestMethods(TestInvoker.java:194)
	at org.testng.internal.invokers.TestMethodWorker.invokeTestMethods(TestMethodWorker.java:148)
	at org.testng.internal.invokers.TestMethodWorker.run(TestMethodWorker.java:128)
	at java.base/java.util.ArrayList.forEach(ArrayList.java:1541)
	at org.testng.TestRunner.privateRun(TestRunner.java:806)
	at org.testng.TestRunner.run(TestRunner.java:601)
	at org.testng.SuiteRunner.runTest(SuiteRunner.java:433)
	at org.testng.SuiteRunner.runSequentially(SuiteRunner.java:427)
	at org.testng.SuiteRunner.privateRun(SuiteRunner.java:387)
	at org.testng.SuiteRunner.run(SuiteRunner.java:330)
	at org.testng.SuiteRunnerWorker.runSuite(SuiteRunnerWorker.java:52)
	at org.testng.SuiteRunnerWorker.run(SuiteRunnerWorker.java:95)
	at org.testng.TestNG.runSuitesSequentially(TestNG.java:1256)
	at org.testng.TestNG.runSuitesSequentially(TestNG.java:1251)
	at org.testng.TestNG.runSuitesLocally(TestNG.java:1176)
	at org.testng.TestNG.runSuites(TestNG.java:1099)
	at org.testng.TestNG.run(TestNG.java:1067)
	at org.testng.remote.AbstractRemoteTestNG.run(AbstractRemoteTestNG.java:115)
	at org.testng.remote.RemoteTestNG.initAndRun(RemoteTestNG.java:251)
	at org.testng.remote.RemoteTestNG.main(RemoteTestNG.java:77)
</pre></div></td>
<td>13</td>
<td>net.testcases_worktimemodule.validate_user_roles_administrationmenu.UserRolesModifyManagerEditWorkLOadForGRoup@54c60202</td></tr>
<tr>
<td title='net.testcases_worktimemodule.validate_user_roles_administrationmenu.UserRolesModifyManagerEditTimeSheet.userRolesModifyManagerEditTimeSheet()'><b>userRolesModifyManagerEditTimeSheet</b><br>Test class: net.testcases_worktimemodule.validate_user_roles_administrationmenu.UserRolesModifyManagerEditTimeSheet<br>Parameters: chrome</td>
<td><div><pre>org.openqa.selenium.NoSuchElementException: Cannot locate option with value: 93
For documentation on this error, please visit: https://www.selenium.dev/documentation/webdriver/troubleshooting/errors#no-such-element-exception
Build info: version: &apos;4.13.0&apos;, revision: &apos;ba948ece5b*&apos;
System info: os.name: &apos;Windows 10&apos;, os.arch: &apos;amd64&apos;, os.version: &apos;10.0&apos;, java.version: &apos;11.0.21&apos;
Driver info: driver.version: unknown
	at org.openqa.selenium.support.ui.Select.findOptionsByValue(Select.java:289)
	at org.openqa.selenium.support.ui.Select.selectByValue(Select.java:194)
	at net.pages_worktimemodule.UserRolePage.selectTimeSheet(UserRolePage.java:408)
	at net.testcases_worktimemodule.validate_user_roles_administrationmenu.UserRolesModifyManagerEditTimeSheet.userRolesModifyManagerEditTimeSheet(UserRolesModifyManagerEditTimeSheet.java:60)
	at java.base/java.util.ArrayList.forEach(ArrayList.java:1541)
... Removed 28 stack frames</pre></div><a href='#' onClick='toggleBox("stack-trace648546771", this, "Click to show all stack frames", "Click to hide stack frames")'>Click to show all stack frames</a>
<div class='stack-trace' id='stack-trace648546771'><pre>org.openqa.selenium.NoSuchElementException: Cannot locate option with value: 93
For documentation on this error, please visit: https://www.selenium.dev/documentation/webdriver/troubleshooting/errors#no-such-element-exception
Build info: version: &apos;4.13.0&apos;, revision: &apos;ba948ece5b*&apos;
System info: os.name: &apos;Windows 10&apos;, os.arch: &apos;amd64&apos;, os.version: &apos;10.0&apos;, java.version: &apos;11.0.21&apos;
Driver info: driver.version: unknown
	at org.openqa.selenium.support.ui.Select.findOptionsByValue(Select.java:289)
	at org.openqa.selenium.support.ui.Select.selectByValue(Select.java:194)
	at net.pages_worktimemodule.UserRolePage.selectTimeSheet(UserRolePage.java:408)
	at net.testcases_worktimemodule.validate_user_roles_administrationmenu.UserRolesModifyManagerEditTimeSheet.userRolesModifyManagerEditTimeSheet(UserRolesModifyManagerEditTimeSheet.java:60)
	at java.base/jdk.internal.reflect.NativeMethodAccessorImpl.invoke0(Native Method)
	at java.base/jdk.internal.reflect.NativeMethodAccessorImpl.invoke(NativeMethodAccessorImpl.java:62)
	at java.base/jdk.internal.reflect.DelegatingMethodAccessorImpl.invoke(DelegatingMethodAccessorImpl.java:43)
	at java.base/java.lang.reflect.Method.invoke(Method.java:566)
	at org.testng.internal.invokers.MethodInvocationHelper.invokeMethod(MethodInvocationHelper.java:139)
	at org.testng.internal.invokers.TestInvoker.invokeMethod(TestInvoker.java:677)
	at org.testng.internal.invokers.TestInvoker.invokeTestMethod(TestInvoker.java:221)
	at org.testng.internal.invokers.MethodRunner.runInSequence(MethodRunner.java:50)
	at org.testng.internal.invokers.TestInvoker$MethodInvocationAgent.invoke(TestInvoker.java:962)
	at org.testng.internal.invokers.TestInvoker.invokeTestMethods(TestInvoker.java:194)
	at org.testng.internal.invokers.TestMethodWorker.invokeTestMethods(TestMethodWorker.java:148)
	at org.testng.internal.invokers.TestMethodWorker.run(TestMethodWorker.java:128)
	at java.base/java.util.ArrayList.forEach(ArrayList.java:1541)
	at org.testng.TestRunner.privateRun(TestRunner.java:806)
	at org.testng.TestRunner.run(TestRunner.java:601)
	at org.testng.SuiteRunner.runTest(SuiteRunner.java:433)
	at org.testng.SuiteRunner.runSequentially(SuiteRunner.java:427)
	at org.testng.SuiteRunner.privateRun(SuiteRunner.java:387)
	at org.testng.SuiteRunner.run(SuiteRunner.java:330)
	at org.testng.SuiteRunnerWorker.runSuite(SuiteRunnerWorker.java:52)
	at org.testng.SuiteRunnerWorker.run(SuiteRunnerWorker.java:95)
	at org.testng.TestNG.runSuitesSequentially(TestNG.java:1256)
	at org.testng.TestNG.runSuitesSequentially(TestNG.java:1251)
	at org.testng.TestNG.runSuitesLocally(TestNG.java:1176)
	at org.testng.TestNG.runSuites(TestNG.java:1099)
	at org.testng.TestNG.run(TestNG.java:1067)
	at org.testng.remote.AbstractRemoteTestNG.run(AbstractRemoteTestNG.java:115)
	at org.testng.remote.RemoteTestNG.initAndRun(RemoteTestNG.java:251)
	at org.testng.remote.RemoteTestNG.main(RemoteTestNG.java:77)
</pre></div></td>
<td>22</td>
<td>net.testcases_worktimemodule.validate_user_roles_administrationmenu.UserRolesModifyManagerEditTimeSheet@35cec305</td></tr>
<tr>
<td title='net.testcases_worktimemodule.validate_user_roles_administrationmenu.UserRolesModifyManagerEditCustomReports.userRolesModifyManagerEditCustomReports()'><b>userRolesModifyManagerEditCustomReports</b><br>Test class: net.testcases_worktimemodule.validate_user_roles_administrationmenu.UserRolesModifyManagerEditCustomReports<br>Parameters: chrome</td>
<td><div><pre>org.openqa.selenium.NoSuchElementException: Cannot locate option with value: 167
For documentation on this error, please visit: https://www.selenium.dev/documentation/webdriver/troubleshooting/errors#no-such-element-exception
Build info: version: &apos;4.13.0&apos;, revision: &apos;ba948ece5b*&apos;
System info: os.name: &apos;Windows 10&apos;, os.arch: &apos;amd64&apos;, os.version: &apos;10.0&apos;, java.version: &apos;11.0.21&apos;
Driver info: driver.version: unknown
	at org.openqa.selenium.support.ui.Select.findOptionsByValue(Select.java:289)
	at org.openqa.selenium.support.ui.Select.selectByValue(Select.java:194)
	at net.pages_worktimemodule.UserRolePage.selectCustomReports(UserRolePage.java:422)
	at net.testcases_worktimemodule.validate_user_roles_administrationmenu.UserRolesModifyManagerEditCustomReports.userRolesModifyManagerEditCustomReports(UserRolesModifyManagerEditCustomReports.java:60)
	at java.base/java.util.ArrayList.forEach(ArrayList.java:1541)
... Removed 28 stack frames</pre></div><a href='#' onClick='toggleBox("stack-trace426846410", this, "Click to show all stack frames", "Click to hide stack frames")'>Click to show all stack frames</a>
<div class='stack-trace' id='stack-trace426846410'><pre>org.openqa.selenium.NoSuchElementException: Cannot locate option with value: 167
For documentation on this error, please visit: https://www.selenium.dev/documentation/webdriver/troubleshooting/errors#no-such-element-exception
Build info: version: &apos;4.13.0&apos;, revision: &apos;ba948ece5b*&apos;
System info: os.name: &apos;Windows 10&apos;, os.arch: &apos;amd64&apos;, os.version: &apos;10.0&apos;, java.version: &apos;11.0.21&apos;
Driver info: driver.version: unknown
	at org.openqa.selenium.support.ui.Select.findOptionsByValue(Select.java:289)
	at org.openqa.selenium.support.ui.Select.selectByValue(Select.java:194)
	at net.pages_worktimemodule.UserRolePage.selectCustomReports(UserRolePage.java:422)
	at net.testcases_worktimemodule.validate_user_roles_administrationmenu.UserRolesModifyManagerEditCustomReports.userRolesModifyManagerEditCustomReports(UserRolesModifyManagerEditCustomReports.java:60)
	at java.base/jdk.internal.reflect.NativeMethodAccessorImpl.invoke0(Native Method)
	at java.base/jdk.internal.reflect.NativeMethodAccessorImpl.invoke(NativeMethodAccessorImpl.java:62)
	at java.base/jdk.internal.reflect.DelegatingMethodAccessorImpl.invoke(DelegatingMethodAccessorImpl.java:43)
	at java.base/java.lang.reflect.Method.invoke(Method.java:566)
	at org.testng.internal.invokers.MethodInvocationHelper.invokeMethod(MethodInvocationHelper.java:139)
	at org.testng.internal.invokers.TestInvoker.invokeMethod(TestInvoker.java:677)
	at org.testng.internal.invokers.TestInvoker.retryFailed(TestInvoker.java:263)
	at org.testng.internal.invokers.MethodRunner.runInSequence(MethodRunner.java:62)
	at org.testng.internal.invokers.TestInvoker$MethodInvocationAgent.invoke(TestInvoker.java:962)
	at org.testng.internal.invokers.TestInvoker.invokeTestMethods(TestInvoker.java:194)
	at org.testng.internal.invokers.TestMethodWorker.invokeTestMethods(TestMethodWorker.java:148)
	at org.testng.internal.invokers.TestMethodWorker.run(TestMethodWorker.java:128)
	at java.base/java.util.ArrayList.forEach(ArrayList.java:1541)
	at org.testng.TestRunner.privateRun(TestRunner.java:806)
	at org.testng.TestRunner.run(TestRunner.java:601)
	at org.testng.SuiteRunner.runTest(SuiteRunner.java:433)
	at org.testng.SuiteRunner.runSequentially(SuiteRunner.java:427)
	at org.testng.SuiteRunner.privateRun(SuiteRunner.java:387)
	at org.testng.SuiteRunner.run(SuiteRunner.java:330)
	at org.testng.SuiteRunnerWorker.runSuite(SuiteRunnerWorker.java:52)
	at org.testng.SuiteRunnerWorker.run(SuiteRunnerWorker.java:95)
	at org.testng.TestNG.runSuitesSequentially(TestNG.java:1256)
	at org.testng.TestNG.runSuitesSequentially(TestNG.java:1251)
	at org.testng.TestNG.runSuitesLocally(TestNG.java:1176)
	at org.testng.TestNG.runSuites(TestNG.java:1099)
	at org.testng.TestNG.run(TestNG.java:1067)
	at org.testng.remote.AbstractRemoteTestNG.run(AbstractRemoteTestNG.java:115)
	at org.testng.remote.RemoteTestNG.initAndRun(RemoteTestNG.java:251)
	at org.testng.remote.RemoteTestNG.main(RemoteTestNG.java:77)
</pre></div></td>
<td>22</td>
<td>net.testcases_worktimemodule.validate_user_roles_administrationmenu.UserRolesModifyManagerEditCustomReports@491cafec</td></tr>
<tr>
<td title='net.testcases_worktimemodule.validate_user_roles_administrationmenu.UserRolesModifyManagerEditCustomReportsPublishReport.userRolesModifyManagerEditCustomReportsPublishReport()'><b>userRolesModifyManagerEditCustomReportsPublishReport</b><br>Test class: net.testcases_worktimemodule.validate_user_roles_administrationmenu.UserRolesModifyManagerEditCustomReportsPublishReport<br>Parameters: chrome</td>
<td><div><pre>org.openqa.selenium.NoSuchElementException: Cannot locate option with value: 167
For documentation on this error, please visit: https://www.selenium.dev/documentation/webdriver/troubleshooting/errors#no-such-element-exception
Build info: version: &apos;4.13.0&apos;, revision: &apos;ba948ece5b*&apos;
System info: os.name: &apos;Windows 10&apos;, os.arch: &apos;amd64&apos;, os.version: &apos;10.0&apos;, java.version: &apos;11.0.21&apos;
Driver info: driver.version: unknown
	at org.openqa.selenium.support.ui.Select.findOptionsByValue(Select.java:289)
	at org.openqa.selenium.support.ui.Select.selectByValue(Select.java:194)
	at net.pages_worktimemodule.UserRolePage.selectCustomReports(UserRolePage.java:422)
	at net.testcases_worktimemodule.validate_user_roles_administrationmenu.UserRolesModifyManagerEditCustomReportsPublishReport.userRolesModifyManagerEditCustomReportsPublishReport(UserRolesModifyManagerEditCustomReportsPublishReport.java:60)
	at java.base/java.util.ArrayList.forEach(ArrayList.java:1541)
... Removed 28 stack frames</pre></div><a href='#' onClick='toggleBox("stack-trace1498539581", this, "Click to show all stack frames", "Click to hide stack frames")'>Click to show all stack frames</a>
<div class='stack-trace' id='stack-trace1498539581'><pre>org.openqa.selenium.NoSuchElementException: Cannot locate option with value: 167
For documentation on this error, please visit: https://www.selenium.dev/documentation/webdriver/troubleshooting/errors#no-such-element-exception
Build info: version: &apos;4.13.0&apos;, revision: &apos;ba948ece5b*&apos;
System info: os.name: &apos;Windows 10&apos;, os.arch: &apos;amd64&apos;, os.version: &apos;10.0&apos;, java.version: &apos;11.0.21&apos;
Driver info: driver.version: unknown
	at org.openqa.selenium.support.ui.Select.findOptionsByValue(Select.java:289)
	at org.openqa.selenium.support.ui.Select.selectByValue(Select.java:194)
	at net.pages_worktimemodule.UserRolePage.selectCustomReports(UserRolePage.java:422)
	at net.testcases_worktimemodule.validate_user_roles_administrationmenu.UserRolesModifyManagerEditCustomReportsPublishReport.userRolesModifyManagerEditCustomReportsPublishReport(UserRolesModifyManagerEditCustomReportsPublishReport.java:60)
	at java.base/jdk.internal.reflect.NativeMethodAccessorImpl.invoke0(Native Method)
	at java.base/jdk.internal.reflect.NativeMethodAccessorImpl.invoke(NativeMethodAccessorImpl.java:62)
	at java.base/jdk.internal.reflect.DelegatingMethodAccessorImpl.invoke(DelegatingMethodAccessorImpl.java:43)
	at java.base/java.lang.reflect.Method.invoke(Method.java:566)
	at org.testng.internal.invokers.MethodInvocationHelper.invokeMethod(MethodInvocationHelper.java:139)
	at org.testng.internal.invokers.TestInvoker.invokeMethod(TestInvoker.java:677)
	at org.testng.internal.invokers.TestInvoker.retryFailed(TestInvoker.java:263)
	at org.testng.internal.invokers.MethodRunner.runInSequence(MethodRunner.java:62)
	at org.testng.internal.invokers.TestInvoker$MethodInvocationAgent.invoke(TestInvoker.java:962)
	at org.testng.internal.invokers.TestInvoker.invokeTestMethods(TestInvoker.java:194)
	at org.testng.internal.invokers.TestMethodWorker.invokeTestMethods(TestMethodWorker.java:148)
	at org.testng.internal.invokers.TestMethodWorker.run(TestMethodWorker.java:128)
	at java.base/java.util.ArrayList.forEach(ArrayList.java:1541)
	at org.testng.TestRunner.privateRun(TestRunner.java:806)
	at org.testng.TestRunner.run(TestRunner.java:601)
	at org.testng.SuiteRunner.runTest(SuiteRunner.java:433)
	at org.testng.SuiteRunner.runSequentially(SuiteRunner.java:427)
	at org.testng.SuiteRunner.privateRun(SuiteRunner.java:387)
	at org.testng.SuiteRunner.run(SuiteRunner.java:330)
	at org.testng.SuiteRunnerWorker.runSuite(SuiteRunnerWorker.java:52)
	at org.testng.SuiteRunnerWorker.run(SuiteRunnerWorker.java:95)
	at org.testng.TestNG.runSuitesSequentially(TestNG.java:1256)
	at org.testng.TestNG.runSuitesSequentially(TestNG.java:1251)
	at org.testng.TestNG.runSuitesLocally(TestNG.java:1176)
	at org.testng.TestNG.runSuites(TestNG.java:1099)
	at org.testng.TestNG.run(TestNG.java:1067)
	at org.testng.remote.AbstractRemoteTestNG.run(AbstractRemoteTestNG.java:115)
	at org.testng.remote.RemoteTestNG.initAndRun(RemoteTestNG.java:251)
	at org.testng.remote.RemoteTestNG.main(RemoteTestNG.java:77)
</pre></div></td>
<td>22</td>
<td>net.testcases_worktimemodule.validate_user_roles_administrationmenu.UserRolesModifyManagerEditCustomReportsPublishReport@cbd40c1</td></tr>
</table><p>
</body>
</html>