{"uuid":"0131f160-895e-449e-85fe-a80ebb3e49d0","historyId":"714d729e92f5eaf9d2d877d6c8955c62","fullName":"net.testcases_worktimemodule.ClassficationNewOrg.EnabelActivityTagsAndSetParentValidationInCategories.addActivityTagInCaficationAndSetParentValidation","labels":[{"name":"package","value":"net.testcases_worktimemodule.ClassficationNewOrg.EnabelActivityTagsAndSetParentValidationInCategories"},{"name":"testClass","value":"net.testcases_worktimemodule.ClassficationNewOrg.EnabelActivityTagsAndSetParentValidationInCategories"},{"name":"testMethod","value":"addActivityTagInCaficationAndSetParentValidation"},{"name":"parentSuite","value":"net.testcases_worktimemodule.ClassficationNewOrg"},{"name":"suite","value":"net.testcases_worktimemodule.ClassficationNewOrg"},{"name":"subSuite","value":"net.testcases_worktimemodule.ClassficationNewOrg.EnabelActivityTagsAndSetParentValidationInCategories"},{"name":"host","value":"JAMOCHA30"},{"name":"thread","value":"9232@JAMOCHA30.main(1)"},{"name":"framework","value":"testng"},{"name":"language","value":"java"}],"links":[],"name":"addActivityTagInCaficationAndSetParentValidation","status":"broken","statusDetails":{"known":false,"muted":false,"flaky":false,"message":"Cannot locate option with text: Class D\nFor documentation on this error, please visit: https://www.selenium.dev/documentation/webdriver/troubleshooting/errors#no-such-element-exception\nBuild info: version: '4.13.0', revision: 'ba948ece5b*'\nSystem info: os.name: 'Windows 10', os.arch: 'amd64', os.version: '10.0', java.version: '11.0.21'\nDriver info: driver.version: unknown","trace":"org.openqa.selenium.NoSuchElementException: Cannot locate option with text: Class D\nFor documentation on this error, please visit: https://www.selenium.dev/documentation/webdriver/troubleshooting/errors#no-such-element-exception\nBuild info: version: '4.13.0', revision: 'ba948ece5b*'\nSystem info: os.name: 'Windows 10', os.arch: 'amd64', os.version: '10.0', java.version: '11.0.21'\nDriver info: driver.version: unknown\r\n\tat org.openqa.selenium.support.ui.Select.selectByVisibleText(Select.java:153)\r\n\tat net.pages_worktimemodule.ClassficationPage.validateClassficationParentInActivityTag(ClassficationPage.java:130)\r\n\tat net.testcases_worktimemodule.ClassficationNewOrg.EnabelActivityTagsAndSetParentValidationInCategories.addActivityTagInCaficationAndSetParentValidation(EnabelActivityTagsAndSetParentValidationInCategories.java:89)\r\n\tat java.base/jdk.internal.reflect.NativeMethodAccessorImpl.invoke0(Native Method)\r\n\tat java.base/jdk.internal.reflect.NativeMethodAccessorImpl.invoke(NativeMethodAccessorImpl.java:62)\r\n\tat java.base/jdk.internal.reflect.DelegatingMethodAccessorImpl.invoke(DelegatingMethodAccessorImpl.java:43)\r\n\tat java.base/java.lang.reflect.Method.invoke(Method.java:566)\r\n\tat org.testng.internal.invokers.MethodInvocationHelper.invokeMethod(MethodInvocationHelper.java:139)\r\n\tat org.testng.internal.invokers.TestInvoker.invokeMethod(TestInvoker.java:677)\r\n\tat org.testng.internal.invokers.TestInvoker.invokeTestMethod(TestInvoker.java:221)\r\n\tat org.testng.internal.invokers.MethodRunner.runInSequence(MethodRunner.java:50)\r\n\tat org.testng.internal.invokers.TestInvoker$MethodInvocationAgent.invoke(TestInvoker.java:962)\r\n\tat org.testng.internal.invokers.TestInvoker.invokeTestMethods(TestInvoker.java:194)\r\n\tat org.testng.internal.invokers.TestMethodWorker.invokeTestMethods(TestMethodWorker.java:148)\r\n\tat org.testng.internal.invokers.TestMethodWorker.run(TestMethodWorker.java:128)\r\n\tat java.base/java.util.ArrayList.forEach(ArrayList.java:1541)\r\n\tat org.testng.TestRunner.privateRun(TestRunner.java:806)\r\n\tat org.testng.TestRunner.run(TestRunner.java:601)\r\n\tat org.testng.SuiteRunner.runTest(SuiteRunner.java:433)\r\n\tat org.testng.SuiteRunner.runSequentially(SuiteRunner.java:427)\r\n\tat org.testng.SuiteRunner.privateRun(SuiteRunner.java:387)\r\n\tat org.testng.SuiteRunner.run(SuiteRunner.java:330)\r\n\tat org.testng.SuiteRunnerWorker.runSuite(SuiteRunnerWorker.java:52)\r\n\tat org.testng.SuiteRunnerWorker.run(SuiteRunnerWorker.java:95)\r\n\tat org.testng.TestNG.runSuitesSequentially(TestNG.java:1256)\r\n\tat org.testng.TestNG.runSuitesSequentially(TestNG.java:1251)\r\n\tat org.testng.TestNG.runSuitesLocally(TestNG.java:1176)\r\n\tat org.testng.TestNG.runSuites(TestNG.java:1099)\r\n\tat org.testng.TestNG.run(TestNG.java:1067)\r\n\tat org.testng.remote.AbstractRemoteTestNG.run(AbstractRemoteTestNG.java:115)\r\n\tat org.testng.remote.RemoteTestNG.initAndRun(RemoteTestNG.java:251)\r\n\tat org.testng.remote.RemoteTestNG.main(RemoteTestNG.java:77)\r\n"},"stage":"finished","description":"Add Activity Tag In Cafication And SetParent Validation","steps":[{"name":"login to application","status":"passed","stage":"finished","steps":[],"attachments":[],"parameters":[{"name":"browser","value":"chrome"}],"start":1719411481825,"stop":1719411484645},{"name":"Click ClassificationBtn","status":"passed","stage":"finished","steps":[],"attachments":[],"parameters":[],"start":1719411496037,"stop":1719411498136},{"name":"SelectFrame","status":"passed","stage":"finished","steps":[],"attachments":[],"parameters":[],"start":1719411498137,"stop":1719411498607},{"name":"Set TheParent Classification","status":"passed","stage":"finished","steps":[],"attachments":[],"parameters":[],"start":1719411498607,"stop":1719411499859},{"name":"unselectFrame","status":"passed","stage":"finished","steps":[],"attachments":[],"parameters":[],"start":1719411499859,"stop":1719411499870},{"name":"SideMenu For Outside Organization","status":"passed","stage":"finished","steps":[],"attachments":[],"parameters":[{"name":"mainMenuLabel","value":"Activities"},{"name":"subMenuLabel","value":"Categories"}],"start":1719411499926,"stop":1719411500090},{"name":"SelectFrame","status":"passed","stage":"finished","steps":[],"attachments":[],"parameters":[],"start":1719411500090,"stop":1719411501029},{"name":"Here we are identifying the Activity TagsPage","status":"passed","stage":"finished","steps":[],"attachments":[],"parameters":[],"start":1719411501029,"stop":1719411513982},{"name":"Click on add new Button","status":"passed","stage":"finished","steps":[],"attachments":[],"parameters":[],"start":1719411513982,"stop":1719411514753},{"name":"Validate Classfication Parent InActivityTag","status":"passed","stage":"finished","steps":[],"attachments":[],"parameters":[{"name":"parentName","value":"Job Category"},{"name":"Activitytag","value":"Class C"}],"start":1719411514754,"stop":1719411516995},{"name":"unselectFrame","status":"passed","stage":"finished","steps":[],"attachments":[],"parameters":[],"start":1719411516995,"stop":1719411516997},{"name":"SideMenu For Outside Organization","status":"passed","stage":"finished","steps":[],"attachments":[],"parameters":[{"name":"mainMenuLabel","value":"Activities"},{"name":"subMenuLabel","value":"Classification"}],"start":1719411517062,"stop":1719411517211},{"name":"SelectFrame","status":"passed","stage":"finished","steps":[],"attachments":[],"parameters":[],"start":1719411517211,"stop":1719411517577},{"name":"Set Another Catagory As Parent","status":"passed","stage":"finished","steps":[],"attachments":[],"parameters":[],"start":1719411517577,"stop":1719411518500},{"name":"unselectFrame","status":"passed","stage":"finished","steps":[],"attachments":[],"parameters":[],"start":1719411518500,"stop":1719411518511},{"name":"SideMenu For Outside Organization","status":"passed","stage":"finished","steps":[],"attachments":[],"parameters":[{"name":"mainMenuLabel","value":"Activities"},{"name":"subMenuLabel","value":"Categories"}],"start":1719411518573,"stop":1719411519240},{"name":"SelectFrame","status":"passed","stage":"finished","steps":[],"attachments":[],"parameters":[],"start":1719411519240,"stop":1719411519910},{"name":"Here we are identifying the Activity TagsPage","status":"passed","stage":"finished","steps":[],"attachments":[],"parameters":[],"start":1719411519910,"stop":1719411532776},{"name":"Click on add new Button","status":"passed","stage":"finished","steps":[],"attachments":[],"parameters":[],"start":1719411532776,"stop":1719411533399},{"name":"Validate Classfication Parent InActivityTag","status":"broken","statusDetails":{"known":false,"muted":false,"flaky":false,"message":"Cannot locate option with text: Class D\nFor documentation on this error, please visit: https://www.selenium.dev/documentation/webdriver/troubleshooting/errors#no-such-element-exception\nBuild info: version: '4.13.0', revision: 'ba948ece5b*'\nSystem info: os.name: 'Windows 10', os.arch: 'amd64', os.version: '10.0', java.version: '11.0.21'\nDriver info: driver.version: unknown","trace":"org.openqa.selenium.NoSuchElementException: Cannot locate option with text: Class D\nFor documentation on this error, please visit: https://www.selenium.dev/documentation/webdriver/troubleshooting/errors#no-such-element-exception\nBuild info: version: '4.13.0', revision: 'ba948ece5b*'\nSystem info: os.name: 'Windows 10', os.arch: 'amd64', os.version: '10.0', java.version: '11.0.21'\nDriver info: driver.version: unknown\r\n\tat org.openqa.selenium.support.ui.Select.selectByVisibleText(Select.java:153)\r\n\tat net.pages_worktimemodule.ClassficationPage.validateClassficationParentInActivityTag(ClassficationPage.java:130)\r\n\tat net.testcases_worktimemodule.ClassficationNewOrg.EnabelActivityTagsAndSetParentValidationInCategories.addActivityTagInCaficationAndSetParentValidation(EnabelActivityTagsAndSetParentValidationInCategories.java:89)\r\n\tat java.base/jdk.internal.reflect.NativeMethodAccessorImpl.invoke0(Native Method)\r\n\tat java.base/jdk.internal.reflect.NativeMethodAccessorImpl.invoke(NativeMethodAccessorImpl.java:62)\r\n\tat java.base/jdk.internal.reflect.DelegatingMethodAccessorImpl.invoke(DelegatingMethodAccessorImpl.java:43)\r\n\tat java.base/java.lang.reflect.Method.invoke(Method.java:566)\r\n\tat org.testng.internal.invokers.MethodInvocationHelper.invokeMethod(MethodInvocationHelper.java:139)\r\n\tat org.testng.internal.invokers.TestInvoker.invokeMethod(TestInvoker.java:677)\r\n\tat org.testng.internal.invokers.TestInvoker.invokeTestMethod(TestInvoker.java:221)\r\n\tat org.testng.internal.invokers.MethodRunner.runInSequence(MethodRunner.java:50)\r\n\tat org.testng.internal.invokers.TestInvoker$MethodInvocationAgent.invoke(TestInvoker.java:962)\r\n\tat org.testng.internal.invokers.TestInvoker.invokeTestMethods(TestInvoker.java:194)\r\n\tat org.testng.internal.invokers.TestMethodWorker.invokeTestMethods(TestMethodWorker.java:148)\r\n\tat org.testng.internal.invokers.TestMethodWorker.run(TestMethodWorker.java:128)\r\n\tat java.base/java.util.ArrayList.forEach(ArrayList.java:1541)\r\n\tat org.testng.TestRunner.privateRun(TestRunner.java:806)\r\n\tat org.testng.TestRunner.run(TestRunner.java:601)\r\n\tat org.testng.SuiteRunner.runTest(SuiteRunner.java:433)\r\n\tat org.testng.SuiteRunner.runSequentially(SuiteRunner.java:427)\r\n\tat org.testng.SuiteRunner.privateRun(SuiteRunner.java:387)\r\n\tat org.testng.SuiteRunner.run(SuiteRunner.java:330)\r\n\tat org.testng.SuiteRunnerWorker.runSuite(SuiteRunnerWorker.java:52)\r\n\tat org.testng.SuiteRunnerWorker.run(SuiteRunnerWorker.java:95)\r\n\tat org.testng.TestNG.runSuitesSequentially(TestNG.java:1256)\r\n\tat org.testng.TestNG.runSuitesSequentially(TestNG.java:1251)\r\n\tat org.testng.TestNG.runSuitesLocally(TestNG.java:1176)\r\n\tat org.testng.TestNG.runSuites(TestNG.java:1099)\r\n\tat org.testng.TestNG.run(TestNG.java:1067)\r\n\tat org.testng.remote.AbstractRemoteTestNG.run(AbstractRemoteTestNG.java:115)\r\n\tat org.testng.remote.RemoteTestNG.initAndRun(RemoteTestNG.java:251)\r\n\tat org.testng.remote.RemoteTestNG.main(RemoteTestNG.java:77)\r\n"},"stage":"finished","steps":[],"attachments":[],"parameters":[{"name":"parentName","value":"Job Category"},{"name":"Activitytag","value":"Class D"}],"start":1719411533399,"stop":1719411543517}],"attachments":[],"parameters":[{"name":"browser","value":"chrome"}],"start":1719411481825,"stop":1719411543518}