{"uuid":"10e7b601-24c6-43a0-97b8-47ea6f0e8c9f","historyId":"1b563ebc4628a720d25c0afcf405e30f","fullName":"net.testcases_assetoptimizationmodule.softwaredefinitationCURDopertions.WorkStationGroupsCURD.workStationGroups","labels":[{"name":"package","value":"net.testcases_assetoptimizationmodule.softwaredefinitationCURDopertions.WorkStationGroupsCURD"},{"name":"testClass","value":"net.testcases_assetoptimizationmodule.softwaredefinitationCURDopertions.WorkStationGroupsCURD"},{"name":"testMethod","value":"workStationGroups"},{"name":"parentSuite","value":"net.testcases_assetoptimizationmodule.softwaredefinitationCURDopertions"},{"name":"suite","value":"net.testcases_assetoptimizationmodule.softwaredefinitationCURDopertions"},{"name":"subSuite","value":"net.testcases_assetoptimizationmodule.softwaredefinitationCURDopertions.WorkStationGroupsCURD"},{"name":"host","value":"JAMOCHA30"},{"name":"thread","value":"9232@JAMOCHA30.main(1)"},{"name":"framework","value":"testng"},{"name":"language","value":"java"}],"links":[],"name":"WorkStation Groups CURD","status":"skipped","statusDetails":{"known":false,"muted":false,"flaky":false,"message":"no such element: Unable to locate element: {\"method\":\"xpath\",\"selector\":\"//span[@id=\"dialogsuccessspan\"]/span/span\"}\n  (Session info: chrome=118.0.5993.118)\nFor documentation on this error, please visit: https://www.selenium.dev/documentation/webdriver/troubleshooting/errors#no-such-element-exception\nBuild info: version: '4.13.0', revision: 'ba948ece5b*'\nSystem info: os.name: 'Windows 10', os.arch: 'amd64', os.version: '10.0', java.version: '11.0.21'\nDriver info: org.openqa.selenium.chrome.ChromeDriver\nCommand: [94bb3247a4a55c525c109708af9361c8, findElement {using=xpath, value=//span[@id=\"dialogsuccessspan\"]/span/span}]\nCapabilities {acceptInsecureCerts: false, browserName: chrome, browserVersion: 118.0.5993.118, chrome: {chromedriverVersion: 118.0.5993.70 (e52f33f30b91..., userDataDir: C:\\Users\\pavana.c\\AppData\\L...}, fedcm:accounts: true, goog:chromeOptions: {debuggerAddress: localhost:56075}, networkConnectionEnabled: false, pageLoadStrategy: normal, platformName: windows, proxy: Proxy(), se:cdp: ws://localhost:56075/devtoo..., se:cdpVersion: 118.0.5993.118, setWindowRect: true, strictFileInteractability: false, timeouts: {implicit: 0, pageLoad: 300000, script: 30000}, unhandledPromptBehavior: dismiss and notify, webauthn:extension:credBlob: true, webauthn:extension:largeBlob: true, webauthn:extension:minPinLength: true, webauthn:extension:prf: true, webauthn:virtualAuthenticators: true}\nSession ID: 94bb3247a4a55c525c109708af9361c8","trace":"org.openqa.selenium.NoSuchElementException: no such element: Unable to locate element: {\"method\":\"xpath\",\"selector\":\"//span[@id=\"dialogsuccessspan\"]/span/span\"}\n  (Session info: chrome=118.0.5993.118)\nFor documentation on this error, please visit: https://www.selenium.dev/documentation/webdriver/troubleshooting/errors#no-such-element-exception\nBuild info: version: '4.13.0', revision: 'ba948ece5b*'\nSystem info: os.name: 'Windows 10', os.arch: 'amd64', os.version: '10.0', java.version: '11.0.21'\nDriver info: org.openqa.selenium.chrome.ChromeDriver\nCommand: [94bb3247a4a55c525c109708af9361c8, findElement {using=xpath, value=//span[@id=\"dialogsuccessspan\"]/span/span}]\nCapabilities {acceptInsecureCerts: false, browserName: chrome, browserVersion: 118.0.5993.118, chrome: {chromedriverVersion: 118.0.5993.70 (e52f33f30b91..., userDataDir: C:\\Users\\pavana.c\\AppData\\L...}, fedcm:accounts: true, goog:chromeOptions: {debuggerAddress: localhost:56075}, networkConnectionEnabled: false, pageLoadStrategy: normal, platformName: windows, proxy: Proxy(), se:cdp: ws://localhost:56075/devtoo..., se:cdpVersion: 118.0.5993.118, setWindowRect: true, strictFileInteractability: false, timeouts: {implicit: 0, pageLoad: 300000, script: 30000}, unhandledPromptBehavior: dismiss and notify, webauthn:extension:credBlob: true, webauthn:extension:largeBlob: true, webauthn:extension:minPinLength: true, webauthn:extension:prf: true, webauthn:virtualAuthenticators: true}\nSession ID: 94bb3247a4a55c525c109708af9361c8\r\n\tat java.base/jdk.internal.reflect.NativeConstructorAccessorImpl.newInstance0(Native Method)\r\n\tat java.base/jdk.internal.reflect.NativeConstructorAccessorImpl.newInstance(NativeConstructorAccessorImpl.java:62)\r\n\tat java.base/jdk.internal.reflect.DelegatingConstructorAccessorImpl.newInstance(DelegatingConstructorAccessorImpl.java:45)\r\n\tat java.base/java.lang.reflect.Constructor.newInstance(Constructor.java:490)\r\n\tat org.openqa.selenium.remote.codec.w3c.W3CHttpResponseCodec.createException(W3CHttpResponseCodec.java:200)\r\n\tat org.openqa.selenium.remote.codec.w3c.W3CHttpResponseCodec.decode(W3CHttpResponseCodec.java:133)\r\n\tat org.openqa.selenium.remote.codec.w3c.W3CHttpResponseCodec.decode(W3CHttpResponseCodec.java:52)\r\n\tat org.openqa.selenium.remote.HttpCommandExecutor.execute(HttpCommandExecutor.java:191)\r\n\tat org.openqa.selenium.remote.service.DriverCommandExecutor.invokeExecute(DriverCommandExecutor.java:196)\r\n\tat org.openqa.selenium.remote.service.DriverCommandExecutor.execute(DriverCommandExecutor.java:171)\r\n\tat org.openqa.selenium.remote.RemoteWebDriver.execute(RemoteWebDriver.java:602)\r\n\tat org.openqa.selenium.remote.ElementLocation$ElementFinder$2.findElement(ElementLocation.java:165)\r\n\tat org.openqa.selenium.remote.ElementLocation.findElement(ElementLocation.java:59)\r\n\tat org.openqa.selenium.remote.RemoteWebDriver.findElement(RemoteWebDriver.java:359)\r\n\tat org.openqa.selenium.remote.RemoteWebDriver.findElement(RemoteWebDriver.java:353)\r\n\tat org.openqa.selenium.support.pagefactory.DefaultElementLocator.findElement(DefaultElementLocator.java:68)\r\n\tat org.openqa.selenium.support.pagefactory.internal.LocatingElementHandler.invoke(LocatingElementHandler.java:38)\r\n\tat com.sun.proxy.$Proxy14.getText(Unknown Source)\r\n\tat net.pages_asset_optimizationmodule.WorkStationGroupsPages.clickAddMsg(WorkStationGroupsPages.java:267)\r\n\tat net.testcases_assetoptimizationmodule.softwaredefinitationCURDopertions.WorkStationGroupsCURD.workStationGroups(WorkStationGroupsCURD.java:51)\r\n\tat java.base/jdk.internal.reflect.NativeMethodAccessorImpl.invoke0(Native Method)\r\n\tat java.base/jdk.internal.reflect.NativeMethodAccessorImpl.invoke(NativeMethodAccessorImpl.java:62)\r\n\tat java.base/jdk.internal.reflect.DelegatingMethodAccessorImpl.invoke(DelegatingMethodAccessorImpl.java:43)\r\n\tat java.base/java.lang.reflect.Method.invoke(Method.java:566)\r\n\tat org.testng.internal.invokers.MethodInvocationHelper.invokeMethod(MethodInvocationHelper.java:139)\r\n\tat org.testng.internal.invokers.TestInvoker.invokeMethod(TestInvoker.java:677)\r\n\tat org.testng.internal.invokers.TestInvoker.invokeTestMethod(TestInvoker.java:221)\r\n\tat org.testng.internal.invokers.MethodRunner.runInSequence(MethodRunner.java:50)\r\n\tat org.testng.internal.invokers.TestInvoker$MethodInvocationAgent.invoke(TestInvoker.java:962)\r\n\tat org.testng.internal.invokers.TestInvoker.invokeTestMethods(TestInvoker.java:194)\r\n\tat org.testng.internal.invokers.TestMethodWorker.invokeTestMethods(TestMethodWorker.java:148)\r\n\tat org.testng.internal.invokers.TestMethodWorker.run(TestMethodWorker.java:128)\r\n\tat java.base/java.util.ArrayList.forEach(ArrayList.java:1541)\r\n\tat org.testng.TestRunner.privateRun(TestRunner.java:806)\r\n\tat org.testng.TestRunner.run(TestRunner.java:601)\r\n\tat org.testng.SuiteRunner.runTest(SuiteRunner.java:433)\r\n\tat org.testng.SuiteRunner.runSequentially(SuiteRunner.java:427)\r\n\tat org.testng.SuiteRunner.privateRun(SuiteRunner.java:387)\r\n\tat org.testng.SuiteRunner.run(SuiteRunner.java:330)\r\n\tat org.testng.SuiteRunnerWorker.runSuite(SuiteRunnerWorker.java:52)\r\n\tat org.testng.SuiteRunnerWorker.run(SuiteRunnerWorker.java:95)\r\n\tat org.testng.TestNG.runSuitesSequentially(TestNG.java:1256)\r\n\tat org.testng.TestNG.runSuitesSequentially(TestNG.java:1251)\r\n\tat org.testng.TestNG.runSuitesLocally(TestNG.java:1176)\r\n\tat org.testng.TestNG.runSuites(TestNG.java:1099)\r\n\tat org.testng.TestNG.run(TestNG.java:1067)\r\n\tat org.testng.remote.AbstractRemoteTestNG.run(AbstractRemoteTestNG.java:115)\r\n\tat org.testng.remote.RemoteTestNG.initAndRun(RemoteTestNG.java:251)\r\n\tat org.testng.remote.RemoteTestNG.main(RemoteTestNG.java:77)\r\n"},"stage":"finished","description":"WorkStation GroupsCURD","steps":[{"name":"login to application","status":"passed","stage":"finished","steps":[],"attachments":[],"parameters":[{"name":"browser","value":"chrome"}],"start":1719411047953,"stop":1719411049944},{"name":"Click AssertOptimization","status":"passed","stage":"finished","steps":[],"attachments":[],"parameters":[],"start":1719411050757,"stop":1719411052789},{"name":"SwitchTabs ","status":"passed","stage":"finished","steps":[],"attachments":[],"parameters":[],"start":1719411053799,"stop":1719411054385},{"name":"Scroll SideNavigation Bar ","status":"passed","stage":"finished","steps":[],"attachments":[],"parameters":[],"start":1719411054505,"stop":1719411054535},{"name":"Click Administration","status":"passed","stage":"finished","steps":[],"attachments":[],"parameters":[],"start":1719411054535,"stop":1719411054700},{"name":"Click WorkStationGroups","status":"passed","stage":"finished","steps":[],"attachments":[],"parameters":[],"start":1719411054700,"stop":1719411055008},{"name":"Click AddNew","status":"passed","stage":"finished","steps":[],"attachments":[],"parameters":[],"start":1719411055219,"stop":1719411056414},{"name":"Click Name","status":"passed","stage":"finished","steps":[],"attachments":[],"parameters":[{"name":"name","value":"automation_1"}],"start":1719411056414,"stop":1719411056738},{"name":"Click Description","status":"passed","stage":"finished","steps":[],"attachments":[],"parameters":[{"name":"desc","value":"automation testing"}],"start":1719411056738,"stop":1719411056836},{"name":"Click Location","status":"passed","stage":"finished","steps":[],"attachments":[],"parameters":[],"start":1719411056836,"stop":1719411056869},{"name":"Click ScanTime","status":"passed","stage":"finished","steps":[],"attachments":[],"parameters":[{"name":"time","value":"5"}],"start":1719411056870,"stop":1719411056986},{"name":"Click SAVEBtn","status":"passed","stage":"finished","steps":[],"attachments":[],"parameters":[],"start":1719411056986,"stop":1719411057553},{"name":"ClickAddMsg","status":"broken","statusDetails":{"known":false,"muted":false,"flaky":false,"message":"no such element: Unable to locate element: {\"method\":\"xpath\",\"selector\":\"//span[@id=\"dialogsuccessspan\"]/span/span\"}\n  (Session info: chrome=118.0.5993.118)\nFor documentation on this error, please visit: https://www.selenium.dev/documentation/webdriver/troubleshooting/errors#no-such-element-exception\nBuild info: version: '4.13.0', revision: 'ba948ece5b*'\nSystem info: os.name: 'Windows 10', os.arch: 'amd64', os.version: '10.0', java.version: '11.0.21'\nDriver info: org.openqa.selenium.chrome.ChromeDriver\nCommand: [94bb3247a4a55c525c109708af9361c8, findElement {using=xpath, value=//span[@id=\"dialogsuccessspan\"]/span/span}]\nCapabilities {acceptInsecureCerts: false, browserName: chrome, browserVersion: 118.0.5993.118, chrome: {chromedriverVersion: 118.0.5993.70 (e52f33f30b91..., userDataDir: C:\\Users\\pavana.c\\AppData\\L...}, fedcm:accounts: true, goog:chromeOptions: {debuggerAddress: localhost:56075}, networkConnectionEnabled: false, pageLoadStrategy: normal, platformName: windows, proxy: Proxy(), se:cdp: ws://localhost:56075/devtoo..., se:cdpVersion: 118.0.5993.118, setWindowRect: true, strictFileInteractability: false, timeouts: {implicit: 0, pageLoad: 300000, script: 30000}, unhandledPromptBehavior: dismiss and notify, webauthn:extension:credBlob: true, webauthn:extension:largeBlob: true, webauthn:extension:minPinLength: true, webauthn:extension:prf: true, webauthn:virtualAuthenticators: true}\nSession ID: 94bb3247a4a55c525c109708af9361c8","trace":"org.openqa.selenium.NoSuchElementException: no such element: Unable to locate element: {\"method\":\"xpath\",\"selector\":\"//span[@id=\"dialogsuccessspan\"]/span/span\"}\n  (Session info: chrome=118.0.5993.118)\nFor documentation on this error, please visit: https://www.selenium.dev/documentation/webdriver/troubleshooting/errors#no-such-element-exception\nBuild info: version: '4.13.0', revision: 'ba948ece5b*'\nSystem info: os.name: 'Windows 10', os.arch: 'amd64', os.version: '10.0', java.version: '11.0.21'\nDriver info: org.openqa.selenium.chrome.ChromeDriver\nCommand: [94bb3247a4a55c525c109708af9361c8, findElement {using=xpath, value=//span[@id=\"dialogsuccessspan\"]/span/span}]\nCapabilities {acceptInsecureCerts: false, browserName: chrome, browserVersion: 118.0.5993.118, chrome: {chromedriverVersion: 118.0.5993.70 (e52f33f30b91..., userDataDir: C:\\Users\\pavana.c\\AppData\\L...}, fedcm:accounts: true, goog:chromeOptions: {debuggerAddress: localhost:56075}, networkConnectionEnabled: false, pageLoadStrategy: normal, platformName: windows, proxy: Proxy(), se:cdp: ws://localhost:56075/devtoo..., se:cdpVersion: 118.0.5993.118, setWindowRect: true, strictFileInteractability: false, timeouts: {implicit: 0, pageLoad: 300000, script: 30000}, unhandledPromptBehavior: dismiss and notify, webauthn:extension:credBlob: true, webauthn:extension:largeBlob: true, webauthn:extension:minPinLength: true, webauthn:extension:prf: true, webauthn:virtualAuthenticators: true}\nSession ID: 94bb3247a4a55c525c109708af9361c8\r\n\tat java.base/jdk.internal.reflect.NativeConstructorAccessorImpl.newInstance0(Native Method)\r\n\tat java.base/jdk.internal.reflect.NativeConstructorAccessorImpl.newInstance(NativeConstructorAccessorImpl.java:62)\r\n\tat java.base/jdk.internal.reflect.DelegatingConstructorAccessorImpl.newInstance(DelegatingConstructorAccessorImpl.java:45)\r\n\tat java.base/java.lang.reflect.Constructor.newInstance(Constructor.java:490)\r\n\tat org.openqa.selenium.remote.codec.w3c.W3CHttpResponseCodec.createException(W3CHttpResponseCodec.java:200)\r\n\tat org.openqa.selenium.remote.codec.w3c.W3CHttpResponseCodec.decode(W3CHttpResponseCodec.java:133)\r\n\tat org.openqa.selenium.remote.codec.w3c.W3CHttpResponseCodec.decode(W3CHttpResponseCodec.java:52)\r\n\tat org.openqa.selenium.remote.HttpCommandExecutor.execute(HttpCommandExecutor.java:191)\r\n\tat org.openqa.selenium.remote.service.DriverCommandExecutor.invokeExecute(DriverCommandExecutor.java:196)\r\n\tat org.openqa.selenium.remote.service.DriverCommandExecutor.execute(DriverCommandExecutor.java:171)\r\n\tat org.openqa.selenium.remote.RemoteWebDriver.execute(RemoteWebDriver.java:602)\r\n\tat org.openqa.selenium.remote.ElementLocation$ElementFinder$2.findElement(ElementLocation.java:165)\r\n\tat org.openqa.selenium.remote.ElementLocation.findElement(ElementLocation.java:59)\r\n\tat org.openqa.selenium.remote.RemoteWebDriver.findElement(RemoteWebDriver.java:359)\r\n\tat org.openqa.selenium.remote.RemoteWebDriver.findElement(RemoteWebDriver.java:353)\r\n\tat org.openqa.selenium.support.pagefactory.DefaultElementLocator.findElement(DefaultElementLocator.java:68)\r\n\tat org.openqa.selenium.support.pagefactory.internal.LocatingElementHandler.invoke(LocatingElementHandler.java:38)\r\n\tat com.sun.proxy.$Proxy14.getText(Unknown Source)\r\n\tat net.pages_asset_optimizationmodule.WorkStationGroupsPages.clickAddMsg(WorkStationGroupsPages.java:267)\r\n\tat net.testcases_assetoptimizationmodule.softwaredefinitationCURDopertions.WorkStationGroupsCURD.workStationGroups(WorkStationGroupsCURD.java:51)\r\n\tat java.base/jdk.internal.reflect.NativeMethodAccessorImpl.invoke0(Native Method)\r\n\tat java.base/jdk.internal.reflect.NativeMethodAccessorImpl.invoke(NativeMethodAccessorImpl.java:62)\r\n\tat java.base/jdk.internal.reflect.DelegatingMethodAccessorImpl.invoke(DelegatingMethodAccessorImpl.java:43)\r\n\tat java.base/java.lang.reflect.Method.invoke(Method.java:566)\r\n\tat org.testng.internal.invokers.MethodInvocationHelper.invokeMethod(MethodInvocationHelper.java:139)\r\n\tat org.testng.internal.invokers.TestInvoker.invokeMethod(TestInvoker.java:677)\r\n\tat org.testng.internal.invokers.TestInvoker.invokeTestMethod(TestInvoker.java:221)\r\n\tat org.testng.internal.invokers.MethodRunner.runInSequence(MethodRunner.java:50)\r\n\tat org.testng.internal.invokers.TestInvoker$MethodInvocationAgent.invoke(TestInvoker.java:962)\r\n\tat org.testng.internal.invokers.TestInvoker.invokeTestMethods(TestInvoker.java:194)\r\n\tat org.testng.internal.invokers.TestMethodWorker.invokeTestMethods(TestMethodWorker.java:148)\r\n\tat org.testng.internal.invokers.TestMethodWorker.run(TestMethodWorker.java:128)\r\n\tat java.base/java.util.ArrayList.forEach(ArrayList.java:1541)\r\n\tat org.testng.TestRunner.privateRun(TestRunner.java:806)\r\n\tat org.testng.TestRunner.run(TestRunner.java:601)\r\n\tat org.testng.SuiteRunner.runTest(SuiteRunner.java:433)\r\n\tat org.testng.SuiteRunner.runSequentially(SuiteRunner.java:427)\r\n\tat org.testng.SuiteRunner.privateRun(SuiteRunner.java:387)\r\n\tat org.testng.SuiteRunner.run(SuiteRunner.java:330)\r\n\tat org.testng.SuiteRunnerWorker.runSuite(SuiteRunnerWorker.java:52)\r\n\tat org.testng.SuiteRunnerWorker.run(SuiteRunnerWorker.java:95)\r\n\tat org.testng.TestNG.runSuitesSequentially(TestNG.java:1256)\r\n\tat org.testng.TestNG.runSuitesSequentially(TestNG.java:1251)\r\n\tat org.testng.TestNG.runSuitesLocally(TestNG.java:1176)\r\n\tat org.testng.TestNG.runSuites(TestNG.java:1099)\r\n\tat org.testng.TestNG.run(TestNG.java:1067)\r\n\tat org.testng.remote.AbstractRemoteTestNG.run(AbstractRemoteTestNG.java:115)\r\n\tat org.testng.remote.RemoteTestNG.initAndRun(RemoteTestNG.java:251)\r\n\tat org.testng.remote.RemoteTestNG.main(RemoteTestNG.java:77)\r\n"},"stage":"finished","steps":[],"attachments":[],"parameters":[],"start":1719411057553,"stop":1719411067574}],"attachments":[],"parameters":[{"name":"browser","value":"chrome"}],"start":1719411047953,"stop":1719411067574}