{"uuid":"a39f2496-2e33-4576-84dd-d5ba78b12532","historyId":"1c9e65673f4c5355909c022801502b5c","fullName":"net.testcases_worktimemodule.validate_user_roles_administrationmenu.UserRolesModifyManagerEditCustomReports.userRolesModifyManagerEditCustomReports","labels":[{"name":"package","value":"net.testcases_worktimemodule.validate_user_roles_administrationmenu.UserRolesModifyManagerEditCustomReports"},{"name":"testClass","value":"net.testcases_worktimemodule.validate_user_roles_administrationmenu.UserRolesModifyManagerEditCustomReports"},{"name":"testMethod","value":"userRolesModifyManagerEditCustomReports"},{"name":"parentSuite","value":"net.testcases_worktimemodule.validate_user_roles"},{"name":"suite","value":"UserRole"},{"name":"subSuite","value":"net.testcases_worktimemodule.validate_user_roles_administrationmenu.UserRolesModifyManagerEditCustomReports"},{"name":"host","value":"JAMOCHA30"},{"name":"thread","value":"9232@JAMOCHA30.main(1)"},{"name":"framework","value":"testng"},{"name":"language","value":"java"}],"links":[],"name":"userRolesModifyManagerEditCustomReports","status":"skipped","statusDetails":{"known":false,"muted":false,"flaky":false,"message":"Cannot locate option with value: 167\nFor documentation on this error, please visit: https://www.selenium.dev/documentation/webdriver/troubleshooting/errors#no-such-element-exception\nBuild info: version: '4.13.0', revision: 'ba948ece5b*'\nSystem info: os.name: 'Windows 10', os.arch: 'amd64', os.version: '10.0', java.version: '11.0.21'\nDriver info: driver.version: unknown","trace":"org.openqa.selenium.NoSuchElementException: Cannot locate option with value: 167\nFor documentation on this error, please visit: https://www.selenium.dev/documentation/webdriver/troubleshooting/errors#no-such-element-exception\nBuild info: version: '4.13.0', revision: 'ba948ece5b*'\nSystem info: os.name: 'Windows 10', os.arch: 'amd64', os.version: '10.0', java.version: '11.0.21'\nDriver info: driver.version: unknown\r\n\tat org.openqa.selenium.support.ui.Select.findOptionsByValue(Select.java:289)\r\n\tat org.openqa.selenium.support.ui.Select.selectByValue(Select.java:194)\r\n\tat net.pages_worktimemodule.UserRolePage.selectCustomReports(UserRolePage.java:422)\r\n\tat net.testcases_worktimemodule.validate_user_roles_administrationmenu.UserRolesModifyManagerEditCustomReports.userRolesModifyManagerEditCustomReports(UserRolesModifyManagerEditCustomReports.java:60)\r\n\tat java.base/jdk.internal.reflect.NativeMethodAccessorImpl.invoke0(Native Method)\r\n\tat java.base/jdk.internal.reflect.NativeMethodAccessorImpl.invoke(NativeMethodAccessorImpl.java:62)\r\n\tat java.base/jdk.internal.reflect.DelegatingMethodAccessorImpl.invoke(DelegatingMethodAccessorImpl.java:43)\r\n\tat java.base/java.lang.reflect.Method.invoke(Method.java:566)\r\n\tat org.testng.internal.invokers.MethodInvocationHelper.invokeMethod(MethodInvocationHelper.java:139)\r\n\tat org.testng.internal.invokers.TestInvoker.invokeMethod(TestInvoker.java:677)\r\n\tat org.testng.internal.invokers.TestInvoker.invokeTestMethod(TestInvoker.java:221)\r\n\tat org.testng.internal.invokers.MethodRunner.runInSequence(MethodRunner.java:50)\r\n\tat org.testng.internal.invokers.TestInvoker$MethodInvocationAgent.invoke(TestInvoker.java:962)\r\n\tat org.testng.internal.invokers.TestInvoker.invokeTestMethods(TestInvoker.java:194)\r\n\tat org.testng.internal.invokers.TestMethodWorker.invokeTestMethods(TestMethodWorker.java:148)\r\n\tat org.testng.internal.invokers.TestMethodWorker.run(TestMethodWorker.java:128)\r\n\tat java.base/java.util.ArrayList.forEach(ArrayList.java:1541)\r\n\tat org.testng.TestRunner.privateRun(TestRunner.java:806)\r\n\tat org.testng.TestRunner.run(TestRunner.java:601)\r\n\tat org.testng.SuiteRunner.runTest(SuiteRunner.java:433)\r\n\tat org.testng.SuiteRunner.runSequentially(SuiteRunner.java:427)\r\n\tat org.testng.SuiteRunner.privateRun(SuiteRunner.java:387)\r\n\tat org.testng.SuiteRunner.run(SuiteRunner.java:330)\r\n\tat org.testng.SuiteRunnerWorker.runSuite(SuiteRunnerWorker.java:52)\r\n\tat org.testng.SuiteRunnerWorker.run(SuiteRunnerWorker.java:95)\r\n\tat org.testng.TestNG.runSuitesSequentially(TestNG.java:1256)\r\n\tat org.testng.TestNG.runSuitesSequentially(TestNG.java:1251)\r\n\tat org.testng.TestNG.runSuitesLocally(TestNG.java:1176)\r\n\tat org.testng.TestNG.runSuites(TestNG.java:1099)\r\n\tat org.testng.TestNG.run(TestNG.java:1067)\r\n\tat org.testng.remote.AbstractRemoteTestNG.run(AbstractRemoteTestNG.java:115)\r\n\tat org.testng.remote.RemoteTestNG.initAndRun(RemoteTestNG.java:251)\r\n\tat org.testng.remote.RemoteTestNG.main(RemoteTestNG.java:77)\r\n"},"stage":"finished","description":"Test Description: USerRole verifying whether Activity Rating","steps":[{"name":"login to application","status":"passed","stage":"finished","steps":[],"attachments":[],"parameters":[{"name":"browser","value":"chrome"}],"start":1719409348486,"stop":1719409350496},{"name":"Click on Seach Txt Box","status":"passed","stage":"finished","steps":[],"attachments":[],"parameters":[{"name":"name","value":"pavManagerTesting"}],"start":1719409359697,"stop":1719409360169},{"name":"Click On Modify Button","status":"passed","stage":"finished","steps":[],"attachments":[],"parameters":[],"start":1719409360169,"stop":1719409360797},{"name":"Click on UserRole Permission Button","status":"passed","stage":"finished","steps":[],"attachments":[],"parameters":[],"start":1719409360798,"stop":1719409361748},{"name":"Select TimeSheetModule ID Drop Down","status":"broken","statusDetails":{"known":false,"muted":false,"flaky":false,"message":"Cannot locate option with value: 167\nFor documentation on this error, please visit: https://www.selenium.dev/documentation/webdriver/troubleshooting/errors#no-such-element-exception\nBuild info: version: '4.13.0', revision: 'ba948ece5b*'\nSystem info: os.name: 'Windows 10', os.arch: 'amd64', os.version: '10.0', java.version: '11.0.21'\nDriver info: driver.version: unknown","trace":"org.openqa.selenium.NoSuchElementException: Cannot locate option with value: 167\nFor documentation on this error, please visit: https://www.selenium.dev/documentation/webdriver/troubleshooting/errors#no-such-element-exception\nBuild info: version: '4.13.0', revision: 'ba948ece5b*'\nSystem info: os.name: 'Windows 10', os.arch: 'amd64', os.version: '10.0', java.version: '11.0.21'\nDriver info: driver.version: unknown\r\n\tat org.openqa.selenium.support.ui.Select.findOptionsByValue(Select.java:289)\r\n\tat org.openqa.selenium.support.ui.Select.selectByValue(Select.java:194)\r\n\tat net.pages_worktimemodule.UserRolePage.selectCustomReports(UserRolePage.java:422)\r\n\tat net.testcases_worktimemodule.validate_user_roles_administrationmenu.UserRolesModifyManagerEditCustomReports.userRolesModifyManagerEditCustomReports(UserRolesModifyManagerEditCustomReports.java:60)\r\n\tat java.base/jdk.internal.reflect.NativeMethodAccessorImpl.invoke0(Native Method)\r\n\tat java.base/jdk.internal.reflect.NativeMethodAccessorImpl.invoke(NativeMethodAccessorImpl.java:62)\r\n\tat java.base/jdk.internal.reflect.DelegatingMethodAccessorImpl.invoke(DelegatingMethodAccessorImpl.java:43)\r\n\tat java.base/java.lang.reflect.Method.invoke(Method.java:566)\r\n\tat org.testng.internal.invokers.MethodInvocationHelper.invokeMethod(MethodInvocationHelper.java:139)\r\n\tat org.testng.internal.invokers.TestInvoker.invokeMethod(TestInvoker.java:677)\r\n\tat org.testng.internal.invokers.TestInvoker.invokeTestMethod(TestInvoker.java:221)\r\n\tat org.testng.internal.invokers.MethodRunner.runInSequence(MethodRunner.java:50)\r\n\tat org.testng.internal.invokers.TestInvoker$MethodInvocationAgent.invoke(TestInvoker.java:962)\r\n\tat org.testng.internal.invokers.TestInvoker.invokeTestMethods(TestInvoker.java:194)\r\n\tat org.testng.internal.invokers.TestMethodWorker.invokeTestMethods(TestMethodWorker.java:148)\r\n\tat org.testng.internal.invokers.TestMethodWorker.run(TestMethodWorker.java:128)\r\n\tat java.base/java.util.ArrayList.forEach(ArrayList.java:1541)\r\n\tat org.testng.TestRunner.privateRun(TestRunner.java:806)\r\n\tat org.testng.TestRunner.run(TestRunner.java:601)\r\n\tat org.testng.SuiteRunner.runTest(SuiteRunner.java:433)\r\n\tat org.testng.SuiteRunner.runSequentially(SuiteRunner.java:427)\r\n\tat org.testng.SuiteRunner.privateRun(SuiteRunner.java:387)\r\n\tat org.testng.SuiteRunner.run(SuiteRunner.java:330)\r\n\tat org.testng.SuiteRunnerWorker.runSuite(SuiteRunnerWorker.java:52)\r\n\tat org.testng.SuiteRunnerWorker.run(SuiteRunnerWorker.java:95)\r\n\tat org.testng.TestNG.runSuitesSequentially(TestNG.java:1256)\r\n\tat org.testng.TestNG.runSuitesSequentially(TestNG.java:1251)\r\n\tat org.testng.TestNG.runSuitesLocally(TestNG.java:1176)\r\n\tat org.testng.TestNG.runSuites(TestNG.java:1099)\r\n\tat org.testng.TestNG.run(TestNG.java:1067)\r\n\tat org.testng.remote.AbstractRemoteTestNG.run(AbstractRemoteTestNG.java:115)\r\n\tat org.testng.remote.RemoteTestNG.initAndRun(RemoteTestNG.java:251)\r\n\tat org.testng.remote.RemoteTestNG.main(RemoteTestNG.java:77)\r\n"},"stage":"finished","steps":[],"attachments":[],"parameters":[],"start":1719409361748,"stop":1719409371879}],"attachments":[],"parameters":[{"name":"browser","value":"chrome"}],"start":1719409348486,"stop":1719409371880}