{"uuid":"a7fac2e1-ed2f-4919-a191-e6c7c37321c6","historyId":"b4694217676523b5e71e5c57d19f4631","fullName":"net.testcases_worktimemodule.OrganizationSettingsAddModifyDeleteForSuperadmin.AddNewOrganizations.addNewOrganizations","labels":[{"name":"package","value":"net.testcases_worktimemodule.OrganizationSettingsAddModifyDeleteForSuperadmin.AddNewOrganizations"},{"name":"testClass","value":"net.testcases_worktimemodule.OrganizationSettingsAddModifyDeleteForSuperadmin.AddNewOrganizations"},{"name":"testMethod","value":"addNewOrganizations"},{"name":"parentSuite","value":"net.testcases_worktimemodule.OrganizationSettingsAddModifyDeleteForSuperadmin"},{"name":"suite","value":"net.testcases_worktimemodule.OrganizationSettingsAddModifyDeleteForSuperadmin"},{"name":"subSuite","value":"net.testcases_worktimemodule.OrganizationSettingsAddModifyDeleteForSuperadmin.AddNewOrganizations"},{"name":"host","value":"JAMOCHA30"},{"name":"thread","value":"9232@JAMOCHA30.main(1)"},{"name":"framework","value":"testng"},{"name":"language","value":"java"}],"links":[],"name":"addNewOrganizations","status":"broken","statusDetails":{"known":false,"muted":false,"flaky":false,"message":"Locator must be set","trace":"java.lang.IllegalArgumentException: Locator must be set\r\n\tat org.openqa.selenium.internal.Require.nonNull(Require.java:60)\r\n\tat org.openqa.selenium.remote.RemoteWebDriver.findElement(RemoteWebDriver.java:351)\r\n\tat org.openqa.selenium.support.ui.ExpectedConditions$20.apply(ExpectedConditions.java:569)\r\n\tat org.openqa.selenium.support.ui.ExpectedConditions$20.apply(ExpectedConditions.java:565)\r\n\tat org.openqa.selenium.support.ui.FluentWait.until(FluentWait.java:205)\r\n\tat net.pages_worktimemodule.OrganizationsOutsidePage.validateSuccessMessage(OrganizationsOutsidePage.java:223)\r\n\tat net.testcases_worktimemodule.OrganizationSettingsAddModifyDeleteForSuperadmin.AddNewOrganizations.addNewOrganizations(AddNewOrganizations.java:70)\r\n\tat java.base/jdk.internal.reflect.NativeMethodAccessorImpl.invoke0(Native Method)\r\n\tat java.base/jdk.internal.reflect.NativeMethodAccessorImpl.invoke(NativeMethodAccessorImpl.java:62)\r\n\tat java.base/jdk.internal.reflect.DelegatingMethodAccessorImpl.invoke(DelegatingMethodAccessorImpl.java:43)\r\n\tat java.base/java.lang.reflect.Method.invoke(Method.java:566)\r\n\tat org.testng.internal.invokers.MethodInvocationHelper.invokeMethod(MethodInvocationHelper.java:139)\r\n\tat org.testng.internal.invokers.TestInvoker.invokeMethod(TestInvoker.java:677)\r\n\tat org.testng.internal.invokers.TestInvoker.invokeTestMethod(TestInvoker.java:221)\r\n\tat org.testng.internal.invokers.MethodRunner.runInSequence(MethodRunner.java:50)\r\n\tat org.testng.internal.invokers.TestInvoker$MethodInvocationAgent.invoke(TestInvoker.java:962)\r\n\tat org.testng.internal.invokers.TestInvoker.invokeTestMethods(TestInvoker.java:194)\r\n\tat org.testng.internal.invokers.TestMethodWorker.invokeTestMethods(TestMethodWorker.java:148)\r\n\tat org.testng.internal.invokers.TestMethodWorker.run(TestMethodWorker.java:128)\r\n\tat java.base/java.util.ArrayList.forEach(ArrayList.java:1541)\r\n\tat org.testng.TestRunner.privateRun(TestRunner.java:806)\r\n\tat org.testng.TestRunner.run(TestRunner.java:601)\r\n\tat org.testng.SuiteRunner.runTest(SuiteRunner.java:433)\r\n\tat org.testng.SuiteRunner.runSequentially(SuiteRunner.java:427)\r\n\tat org.testng.SuiteRunner.privateRun(SuiteRunner.java:387)\r\n\tat org.testng.SuiteRunner.run(SuiteRunner.java:330)\r\n\tat org.testng.SuiteRunnerWorker.runSuite(SuiteRunnerWorker.java:52)\r\n\tat org.testng.SuiteRunnerWorker.run(SuiteRunnerWorker.java:95)\r\n\tat org.testng.TestNG.runSuitesSequentially(TestNG.java:1256)\r\n\tat org.testng.TestNG.runSuitesSequentially(TestNG.java:1251)\r\n\tat org.testng.TestNG.runSuitesLocally(TestNG.java:1176)\r\n\tat org.testng.TestNG.runSuites(TestNG.java:1099)\r\n\tat org.testng.TestNG.run(TestNG.java:1067)\r\n\tat org.testng.remote.AbstractRemoteTestNG.run(AbstractRemoteTestNG.java:115)\r\n\tat org.testng.remote.RemoteTestNG.initAndRun(RemoteTestNG.java:251)\r\n\tat org.testng.remote.RemoteTestNG.main(RemoteTestNG.java:77)\r\n"},"stage":"finished","description":"Add New Organizations.","steps":[{"name":"login to application","status":"passed","stage":"finished","steps":[],"attachments":[],"parameters":[{"name":"browser","value":"chrome"}],"start":1719413083014,"stop":1719413085733},{"name":"SideMenu For Outside Organization","status":"passed","stage":"finished","steps":[],"attachments":[],"parameters":[{"name":"mainMenuLabel","value":"General"},{"name":"subMenuLabel","value":"Organizations"}],"start":1719413088722,"stop":1719413089880},{"name":"select iframeSwitch","status":"passed","stage":"finished","steps":[],"attachments":[],"parameters":[],"start":1719413089880,"stop":1719413090697},{"name":"Add Organizations","status":"passed","stage":"finished","steps":[{"name":"Get SpecificColumnData In Table","status":"passed","stage":"finished","steps":[],"attachments":[],"parameters":[{"name":"column","value":"1"}],"start":1719413090698,"stop":1719413090825},{"name":"select Modules","status":"passed","stage":"finished","steps":[],"attachments":[],"parameters":[{"name":"moduleList","value":"[Work Time, Work Output, Workflow Management, Asset Optimization]"}],"start":1719413092003,"stop":1719413092382}],"attachments":[],"parameters":[{"name":"oraganizationDetails","value":"{orgAdminPassword=UrECCBXIuAgYAcbl, orgAdminUserName=UrECCBXIuAgYAcbl, agentBasedUserCount=30, oraganizationCode=PHTON, oraganizationName=Photon Jhon, agentlessUserCount=30, modules=Work Time,Work Output,Workflow Management,Asset Optimization}"}],"start":1719413090697,"stop":1719413092866},{"name":"clickSaveBtn","status":"passed","stage":"finished","steps":[],"attachments":[],"parameters":[],"start":1719413092866,"stop":1719413122399},{"name":"Validate SuccessMessage","status":"broken","statusDetails":{"known":false,"muted":false,"flaky":false,"message":"Locator must be set","trace":"java.lang.IllegalArgumentException: Locator must be set\r\n\tat org.openqa.selenium.internal.Require.nonNull(Require.java:60)\r\n\tat org.openqa.selenium.remote.RemoteWebDriver.findElement(RemoteWebDriver.java:351)\r\n\tat org.openqa.selenium.support.ui.ExpectedConditions$20.apply(ExpectedConditions.java:569)\r\n\tat org.openqa.selenium.support.ui.ExpectedConditions$20.apply(ExpectedConditions.java:565)\r\n\tat org.openqa.selenium.support.ui.FluentWait.until(FluentWait.java:205)\r\n\tat net.pages_worktimemodule.OrganizationsOutsidePage.validateSuccessMessage(OrganizationsOutsidePage.java:223)\r\n\tat net.testcases_worktimemodule.OrganizationSettingsAddModifyDeleteForSuperadmin.AddNewOrganizations.addNewOrganizations(AddNewOrganizations.java:70)\r\n\tat java.base/jdk.internal.reflect.NativeMethodAccessorImpl.invoke0(Native Method)\r\n\tat java.base/jdk.internal.reflect.NativeMethodAccessorImpl.invoke(NativeMethodAccessorImpl.java:62)\r\n\tat java.base/jdk.internal.reflect.DelegatingMethodAccessorImpl.invoke(DelegatingMethodAccessorImpl.java:43)\r\n\tat java.base/java.lang.reflect.Method.invoke(Method.java:566)\r\n\tat org.testng.internal.invokers.MethodInvocationHelper.invokeMethod(MethodInvocationHelper.java:139)\r\n\tat org.testng.internal.invokers.TestInvoker.invokeMethod(TestInvoker.java:677)\r\n\tat org.testng.internal.invokers.TestInvoker.invokeTestMethod(TestInvoker.java:221)\r\n\tat org.testng.internal.invokers.MethodRunner.runInSequence(MethodRunner.java:50)\r\n\tat org.testng.internal.invokers.TestInvoker$MethodInvocationAgent.invoke(TestInvoker.java:962)\r\n\tat org.testng.internal.invokers.TestInvoker.invokeTestMethods(TestInvoker.java:194)\r\n\tat org.testng.internal.invokers.TestMethodWorker.invokeTestMethods(TestMethodWorker.java:148)\r\n\tat org.testng.internal.invokers.TestMethodWorker.run(TestMethodWorker.java:128)\r\n\tat java.base/java.util.ArrayList.forEach(ArrayList.java:1541)\r\n\tat org.testng.TestRunner.privateRun(TestRunner.java:806)\r\n\tat org.testng.TestRunner.run(TestRunner.java:601)\r\n\tat org.testng.SuiteRunner.runTest(SuiteRunner.java:433)\r\n\tat org.testng.SuiteRunner.runSequentially(SuiteRunner.java:427)\r\n\tat org.testng.SuiteRunner.privateRun(SuiteRunner.java:387)\r\n\tat org.testng.SuiteRunner.run(SuiteRunner.java:330)\r\n\tat org.testng.SuiteRunnerWorker.runSuite(SuiteRunnerWorker.java:52)\r\n\tat org.testng.SuiteRunnerWorker.run(SuiteRunnerWorker.java:95)\r\n\tat org.testng.TestNG.runSuitesSequentially(TestNG.java:1256)\r\n\tat org.testng.TestNG.runSuitesSequentially(TestNG.java:1251)\r\n\tat org.testng.TestNG.runSuitesLocally(TestNG.java:1176)\r\n\tat org.testng.TestNG.runSuites(TestNG.java:1099)\r\n\tat org.testng.TestNG.run(TestNG.java:1067)\r\n\tat org.testng.remote.AbstractRemoteTestNG.run(AbstractRemoteTestNG.java:115)\r\n\tat org.testng.remote.RemoteTestNG.initAndRun(RemoteTestNG.java:251)\r\n\tat org.testng.remote.RemoteTestNG.main(RemoteTestNG.java:77)\r\n"},"stage":"finished","steps":[],"attachments":[],"parameters":[],"start":1719413172400,"stop":1719413172401}],"attachments":[],"parameters":[{"name":"browser","value":"chrome"}],"start":1719413083014,"stop":1719413172401}