{"uuid":"a9baf92b-5823-4163-b7f2-4313130c359b","historyId":"6de1f976e7428c4a80ae0220d7a53f02","fullName":"net.testcases_worktimemodule.AOS.AOSAddNew.addNewFunction","labels":[{"name":"package","value":"net.testcases_worktimemodule.AOS.AOSAddNew"},{"name":"testClass","value":"net.testcases_worktimemodule.AOS.AOSAddNew"},{"name":"testMethod","value":"addNewFunction"},{"name":"parentSuite","value":"net.testcases_worktimemodule.AOS"},{"name":"suite","value":"AOS"},{"name":"subSuite","value":"net.testcases_worktimemodule.AOS.AOSAddNew"},{"name":"host","value":"JAMOCHA30"},{"name":"thread","value":"9232@JAMOCHA30.main(1)"},{"name":"framework","value":"testng"},{"name":"language","value":"java"}],"links":[],"name":"addNewFunction","status":"skipped","statusDetails":{"known":false,"muted":false,"flaky":false,"message":"java.lang.AssertionError","trace":"java.lang.AssertionError\r\n\tat org.junit.Assert.fail(Assert.java:86)\r\n\tat org.junit.Assert.assertTrue(Assert.java:41)\r\n\tat org.junit.Assert.assertTrue(Assert.java:52)\r\n\tat net.testcases_worktimemodule.AOS.AOSAddNew.addNewFunction(AOSAddNew.java:76)\r\n\tat java.base/jdk.internal.reflect.NativeMethodAccessorImpl.invoke0(Native Method)\r\n\tat java.base/jdk.internal.reflect.NativeMethodAccessorImpl.invoke(NativeMethodAccessorImpl.java:62)\r\n\tat java.base/jdk.internal.reflect.DelegatingMethodAccessorImpl.invoke(DelegatingMethodAccessorImpl.java:43)\r\n\tat java.base/java.lang.reflect.Method.invoke(Method.java:566)\r\n\tat org.testng.internal.invokers.MethodInvocationHelper.invokeMethod(MethodInvocationHelper.java:139)\r\n\tat org.testng.internal.invokers.TestInvoker.invokeMethod(TestInvoker.java:677)\r\n\tat org.testng.internal.invokers.TestInvoker.invokeTestMethod(TestInvoker.java:221)\r\n\tat org.testng.internal.invokers.MethodRunner.runInSequence(MethodRunner.java:50)\r\n\tat org.testng.internal.invokers.TestInvoker$MethodInvocationAgent.invoke(TestInvoker.java:962)\r\n\tat org.testng.internal.invokers.TestInvoker.invokeTestMethods(TestInvoker.java:194)\r\n\tat org.testng.internal.invokers.TestMethodWorker.invokeTestMethods(TestMethodWorker.java:148)\r\n\tat org.testng.internal.invokers.TestMethodWorker.run(TestMethodWorker.java:128)\r\n\tat java.base/java.util.ArrayList.forEach(ArrayList.java:1541)\r\n\tat org.testng.TestRunner.privateRun(TestRunner.java:806)\r\n\tat org.testng.TestRunner.run(TestRunner.java:601)\r\n\tat org.testng.SuiteRunner.runTest(SuiteRunner.java:433)\r\n\tat org.testng.SuiteRunner.runSequentially(SuiteRunner.java:427)\r\n\tat org.testng.SuiteRunner.privateRun(SuiteRunner.java:387)\r\n\tat org.testng.SuiteRunner.run(SuiteRunner.java:330)\r\n\tat org.testng.SuiteRunnerWorker.runSuite(SuiteRunnerWorker.java:52)\r\n\tat org.testng.SuiteRunnerWorker.run(SuiteRunnerWorker.java:95)\r\n\tat org.testng.TestNG.runSuitesSequentially(TestNG.java:1256)\r\n\tat org.testng.TestNG.runSuitesSequentially(TestNG.java:1251)\r\n\tat org.testng.TestNG.runSuitesLocally(TestNG.java:1176)\r\n\tat org.testng.TestNG.runSuites(TestNG.java:1099)\r\n\tat org.testng.TestNG.run(TestNG.java:1067)\r\n\tat org.testng.remote.AbstractRemoteTestNG.run(AbstractRemoteTestNG.java:115)\r\n\tat org.testng.remote.RemoteTestNG.initAndRun(RemoteTestNG.java:251)\r\n\tat org.testng.remote.RemoteTestNG.main(RemoteTestNG.java:77)\r\n"},"stage":"finished","description":"Test Description: In This test case we are downloading the excel and validating few data ","steps":[{"name":"login to application","status":"passed","stage":"finished","steps":[],"attachments":[],"parameters":[{"name":"browser","value":"chrome"}],"start":1719409717538,"stop":1719409719761},{"name":"Click Add New Button","status":"passed","stage":"finished","steps":[],"attachments":[],"parameters":[],"start":1719409727701,"stop":1719409729421},{"name":"Click Send Application Name Text","status":"passed","stage":"finished","steps":[],"attachments":[],"parameters":[{"name":"name","value":"TPJWHZE"}],"start":1719409729422,"stop":1719409729582},{"name":"SELECT Activity Type Drp DOWN","status":"passed","stage":"finished","steps":[],"attachments":[],"parameters":[],"start":1719409729583,"stop":1719409729679},{"name":"Click Add NEW SAVE Btn","status":"passed","stage":"finished","steps":[],"attachments":[],"parameters":[],"start":1719409729679,"stop":1719409729799},{"name":"Click Signature Ok Button","status":"passed","stage":"finished","steps":[],"attachments":[],"parameters":[],"start":1719409729799,"stop":1719409730497},{"name":"Send Window Title","status":"passed","stage":"finished","steps":[],"attachments":[],"parameters":[{"name":"title","value":"www"}],"start":1719409730497,"stop":1719409730586},{"name":"Click Add Title Button","status":"passed","stage":"finished","steps":[],"attachments":[],"parameters":[],"start":1719409730586,"stop":1719409730877},{"name":"Click Save Signature Button","status":"passed","stage":"finished","steps":[],"attachments":[],"parameters":[],"start":1719409730878,"stop":1719409744707},{"name":"GET Element in ROW to List","status":"passed","stage":"finished","steps":[],"attachments":[],"parameters":[],"start":1719409746720,"stop":1719409751101}],"attachments":[],"parameters":[{"name":"browser","value":"chrome"}],"start":1719409717537,"stop":1719409751102}