<?xml version="1.0" encoding="UTF-8"?>
<!-- Generated by org.testng.reporters.JUnitXMLReporter -->
<testsuite ignored="0" hostname="JAMOCHA30" failures="1" tests="62" name="chrome" time="839.669" errors="0" timestamp="2024-06-03T16:57:36 IST">
  <testcase classname="net.testcases_superadmin.ClientExcelExport" name="clientExcelExport" time="11.574"/>
  <testcase classname="net.testcases_superadmin.ClientsAllocatedRequiredField" name="clientsAllocatedRequiredField" time="10.278"/>
  <testcase classname="net.testcases_superadmin.ClientsLogs" name="clientsLogs" time="9.407"/>
  <testcase classname="net.testcases_superadmin.CustomAdapterRequiredField" name="customAdapterRequiredField" time="12.965"/>
  <testcase classname="net.testcases_superadmin.CustomAdapterMultipleDateVerification" name="customAdapterMultipleDateVerification" time="12.212"/>
  <testcase classname="net.testcases_superadmin.CustomAdapterExcelValidation" name="customAdapterExcelValidation" time="11.804"/>
  <testcase classname="net.testcases_superadmin.CustomAdapterAdd" name="customAdapterAdd" time="11.972"/>
  <testcase classname="net.testcases_superadmin.CustomAdapterDateVerification" name="customAdapterDateVerification" time="11.715"/>
  <testcase classname="net.testcases_superadmin.CustomAdapterDateRangeVerification" name="customAdapterDateRangeVerification" time="11.917"/>
  <testcase classname="net.testcases_superadmin.CustomAdapterPDFValidation" name="customAdapterPDFValidation" time="13.523"/>
  <testcase classname="net.testcases_superadmin.CustomAdapterCloseBtn" name="customAdapterCloseBtn" time="12.505"/>
  <testcase classname="net.testcases_superadmin.GlobalTimeZoneActive" name="globalTimeZoneActive" time="10.539"/>
  <testcase classname="net.testcases_superadmin.GlobalTimeZonePdfExport" name="globalTimeZonePdfExport" time="15.198"/>
  <testcase classname="net.testcases_superadmin.GlobalTimeZoneExcelExport" name="globalTimeZoneActive" time="15.077"/>
  <testcase classname="net.testcases_superadmin.GlobalTimeZoneModify" name="globaltimeZoneModify" time="10.398"/>
  <testcase classname="net.testcases_superadmin.GlobalTimeZoneSorting" name="serviceManagerSorting" time="37.493"/>
  <testcase classname="net.testcases_superadmin.PartitionManagerClear" name="partitionManagerClear" time="10.061"/>
  <testcase classname="net.testcases_superadmin.PatitionManagerWithManyEmails" name="patitionManagerWithManyEmails" time="7.137"/>
  <testcase classname="net.testcases_superadmin.PartitionManangerSave" name="partitionManangerSave" time="15.103"/>
  <testcase classname="net.testcases_superadmin.PartitionManagerWithMissedEmail" name="partitionManagerWithMissedEmail" time="9.844"/>
  <testcase classname="net.testcases_superadmin.GlobalSettingCoreServicRequiredFields" name="globalSettingCoreServicRequiredFields" time="16.341"/>
  <testcase classname="net.testcases_superadmin.GlobalSettingEmailServerMissedUsername" name="globalSettingsEmailServerSave" time="10.05"/>
  <testcase classname="net.testcases_superadmin.GlobalSettingClientSave" name="globalSettingClientSave" time="31.514"/>
  <testcase classname="net.testcases_superadmin.GlobalSettingCoreServicesSave" name="globalSettingCoreServicesSave" time="7.845"/>
  <testcase classname="net.testcases_superadmin.GlobalSettingsEmailServerClear" name="globalSettingsEmailServerClear" time="6.388">
    <skipped/>
  </testcase> <!-- globalSettingsEmailServerClear -->
  <testcase classname="net.testcases_superadmin.GlobalSettingsEmailServerClear" name="globalSettingsEmailServerClear" time="7.379"/>
  <testcase classname="net.testcases_superadmin.GlobalSettingCoreServiceForGoalNotificationRange" name="globalSettingCoreServiceForGoalNotificationRange" time="13.405"/>
  <testcase classname="net.testcases_superadmin.GlobalSettingApplicationUrlClear" name="globalSettingApplicationUrlClear" time="8.585"/>
  <testcase classname="net.testcases_superadmin.GlobalSettingCoreserviceClientRawDataVerification" name="globalSettingCoreServiceForGoalNotificationRange" time="8.323">
    <skipped/>
  </testcase> <!-- globalSettingCoreServiceForGoalNotificationRange -->
  <testcase classname="net.testcases_superadmin.GlobalSettingCoreserviceClientRawDataVerification" name="globalSettingCoreServiceForGoalNotificationRange" time="8.405">
    <skipped/>
  </testcase> <!-- globalSettingCoreServiceForGoalNotificationRange -->
  <testcase classname="net.testcases_superadmin.GlobalSettingCoreserviceClientRawDataVerification" name="globalSettingCoreServiceForGoalNotificationRange" time="9.605">
    <failure type="org.openqa.selenium.ElementNotInteractableException" message="element not interactable
  (Session info: chrome=118.0.5993.118)
Build info: version: &amp;apos;4.13.0&amp;apos;, revision: &amp;apos;ba948ece5b*&amp;apos;
System info: os.name: &amp;apos;Windows 10&amp;apos;, os.arch: &amp;apos;amd64&amp;apos;, os.version: &amp;apos;10.0&amp;apos;, java.version: &amp;apos;11.0.21&amp;apos;
Driver info: org.openqa.selenium.chrome.ChromeDriver
Command: [db8e6ac0b022c85ff64ae592f960c06a, sendKeysToElement {id=7BFA84EE09A919146388FA14AA7BB58B_element_640, value=[Ljava.lang.CharSequence;@215d43}]
Capabilities {acceptInsecureCerts: false, browserName: chrome, browserVersion: 118.0.5993.118, chrome: {chromedriverVersion: 118.0.5993.70 (e52f33f30b91..., userDataDir: C:\Users\pavana.c\AppData\L...}, fedcm:accounts: true, goog:chromeOptions: {debuggerAddress: localhost:60752}, networkConnectionEnabled: false, pageLoadStrategy: normal, platformName: windows, proxy: Proxy(), se:cdp: ws://localhost:60752/devtoo..., se:cdpVersion: 118.0.5993.118, setWindowRect: true, strictFileInteractability: false, timeouts: {implicit: 0, pageLoad: 300000, script: 30000}, unhandledPromptBehavior: dismiss and notify, webauthn:extension:credBlob: true, webauthn:extension:largeBlob: true, webauthn:extension:minPinLength: true, webauthn:extension:prf: true, webauthn:virtualAuthenticators: true}
Element: [[ChromeDriver: chrome on windows (db8e6ac0b022c85ff64ae592f960c06a)] -&amp;gt; id: probeRawDataRecoveryPeriod]
Session ID: db8e6ac0b022c85ff64ae592f960c06a">
      <![CDATA[org.openqa.selenium.ElementNotInteractableException: element not interactable
  (Session info: chrome=118.0.5993.118)
Build info: version: '4.13.0', revision: 'ba948ece5b*'
System info: os.name: 'Windows 10', os.arch: 'amd64', os.version: '10.0', java.version: '11.0.21'
Driver info: org.openqa.selenium.chrome.ChromeDriver
Command: [db8e6ac0b022c85ff64ae592f960c06a, sendKeysToElement {id=7BFA84EE09A919146388FA14AA7BB58B_element_640, value=[Ljava.lang.CharSequence;@215d43}]
Capabilities {acceptInsecureCerts: false, browserName: chrome, browserVersion: 118.0.5993.118, chrome: {chromedriverVersion: 118.0.5993.70 (e52f33f30b91..., userDataDir: C:\Users\pavana.c\AppData\L...}, fedcm:accounts: true, goog:chromeOptions: {debuggerAddress: localhost:60752}, networkConnectionEnabled: false, pageLoadStrategy: normal, platformName: windows, proxy: Proxy(), se:cdp: ws://localhost:60752/devtoo..., se:cdpVersion: 118.0.5993.118, setWindowRect: true, strictFileInteractability: false, timeouts: {implicit: 0, pageLoad: 300000, script: 30000}, unhandledPromptBehavior: dismiss and notify, webauthn:extension:credBlob: true, webauthn:extension:largeBlob: true, webauthn:extension:minPinLength: true, webauthn:extension:prf: true, webauthn:virtualAuthenticators: true}
Element: [[ChromeDriver: chrome on windows (db8e6ac0b022c85ff64ae592f960c06a)] -> id: probeRawDataRecoveryPeriod]
Session ID: db8e6ac0b022c85ff64ae592f960c06a
at org.openqa.selenium.remote.codec.w3c.W3CHttpResponseCodec.createException(W3CHttpResponseCodec.java:200)
at org.openqa.selenium.remote.codec.w3c.W3CHttpResponseCodec.decode(W3CHttpResponseCodec.java:133)
at org.openqa.selenium.remote.codec.w3c.W3CHttpResponseCodec.decode(W3CHttpResponseCodec.java:52)
at org.openqa.selenium.remote.HttpCommandExecutor.execute(HttpCommandExecutor.java:191)
at org.openqa.selenium.remote.service.DriverCommandExecutor.invokeExecute(DriverCommandExecutor.java:196)
at org.openqa.selenium.remote.service.DriverCommandExecutor.execute(DriverCommandExecutor.java:171)
at org.openqa.selenium.remote.RemoteWebDriver.execute(RemoteWebDriver.java:602)
at org.openqa.selenium.remote.RemoteWebElement.execute(RemoteWebElement.java:224)
at org.openqa.selenium.remote.RemoteWebElement.sendKeys(RemoteWebElement.java:111)
at org.openqa.selenium.support.pagefactory.internal.LocatingElementHandler.invoke(LocatingElementHandler.java:51)
at com.sun.proxy.$Proxy14.sendKeys(Unknown Source)
at net.pages_superadmin.GlobalSettingsPage.clickprobeRawDataRecoveryPeriod(GlobalSettingsPage.java:449)
at net.testcases_superadmin.GlobalSettingCoreserviceClientRawDataVerification.globalSettingCoreServiceForGoalNotificationRange(GlobalSettingCoreserviceClientRawDataVerification.java:52)
at java.base/java.util.ArrayList.forEach(ArrayList.java:1541)
... Removed 34 stack frames]]>
    </failure>
  </testcase> <!-- globalSettingCoreServiceForGoalNotificationRange -->
  <testcase classname="net.testcases_superadmin.GlobalSettingEmailServerMissingPasswordRequiredField" name="globalSettingsEmailServerSave" time="11.491"/>
  <testcase classname="net.testcases_superadmin.GlobalSettingApplicationURLSave" name="globalSettingClientSave" time="13.617"/>
  <testcase classname="net.testcases_superadmin.GlobalSettingCoreServiceSpecificClientDateVerfication" name="globalSettingCoreServiceForGoalNotificationRange" time="10.725"/>
  <testcase classname="net.testcases_superadmin.GlobalSettingsEmailServerSave" name="globalSettingsEmailServerSave" time="11.811"/>
  <testcase classname="net.testcases_superadmin.GlobalSettingsClientsClearBtn" name="globalSettingsClientsClearBtn" time="11.587"/>
  <testcase classname="net.testcases_superadmin.GlobalSettingEmailserMissingFromAddressField" name="globalSettingEmailserMissingFromAddressField" time="11.355"/>
  <testcase classname="net.testcases_superadmin.GlobalSettingCoreServicesClear" name="globalSettingCoreServicesClear" time="10.197"/>
  <testcase classname="net.testcases_superadmin.GlobalLanguageActiveAndInactive" name="globalTimeZoneActive" time="9.987"/>
  <testcase classname="net.testcases_superadmin.GlobalLanguagePdfExport" name="globalLanguagePdfExport" time="14.317"/>
  <testcase classname="net.testcases_superadmin.GlobalLanguageExcelExport" name="globalLanguageExcelExport" time="15.55"/>
  <testcase classname="net.testcases_superadmin.GlobalLanguageModify" name="globalTimeZoneActive" time="10.66"/>
  <testcase classname="net.testcases_superadmin.GlobalLanguageSearchValidation" name="globalLanguageSearchValidation" time="12.157"/>
  <testcase classname="net.testcases_superadmin.GlobalLanguageSortingValidation" name="globalLanguageSortingValidation" time="16.583"/>
  <testcase classname="net.testcases_superadmin.ClientsPDFExport" name="clientsPDFExport" time="13.577"/>
  <testcase classname="net.testcases_superadmin.ClientsMissingToSelectClient" name="clientsAllocatedRequiredField" time="12.343"/>
  <testcase classname="net.testcases_superadmin.ClientsUnkownClientsToKnown" name="clientExcelExport" time="14.887"/>
  <testcase classname="net.testcases_superadmin.ClientsSorting" name="clientsSorting" time="27.303"/>
  <testcase classname="net.testcases_superadmin.ClientsSearchValidation" name="clientsSearchValidation" time="9.102"/>
  <testcase classname="net.testcases_superadmin.DataComponentsRefresh" name="dataComponentsRefresh" time="10.14"/>
  <testcase classname="net.testcases_superadmin.DataComponentsDownload" name="dataComponentsDownload" time="10.569"/>
  <testcase classname="net.testcases_superadmin.DataComponentsSorting" name="dataComponentsSorting" time="34.473"/>
  <testcase classname="net.testcases_superadmin.DataComponentsVerify" name="dataComponentsVerify" time="21.4"/>
  <testcase classname="net.testcases_superadmin.DistributedCacheReload" name="distributedCacheReload" time="8.388">
    <skipped/>
  </testcase> <!-- distributedCacheReload -->
  <testcase classname="net.testcases_superadmin.DistributedCacheReload" name="distributedCacheReload" time="12.183"/>
  <testcase classname="net.testcases_superadmin.DistributedCacheWithUnselectedCache" name="distributedCacheWithUnselectedCache" time="15.574"/>
  <testcase classname="net.testcases_superadmin.DistributedCacheSelectAllAndClear" name="distributedCacheSelectAllAndClear" time="10.662"/>
  <testcase classname="net.testcases_superadmin.ServiceManagerSearching" name="serviceManagerSearching" time="11.736"/>
  <testcase classname="net.testcases_superadmin.ServiceManagerSorting" name="serviceManagerSorting" time="15.549"/>
  <testcase classname="net.testcases_superadmin.IntegrationClearValidation" name="integrationClearValidation" time="7.756"/>
  <testcase classname="net.testcases_superadmin.IntegrationsSaveValidation" name="integrationsSaveValidation" time="15.162"/>
  <testcase classname="net.testcases_superadmin.SessionUtlitiliesDownloadValidation" name="sessionUtilitiesWithMissingRecordsToSelect" time="17.739"/>
</testsuite> <!-- chrome -->
