<html>
<head>
<title>TestNG:  chrome</title>
<link href="../testng.css" rel="stylesheet" type="text/css" />
<link href="../my-testng.css" rel="stylesheet" type="text/css" />

<style type="text/css">
.log { display: none;} 
.stack-trace { display: none;} 
</style>
<script type="text/javascript">
<!--
function flip(e) {
  current = e.style.display;
  if (current == 'block') {
    e.style.display = 'none';
    return 0;
  }
  else {
    e.style.display = 'block';
    return 1;
  }
}

function toggleBox(szDivId, elem, msg1, msg2)
{
  var res = -1;  if (document.getElementById) {
    res = flip(document.getElementById(szDivId));
  }
  else if (document.all) {
    // this is the way old msie versions work
    res = flip(document.all[szDivId]);
  }
  if(elem) {
    if(res == 0) elem.innerHTML = msg1; else elem.innerHTML = msg2;
  }

}

function toggleAllBoxes() {
  if (document.getElementsByTagName) {
    d = document.getElementsByTagName('div');
    for (i = 0; i < d.length; i++) {
      if (d[i].className == 'log') {
        flip(d[i]);
      }
    }
  }
}

// -->
</script>

</head>
<body>
<h2 align='center'>chrome</h2><table border='1' align="center">
<tr>
<td>Tests passed/Failed/Skipped:</td><td>57/1/4</td>
</tr><tr>
<td>Started on:</td><td>Mon Jun 03 16:43:36 IST 2024</td>
</tr>
<tr><td>Total time:</td><td>839 seconds (839669 ms)</td>
</tr><tr>
<td>Included groups:</td><td></td>
</tr><tr>
<td>Excluded groups:</td><td></td>
</tr>
</table><p/>
<small><i>(Hover the method name to see the test class name)</i></small><p/>
<table width='100%' border='1' class='invocation-failed'>
<tr><td colspan='4' align='center'><b>FAILED TESTS</b></td></tr>
<tr><td><b>Test method</b></td>
<td><b>Attribute(s)</b></td>
<td width="30%"><b>Exception</b></td>
<td width="10%"><b>Time (seconds)</b></td>
<td><b>Instance</b></td>
</tr>
<tr>
<td title='net.testcases_superadmin.GlobalSettingCoreserviceClientRawDataVerification.globalSettingCoreServiceForGoalNotificationRange()'><b>globalSettingCoreServiceForGoalNotificationRange</b><br>Test class: net.testcases_superadmin.GlobalSettingCoreserviceClientRawDataVerification<br>Parameters: chrome</td>
<td><div><pre>org.openqa.selenium.ElementNotInteractableException: element not interactable
  (Session info: chrome=118.0.5993.118)
Build info: version: &apos;4.13.0&apos;, revision: &apos;ba948ece5b*&apos;
System info: os.name: &apos;Windows 10&apos;, os.arch: &apos;amd64&apos;, os.version: &apos;10.0&apos;, java.version: &apos;11.0.21&apos;
Driver info: org.openqa.selenium.chrome.ChromeDriver
Command: [db8e6ac0b022c85ff64ae592f960c06a, sendKeysToElement {id=7BFA84EE09A919146388FA14AA7BB58B_element_640, value=[Ljava.lang.CharSequence;@215d43}]
Capabilities {acceptInsecureCerts: false, browserName: chrome, browserVersion: 118.0.5993.118, chrome: {chromedriverVersion: 118.0.5993.70 (e52f33f30b91..., userDataDir: C:\Users\pavana.c\AppData\L...}, fedcm:accounts: true, goog:chromeOptions: {debuggerAddress: localhost:60752}, networkConnectionEnabled: false, pageLoadStrategy: normal, platformName: windows, proxy: Proxy(), se:cdp: ws://localhost:60752/devtoo..., se:cdpVersion: 118.0.5993.118, setWindowRect: true, strictFileInteractability: false, timeouts: {implicit: 0, pageLoad: 300000, script: 30000}, unhandledPromptBehavior: dismiss and notify, webauthn:extension:credBlob: true, webauthn:extension:largeBlob: true, webauthn:extension:minPinLength: true, webauthn:extension:prf: true, webauthn:virtualAuthenticators: true}
Element: [[ChromeDriver: chrome on windows (db8e6ac0b022c85ff64ae592f960c06a)] -&gt; id: probeRawDataRecoveryPeriod]
Session ID: db8e6ac0b022c85ff64ae592f960c06a
	at org.openqa.selenium.remote.codec.w3c.W3CHttpResponseCodec.createException(W3CHttpResponseCodec.java:200)
	at org.openqa.selenium.remote.codec.w3c.W3CHttpResponseCodec.decode(W3CHttpResponseCodec.java:133)
	at org.openqa.selenium.remote.codec.w3c.W3CHttpResponseCodec.decode(W3CHttpResponseCodec.java:52)
	at org.openqa.selenium.remote.HttpCommandExecutor.execute(HttpCommandExecutor.java:191)
	at org.openqa.selenium.remote.service.DriverCommandExecutor.invokeExecute(DriverCommandExecutor.java:196)
	at org.openqa.selenium.remote.service.DriverCommandExecutor.execute(DriverCommandExecutor.java:171)
	at org.openqa.selenium.remote.RemoteWebDriver.execute(RemoteWebDriver.java:602)
	at org.openqa.selenium.remote.RemoteWebElement.execute(RemoteWebElement.java:224)
	at org.openqa.selenium.remote.RemoteWebElement.sendKeys(RemoteWebElement.java:111)
	at org.openqa.selenium.support.pagefactory.internal.LocatingElementHandler.invoke(LocatingElementHandler.java:51)
	at com.sun.proxy.$Proxy14.sendKeys(Unknown Source)
	at net.pages_superadmin.GlobalSettingsPage.clickprobeRawDataRecoveryPeriod(GlobalSettingsPage.java:449)
	at net.testcases_superadmin.GlobalSettingCoreserviceClientRawDataVerification.globalSettingCoreServiceForGoalNotificationRange(GlobalSettingCoreserviceClientRawDataVerification.java:52)
	at java.base/java.util.ArrayList.forEach(ArrayList.java:1541)
... Removed 34 stack frames</pre></div><a href='#' onClick='toggleBox("stack-trace1459466781", this, "Click to show all stack frames", "Click to hide stack frames")'>Click to show all stack frames</a>
<div class='stack-trace' id='stack-trace1459466781'><pre>org.openqa.selenium.ElementNotInteractableException: element not interactable
  (Session info: chrome=118.0.5993.118)
Build info: version: &apos;4.13.0&apos;, revision: &apos;ba948ece5b*&apos;
System info: os.name: &apos;Windows 10&apos;, os.arch: &apos;amd64&apos;, os.version: &apos;10.0&apos;, java.version: &apos;11.0.21&apos;
Driver info: org.openqa.selenium.chrome.ChromeDriver
Command: [db8e6ac0b022c85ff64ae592f960c06a, sendKeysToElement {id=7BFA84EE09A919146388FA14AA7BB58B_element_640, value=[Ljava.lang.CharSequence;@215d43}]
Capabilities {acceptInsecureCerts: false, browserName: chrome, browserVersion: 118.0.5993.118, chrome: {chromedriverVersion: 118.0.5993.70 (e52f33f30b91..., userDataDir: C:\Users\pavana.c\AppData\L...}, fedcm:accounts: true, goog:chromeOptions: {debuggerAddress: localhost:60752}, networkConnectionEnabled: false, pageLoadStrategy: normal, platformName: windows, proxy: Proxy(), se:cdp: ws://localhost:60752/devtoo..., se:cdpVersion: 118.0.5993.118, setWindowRect: true, strictFileInteractability: false, timeouts: {implicit: 0, pageLoad: 300000, script: 30000}, unhandledPromptBehavior: dismiss and notify, webauthn:extension:credBlob: true, webauthn:extension:largeBlob: true, webauthn:extension:minPinLength: true, webauthn:extension:prf: true, webauthn:virtualAuthenticators: true}
Element: [[ChromeDriver: chrome on windows (db8e6ac0b022c85ff64ae592f960c06a)] -&gt; id: probeRawDataRecoveryPeriod]
Session ID: db8e6ac0b022c85ff64ae592f960c06a
	at jdk.internal.reflect.GeneratedConstructorAccessor102.newInstance(Unknown Source)
	at java.base/jdk.internal.reflect.DelegatingConstructorAccessorImpl.newInstance(DelegatingConstructorAccessorImpl.java:45)
	at java.base/java.lang.reflect.Constructor.newInstance(Constructor.java:490)
	at org.openqa.selenium.remote.codec.w3c.W3CHttpResponseCodec.createException(W3CHttpResponseCodec.java:200)
	at org.openqa.selenium.remote.codec.w3c.W3CHttpResponseCodec.decode(W3CHttpResponseCodec.java:133)
	at org.openqa.selenium.remote.codec.w3c.W3CHttpResponseCodec.decode(W3CHttpResponseCodec.java:52)
	at org.openqa.selenium.remote.HttpCommandExecutor.execute(HttpCommandExecutor.java:191)
	at org.openqa.selenium.remote.service.DriverCommandExecutor.invokeExecute(DriverCommandExecutor.java:196)
	at org.openqa.selenium.remote.service.DriverCommandExecutor.execute(DriverCommandExecutor.java:171)
	at org.openqa.selenium.remote.RemoteWebDriver.execute(RemoteWebDriver.java:602)
	at org.openqa.selenium.remote.RemoteWebElement.execute(RemoteWebElement.java:224)
	at org.openqa.selenium.remote.RemoteWebElement.sendKeys(RemoteWebElement.java:111)
	at jdk.internal.reflect.GeneratedMethodAccessor20.invoke(Unknown Source)
	at java.base/jdk.internal.reflect.DelegatingMethodAccessorImpl.invoke(DelegatingMethodAccessorImpl.java:43)
	at java.base/java.lang.reflect.Method.invoke(Method.java:566)
	at org.openqa.selenium.support.pagefactory.internal.LocatingElementHandler.invoke(LocatingElementHandler.java:51)
	at com.sun.proxy.$Proxy14.sendKeys(Unknown Source)
	at net.pages_superadmin.GlobalSettingsPage.clickprobeRawDataRecoveryPeriod(GlobalSettingsPage.java:449)
	at net.testcases_superadmin.GlobalSettingCoreserviceClientRawDataVerification.globalSettingCoreServiceForGoalNotificationRange(GlobalSettingCoreserviceClientRawDataVerification.java:52)
	at java.base/jdk.internal.reflect.NativeMethodAccessorImpl.invoke0(Native Method)
	at java.base/jdk.internal.reflect.NativeMethodAccessorImpl.invoke(NativeMethodAccessorImpl.java:62)
	at java.base/jdk.internal.reflect.DelegatingMethodAccessorImpl.invoke(DelegatingMethodAccessorImpl.java:43)
	at java.base/java.lang.reflect.Method.invoke(Method.java:566)
	at org.testng.internal.invokers.MethodInvocationHelper.invokeMethod(MethodInvocationHelper.java:139)
	at org.testng.internal.invokers.TestInvoker.invokeMethod(TestInvoker.java:677)
	at org.testng.internal.invokers.TestInvoker.retryFailed(TestInvoker.java:263)
	at org.testng.internal.invokers.MethodRunner.runInSequence(MethodRunner.java:62)
	at org.testng.internal.invokers.TestInvoker$MethodInvocationAgent.invoke(TestInvoker.java:962)
	at org.testng.internal.invokers.TestInvoker.invokeTestMethods(TestInvoker.java:194)
	at org.testng.internal.invokers.TestMethodWorker.invokeTestMethods(TestMethodWorker.java:148)
	at org.testng.internal.invokers.TestMethodWorker.run(TestMethodWorker.java:128)
	at java.base/java.util.ArrayList.forEach(ArrayList.java:1541)
	at org.testng.TestRunner.privateRun(TestRunner.java:806)
	at org.testng.TestRunner.run(TestRunner.java:601)
	at org.testng.SuiteRunner.runTest(SuiteRunner.java:433)
	at org.testng.SuiteRunner.runSequentially(SuiteRunner.java:427)
	at org.testng.SuiteRunner.privateRun(SuiteRunner.java:387)
	at org.testng.SuiteRunner.run(SuiteRunner.java:330)
	at org.testng.SuiteRunnerWorker.runSuite(SuiteRunnerWorker.java:52)
	at org.testng.SuiteRunnerWorker.run(SuiteRunnerWorker.java:95)
	at org.testng.TestNG.runSuitesSequentially(TestNG.java:1256)
	at org.testng.TestNG.runSuitesSequentially(TestNG.java:1251)
	at org.testng.TestNG.runSuitesLocally(TestNG.java:1176)
	at org.testng.TestNG.runSuites(TestNG.java:1099)
	at org.testng.TestNG.run(TestNG.java:1067)
	at org.testng.remote.AbstractRemoteTestNG.run(AbstractRemoteTestNG.java:115)
	at org.testng.remote.RemoteTestNG.initAndRun(RemoteTestNG.java:251)
	at org.testng.remote.RemoteTestNG.main(RemoteTestNG.java:77)
</pre></div></td>
<td>9</td>
<td>net.testcases_superadmin.GlobalSettingCoreserviceClientRawDataVerification@608cd501</td></tr>
</table><p>
<table width='100%' border='1' class='invocation-passed'>
<tr><td colspan='4' align='center'><b>PASSED TESTS</b></td></tr>
<tr><td><b>Test method</b></td>
<td><b>Attribute(s)</b></td>
<td width="30%"><b>Exception</b></td>
<td width="10%"><b>Time (seconds)</b></td>
<td><b>Instance</b></td>
</tr>
<tr>
<td title='net.testcases_superadmin.CustomAdapterExcelValidation.customAdapterExcelValidation()'><b>customAdapterExcelValidation</b><br>Test class: net.testcases_superadmin.CustomAdapterExcelValidation<br>Parameters: chrome</td>
<td></td>
<td>11</td>
<td>net.testcases_superadmin.CustomAdapterExcelValidation@79627d27</td></tr>
<tr>
<td title='net.testcases_superadmin.GlobalTimeZoneModify.globaltimeZoneModify()'><b>globaltimeZoneModify</b><br>Test class: net.testcases_superadmin.GlobalTimeZoneModify<br>Parameters: chrome</td>
<td></td>
<td>10</td>
<td>net.testcases_superadmin.GlobalTimeZoneModify@5aa62ee7</td></tr>
<tr>
<td title='net.testcases_superadmin.GlobalSettingsEmailServerSave.globalSettingsEmailServerSave()'><b>globalSettingsEmailServerSave</b><br>Test class: net.testcases_superadmin.GlobalSettingsEmailServerSave<br>Parameters: chrome</td>
<td></td>
<td>11</td>
<td>net.testcases_superadmin.GlobalSettingsEmailServerSave@65be88ae</td></tr>
<tr>
<td title='net.testcases_superadmin.GlobalSettingsClientsClearBtn.globalSettingsClientsClearBtn()'><b>globalSettingsClientsClearBtn</b><br>Test class: net.testcases_superadmin.GlobalSettingsClientsClearBtn<br>Parameters: chrome</td>
<td></td>
<td>11</td>
<td>net.testcases_superadmin.GlobalSettingsClientsClearBtn@62ade015</td></tr>
<tr>
<td title='net.testcases_superadmin.ServiceManagerSorting.serviceManagerSorting()'><b>serviceManagerSorting</b><br>Test class: net.testcases_superadmin.ServiceManagerSorting<br>Parameters: chrome</td>
<td></td>
<td>15</td>
<td>net.testcases_superadmin.ServiceManagerSorting@53eba4b8</td></tr>
<tr>
<td title='net.testcases_superadmin.DistributedCacheReload.distributedCacheReload()'><b>distributedCacheReload</b><br>Test class: net.testcases_superadmin.DistributedCacheReload<br>Parameters: chrome</td>
<td></td>
<td>12</td>
<td>net.testcases_superadmin.DistributedCacheReload@36359723</td></tr>
<tr>
<td title='net.testcases_superadmin.GlobalTimeZoneExcelExport.globalTimeZoneActive()'><b>globalTimeZoneActive</b><br>Test class: net.testcases_superadmin.GlobalTimeZoneExcelExport<br>Parameters: chrome</td>
<td></td>
<td>15</td>
<td>net.testcases_superadmin.GlobalTimeZoneExcelExport@668cc9a2</td></tr>
<tr>
<td title='net.testcases_superadmin.GlobalTimeZoneSorting.serviceManagerSorting()'><b>serviceManagerSorting</b><br>Test class: net.testcases_superadmin.GlobalTimeZoneSorting<br>Parameters: chrome</td>
<td></td>
<td>37</td>
<td>net.testcases_superadmin.GlobalTimeZoneSorting@1f7cec93</td></tr>
<tr>
<td title='net.testcases_superadmin.GlobalLanguageSortingValidation.globalLanguageSortingValidation()'><b>globalLanguageSortingValidation</b><br>Test class: net.testcases_superadmin.GlobalLanguageSortingValidation<br>Parameters: chrome</td>
<td></td>
<td>16</td>
<td>net.testcases_superadmin.GlobalLanguageSortingValidation@421d54b3</td></tr>
<tr>
<td title='net.testcases_superadmin.ClientsSorting.clientsSorting()'><b>clientsSorting</b><br>Test class: net.testcases_superadmin.ClientsSorting<br>Parameters: chrome</td>
<td></td>
<td>27</td>
<td>net.testcases_superadmin.ClientsSorting@ccd341d</td></tr>
<tr>
<td title='net.testcases_superadmin.GlobalLanguageExcelExport.globalLanguageExcelExport()'><b>globalLanguageExcelExport</b><br>Test class: net.testcases_superadmin.GlobalLanguageExcelExport<br>Parameters: chrome</td>
<td></td>
<td>15</td>
<td>net.testcases_superadmin.GlobalLanguageExcelExport@738a5848</td></tr>
<tr>
<td title='net.testcases_superadmin.GlobalLanguageSearchValidation.globalLanguageSearchValidation()'><b>globalLanguageSearchValidation</b><br>Test class: net.testcases_superadmin.GlobalLanguageSearchValidation<br>Parameters: chrome</td>
<td></td>
<td>12</td>
<td>net.testcases_superadmin.GlobalLanguageSearchValidation@324b6a56</td></tr>
<tr>
<td title='net.testcases_superadmin.DistributedCacheWithUnselectedCache.distributedCacheWithUnselectedCache()'><b>distributedCacheWithUnselectedCache</b><br>Test class: net.testcases_superadmin.DistributedCacheWithUnselectedCache<br>Parameters: chrome</td>
<td></td>
<td>15</td>
<td>net.testcases_superadmin.DistributedCacheWithUnselectedCache@1ab14636</td></tr>
<tr>
<td title='net.testcases_superadmin.SessionUtlitiliesDownloadValidation.sessionUtilitiesWithMissingRecordsToSelect()'><b>sessionUtilitiesWithMissingRecordsToSelect</b><br>Test class: net.testcases_superadmin.SessionUtlitiliesDownloadValidation<br>Parameters: chrome</td>
<td></td>
<td>17</td>
<td>net.testcases_superadmin.SessionUtlitiliesDownloadValidation@6fa02932</td></tr>
<tr>
<td title='net.testcases_superadmin.ClientsLogs.clientsLogs()'><b>clientsLogs</b><br>Test class: net.testcases_superadmin.ClientsLogs<br>Parameters: chrome</td>
<td></td>
<td>9</td>
<td>net.testcases_superadmin.ClientsLogs@5729b410</td></tr>
<tr>
<td title='net.testcases_superadmin.GlobalSettingClientSave.globalSettingClientSave()'><b>globalSettingClientSave</b><br>Test class: net.testcases_superadmin.GlobalSettingClientSave<br>Parameters: chrome</td>
<td></td>
<td>31</td>
<td>net.testcases_superadmin.GlobalSettingClientSave@59636c47</td></tr>
<tr>
<td title='net.testcases_superadmin.GlobalSettingsEmailServerClear.globalSettingsEmailServerClear()'><b>globalSettingsEmailServerClear</b><br>Test class: net.testcases_superadmin.GlobalSettingsEmailServerClear<br>Parameters: chrome</td>
<td></td>
<td>7</td>
<td>net.testcases_superadmin.GlobalSettingsEmailServerClear@6cbb175</td></tr>
<tr>
<td title='net.testcases_superadmin.GlobalSettingCoreServicesClear.globalSettingCoreServicesClear()'><b>globalSettingCoreServicesClear</b><br>Test class: net.testcases_superadmin.GlobalSettingCoreServicesClear<br>Parameters: chrome</td>
<td></td>
<td>10</td>
<td>net.testcases_superadmin.GlobalSettingCoreServicesClear@70997a94</td></tr>
<tr>
<td title='net.testcases_superadmin.ClientsUnkownClientsToKnown.clientExcelExport()'><b>clientExcelExport</b><br>Test class: net.testcases_superadmin.ClientsUnkownClientsToKnown<br>Parameters: chrome</td>
<td></td>
<td>14</td>
<td>net.testcases_superadmin.ClientsUnkownClientsToKnown@24dd44f9</td></tr>
<tr>
<td title='net.testcases_superadmin.PatitionManagerWithManyEmails.patitionManagerWithManyEmails()'><b>patitionManagerWithManyEmails</b><br>Test class: net.testcases_superadmin.PatitionManagerWithManyEmails<br>Parameters: chrome</td>
<td></td>
<td>7</td>
<td>net.testcases_superadmin.PatitionManagerWithManyEmails@3cdff901</td></tr>
<tr>
<td title='net.testcases_superadmin.ClientsAllocatedRequiredField.clientsAllocatedRequiredField()'><b>clientsAllocatedRequiredField</b><br>Test class: net.testcases_superadmin.ClientsAllocatedRequiredField<br>Parameters: chrome</td>
<td></td>
<td>10</td>
<td>net.testcases_superadmin.ClientsAllocatedRequiredField@35eee641</td></tr>
<tr>
<td title='net.testcases_superadmin.IntegrationsSaveValidation.integrationsSaveValidation()'><b>integrationsSaveValidation</b><br>Test class: net.testcases_superadmin.IntegrationsSaveValidation<br>Parameters: chrome</td>
<td></td>
<td>15</td>
<td>net.testcases_superadmin.IntegrationsSaveValidation@4b88ca8e</td></tr>
<tr>
<td title='net.testcases_superadmin.GlobalSettingApplicationUrlClear.globalSettingApplicationUrlClear()'><b>globalSettingApplicationUrlClear</b><br>Test class: net.testcases_superadmin.GlobalSettingApplicationUrlClear<br>Parameters: chrome</td>
<td></td>
<td>8</td>
<td>net.testcases_superadmin.GlobalSettingApplicationUrlClear@7ab802f4</td></tr>
<tr>
<td title='net.testcases_superadmin.GlobalLanguagePdfExport.globalLanguagePdfExport()'><b>globalLanguagePdfExport</b><br>Test class: net.testcases_superadmin.GlobalLanguagePdfExport<br>Parameters: chrome</td>
<td></td>
<td>14</td>
<td>net.testcases_superadmin.GlobalLanguagePdfExport@6c538eb2</td></tr>
<tr>
<td title='net.testcases_superadmin.CustomAdapterMultipleDateVerification.customAdapterMultipleDateVerification()'><b>customAdapterMultipleDateVerification</b><br>Test class: net.testcases_superadmin.CustomAdapterMultipleDateVerification<br>Parameters: chrome</td>
<td></td>
<td>12</td>
<td>net.testcases_superadmin.CustomAdapterMultipleDateVerification@3b7c58e7</td></tr>
<tr>
<td title='net.testcases_superadmin.PartitionManagerWithMissedEmail.partitionManagerWithMissedEmail()'><b>partitionManagerWithMissedEmail</b><br>Test class: net.testcases_superadmin.PartitionManagerWithMissedEmail<br>Parameters: chrome</td>
<td></td>
<td>9</td>
<td>net.testcases_superadmin.PartitionManagerWithMissedEmail@2f054f70</td></tr>
<tr>
<td title='net.testcases_superadmin.GlobalTimeZoneActive.globalTimeZoneActive()'><b>globalTimeZoneActive</b><br>Test class: net.testcases_superadmin.GlobalTimeZoneActive<br>Parameters: chrome</td>
<td></td>
<td>10</td>
<td>net.testcases_superadmin.GlobalTimeZoneActive@2a8f6e6</td></tr>
<tr>
<td title='net.testcases_superadmin.CustomAdapterPDFValidation.customAdapterPDFValidation()'><b>customAdapterPDFValidation</b><br>Test class: net.testcases_superadmin.CustomAdapterPDFValidation<br>Parameters: chrome</td>
<td></td>
<td>13</td>
<td>net.testcases_superadmin.CustomAdapterPDFValidation@38588dea</td></tr>
<tr>
<td title='net.testcases_superadmin.GlobalSettingApplicationURLSave.globalSettingClientSave()'><b>globalSettingClientSave</b><br>Test class: net.testcases_superadmin.GlobalSettingApplicationURLSave<br>Parameters: chrome</td>
<td></td>
<td>13</td>
<td>net.testcases_superadmin.GlobalSettingApplicationURLSave@59096b66</td></tr>
<tr>
<td title='net.testcases_superadmin.GlobalLanguageActiveAndInactive.globalTimeZoneActive()'><b>globalTimeZoneActive</b><br>Test class: net.testcases_superadmin.GlobalLanguageActiveAndInactive<br>Parameters: chrome</td>
<td></td>
<td>9</td>
<td>net.testcases_superadmin.GlobalLanguageActiveAndInactive@61f377d1</td></tr>
<tr>
<td title='net.testcases_superadmin.CustomAdapterAdd.customAdapterAdd()'><b>customAdapterAdd</b><br>Test class: net.testcases_superadmin.CustomAdapterAdd<br>Parameters: chrome</td>
<td></td>
<td>11</td>
<td>net.testcases_superadmin.CustomAdapterAdd@6371cf2f</td></tr>
<tr>
<td title='net.testcases_superadmin.DataComponentsDownload.dataComponentsDownload()'><b>dataComponentsDownload</b><br>Test class: net.testcases_superadmin.DataComponentsDownload<br>Parameters: chrome</td>
<td></td>
<td>10</td>
<td>net.testcases_superadmin.DataComponentsDownload@20d19f2c</td></tr>
<tr>
<td title='net.testcases_superadmin.PartitionManagerClear.partitionManagerClear()'><b>partitionManagerClear</b><br>Test class: net.testcases_superadmin.PartitionManagerClear<br>Parameters: chrome</td>
<td></td>
<td>10</td>
<td>net.testcases_superadmin.PartitionManagerClear@3c9ef6e9</td></tr>
<tr>
<td title='net.testcases_superadmin.GlobalSettingEmailserMissingFromAddressField.globalSettingEmailserMissingFromAddressField()'><b>globalSettingEmailserMissingFromAddressField</b><br>Test class: net.testcases_superadmin.GlobalSettingEmailserMissingFromAddressField<br>Parameters: chrome</td>
<td></td>
<td>11</td>
<td>net.testcases_superadmin.GlobalSettingEmailserMissingFromAddressField@70ede57d</td></tr>
<tr>
<td title='net.testcases_superadmin.GlobalSettingCoreServiceSpecificClientDateVerfication.globalSettingCoreServiceForGoalNotificationRange()'><b>globalSettingCoreServiceForGoalNotificationRange</b><br>Test class: net.testcases_superadmin.GlobalSettingCoreServiceSpecificClientDateVerfication<br>Parameters: chrome</td>
<td></td>
<td>10</td>
<td>net.testcases_superadmin.GlobalSettingCoreServiceSpecificClientDateVerfication@631c6d11</td></tr>
<tr>
<td title='net.testcases_superadmin.ClientsSearchValidation.clientsSearchValidation()'><b>clientsSearchValidation</b><br>Test class: net.testcases_superadmin.ClientsSearchValidation<br>Parameters: chrome</td>
<td></td>
<td>9</td>
<td>net.testcases_superadmin.ClientsSearchValidation@4f1fb828</td></tr>
<tr>
<td title='net.testcases_superadmin.DistributedCacheSelectAllAndClear.distributedCacheSelectAllAndClear()'><b>distributedCacheSelectAllAndClear</b><br>Test class: net.testcases_superadmin.DistributedCacheSelectAllAndClear<br>Parameters: chrome</td>
<td></td>
<td>10</td>
<td>net.testcases_superadmin.DistributedCacheSelectAllAndClear@16b3c905</td></tr>
<tr>
<td title='net.testcases_superadmin.IntegrationClearValidation.integrationClearValidation()'><b>integrationClearValidation</b><br>Test class: net.testcases_superadmin.IntegrationClearValidation<br>Parameters: chrome</td>
<td></td>
<td>7</td>
<td>net.testcases_superadmin.IntegrationClearValidation@437bd805</td></tr>
<tr>
<td title='net.testcases_superadmin.GlobalTimeZonePdfExport.globalTimeZonePdfExport()'><b>globalTimeZonePdfExport</b><br>Test class: net.testcases_superadmin.GlobalTimeZonePdfExport<br>Parameters: chrome</td>
<td></td>
<td>15</td>
<td>net.testcases_superadmin.GlobalTimeZonePdfExport@1ac730cd</td></tr>
<tr>
<td title='net.testcases_superadmin.GlobalSettingEmailServerMissedUsername.globalSettingsEmailServerSave()'><b>globalSettingsEmailServerSave</b><br>Test class: net.testcases_superadmin.GlobalSettingEmailServerMissedUsername<br>Parameters: chrome</td>
<td></td>
<td>10</td>
<td>net.testcases_superadmin.GlobalSettingEmailServerMissedUsername@27b337bb</td></tr>
<tr>
<td title='net.testcases_superadmin.GlobalSettingCoreServiceForGoalNotificationRange.globalSettingCoreServiceForGoalNotificationRange()'><b>globalSettingCoreServiceForGoalNotificationRange</b><br>Test class: net.testcases_superadmin.GlobalSettingCoreServiceForGoalNotificationRange<br>Parameters: chrome</td>
<td></td>
<td>13</td>
<td>net.testcases_superadmin.GlobalSettingCoreServiceForGoalNotificationRange@38fb50f8</td></tr>
<tr>
<td title='net.testcases_superadmin.DataComponentsSorting.dataComponentsSorting()'><b>dataComponentsSorting</b><br>Test class: net.testcases_superadmin.DataComponentsSorting<br>Parameters: chrome</td>
<td></td>
<td>34</td>
<td>net.testcases_superadmin.DataComponentsSorting@45592af7</td></tr>
<tr>
<td title='net.testcases_superadmin.DataComponentsVerify.dataComponentsVerify()'><b>dataComponentsVerify</b><br>Test class: net.testcases_superadmin.DataComponentsVerify<br>Parameters: chrome</td>
<td></td>
<td>21</td>
<td>net.testcases_superadmin.DataComponentsVerify@77b5148c</td></tr>
<tr>
<td title='net.testcases_superadmin.CustomAdapterCloseBtn.customAdapterCloseBtn()'><b>customAdapterCloseBtn</b><br>Test class: net.testcases_superadmin.CustomAdapterCloseBtn<br>Parameters: chrome</td>
<td></td>
<td>12</td>
<td>net.testcases_superadmin.CustomAdapterCloseBtn@553d2579</td></tr>
<tr>
<td title='net.testcases_superadmin.CustomAdapterDateVerification.customAdapterDateVerification()'><b>customAdapterDateVerification</b><br>Test class: net.testcases_superadmin.CustomAdapterDateVerification<br>Parameters: chrome</td>
<td></td>
<td>11</td>
<td>net.testcases_superadmin.CustomAdapterDateVerification@b5b9333</td></tr>
<tr>
<td title='net.testcases_superadmin.GlobalLanguageModify.globalTimeZoneActive()'><b>globalTimeZoneActive</b><br>Test class: net.testcases_superadmin.GlobalLanguageModify<br>Parameters: chrome</td>
<td></td>
<td>10</td>
<td>net.testcases_superadmin.GlobalLanguageModify@487cd177</td></tr>
<tr>
<td title='net.testcases_superadmin.ClientsMissingToSelectClient.clientsAllocatedRequiredField()'><b>clientsAllocatedRequiredField</b><br>Test class: net.testcases_superadmin.ClientsMissingToSelectClient<br>Parameters: chrome</td>
<td></td>
<td>12</td>
<td>net.testcases_superadmin.ClientsMissingToSelectClient@4dad8ec0</td></tr>
<tr>
<td title='net.testcases_superadmin.GlobalSettingEmailServerMissingPasswordRequiredField.globalSettingsEmailServerSave()'><b>globalSettingsEmailServerSave</b><br>Test class: net.testcases_superadmin.GlobalSettingEmailServerMissingPasswordRequiredField<br>Parameters: chrome</td>
<td></td>
<td>11</td>
<td>net.testcases_superadmin.GlobalSettingEmailServerMissingPasswordRequiredField@3b97907c</td></tr>
<tr>
<td title='net.testcases_superadmin.CustomAdapterRequiredField.customAdapterRequiredField()'><b>customAdapterRequiredField</b><br>Test class: net.testcases_superadmin.CustomAdapterRequiredField<br>Parameters: chrome</td>
<td></td>
<td>12</td>
<td>net.testcases_superadmin.CustomAdapterRequiredField@64518270</td></tr>
<tr>
<td title='net.testcases_superadmin.GlobalSettingCoreServicesSave.globalSettingCoreServicesSave()'><b>globalSettingCoreServicesSave</b><br>Test class: net.testcases_superadmin.GlobalSettingCoreServicesSave<br>Parameters: chrome</td>
<td></td>
<td>7</td>
<td>net.testcases_superadmin.GlobalSettingCoreServicesSave@5c18d6d4</td></tr>
<tr>
<td title='net.testcases_superadmin.ClientExcelExport.clientExcelExport()'><b>clientExcelExport</b><br>Test class: net.testcases_superadmin.ClientExcelExport<br>Parameters: chrome</td>
<td></td>
<td>11</td>
<td>net.testcases_superadmin.ClientExcelExport@6097fca9</td></tr>
<tr>
<td title='net.testcases_superadmin.ClientsPDFExport.clientsPDFExport()'><b>clientsPDFExport</b><br>Test class: net.testcases_superadmin.ClientsPDFExport<br>Parameters: chrome</td>
<td></td>
<td>13</td>
<td>net.testcases_superadmin.ClientsPDFExport@63f40ca0</td></tr>
<tr>
<td title='net.testcases_superadmin.CustomAdapterDateRangeVerification.customAdapterDateRangeVerification()'><b>customAdapterDateRangeVerification</b><br>Test class: net.testcases_superadmin.CustomAdapterDateRangeVerification<br>Parameters: chrome</td>
<td></td>
<td>11</td>
<td>net.testcases_superadmin.CustomAdapterDateRangeVerification@52b959df</td></tr>
<tr>
<td title='net.testcases_superadmin.ServiceManagerSearching.serviceManagerSearching()'><b>serviceManagerSearching</b><br>Test class: net.testcases_superadmin.ServiceManagerSearching<br>Parameters: chrome</td>
<td></td>
<td>11</td>
<td>net.testcases_superadmin.ServiceManagerSearching@49fdbe2b</td></tr>
<tr>
<td title='net.testcases_superadmin.GlobalSettingCoreServicRequiredFields.globalSettingCoreServicRequiredFields()'><b>globalSettingCoreServicRequiredFields</b><br>Test class: net.testcases_superadmin.GlobalSettingCoreServicRequiredFields<br>Parameters: chrome</td>
<td></td>
<td>16</td>
<td>net.testcases_superadmin.GlobalSettingCoreServicRequiredFields@6467ddc7</td></tr>
<tr>
<td title='net.testcases_superadmin.DataComponentsRefresh.dataComponentsRefresh()'><b>dataComponentsRefresh</b><br>Test class: net.testcases_superadmin.DataComponentsRefresh<br>Parameters: chrome</td>
<td></td>
<td>10</td>
<td>net.testcases_superadmin.DataComponentsRefresh@6ee5f485</td></tr>
<tr>
<td title='net.testcases_superadmin.PartitionManangerSave.partitionManangerSave()'><b>partitionManangerSave</b><br>Test class: net.testcases_superadmin.PartitionManangerSave<br>Parameters: chrome</td>
<td></td>
<td>15</td>
<td>net.testcases_superadmin.PartitionManangerSave@57e5396b</td></tr>
</table><p>
<table width='100%' border='1' class='invocation-skipped'>
<tr><td colspan='4' align='center'><b>SKIPPED TESTS</b></td></tr>
<tr><td><b>Test method</b></td>
<td><b>Attribute(s)</b></td>
<td width="30%"><b>Exception</b></td>
<td width="10%"><b>Time (seconds)</b></td>
<td><b>Instance</b></td>
</tr>
<tr>
<td title='net.testcases_superadmin.GlobalSettingsEmailServerClear.globalSettingsEmailServerClear()'><b>globalSettingsEmailServerClear</b><br>Test class: net.testcases_superadmin.GlobalSettingsEmailServerClear<br>Parameters: chrome</td>
<td><div><pre>org.openqa.selenium.ElementClickInterceptedException: element click intercepted: Element is not clickable at point (-89, 184)
  (Session info: chrome=118.0.5993.118)
Build info: version: &apos;4.13.0&apos;, revision: &apos;ba948ece5b*&apos;
System info: os.name: &apos;Windows 10&apos;, os.arch: &apos;amd64&apos;, os.version: &apos;10.0&apos;, java.version: &apos;11.0.21&apos;
Driver info: org.openqa.selenium.chrome.ChromeDriver
Command: [a4f86bf6bc5cd2624dca215a4501d4d6, clickElement {id=A2E2D1DC3AD29FB1FFB9CEC5B552ADBD_element_137}]
Capabilities {acceptInsecureCerts: false, browserName: chrome, browserVersion: 118.0.5993.118, chrome: {chromedriverVersion: 118.0.5993.70 (e52f33f30b91..., userDataDir: C:\Users\pavana.c\AppData\L...}, fedcm:accounts: true, goog:chromeOptions: {debuggerAddress: localhost:60601}, networkConnectionEnabled: false, pageLoadStrategy: normal, platformName: windows, proxy: Proxy(), se:cdp: ws://localhost:60601/devtoo..., se:cdpVersion: 118.0.5993.118, setWindowRect: true, strictFileInteractability: false, timeouts: {implicit: 0, pageLoad: 300000, script: 30000}, unhandledPromptBehavior: dismiss and notify, webauthn:extension:credBlob: true, webauthn:extension:largeBlob: true, webauthn:extension:minPinLength: true, webauthn:extension:prf: true, webauthn:virtualAuthenticators: true}
Element: [[ChromeDriver: chrome on windows (a4f86bf6bc5cd2624dca215a4501d4d6)] -&gt; xpath: //li[contains(text(),&apos;Global Settings&apos;)]]
Session ID: a4f86bf6bc5cd2624dca215a4501d4d6
	at org.openqa.selenium.remote.codec.w3c.W3CHttpResponseCodec.createException(W3CHttpResponseCodec.java:200)
	at org.openqa.selenium.remote.codec.w3c.W3CHttpResponseCodec.decode(W3CHttpResponseCodec.java:133)
	at org.openqa.selenium.remote.codec.w3c.W3CHttpResponseCodec.decode(W3CHttpResponseCodec.java:52)
	at org.openqa.selenium.remote.HttpCommandExecutor.execute(HttpCommandExecutor.java:191)
	at org.openqa.selenium.remote.service.DriverCommandExecutor.invokeExecute(DriverCommandExecutor.java:196)
	at org.openqa.selenium.remote.service.DriverCommandExecutor.execute(DriverCommandExecutor.java:171)
	at org.openqa.selenium.remote.RemoteWebDriver.execute(RemoteWebDriver.java:602)
	at org.openqa.selenium.remote.RemoteWebElement.execute(RemoteWebElement.java:224)
	at org.openqa.selenium.remote.RemoteWebElement.click(RemoteWebElement.java:77)
	at org.openqa.selenium.support.pagefactory.internal.LocatingElementHandler.invoke(LocatingElementHandler.java:51)
	at com.sun.proxy.$Proxy14.click(Unknown Source)
	at net.pages_superadmin.SideNavigationMenuBar.clickGlobalSettings(SideNavigationMenuBar.java:98)
	at net.testcases_superadmin.GlobalSettingsEmailServerClear.globalSettingsEmailServerClear(GlobalSettingsEmailServerClear.java:39)
	at java.base/java.util.ArrayList.forEach(ArrayList.java:1541)
... Removed 35 stack frames</pre></div><a href='#' onClick='toggleBox("stack-trace1058231716", this, "Click to show all stack frames", "Click to hide stack frames")'>Click to show all stack frames</a>
<div class='stack-trace' id='stack-trace1058231716'><pre>org.openqa.selenium.ElementClickInterceptedException: element click intercepted: Element is not clickable at point (-89, 184)
  (Session info: chrome=118.0.5993.118)
Build info: version: &apos;4.13.0&apos;, revision: &apos;ba948ece5b*&apos;
System info: os.name: &apos;Windows 10&apos;, os.arch: &apos;amd64&apos;, os.version: &apos;10.0&apos;, java.version: &apos;11.0.21&apos;
Driver info: org.openqa.selenium.chrome.ChromeDriver
Command: [a4f86bf6bc5cd2624dca215a4501d4d6, clickElement {id=A2E2D1DC3AD29FB1FFB9CEC5B552ADBD_element_137}]
Capabilities {acceptInsecureCerts: false, browserName: chrome, browserVersion: 118.0.5993.118, chrome: {chromedriverVersion: 118.0.5993.70 (e52f33f30b91..., userDataDir: C:\Users\pavana.c\AppData\L...}, fedcm:accounts: true, goog:chromeOptions: {debuggerAddress: localhost:60601}, networkConnectionEnabled: false, pageLoadStrategy: normal, platformName: windows, proxy: Proxy(), se:cdp: ws://localhost:60601/devtoo..., se:cdpVersion: 118.0.5993.118, setWindowRect: true, strictFileInteractability: false, timeouts: {implicit: 0, pageLoad: 300000, script: 30000}, unhandledPromptBehavior: dismiss and notify, webauthn:extension:credBlob: true, webauthn:extension:largeBlob: true, webauthn:extension:minPinLength: true, webauthn:extension:prf: true, webauthn:virtualAuthenticators: true}
Element: [[ChromeDriver: chrome on windows (a4f86bf6bc5cd2624dca215a4501d4d6)] -&gt; xpath: //li[contains(text(),&apos;Global Settings&apos;)]]
Session ID: a4f86bf6bc5cd2624dca215a4501d4d6
	at java.base/jdk.internal.reflect.NativeConstructorAccessorImpl.newInstance0(Native Method)
	at java.base/jdk.internal.reflect.NativeConstructorAccessorImpl.newInstance(NativeConstructorAccessorImpl.java:62)
	at java.base/jdk.internal.reflect.DelegatingConstructorAccessorImpl.newInstance(DelegatingConstructorAccessorImpl.java:45)
	at java.base/java.lang.reflect.Constructor.newInstance(Constructor.java:490)
	at org.openqa.selenium.remote.codec.w3c.W3CHttpResponseCodec.createException(W3CHttpResponseCodec.java:200)
	at org.openqa.selenium.remote.codec.w3c.W3CHttpResponseCodec.decode(W3CHttpResponseCodec.java:133)
	at org.openqa.selenium.remote.codec.w3c.W3CHttpResponseCodec.decode(W3CHttpResponseCodec.java:52)
	at org.openqa.selenium.remote.HttpCommandExecutor.execute(HttpCommandExecutor.java:191)
	at org.openqa.selenium.remote.service.DriverCommandExecutor.invokeExecute(DriverCommandExecutor.java:196)
	at org.openqa.selenium.remote.service.DriverCommandExecutor.execute(DriverCommandExecutor.java:171)
	at org.openqa.selenium.remote.RemoteWebDriver.execute(RemoteWebDriver.java:602)
	at org.openqa.selenium.remote.RemoteWebElement.execute(RemoteWebElement.java:224)
	at org.openqa.selenium.remote.RemoteWebElement.click(RemoteWebElement.java:77)
	at jdk.internal.reflect.GeneratedMethodAccessor13.invoke(Unknown Source)
	at java.base/jdk.internal.reflect.DelegatingMethodAccessorImpl.invoke(DelegatingMethodAccessorImpl.java:43)
	at java.base/java.lang.reflect.Method.invoke(Method.java:566)
	at org.openqa.selenium.support.pagefactory.internal.LocatingElementHandler.invoke(LocatingElementHandler.java:51)
	at com.sun.proxy.$Proxy14.click(Unknown Source)
	at net.pages_superadmin.SideNavigationMenuBar.clickGlobalSettings(SideNavigationMenuBar.java:98)
	at net.testcases_superadmin.GlobalSettingsEmailServerClear.globalSettingsEmailServerClear(GlobalSettingsEmailServerClear.java:39)
	at java.base/jdk.internal.reflect.NativeMethodAccessorImpl.invoke0(Native Method)
	at java.base/jdk.internal.reflect.NativeMethodAccessorImpl.invoke(NativeMethodAccessorImpl.java:62)
	at java.base/jdk.internal.reflect.DelegatingMethodAccessorImpl.invoke(DelegatingMethodAccessorImpl.java:43)
	at java.base/java.lang.reflect.Method.invoke(Method.java:566)
	at org.testng.internal.invokers.MethodInvocationHelper.invokeMethod(MethodInvocationHelper.java:139)
	at org.testng.internal.invokers.TestInvoker.invokeMethod(TestInvoker.java:677)
	at org.testng.internal.invokers.TestInvoker.invokeTestMethod(TestInvoker.java:221)
	at org.testng.internal.invokers.MethodRunner.runInSequence(MethodRunner.java:50)
	at org.testng.internal.invokers.TestInvoker$MethodInvocationAgent.invoke(TestInvoker.java:962)
	at org.testng.internal.invokers.TestInvoker.invokeTestMethods(TestInvoker.java:194)
	at org.testng.internal.invokers.TestMethodWorker.invokeTestMethods(TestMethodWorker.java:148)
	at org.testng.internal.invokers.TestMethodWorker.run(TestMethodWorker.java:128)
	at java.base/java.util.ArrayList.forEach(ArrayList.java:1541)
	at org.testng.TestRunner.privateRun(TestRunner.java:806)
	at org.testng.TestRunner.run(TestRunner.java:601)
	at org.testng.SuiteRunner.runTest(SuiteRunner.java:433)
	at org.testng.SuiteRunner.runSequentially(SuiteRunner.java:427)
	at org.testng.SuiteRunner.privateRun(SuiteRunner.java:387)
	at org.testng.SuiteRunner.run(SuiteRunner.java:330)
	at org.testng.SuiteRunnerWorker.runSuite(SuiteRunnerWorker.java:52)
	at org.testng.SuiteRunnerWorker.run(SuiteRunnerWorker.java:95)
	at org.testng.TestNG.runSuitesSequentially(TestNG.java:1256)
	at org.testng.TestNG.runSuitesSequentially(TestNG.java:1251)
	at org.testng.TestNG.runSuitesLocally(TestNG.java:1176)
	at org.testng.TestNG.runSuites(TestNG.java:1099)
	at org.testng.TestNG.run(TestNG.java:1067)
	at org.testng.remote.AbstractRemoteTestNG.run(AbstractRemoteTestNG.java:115)
	at org.testng.remote.RemoteTestNG.initAndRun(RemoteTestNG.java:251)
	at org.testng.remote.RemoteTestNG.main(RemoteTestNG.java:77)
</pre></div></td>
<td>6</td>
<td>net.testcases_superadmin.GlobalSettingsEmailServerClear@6cbb175</td></tr>
<tr>
<td title='net.testcases_superadmin.DistributedCacheReload.distributedCacheReload()'><b>distributedCacheReload</b><br>Test class: net.testcases_superadmin.DistributedCacheReload<br>Parameters: chrome</td>
<td><div><pre>org.openqa.selenium.ElementClickInterceptedException: element click intercepted: Element &lt;li class=&quot;&quot; onclick=&quot;fnMenuClick(this, &apos;197&apos;, &apos;/prohance/DistributedCache.htm?menuItemId=197&apos;, &apos;false&apos;);&quot;&gt;...&lt;/li&gt; is not clickable at point (114, 395). Other element would receive the click: &lt;li class=&quot;&quot; onclick=&quot;fnMenuClick(this, &apos;213&apos;, &apos;/prohance/Utilities.htm?menuItemId=213&apos;, &apos;false&apos;);&quot;&gt;...&lt;/li&gt;
  (Session info: chrome=118.0.5993.118)
Build info: version: &apos;4.13.0&apos;, revision: &apos;ba948ece5b*&apos;
System info: os.name: &apos;Windows 10&apos;, os.arch: &apos;amd64&apos;, os.version: &apos;10.0&apos;, java.version: &apos;11.0.21&apos;
Driver info: org.openqa.selenium.chrome.ChromeDriver
Command: [c691cca7e8087f97d18c04173f226ab8, clickElement {id=9240D4E5B2F850C39D98495AD7D94B0F_element_385}]
Capabilities {acceptInsecureCerts: false, browserName: chrome, browserVersion: 118.0.5993.118, chrome: {chromedriverVersion: 118.0.5993.70 (e52f33f30b91..., userDataDir: C:\Users\pavana.c\AppData\L...}, fedcm:accounts: true, goog:chromeOptions: {debuggerAddress: localhost:61393}, networkConnectionEnabled: false, pageLoadStrategy: normal, platformName: windows, proxy: Proxy(), se:cdp: ws://localhost:61393/devtoo..., se:cdpVersion: 118.0.5993.118, setWindowRect: true, strictFileInteractability: false, timeouts: {implicit: 0, pageLoad: 300000, script: 30000}, unhandledPromptBehavior: dismiss and notify, webauthn:extension:credBlob: true, webauthn:extension:largeBlob: true, webauthn:extension:minPinLength: true, webauthn:extension:prf: true, webauthn:virtualAuthenticators: true}
Element: [[ChromeDriver: chrome on windows (c691cca7e8087f97d18c04173f226ab8)] -&gt; xpath: //li[contains(text(),&quot;Distributed Cache&quot;)]]
Session ID: c691cca7e8087f97d18c04173f226ab8
	at org.openqa.selenium.remote.codec.w3c.W3CHttpResponseCodec.createException(W3CHttpResponseCodec.java:200)
	at org.openqa.selenium.remote.codec.w3c.W3CHttpResponseCodec.decode(W3CHttpResponseCodec.java:133)
	at org.openqa.selenium.remote.codec.w3c.W3CHttpResponseCodec.decode(W3CHttpResponseCodec.java:52)
	at org.openqa.selenium.remote.HttpCommandExecutor.execute(HttpCommandExecutor.java:191)
	at org.openqa.selenium.remote.service.DriverCommandExecutor.invokeExecute(DriverCommandExecutor.java:196)
	at org.openqa.selenium.remote.service.DriverCommandExecutor.execute(DriverCommandExecutor.java:171)
	at org.openqa.selenium.remote.RemoteWebDriver.execute(RemoteWebDriver.java:602)
	at org.openqa.selenium.remote.RemoteWebElement.execute(RemoteWebElement.java:224)
	at org.openqa.selenium.remote.RemoteWebElement.click(RemoteWebElement.java:77)
	at org.openqa.selenium.support.pagefactory.internal.LocatingElementHandler.invoke(LocatingElementHandler.java:51)
	at com.sun.proxy.$Proxy14.click(Unknown Source)
	at net.pages_superadmin.SideNavigationMenuBar.clickDistributedCache(SideNavigationMenuBar.java:128)
	at net.testcases_superadmin.DistributedCacheReload.distributedCacheReload(DistributedCacheReload.java:37)
	at java.base/java.util.ArrayList.forEach(ArrayList.java:1541)
... Removed 35 stack frames</pre></div><a href='#' onClick='toggleBox("stack-trace1646611821", this, "Click to show all stack frames", "Click to hide stack frames")'>Click to show all stack frames</a>
<div class='stack-trace' id='stack-trace1646611821'><pre>org.openqa.selenium.ElementClickInterceptedException: element click intercepted: Element &lt;li class=&quot;&quot; onclick=&quot;fnMenuClick(this, &apos;197&apos;, &apos;/prohance/DistributedCache.htm?menuItemId=197&apos;, &apos;false&apos;);&quot;&gt;...&lt;/li&gt; is not clickable at point (114, 395). Other element would receive the click: &lt;li class=&quot;&quot; onclick=&quot;fnMenuClick(this, &apos;213&apos;, &apos;/prohance/Utilities.htm?menuItemId=213&apos;, &apos;false&apos;);&quot;&gt;...&lt;/li&gt;
  (Session info: chrome=118.0.5993.118)
Build info: version: &apos;4.13.0&apos;, revision: &apos;ba948ece5b*&apos;
System info: os.name: &apos;Windows 10&apos;, os.arch: &apos;amd64&apos;, os.version: &apos;10.0&apos;, java.version: &apos;11.0.21&apos;
Driver info: org.openqa.selenium.chrome.ChromeDriver
Command: [c691cca7e8087f97d18c04173f226ab8, clickElement {id=9240D4E5B2F850C39D98495AD7D94B0F_element_385}]
Capabilities {acceptInsecureCerts: false, browserName: chrome, browserVersion: 118.0.5993.118, chrome: {chromedriverVersion: 118.0.5993.70 (e52f33f30b91..., userDataDir: C:\Users\pavana.c\AppData\L...}, fedcm:accounts: true, goog:chromeOptions: {debuggerAddress: localhost:61393}, networkConnectionEnabled: false, pageLoadStrategy: normal, platformName: windows, proxy: Proxy(), se:cdp: ws://localhost:61393/devtoo..., se:cdpVersion: 118.0.5993.118, setWindowRect: true, strictFileInteractability: false, timeouts: {implicit: 0, pageLoad: 300000, script: 30000}, unhandledPromptBehavior: dismiss and notify, webauthn:extension:credBlob: true, webauthn:extension:largeBlob: true, webauthn:extension:minPinLength: true, webauthn:extension:prf: true, webauthn:virtualAuthenticators: true}
Element: [[ChromeDriver: chrome on windows (c691cca7e8087f97d18c04173f226ab8)] -&gt; xpath: //li[contains(text(),&quot;Distributed Cache&quot;)]]
Session ID: c691cca7e8087f97d18c04173f226ab8
	at java.base/jdk.internal.reflect.NativeConstructorAccessorImpl.newInstance0(Native Method)
	at java.base/jdk.internal.reflect.NativeConstructorAccessorImpl.newInstance(NativeConstructorAccessorImpl.java:62)
	at java.base/jdk.internal.reflect.DelegatingConstructorAccessorImpl.newInstance(DelegatingConstructorAccessorImpl.java:45)
	at java.base/java.lang.reflect.Constructor.newInstance(Constructor.java:490)
	at org.openqa.selenium.remote.codec.w3c.W3CHttpResponseCodec.createException(W3CHttpResponseCodec.java:200)
	at org.openqa.selenium.remote.codec.w3c.W3CHttpResponseCodec.decode(W3CHttpResponseCodec.java:133)
	at org.openqa.selenium.remote.codec.w3c.W3CHttpResponseCodec.decode(W3CHttpResponseCodec.java:52)
	at org.openqa.selenium.remote.HttpCommandExecutor.execute(HttpCommandExecutor.java:191)
	at org.openqa.selenium.remote.service.DriverCommandExecutor.invokeExecute(DriverCommandExecutor.java:196)
	at org.openqa.selenium.remote.service.DriverCommandExecutor.execute(DriverCommandExecutor.java:171)
	at org.openqa.selenium.remote.RemoteWebDriver.execute(RemoteWebDriver.java:602)
	at org.openqa.selenium.remote.RemoteWebElement.execute(RemoteWebElement.java:224)
	at org.openqa.selenium.remote.RemoteWebElement.click(RemoteWebElement.java:77)
	at jdk.internal.reflect.GeneratedMethodAccessor13.invoke(Unknown Source)
	at java.base/jdk.internal.reflect.DelegatingMethodAccessorImpl.invoke(DelegatingMethodAccessorImpl.java:43)
	at java.base/java.lang.reflect.Method.invoke(Method.java:566)
	at org.openqa.selenium.support.pagefactory.internal.LocatingElementHandler.invoke(LocatingElementHandler.java:51)
	at com.sun.proxy.$Proxy14.click(Unknown Source)
	at net.pages_superadmin.SideNavigationMenuBar.clickDistributedCache(SideNavigationMenuBar.java:128)
	at net.testcases_superadmin.DistributedCacheReload.distributedCacheReload(DistributedCacheReload.java:37)
	at java.base/jdk.internal.reflect.NativeMethodAccessorImpl.invoke0(Native Method)
	at java.base/jdk.internal.reflect.NativeMethodAccessorImpl.invoke(NativeMethodAccessorImpl.java:62)
	at java.base/jdk.internal.reflect.DelegatingMethodAccessorImpl.invoke(DelegatingMethodAccessorImpl.java:43)
	at java.base/java.lang.reflect.Method.invoke(Method.java:566)
	at org.testng.internal.invokers.MethodInvocationHelper.invokeMethod(MethodInvocationHelper.java:139)
	at org.testng.internal.invokers.TestInvoker.invokeMethod(TestInvoker.java:677)
	at org.testng.internal.invokers.TestInvoker.invokeTestMethod(TestInvoker.java:221)
	at org.testng.internal.invokers.MethodRunner.runInSequence(MethodRunner.java:50)
	at org.testng.internal.invokers.TestInvoker$MethodInvocationAgent.invoke(TestInvoker.java:962)
	at org.testng.internal.invokers.TestInvoker.invokeTestMethods(TestInvoker.java:194)
	at org.testng.internal.invokers.TestMethodWorker.invokeTestMethods(TestMethodWorker.java:148)
	at org.testng.internal.invokers.TestMethodWorker.run(TestMethodWorker.java:128)
	at java.base/java.util.ArrayList.forEach(ArrayList.java:1541)
	at org.testng.TestRunner.privateRun(TestRunner.java:806)
	at org.testng.TestRunner.run(TestRunner.java:601)
	at org.testng.SuiteRunner.runTest(SuiteRunner.java:433)
	at org.testng.SuiteRunner.runSequentially(SuiteRunner.java:427)
	at org.testng.SuiteRunner.privateRun(SuiteRunner.java:387)
	at org.testng.SuiteRunner.run(SuiteRunner.java:330)
	at org.testng.SuiteRunnerWorker.runSuite(SuiteRunnerWorker.java:52)
	at org.testng.SuiteRunnerWorker.run(SuiteRunnerWorker.java:95)
	at org.testng.TestNG.runSuitesSequentially(TestNG.java:1256)
	at org.testng.TestNG.runSuitesSequentially(TestNG.java:1251)
	at org.testng.TestNG.runSuitesLocally(TestNG.java:1176)
	at org.testng.TestNG.runSuites(TestNG.java:1099)
	at org.testng.TestNG.run(TestNG.java:1067)
	at org.testng.remote.AbstractRemoteTestNG.run(AbstractRemoteTestNG.java:115)
	at org.testng.remote.RemoteTestNG.initAndRun(RemoteTestNG.java:251)
	at org.testng.remote.RemoteTestNG.main(RemoteTestNG.java:77)
</pre></div></td>
<td>8</td>
<td>net.testcases_superadmin.DistributedCacheReload@36359723</td></tr>
<tr>
<td title='net.testcases_superadmin.GlobalSettingCoreserviceClientRawDataVerification.globalSettingCoreServiceForGoalNotificationRange()'><b>globalSettingCoreServiceForGoalNotificationRange</b><br>Test class: net.testcases_superadmin.GlobalSettingCoreserviceClientRawDataVerification<br>Parameters: chrome</td>
<td><div><pre>org.openqa.selenium.ElementNotInteractableException: element not interactable
  (Session info: chrome=118.0.5993.118)
Build info: version: &apos;4.13.0&apos;, revision: &apos;ba948ece5b*&apos;
System info: os.name: &apos;Windows 10&apos;, os.arch: &apos;amd64&apos;, os.version: &apos;10.0&apos;, java.version: &apos;11.0.21&apos;
Driver info: org.openqa.selenium.chrome.ChromeDriver
Command: [052bba2130c1e16d39f8617a44fa1c5a, sendKeysToElement {id=C5EF38D8E526C095E3A7A9B55B737C0E_element_437, value=[Ljava.lang.CharSequence;@4c0b270b}]
Capabilities {acceptInsecureCerts: false, browserName: chrome, browserVersion: 118.0.5993.118, chrome: {chromedriverVersion: 118.0.5993.70 (e52f33f30b91..., userDataDir: C:\Users\pavana.c\AppData\L...}, fedcm:accounts: true, goog:chromeOptions: {debuggerAddress: localhost:60729}, networkConnectionEnabled: false, pageLoadStrategy: normal, platformName: windows, proxy: Proxy(), se:cdp: ws://localhost:60729/devtoo..., se:cdpVersion: 118.0.5993.118, setWindowRect: true, strictFileInteractability: false, timeouts: {implicit: 0, pageLoad: 300000, script: 30000}, unhandledPromptBehavior: dismiss and notify, webauthn:extension:credBlob: true, webauthn:extension:largeBlob: true, webauthn:extension:minPinLength: true, webauthn:extension:prf: true, webauthn:virtualAuthenticators: true}
Element: [[ChromeDriver: chrome on windows (052bba2130c1e16d39f8617a44fa1c5a)] -&gt; id: probeRawDataRecoveryPeriod]
Session ID: 052bba2130c1e16d39f8617a44fa1c5a
	at org.openqa.selenium.remote.codec.w3c.W3CHttpResponseCodec.createException(W3CHttpResponseCodec.java:200)
	at org.openqa.selenium.remote.codec.w3c.W3CHttpResponseCodec.decode(W3CHttpResponseCodec.java:133)
	at org.openqa.selenium.remote.codec.w3c.W3CHttpResponseCodec.decode(W3CHttpResponseCodec.java:52)
	at org.openqa.selenium.remote.HttpCommandExecutor.execute(HttpCommandExecutor.java:191)
	at org.openqa.selenium.remote.service.DriverCommandExecutor.invokeExecute(DriverCommandExecutor.java:196)
	at org.openqa.selenium.remote.service.DriverCommandExecutor.execute(DriverCommandExecutor.java:171)
	at org.openqa.selenium.remote.RemoteWebDriver.execute(RemoteWebDriver.java:602)
	at org.openqa.selenium.remote.RemoteWebElement.execute(RemoteWebElement.java:224)
	at org.openqa.selenium.remote.RemoteWebElement.sendKeys(RemoteWebElement.java:111)
	at org.openqa.selenium.support.pagefactory.internal.LocatingElementHandler.invoke(LocatingElementHandler.java:51)
	at com.sun.proxy.$Proxy14.sendKeys(Unknown Source)
	at net.pages_superadmin.GlobalSettingsPage.clickprobeRawDataRecoveryPeriod(GlobalSettingsPage.java:449)
	at net.testcases_superadmin.GlobalSettingCoreserviceClientRawDataVerification.globalSettingCoreServiceForGoalNotificationRange(GlobalSettingCoreserviceClientRawDataVerification.java:52)
	at java.base/java.util.ArrayList.forEach(ArrayList.java:1541)
... Removed 34 stack frames</pre></div><a href='#' onClick='toggleBox("stack-trace455141449", this, "Click to show all stack frames", "Click to hide stack frames")'>Click to show all stack frames</a>
<div class='stack-trace' id='stack-trace455141449'><pre>org.openqa.selenium.ElementNotInteractableException: element not interactable
  (Session info: chrome=118.0.5993.118)
Build info: version: &apos;4.13.0&apos;, revision: &apos;ba948ece5b*&apos;
System info: os.name: &apos;Windows 10&apos;, os.arch: &apos;amd64&apos;, os.version: &apos;10.0&apos;, java.version: &apos;11.0.21&apos;
Driver info: org.openqa.selenium.chrome.ChromeDriver
Command: [052bba2130c1e16d39f8617a44fa1c5a, sendKeysToElement {id=C5EF38D8E526C095E3A7A9B55B737C0E_element_437, value=[Ljava.lang.CharSequence;@4c0b270b}]
Capabilities {acceptInsecureCerts: false, browserName: chrome, browserVersion: 118.0.5993.118, chrome: {chromedriverVersion: 118.0.5993.70 (e52f33f30b91..., userDataDir: C:\Users\pavana.c\AppData\L...}, fedcm:accounts: true, goog:chromeOptions: {debuggerAddress: localhost:60729}, networkConnectionEnabled: false, pageLoadStrategy: normal, platformName: windows, proxy: Proxy(), se:cdp: ws://localhost:60729/devtoo..., se:cdpVersion: 118.0.5993.118, setWindowRect: true, strictFileInteractability: false, timeouts: {implicit: 0, pageLoad: 300000, script: 30000}, unhandledPromptBehavior: dismiss and notify, webauthn:extension:credBlob: true, webauthn:extension:largeBlob: true, webauthn:extension:minPinLength: true, webauthn:extension:prf: true, webauthn:virtualAuthenticators: true}
Element: [[ChromeDriver: chrome on windows (052bba2130c1e16d39f8617a44fa1c5a)] -&gt; id: probeRawDataRecoveryPeriod]
Session ID: 052bba2130c1e16d39f8617a44fa1c5a
	at jdk.internal.reflect.GeneratedConstructorAccessor102.newInstance(Unknown Source)
	at java.base/jdk.internal.reflect.DelegatingConstructorAccessorImpl.newInstance(DelegatingConstructorAccessorImpl.java:45)
	at java.base/java.lang.reflect.Constructor.newInstance(Constructor.java:490)
	at org.openqa.selenium.remote.codec.w3c.W3CHttpResponseCodec.createException(W3CHttpResponseCodec.java:200)
	at org.openqa.selenium.remote.codec.w3c.W3CHttpResponseCodec.decode(W3CHttpResponseCodec.java:133)
	at org.openqa.selenium.remote.codec.w3c.W3CHttpResponseCodec.decode(W3CHttpResponseCodec.java:52)
	at org.openqa.selenium.remote.HttpCommandExecutor.execute(HttpCommandExecutor.java:191)
	at org.openqa.selenium.remote.service.DriverCommandExecutor.invokeExecute(DriverCommandExecutor.java:196)
	at org.openqa.selenium.remote.service.DriverCommandExecutor.execute(DriverCommandExecutor.java:171)
	at org.openqa.selenium.remote.RemoteWebDriver.execute(RemoteWebDriver.java:602)
	at org.openqa.selenium.remote.RemoteWebElement.execute(RemoteWebElement.java:224)
	at org.openqa.selenium.remote.RemoteWebElement.sendKeys(RemoteWebElement.java:111)
	at jdk.internal.reflect.GeneratedMethodAccessor20.invoke(Unknown Source)
	at java.base/jdk.internal.reflect.DelegatingMethodAccessorImpl.invoke(DelegatingMethodAccessorImpl.java:43)
	at java.base/java.lang.reflect.Method.invoke(Method.java:566)
	at org.openqa.selenium.support.pagefactory.internal.LocatingElementHandler.invoke(LocatingElementHandler.java:51)
	at com.sun.proxy.$Proxy14.sendKeys(Unknown Source)
	at net.pages_superadmin.GlobalSettingsPage.clickprobeRawDataRecoveryPeriod(GlobalSettingsPage.java:449)
	at net.testcases_superadmin.GlobalSettingCoreserviceClientRawDataVerification.globalSettingCoreServiceForGoalNotificationRange(GlobalSettingCoreserviceClientRawDataVerification.java:52)
	at java.base/jdk.internal.reflect.NativeMethodAccessorImpl.invoke0(Native Method)
	at java.base/jdk.internal.reflect.NativeMethodAccessorImpl.invoke(NativeMethodAccessorImpl.java:62)
	at java.base/jdk.internal.reflect.DelegatingMethodAccessorImpl.invoke(DelegatingMethodAccessorImpl.java:43)
	at java.base/java.lang.reflect.Method.invoke(Method.java:566)
	at org.testng.internal.invokers.MethodInvocationHelper.invokeMethod(MethodInvocationHelper.java:139)
	at org.testng.internal.invokers.TestInvoker.invokeMethod(TestInvoker.java:677)
	at org.testng.internal.invokers.TestInvoker.retryFailed(TestInvoker.java:263)
	at org.testng.internal.invokers.MethodRunner.runInSequence(MethodRunner.java:62)
	at org.testng.internal.invokers.TestInvoker$MethodInvocationAgent.invoke(TestInvoker.java:962)
	at org.testng.internal.invokers.TestInvoker.invokeTestMethods(TestInvoker.java:194)
	at org.testng.internal.invokers.TestMethodWorker.invokeTestMethods(TestMethodWorker.java:148)
	at org.testng.internal.invokers.TestMethodWorker.run(TestMethodWorker.java:128)
	at java.base/java.util.ArrayList.forEach(ArrayList.java:1541)
	at org.testng.TestRunner.privateRun(TestRunner.java:806)
	at org.testng.TestRunner.run(TestRunner.java:601)
	at org.testng.SuiteRunner.runTest(SuiteRunner.java:433)
	at org.testng.SuiteRunner.runSequentially(SuiteRunner.java:427)
	at org.testng.SuiteRunner.privateRun(SuiteRunner.java:387)
	at org.testng.SuiteRunner.run(SuiteRunner.java:330)
	at org.testng.SuiteRunnerWorker.runSuite(SuiteRunnerWorker.java:52)
	at org.testng.SuiteRunnerWorker.run(SuiteRunnerWorker.java:95)
	at org.testng.TestNG.runSuitesSequentially(TestNG.java:1256)
	at org.testng.TestNG.runSuitesSequentially(TestNG.java:1251)
	at org.testng.TestNG.runSuitesLocally(TestNG.java:1176)
	at org.testng.TestNG.runSuites(TestNG.java:1099)
	at org.testng.TestNG.run(TestNG.java:1067)
	at org.testng.remote.AbstractRemoteTestNG.run(AbstractRemoteTestNG.java:115)
	at org.testng.remote.RemoteTestNG.initAndRun(RemoteTestNG.java:251)
	at org.testng.remote.RemoteTestNG.main(RemoteTestNG.java:77)
</pre></div></td>
<td>8</td>
<td>net.testcases_superadmin.GlobalSettingCoreserviceClientRawDataVerification@608cd501</td></tr>
<tr>
<td title='net.testcases_superadmin.GlobalSettingCoreserviceClientRawDataVerification.globalSettingCoreServiceForGoalNotificationRange()'><b>globalSettingCoreServiceForGoalNotificationRange</b><br>Test class: net.testcases_superadmin.GlobalSettingCoreserviceClientRawDataVerification<br>Parameters: chrome</td>
<td><div><pre>org.openqa.selenium.ElementNotInteractableException: element not interactable
  (Session info: chrome=118.0.5993.118)
Build info: version: &apos;4.13.0&apos;, revision: &apos;ba948ece5b*&apos;
System info: os.name: &apos;Windows 10&apos;, os.arch: &apos;amd64&apos;, os.version: &apos;10.0&apos;, java.version: &apos;11.0.21&apos;
Driver info: org.openqa.selenium.chrome.ChromeDriver
Command: [7441fd97ea357b4352911b493ac5cc71, sendKeysToElement {id=91D4D1E98C73094E9A2C7919646EBDF2_element_436, value=[Ljava.lang.CharSequence;@3cb2050f}]
Capabilities {acceptInsecureCerts: false, browserName: chrome, browserVersion: 118.0.5993.118, chrome: {chromedriverVersion: 118.0.5993.70 (e52f33f30b91..., userDataDir: C:\Users\pavana.c\AppData\L...}, fedcm:accounts: true, goog:chromeOptions: {debuggerAddress: localhost:60704}, networkConnectionEnabled: false, pageLoadStrategy: normal, platformName: windows, proxy: Proxy(), se:cdp: ws://localhost:60704/devtoo..., se:cdpVersion: 118.0.5993.118, setWindowRect: true, strictFileInteractability: false, timeouts: {implicit: 0, pageLoad: 300000, script: 30000}, unhandledPromptBehavior: dismiss and notify, webauthn:extension:credBlob: true, webauthn:extension:largeBlob: true, webauthn:extension:minPinLength: true, webauthn:extension:prf: true, webauthn:virtualAuthenticators: true}
Element: [[ChromeDriver: chrome on windows (7441fd97ea357b4352911b493ac5cc71)] -&gt; id: probeRawDataRecoveryPeriod]
Session ID: 7441fd97ea357b4352911b493ac5cc71
	at org.openqa.selenium.remote.codec.w3c.W3CHttpResponseCodec.createException(W3CHttpResponseCodec.java:200)
	at org.openqa.selenium.remote.codec.w3c.W3CHttpResponseCodec.decode(W3CHttpResponseCodec.java:133)
	at org.openqa.selenium.remote.codec.w3c.W3CHttpResponseCodec.decode(W3CHttpResponseCodec.java:52)
	at org.openqa.selenium.remote.HttpCommandExecutor.execute(HttpCommandExecutor.java:191)
	at org.openqa.selenium.remote.service.DriverCommandExecutor.invokeExecute(DriverCommandExecutor.java:196)
	at org.openqa.selenium.remote.service.DriverCommandExecutor.execute(DriverCommandExecutor.java:171)
	at org.openqa.selenium.remote.RemoteWebDriver.execute(RemoteWebDriver.java:602)
	at org.openqa.selenium.remote.RemoteWebElement.execute(RemoteWebElement.java:224)
	at org.openqa.selenium.remote.RemoteWebElement.sendKeys(RemoteWebElement.java:111)
	at org.openqa.selenium.support.pagefactory.internal.LocatingElementHandler.invoke(LocatingElementHandler.java:51)
	at com.sun.proxy.$Proxy14.sendKeys(Unknown Source)
	at net.pages_superadmin.GlobalSettingsPage.clickprobeRawDataRecoveryPeriod(GlobalSettingsPage.java:449)
	at net.testcases_superadmin.GlobalSettingCoreserviceClientRawDataVerification.globalSettingCoreServiceForGoalNotificationRange(GlobalSettingCoreserviceClientRawDataVerification.java:52)
	at java.base/java.util.ArrayList.forEach(ArrayList.java:1541)
... Removed 34 stack frames</pre></div><a href='#' onClick='toggleBox("stack-trace1764551312", this, "Click to show all stack frames", "Click to hide stack frames")'>Click to show all stack frames</a>
<div class='stack-trace' id='stack-trace1764551312'><pre>org.openqa.selenium.ElementNotInteractableException: element not interactable
  (Session info: chrome=118.0.5993.118)
Build info: version: &apos;4.13.0&apos;, revision: &apos;ba948ece5b*&apos;
System info: os.name: &apos;Windows 10&apos;, os.arch: &apos;amd64&apos;, os.version: &apos;10.0&apos;, java.version: &apos;11.0.21&apos;
Driver info: org.openqa.selenium.chrome.ChromeDriver
Command: [7441fd97ea357b4352911b493ac5cc71, sendKeysToElement {id=91D4D1E98C73094E9A2C7919646EBDF2_element_436, value=[Ljava.lang.CharSequence;@3cb2050f}]
Capabilities {acceptInsecureCerts: false, browserName: chrome, browserVersion: 118.0.5993.118, chrome: {chromedriverVersion: 118.0.5993.70 (e52f33f30b91..., userDataDir: C:\Users\pavana.c\AppData\L...}, fedcm:accounts: true, goog:chromeOptions: {debuggerAddress: localhost:60704}, networkConnectionEnabled: false, pageLoadStrategy: normal, platformName: windows, proxy: Proxy(), se:cdp: ws://localhost:60704/devtoo..., se:cdpVersion: 118.0.5993.118, setWindowRect: true, strictFileInteractability: false, timeouts: {implicit: 0, pageLoad: 300000, script: 30000}, unhandledPromptBehavior: dismiss and notify, webauthn:extension:credBlob: true, webauthn:extension:largeBlob: true, webauthn:extension:minPinLength: true, webauthn:extension:prf: true, webauthn:virtualAuthenticators: true}
Element: [[ChromeDriver: chrome on windows (7441fd97ea357b4352911b493ac5cc71)] -&gt; id: probeRawDataRecoveryPeriod]
Session ID: 7441fd97ea357b4352911b493ac5cc71
	at jdk.internal.reflect.GeneratedConstructorAccessor102.newInstance(Unknown Source)
	at java.base/jdk.internal.reflect.DelegatingConstructorAccessorImpl.newInstance(DelegatingConstructorAccessorImpl.java:45)
	at java.base/java.lang.reflect.Constructor.newInstance(Constructor.java:490)
	at org.openqa.selenium.remote.codec.w3c.W3CHttpResponseCodec.createException(W3CHttpResponseCodec.java:200)
	at org.openqa.selenium.remote.codec.w3c.W3CHttpResponseCodec.decode(W3CHttpResponseCodec.java:133)
	at org.openqa.selenium.remote.codec.w3c.W3CHttpResponseCodec.decode(W3CHttpResponseCodec.java:52)
	at org.openqa.selenium.remote.HttpCommandExecutor.execute(HttpCommandExecutor.java:191)
	at org.openqa.selenium.remote.service.DriverCommandExecutor.invokeExecute(DriverCommandExecutor.java:196)
	at org.openqa.selenium.remote.service.DriverCommandExecutor.execute(DriverCommandExecutor.java:171)
	at org.openqa.selenium.remote.RemoteWebDriver.execute(RemoteWebDriver.java:602)
	at org.openqa.selenium.remote.RemoteWebElement.execute(RemoteWebElement.java:224)
	at org.openqa.selenium.remote.RemoteWebElement.sendKeys(RemoteWebElement.java:111)
	at jdk.internal.reflect.GeneratedMethodAccessor20.invoke(Unknown Source)
	at java.base/jdk.internal.reflect.DelegatingMethodAccessorImpl.invoke(DelegatingMethodAccessorImpl.java:43)
	at java.base/java.lang.reflect.Method.invoke(Method.java:566)
	at org.openqa.selenium.support.pagefactory.internal.LocatingElementHandler.invoke(LocatingElementHandler.java:51)
	at com.sun.proxy.$Proxy14.sendKeys(Unknown Source)
	at net.pages_superadmin.GlobalSettingsPage.clickprobeRawDataRecoveryPeriod(GlobalSettingsPage.java:449)
	at net.testcases_superadmin.GlobalSettingCoreserviceClientRawDataVerification.globalSettingCoreServiceForGoalNotificationRange(GlobalSettingCoreserviceClientRawDataVerification.java:52)
	at java.base/jdk.internal.reflect.NativeMethodAccessorImpl.invoke0(Native Method)
	at java.base/jdk.internal.reflect.NativeMethodAccessorImpl.invoke(NativeMethodAccessorImpl.java:62)
	at java.base/jdk.internal.reflect.DelegatingMethodAccessorImpl.invoke(DelegatingMethodAccessorImpl.java:43)
	at java.base/java.lang.reflect.Method.invoke(Method.java:566)
	at org.testng.internal.invokers.MethodInvocationHelper.invokeMethod(MethodInvocationHelper.java:139)
	at org.testng.internal.invokers.TestInvoker.invokeMethod(TestInvoker.java:677)
	at org.testng.internal.invokers.TestInvoker.invokeTestMethod(TestInvoker.java:221)
	at org.testng.internal.invokers.MethodRunner.runInSequence(MethodRunner.java:50)
	at org.testng.internal.invokers.TestInvoker$MethodInvocationAgent.invoke(TestInvoker.java:962)
	at org.testng.internal.invokers.TestInvoker.invokeTestMethods(TestInvoker.java:194)
	at org.testng.internal.invokers.TestMethodWorker.invokeTestMethods(TestMethodWorker.java:148)
	at org.testng.internal.invokers.TestMethodWorker.run(TestMethodWorker.java:128)
	at java.base/java.util.ArrayList.forEach(ArrayList.java:1541)
	at org.testng.TestRunner.privateRun(TestRunner.java:806)
	at org.testng.TestRunner.run(TestRunner.java:601)
	at org.testng.SuiteRunner.runTest(SuiteRunner.java:433)
	at org.testng.SuiteRunner.runSequentially(SuiteRunner.java:427)
	at org.testng.SuiteRunner.privateRun(SuiteRunner.java:387)
	at org.testng.SuiteRunner.run(SuiteRunner.java:330)
	at org.testng.SuiteRunnerWorker.runSuite(SuiteRunnerWorker.java:52)
	at org.testng.SuiteRunnerWorker.run(SuiteRunnerWorker.java:95)
	at org.testng.TestNG.runSuitesSequentially(TestNG.java:1256)
	at org.testng.TestNG.runSuitesSequentially(TestNG.java:1251)
	at org.testng.TestNG.runSuitesLocally(TestNG.java:1176)
	at org.testng.TestNG.runSuites(TestNG.java:1099)
	at org.testng.TestNG.run(TestNG.java:1067)
	at org.testng.remote.AbstractRemoteTestNG.run(AbstractRemoteTestNG.java:115)
	at org.testng.remote.RemoteTestNG.initAndRun(RemoteTestNG.java:251)
	at org.testng.remote.RemoteTestNG.main(RemoteTestNG.java:77)
</pre></div></td>
<td>8</td>
<td>net.testcases_superadmin.GlobalSettingCoreserviceClientRawDataVerification@608cd501</td></tr>
</table><p>
</body>
</html>