<?xml version="1.0" encoding="UTF-8"?>
<!-- Generated by org.testng.reporters.JUnitXMLReporter -->
<testsuite ignored="0" hostname="JAMOCHA30" failures="4" tests="45" name="UserRole" time="1662.472" errors="0" timestamp="2024-06-10T14:45:14 IST">
  <testcase classname="net.testcases_worktimemodule.validate_user_roles_administrationmenu.UserRolesModifyManagerRestrictusers" name="userRolesModifyManagerRestrictusers" time="31.106"/>
  <testcase classname="net.testcases_worktimemodule.validate_user_roles_administrationmenu.UserRolesModifyMemberModuleSelection" name="userRolesModifyMemberModuleSelection" time="33.522"/>
  <testcase classname="net.testcases_worktimemodule.validate_user_roles_administrationmenu.UserRolesAddNewManager" name="userRolesAddNewManager" time="52.775"/>
  <testcase classname="net.testcases_worktimemodule.validate_user_roles_administrationmenu.UserRolesModifyManagerDefineNewActivity" name="userRolesModifyManagerDefineNewActivity" time="47.414"/>
  <testcase classname="net.testcases_worktimemodule.validate_user_roles_administrationmenu.UserRolesModifyManagerAllowUserToExportDataXLS" name="userRolesModifyManagerAllowUserToExportDataXLS" time="44.43"/>
  <testcase classname="net.testcases_worktimemodule.validate_user_roles_administrationmenu.UserRolesModifyManagerHierarchyLevel" name="userRolesModifyManagerHierarchyLevel" time="13.494"/>
  <testcase classname="net.testcases_worktimemodule.validate_user_roles_administrationmenu.UserRolesModifyMemberHierarchyLevel" name="userRolesModifyMemberHierarchyLevel" time="14.064"/>
  <testcase classname="net.testcases_worktimemodule.validate_user_roles_administrationmenu.UserRoleExcelValidation" name="userRoleExcelValidation" time="20.277"/>
  <testcase classname="net.testcases_worktimemodule.validate_user_roles_administrationmenu.UserRolesModifyManagerModuleSelection" name="userRolesModifyManagerModuleSelection" time="29.066"/>
  <testcase classname="net.testcases_worktimemodule.validate_user_roles_administrationmenu.UserRolesAddNewMemberDelete" name="userRolesAddNewMemberDelete" time="47.856"/>
  <testcase classname="net.testcases_worktimemodule.validate_user_roles_administrationmenu.UserRolesModifyManagerExportDataPermissionAllowUserToMail" name="userRolesModifyManagerExportDataPermissionAllowUserToMail" time="34.409"/>
  <testcase classname="net.testcases_worktimemodule.validate_user_roles_administrationmenu.UserRolesModifyManagerExportDataPermissionNotAllowUserToDemandOnMail" name="userRolesModifyManagerExportDataPermissionNotAllowUserToDemandOnMail" time="26.342"/>
  <testcase classname="net.testcases_worktimemodule.validate_user_roles_administrationmenu.UserRolesModifyManagerDontAllowUserToExportDataXLS" name="userRolesModifyManagerDontAllowUserToExportDataXLS" time="31.968"/>
  <testcase classname="net.testcases_worktimemodule.validate_user_roles_administrationmenu.UserRolesModifyManagerEditActivityRating" name="userRolesModifyManagerEditActivityRating" time="48.618"/>
  <testcase classname="net.testcases_worktimemodule.validate_user_roles_administrationmenu.UserRolesModifyMemberToManager" name="userRolesModifyMemberToManager" time="106.89"/>
  <testcase classname="net.testcases_worktimemodule.validate_user_roles_administrationmenu.UserRolePDFValidation" name="userRolePDFValidation" time="22.876"/>
  <testcase classname="net.testcases_worktimemodule.validate_user_roles_administrationmenu.UserRolesModifyManagerDontAllowUserToExportDataPDF2" name="userRolesModifyManagerDontAllowUserToExportDataPDF2" time="32.348"/>
  <testcase classname="net.testcases_worktimemodule.validate_user_roles_administrationmenu.UserRolesBulkUpdateMember" name="userRolesBulkUpdateMember" time="49.026"/>
  <testcase classname="net.testcases_worktimemodule.validate_user_roles_administrationmenu.UserRolesModifyManagerAllowUserToExportDataPDF" name="userRolesModifyManagerAllowUserToExportDataPDF" time="37.904"/>
  <testcase classname="net.testcases_worktimemodule.validate_user_roles_administrationmenu.UserRoleSorting" name="userRoleSorting" time="23.871"/>
  <testcase classname="net.testcases_worktimemodule.validate_user_roles_administrationmenu.UserRolesModifyMemberWorkLoadAnalysis" name="userRolesModifyManagerEditActivityRating" time="19.647"/>
  <testcase classname="net.testcases_worktimemodule.validate_user_roles_administrationmenu.UserRolesModifyManagerToMeber" name="userRolesModifyManagerToMeber" time="130.294"/>
  <testcase classname="net.testcases_worktimemodule.validate_user_roles_administrationmenu.UserRolesAddNewManagerDelete" name="userRolesAddNewManagerDelete" time="110.143"/>
  <testcase classname="net.testcases_worktimemodule.validate_user_roles_administrationmenu.UserRolesBulkUpdate" name="userRolesBulkUpdate" time="89.797"/>
  <testcase classname="net.testcases_worktimemodule.validate_user_roles_administrationmenu.UserRolesAddNewMember" name="userRolesAddNewManager" time="36.152"/>
  <testcase classname="net.testcases_worktimemodule.validate_user_roles_administrationmenu.UserRolesModifyManagerEditAO" name="userRolesModifyManagerEditAO" time="18.302"/>
  <testcase classname="net.testcases_worktimemodule.validate_user_roles_administrationmenu.UserRolesModifyManagerEditClientSetting" name="userRolesModifyManagerEditClientSetting" time="15.658"/>
  <testcase classname="net.testcases_worktimemodule.validate_user_roles_administrationmenu.UserRolesModifyManagerEditUserGroupWidget" name="userRolesModifyManagerEditUserGroupWidget" time="52.651"/>
  <testcase classname="net.testcases_worktimemodule.validate_user_roles_administrationmenu.UserRolesModifyManagerEditWorkOutPut" name="userRolesModifyManagerEditWorkOutPut" time="19.893"/>
  <testcase classname="net.testcases_worktimemodule.validate_user_roles_administrationmenu.UserRolesModifyManagerEditUserWidget" name="userRolesModifyManagerEditUserWidget" time="50.296"/>
  <testcase classname="net.testcases_worktimemodule.validate_user_roles_administrationmenu.UserRolesModifyManagerEditTimeSheet" name="userRolesModifyManagerEditTimeSheet" time="24.232">
    <skipped/>
  </testcase> <!-- userRolesModifyManagerEditTimeSheet -->
  <testcase classname="net.testcases_worktimemodule.validate_user_roles_administrationmenu.UserRolesModifyManagerEditTimeSheet" name="userRolesModifyManagerEditTimeSheet" time="24.503">
    <skipped/>
  </testcase> <!-- userRolesModifyManagerEditTimeSheet -->
  <testcase classname="net.testcases_worktimemodule.validate_user_roles_administrationmenu.UserRolesModifyManagerEditTimeSheet" name="userRolesModifyManagerEditTimeSheet" time="23.892">
    <failure type="org.openqa.selenium.NoSuchElementException" message="Cannot locate option with value: 93
For documentation on this error, please visit: https://www.selenium.dev/documentation/webdriver/troubleshooting/errors#no-such-element-exception
Build info: version: &amp;apos;4.13.0&amp;apos;, revision: &amp;apos;ba948ece5b*&amp;apos;
System info: os.name: &amp;apos;Windows 10&amp;apos;, os.arch: &amp;apos;amd64&amp;apos;, os.version: &amp;apos;10.0&amp;apos;, java.version: &amp;apos;11.0.21&amp;apos;
Driver info: driver.version: unknown">
      <![CDATA[org.openqa.selenium.NoSuchElementException: Cannot locate option with value: 93
For documentation on this error, please visit: https://www.selenium.dev/documentation/webdriver/troubleshooting/errors#no-such-element-exception
Build info: version: '4.13.0', revision: 'ba948ece5b*'
System info: os.name: 'Windows 10', os.arch: 'amd64', os.version: '10.0', java.version: '11.0.21'
Driver info: driver.version: unknown
at org.openqa.selenium.support.ui.Select.findOptionsByValue(Select.java:289)
at org.openqa.selenium.support.ui.Select.selectByValue(Select.java:194)
at net.pages_worktimemodule.UserRolePage.selectTimeSheet(UserRolePage.java:408)
at net.testcases_worktimemodule.validate_user_roles_administrationmenu.UserRolesModifyManagerEditTimeSheet.userRolesModifyManagerEditTimeSheet(UserRolesModifyManagerEditTimeSheet.java:60)
at java.base/java.util.ArrayList.forEach(ArrayList.java:1541)
... Removed 28 stack frames]]>
    </failure>
  </testcase> <!-- userRolesModifyManagerEditTimeSheet -->
  <testcase classname="net.testcases_worktimemodule.validate_user_roles_administrationmenu.UserRolesModifyManagerEditCurrentActivity" name="userRolesModifyManagerEditCurrentActivity" time="23.887">
    <skipped/>
  </testcase> <!-- userRolesModifyManagerEditCurrentActivity -->
  <testcase classname="net.testcases_worktimemodule.validate_user_roles_administrationmenu.UserRolesModifyManagerEditCurrentActivity" name="userRolesModifyManagerEditCurrentActivity" time="23.175">
    <skipped/>
  </testcase> <!-- userRolesModifyManagerEditCurrentActivity -->
  <testcase classname="net.testcases_worktimemodule.validate_user_roles_administrationmenu.UserRolesModifyManagerEditCurrentActivity" name="userRolesModifyManagerEditCurrentActivity" time="23.955">
    <failure type="org.openqa.selenium.NoSuchElementException" message="Cannot locate option with value: 230
For documentation on this error, please visit: https://www.selenium.dev/documentation/webdriver/troubleshooting/errors#no-such-element-exception
Build info: version: &amp;apos;4.13.0&amp;apos;, revision: &amp;apos;ba948ece5b*&amp;apos;
System info: os.name: &amp;apos;Windows 10&amp;apos;, os.arch: &amp;apos;amd64&amp;apos;, os.version: &amp;apos;10.0&amp;apos;, java.version: &amp;apos;11.0.21&amp;apos;
Driver info: driver.version: unknown">
      <![CDATA[org.openqa.selenium.NoSuchElementException: Cannot locate option with value: 230
For documentation on this error, please visit: https://www.selenium.dev/documentation/webdriver/troubleshooting/errors#no-such-element-exception
Build info: version: '4.13.0', revision: 'ba948ece5b*'
System info: os.name: 'Windows 10', os.arch: 'amd64', os.version: '10.0', java.version: '11.0.21'
Driver info: driver.version: unknown
at org.openqa.selenium.support.ui.Select.findOptionsByValue(Select.java:289)
at org.openqa.selenium.support.ui.Select.selectByValue(Select.java:194)
at net.pages_worktimemodule.UserRolePage.selectCurrentActivity(UserRolePage.java:415)
at net.testcases_worktimemodule.validate_user_roles_administrationmenu.UserRolesModifyManagerEditCurrentActivity.userRolesModifyManagerEditCurrentActivity(UserRolesModifyManagerEditCurrentActivity.java:60)
at java.base/java.util.ArrayList.forEach(ArrayList.java:1541)
... Removed 28 stack frames]]>
    </failure>
  </testcase> <!-- userRolesModifyManagerEditCurrentActivity -->
  <testcase classname="net.testcases_worktimemodule.validate_user_roles_administrationmenu.UserRolesModifyManagerEditCustomReports" name="userRolesModifyManagerEditCustomReports" time="24.078">
    <skipped/>
  </testcase> <!-- userRolesModifyManagerEditCustomReports -->
  <testcase classname="net.testcases_worktimemodule.validate_user_roles_administrationmenu.UserRolesModifyManagerEditCustomReports" name="userRolesModifyManagerEditCustomReports" time="23.715">
    <skipped/>
  </testcase> <!-- userRolesModifyManagerEditCustomReports -->
  <testcase classname="net.testcases_worktimemodule.validate_user_roles_administrationmenu.UserRolesModifyManagerEditCustomReports" name="userRolesModifyManagerEditCustomReports" time="24.396">
    <failure type="org.openqa.selenium.NoSuchElementException" message="Cannot locate option with value: 167
For documentation on this error, please visit: https://www.selenium.dev/documentation/webdriver/troubleshooting/errors#no-such-element-exception
Build info: version: &amp;apos;4.13.0&amp;apos;, revision: &amp;apos;ba948ece5b*&amp;apos;
System info: os.name: &amp;apos;Windows 10&amp;apos;, os.arch: &amp;apos;amd64&amp;apos;, os.version: &amp;apos;10.0&amp;apos;, java.version: &amp;apos;11.0.21&amp;apos;
Driver info: driver.version: unknown">
      <![CDATA[org.openqa.selenium.NoSuchElementException: Cannot locate option with value: 167
For documentation on this error, please visit: https://www.selenium.dev/documentation/webdriver/troubleshooting/errors#no-such-element-exception
Build info: version: '4.13.0', revision: 'ba948ece5b*'
System info: os.name: 'Windows 10', os.arch: 'amd64', os.version: '10.0', java.version: '11.0.21'
Driver info: driver.version: unknown
at org.openqa.selenium.support.ui.Select.findOptionsByValue(Select.java:289)
at org.openqa.selenium.support.ui.Select.selectByValue(Select.java:194)
at net.pages_worktimemodule.UserRolePage.selectCustomReports(UserRolePage.java:422)
at net.testcases_worktimemodule.validate_user_roles_administrationmenu.UserRolesModifyManagerEditCustomReports.userRolesModifyManagerEditCustomReports(UserRolesModifyManagerEditCustomReports.java:60)
at java.base/java.util.ArrayList.forEach(ArrayList.java:1541)
... Removed 28 stack frames]]>
    </failure>
  </testcase> <!-- userRolesModifyManagerEditCustomReports -->
  <testcase classname="net.testcases_worktimemodule.validate_user_roles_administrationmenu.UserRolesModifyManagerEditCustomReportsPublishReport" name="userRolesModifyManagerEditCustomReportsPublishReport" time="24.09">
    <skipped/>
  </testcase> <!-- userRolesModifyManagerEditCustomReportsPublishReport -->
  <testcase classname="net.testcases_worktimemodule.validate_user_roles_administrationmenu.UserRolesModifyManagerEditCustomReportsPublishReport" name="userRolesModifyManagerEditCustomReportsPublishReport" time="24.06">
    <skipped/>
  </testcase> <!-- userRolesModifyManagerEditCustomReportsPublishReport -->
  <testcase classname="net.testcases_worktimemodule.validate_user_roles_administrationmenu.UserRolesModifyManagerEditCustomReportsPublishReport" name="userRolesModifyManagerEditCustomReportsPublishReport" time="24.538">
    <failure type="org.openqa.selenium.NoSuchElementException" message="Cannot locate option with value: 167
For documentation on this error, please visit: https://www.selenium.dev/documentation/webdriver/troubleshooting/errors#no-such-element-exception
Build info: version: &amp;apos;4.13.0&amp;apos;, revision: &amp;apos;ba948ece5b*&amp;apos;
System info: os.name: &amp;apos;Windows 10&amp;apos;, os.arch: &amp;apos;amd64&amp;apos;, os.version: &amp;apos;10.0&amp;apos;, java.version: &amp;apos;11.0.21&amp;apos;
Driver info: driver.version: unknown">
      <![CDATA[org.openqa.selenium.NoSuchElementException: Cannot locate option with value: 167
For documentation on this error, please visit: https://www.selenium.dev/documentation/webdriver/troubleshooting/errors#no-such-element-exception
Build info: version: '4.13.0', revision: 'ba948ece5b*'
System info: os.name: 'Windows 10', os.arch: 'amd64', os.version: '10.0', java.version: '11.0.21'
Driver info: driver.version: unknown
at org.openqa.selenium.support.ui.Select.findOptionsByValue(Select.java:289)
at org.openqa.selenium.support.ui.Select.selectByValue(Select.java:194)
at net.pages_worktimemodule.UserRolePage.selectCustomReports(UserRolePage.java:422)
at net.testcases_worktimemodule.validate_user_roles_administrationmenu.UserRolesModifyManagerEditCustomReportsPublishReport.userRolesModifyManagerEditCustomReportsPublishReport(UserRolesModifyManagerEditCustomReportsPublishReport.java:60)
at java.base/java.util.ArrayList.forEach(ArrayList.java:1541)
... Removed 28 stack frames]]>
    </failure>
  </testcase> <!-- userRolesModifyManagerEditCustomReportsPublishReport -->
  <testcase classname="net.testcases_worktimemodule.validate_user_roles_administrationmenu.UserRolesModifyManagerEditWorkLOadForGRoup" name="userRolesModifyManagerEditWorkLOadForGRoup" time="18.81"/>
  <testcase classname="net.testcases_worktimemodule.validate_user_roles_administrationmenu.UserRolesModifyManagerEditWorkLOadForUser" name="userRolesModifyManagerEditWorkLOadForUser" time="19.073"/>
  <testcase classname="net.testcases_worktimemodule.validate_user_roles_administrationmenu.UserRolesModifyManagerEditAttendence" name="userRolesModifyManagerEditAttendence" time="19.669"/>
</testsuite> <!-- UserRole -->
