<?xml version="1.0" encoding="UTF-8"?>
<!-- Generated by org.testng.reporters.JUnitXMLReporter -->
<testsuite ignored="0" hostname="JAMOCHA30" failures="1" tests="10" name="Test" time="329.281" errors="0" timestamp="2024-06-03T15:42:23 IST">
  <testcase classname="net.testcases_worktimemodule.supergroup_addmodifydelete_with_bulkupload_and_validate_offlinereports_in_mysql.AddSuperGroupInMysql" name="addSuperGroupInMysql" time="28.516"/>
  <testcase classname="net.testcases_worktimemodule.supergroup_addmodifydelete_with_bulkupload_and_validate_offlinereports_in_mysql.ModifySuperGroupInMysql" name="modifySuperGroupInMysql" time="21.462"/>
  <testcase classname="net.testcases_worktimemodule.supergroup_addmodifydelete_with_bulkupload_and_validate_offlinereports_in_mysql.DeleteSuperGroupInMysql" name="deleteSuperGroupInMysql" time="83.015">
    <skipped/>
  </testcase> <!-- deleteSuperGroupInMysql -->
  <testcase classname="net.testcases_worktimemodule.supergroup_addmodifydelete_with_bulkupload_and_validate_offlinereports_in_mysql.DeleteSuperGroupInMysql" name="deleteSuperGroupInMysql" time="19.708">
    <skipped/>
  </testcase> <!-- deleteSuperGroupInMysql -->
  <testcase classname="net.testcases_worktimemodule.supergroup_addmodifydelete_with_bulkupload_and_validate_offlinereports_in_mysql.DeleteSuperGroupInMysql" name="deleteSuperGroupInMysql" time="20.291">
    <failure type="org.openqa.selenium.NoSuchElementException" message="no such element: Unable to locate element: {&amp;quot;method&amp;quot;:&amp;quot;xpath&amp;quot;,&amp;quot;selector&amp;quot;:&amp;quot;//table[@id=&amp;quot;CommonDataTableId&amp;quot;]//tbody//td/a[2]&amp;quot;}
  (Session info: chrome=118.0.5993.118)
For documentation on this error, please visit: https://www.selenium.dev/documentation/webdriver/troubleshooting/errors#no-such-element-exception
Build info: version: &amp;apos;4.13.0&amp;apos;, revision: &amp;apos;ba948ece5b*&amp;apos;
System info: os.name: &amp;apos;Windows 10&amp;apos;, os.arch: &amp;apos;amd64&amp;apos;, os.version: &amp;apos;10.0&amp;apos;, java.version: &amp;apos;11.0.21&amp;apos;
Driver info: org.openqa.selenium.chrome.ChromeDriver
Command: [23a4ebb5d0e470d8c8bc71d689a4b128, findElement {using=xpath, value=//table[@id=&amp;quot;CommonDataTableId&amp;quot;]//tbody//td/a[2]}]
Capabilities {acceptInsecureCerts: false, browserName: chrome, browserVersion: 118.0.5993.118, chrome: {chromedriverVersion: 118.0.5993.70 (e52f33f30b91..., userDataDir: C:\Users\pavana.c\AppData\L...}, fedcm:accounts: true, goog:chromeOptions: {debuggerAddress: localhost:55595}, networkConnectionEnabled: false, pageLoadStrategy: normal, platformName: windows, proxy: Proxy(), se:cdp: ws://localhost:55595/devtoo..., se:cdpVersion: 118.0.5993.118, setWindowRect: true, strictFileInteractability: false, timeouts: {implicit: 0, pageLoad: 300000, script: 30000}, unhandledPromptBehavior: dismiss and notify, webauthn:extension:credBlob: true, webauthn:extension:largeBlob: true, webauthn:extension:minPinLength: true, webauthn:extension:prf: true, webauthn:virtualAuthenticators: true}
Session ID: 23a4ebb5d0e470d8c8bc71d689a4b128">
      <![CDATA[org.openqa.selenium.NoSuchElementException: no such element: Unable to locate element: {"method":"xpath","selector":"//table[@id="CommonDataTableId"]//tbody//td/a[2]"}
  (Session info: chrome=118.0.5993.118)
For documentation on this error, please visit: https://www.selenium.dev/documentation/webdriver/troubleshooting/errors#no-such-element-exception
Build info: version: '4.13.0', revision: 'ba948ece5b*'
System info: os.name: 'Windows 10', os.arch: 'amd64', os.version: '10.0', java.version: '11.0.21'
Driver info: org.openqa.selenium.chrome.ChromeDriver
Command: [23a4ebb5d0e470d8c8bc71d689a4b128, findElement {using=xpath, value=//table[@id="CommonDataTableId"]//tbody//td/a[2]}]
Capabilities {acceptInsecureCerts: false, browserName: chrome, browserVersion: 118.0.5993.118, chrome: {chromedriverVersion: 118.0.5993.70 (e52f33f30b91..., userDataDir: C:\Users\pavana.c\AppData\L...}, fedcm:accounts: true, goog:chromeOptions: {debuggerAddress: localhost:55595}, networkConnectionEnabled: false, pageLoadStrategy: normal, platformName: windows, proxy: Proxy(), se:cdp: ws://localhost:55595/devtoo..., se:cdpVersion: 118.0.5993.118, setWindowRect: true, strictFileInteractability: false, timeouts: {implicit: 0, pageLoad: 300000, script: 30000}, unhandledPromptBehavior: dismiss and notify, webauthn:extension:credBlob: true, webauthn:extension:largeBlob: true, webauthn:extension:minPinLength: true, webauthn:extension:prf: true, webauthn:virtualAuthenticators: true}
Session ID: 23a4ebb5d0e470d8c8bc71d689a4b128
at org.openqa.selenium.remote.codec.w3c.W3CHttpResponseCodec.createException(W3CHttpResponseCodec.java:200)
at org.openqa.selenium.remote.codec.w3c.W3CHttpResponseCodec.decode(W3CHttpResponseCodec.java:133)
at org.openqa.selenium.remote.codec.w3c.W3CHttpResponseCodec.decode(W3CHttpResponseCodec.java:52)
at org.openqa.selenium.remote.HttpCommandExecutor.execute(HttpCommandExecutor.java:191)
at org.openqa.selenium.remote.service.DriverCommandExecutor.invokeExecute(DriverCommandExecutor.java:196)
at org.openqa.selenium.remote.service.DriverCommandExecutor.execute(DriverCommandExecutor.java:171)
at org.openqa.selenium.remote.RemoteWebDriver.execute(RemoteWebDriver.java:602)
at org.openqa.selenium.remote.ElementLocation$ElementFinder$2.findElement(ElementLocation.java:165)
at org.openqa.selenium.remote.ElementLocation.findElement(ElementLocation.java:59)
at org.openqa.selenium.remote.RemoteWebDriver.findElement(RemoteWebDriver.java:359)
at org.openqa.selenium.remote.RemoteWebDriver.findElement(RemoteWebDriver.java:353)
at org.openqa.selenium.support.pagefactory.DefaultElementLocator.findElement(DefaultElementLocator.java:68)
at org.openqa.selenium.support.pagefactory.internal.LocatingElementHandler.invoke(LocatingElementHandler.java:38)
at com.sun.proxy.$Proxy14.click(Unknown Source)
at net.pages_worktimemodule.SuperGroupMysqlPage.clickDeleteIconInSuperGroupTable(SuperGroupMysqlPage.java:318)
at net.testcases_worktimemodule.supergroup_addmodifydelete_with_bulkupload_and_validate_offlinereports_in_mysql.DeleteSuperGroupInMysql.deleteSuperGroupInMysql(DeleteSuperGroupInMysql.java:53)
at java.base/java.util.ArrayList.forEach(ArrayList.java:1541)
... Removed 32 stack frames]]>
    </failure>
  </testcase> <!-- deleteSuperGroupInMysql -->
  <testcase classname="net.testcases_worktimemodule.supergroup_addmodifydelete_with_bulkupload_and_validate_offlinereports_in_mysql.ExcelDataValidationForSuperGroupTable" name="excelValidationForSuperGroupTableInMysql" time="16.541"/>
  <testcase classname="net.testcases_worktimemodule.supergroup_addmodifydelete_with_bulkupload_and_validate_offlinereports_in_mysql.PDFDataValidationForSuperGroupTable" name="pdfValidationForSuperGroupTableInMysql" time="17.528"/>
  <testcase classname="net.testcases_worktimemodule.supergroup_addmodifydelete_with_bulkupload_and_validate_offlinereports_in_mysql.SuperGroupBulkUploadAddMysql" name="superGroupBulkUploadAdd" time="30.009"/>
  <testcase classname="net.testcases_worktimemodule.supergroup_addmodifydelete_with_bulkupload_and_validate_offlinereports_in_mysql.SuperGroupBulkUploadModifyMysql" name="superGroupBulkUploadModify" time="28.822"/>
  <testcase classname="net.testcases_worktimemodule.supergroup_addmodifydelete_with_bulkupload_and_validate_offlinereports_in_mysql.SuperGroupBulkUploadDeleteMysql" name="superGroupBulkUploadDelete" time="58.957"/>
</testsuite> <!-- Test -->
