{"uid":"61e6b732a999e30f","name":"DayType Duplicate Validation.","fullName":"net.testcases_worktimemodule.validate_worktemplate_addmodifydelete_administrationmenu.DayTypeAddDuplicateValidation.addDuplicateValidation","historyId":"302cea6e1773e3edc14e728fe15b7761","time":{"start":1715677342114,"stop":1715677377890,"duration":35776},"description":"DayType Duplicate Validation.","descriptionHtml":"<p>DayType Duplicate Validation.</p>\n","status":"failed","statusMessage":"expected [Day Type: ' Automation ' added successfully] but found []","statusTrace":"java.lang.AssertionError: expected [Day Type: ' Automation ' added successfully] but found []\r\n\tat org.testng.Assert.fail(Assert.java:110)\r\n\tat org.testng.Assert.failNotEquals(Assert.java:1413)\r\n\tat org.testng.Assert.assertEqualsImpl(Assert.java:149)\r\n\tat org.testng.Assert.assertEquals(Assert.java:131)\r\n\tat org.testng.Assert.assertEquals(Assert.java:655)\r\n\tat org.testng.Assert.assertEquals(Assert.java:665)\r\n\tat net.pages_worktimemodule.WorkTemplateDefineDayTypesPage.successMessageValidation(WorkTemplateDefineDayTypesPage.java:135)\r\n\tat net.testcases_worktimemodule.validate_worktemplate_addmodifydelete_administrationmenu.DayTypeAddDuplicateValidation.addDuplicateValidation(DayTypeAddDuplicateValidation.java:51)\r\n\tat java.base/jdk.internal.reflect.NativeMethodAccessorImpl.invoke0(Native Method)\r\n\tat java.base/jdk.internal.reflect.NativeMethodAccessorImpl.invoke(NativeMethodAccessorImpl.java:62)\r\n\tat java.base/jdk.internal.reflect.DelegatingMethodAccessorImpl.invoke(DelegatingMethodAccessorImpl.java:43)\r\n\tat java.base/java.lang.reflect.Method.invoke(Method.java:567)\r\n\tat org.testng.internal.invokers.MethodInvocationHelper.invokeMethod(MethodInvocationHelper.java:139)\r\n\tat org.testng.internal.invokers.TestInvoker.invokeMethod(TestInvoker.java:677)\r\n\tat org.testng.internal.invokers.TestInvoker.retryFailed(TestInvoker.java:263)\r\n\tat org.testng.internal.invokers.MethodRunner.runInSequence(MethodRunner.java:62)\r\n\tat org.testng.internal.invokers.TestInvoker$MethodInvocationAgent.invoke(TestInvoker.java:962)\r\n\tat org.testng.internal.invokers.TestInvoker.invokeTestMethods(TestInvoker.java:194)\r\n\tat org.testng.internal.invokers.TestMethodWorker.invokeTestMethods(TestMethodWorker.java:148)\r\n\tat org.testng.internal.invokers.TestMethodWorker.run(TestMethodWorker.java:128)\r\n\tat java.base/java.util.ArrayList.forEach(ArrayList.java:1540)\r\n\tat org.testng.TestRunner.privateRun(TestRunner.java:806)\r\n\tat org.testng.TestRunner.run(TestRunner.java:601)\r\n\tat org.testng.SuiteRunner.runTest(SuiteRunner.java:433)\r\n\tat org.testng.SuiteRunner.runSequentially(SuiteRunner.java:427)\r\n\tat org.testng.SuiteRunner.privateRun(SuiteRunner.java:387)\r\n\tat org.testng.SuiteRunner.run(SuiteRunner.java:330)\r\n\tat org.testng.SuiteRunnerWorker.runSuite(SuiteRunnerWorker.java:52)\r\n\tat org.testng.SuiteRunnerWorker.run(SuiteRunnerWorker.java:95)\r\n\tat org.testng.TestNG.runSuitesSequentially(TestNG.java:1256)\r\n\tat org.testng.TestNG.runSuitesLocally(TestNG.java:1176)\r\n\tat org.testng.TestNG.runSuites(TestNG.java:1099)\r\n\tat org.testng.TestNG.run(TestNG.java:1067)\r\n\tat org.testng.remote.AbstractRemoteTestNG.run(AbstractRemoteTestNG.java:115)\r\n\tat org.testng.remote.RemoteTestNG.initAndRun(RemoteTestNG.java:251)\r\n\tat org.testng.remote.RemoteTestNG.main(RemoteTestNG.java:77)\r\n","flaky":false,"newFailed":false,"newBroken":false,"newPassed":false,"retriesCount":0,"retriesStatusChange":false,"beforeStages":[],"testStage":{"description":"DayType Duplicate Validation.","status":"failed","statusMessage":"expected [Day Type: ' Automation ' added successfully] but found []","statusTrace":"java.lang.AssertionError: expected [Day Type: ' Automation ' added successfully] but found []\r\n\tat org.testng.Assert.fail(Assert.java:110)\r\n\tat org.testng.Assert.failNotEquals(Assert.java:1413)\r\n\tat org.testng.Assert.assertEqualsImpl(Assert.java:149)\r\n\tat org.testng.Assert.assertEquals(Assert.java:131)\r\n\tat org.testng.Assert.assertEquals(Assert.java:655)\r\n\tat org.testng.Assert.assertEquals(Assert.java:665)\r\n\tat net.pages_worktimemodule.WorkTemplateDefineDayTypesPage.successMessageValidation(WorkTemplateDefineDayTypesPage.java:135)\r\n\tat net.testcases_worktimemodule.validate_worktemplate_addmodifydelete_administrationmenu.DayTypeAddDuplicateValidation.addDuplicateValidation(DayTypeAddDuplicateValidation.java:51)\r\n\tat java.base/jdk.internal.reflect.NativeMethodAccessorImpl.invoke0(Native Method)\r\n\tat java.base/jdk.internal.reflect.NativeMethodAccessorImpl.invoke(NativeMethodAccessorImpl.java:62)\r\n\tat java.base/jdk.internal.reflect.DelegatingMethodAccessorImpl.invoke(DelegatingMethodAccessorImpl.java:43)\r\n\tat java.base/java.lang.reflect.Method.invoke(Method.java:567)\r\n\tat org.testng.internal.invokers.MethodInvocationHelper.invokeMethod(MethodInvocationHelper.java:139)\r\n\tat org.testng.internal.invokers.TestInvoker.invokeMethod(TestInvoker.java:677)\r\n\tat org.testng.internal.invokers.TestInvoker.retryFailed(TestInvoker.java:263)\r\n\tat org.testng.internal.invokers.MethodRunner.runInSequence(MethodRunner.java:62)\r\n\tat org.testng.internal.invokers.TestInvoker$MethodInvocationAgent.invoke(TestInvoker.java:962)\r\n\tat org.testng.internal.invokers.TestInvoker.invokeTestMethods(TestInvoker.java:194)\r\n\tat org.testng.internal.invokers.TestMethodWorker.invokeTestMethods(TestMethodWorker.java:148)\r\n\tat org.testng.internal.invokers.TestMethodWorker.run(TestMethodWorker.java:128)\r\n\tat java.base/java.util.ArrayList.forEach(ArrayList.java:1540)\r\n\tat org.testng.TestRunner.privateRun(TestRunner.java:806)\r\n\tat org.testng.TestRunner.run(TestRunner.java:601)\r\n\tat org.testng.SuiteRunner.runTest(SuiteRunner.java:433)\r\n\tat org.testng.SuiteRunner.runSequentially(SuiteRunner.java:427)\r\n\tat org.testng.SuiteRunner.privateRun(SuiteRunner.java:387)\r\n\tat org.testng.SuiteRunner.run(SuiteRunner.java:330)\r\n\tat org.testng.SuiteRunnerWorker.runSuite(SuiteRunnerWorker.java:52)\r\n\tat org.testng.SuiteRunnerWorker.run(SuiteRunnerWorker.java:95)\r\n\tat org.testng.TestNG.runSuitesSequentially(TestNG.java:1256)\r\n\tat org.testng.TestNG.runSuitesLocally(TestNG.java:1176)\r\n\tat org.testng.TestNG.runSuites(TestNG.java:1099)\r\n\tat org.testng.TestNG.run(TestNG.java:1067)\r\n\tat org.testng.remote.AbstractRemoteTestNG.run(AbstractRemoteTestNG.java:115)\r\n\tat org.testng.remote.RemoteTestNG.initAndRun(RemoteTestNG.java:251)\r\n\tat org.testng.remote.RemoteTestNG.main(RemoteTestNG.java:77)\r\n","steps":[{"name":"login to application","time":{"start":1715677342114,"stop":1715677343024,"duration":910},"status":"passed","steps":[],"attachments":[],"parameters":[{"name":"browser","value":"chrome"}],"shouldDisplayMessage":false,"attachmentsCount":0,"hasContent":true,"stepsCount":0,"attachmentStep":false},{"name":"select iframeSwitch","time":{"start":1715677345977,"stop":1715677346474,"duration":497},"status":"passed","steps":[],"attachments":[],"parameters":[],"shouldDisplayMessage":false,"attachmentsCount":0,"hasContent":false,"stepsCount":0,"attachmentStep":false},{"name":"Click DayTypeDropDown in DefineDayTypes","time":{"start":1715677346838,"stop":1715677347585,"duration":747},"status":"passed","steps":[],"attachments":[],"parameters":[{"name":"value","value":"WD"}],"shouldDisplayMessage":false,"attachmentsCount":0,"hasContent":true,"stepsCount":0,"attachmentStep":false},{"name":"Enter AliasName in TxtBx","time":{"start":1715677347585,"stop":1715677347650,"duration":65},"status":"passed","steps":[],"attachments":[],"parameters":[{"name":"aliasName","value":"Automation"}],"shouldDisplayMessage":false,"attachmentsCount":0,"hasContent":true,"stepsCount":0,"attachmentStep":false},{"name":"Click Add DayTypes","time":{"start":1715677347650,"stop":1715677347722,"duration":72},"status":"passed","steps":[],"attachments":[],"parameters":[],"shouldDisplayMessage":false,"attachmentsCount":0,"hasContent":false,"stepsCount":0,"attachmentStep":false},{"name":"SuccessMessage Validation","time":{"start":1715677347722,"stop":1715677377890,"duration":30168},"status":"failed","statusMessage":"expected [Day Type: ' Automation ' added successfully] but found []","statusTrace":"java.lang.AssertionError: expected [Day Type: ' Automation ' added successfully] but found []\r\n\tat org.testng.Assert.fail(Assert.java:110)\r\n\tat org.testng.Assert.failNotEquals(Assert.java:1413)\r\n\tat org.testng.Assert.assertEqualsImpl(Assert.java:149)\r\n\tat org.testng.Assert.assertEquals(Assert.java:131)\r\n\tat org.testng.Assert.assertEquals(Assert.java:655)\r\n\tat org.testng.Assert.assertEquals(Assert.java:665)\r\n\tat net.pages_worktimemodule.WorkTemplateDefineDayTypesPage.successMessageValidation(WorkTemplateDefineDayTypesPage.java:135)\r\n\tat net.testcases_worktimemodule.validate_worktemplate_addmodifydelete_administrationmenu.DayTypeAddDuplicateValidation.addDuplicateValidation(DayTypeAddDuplicateValidation.java:51)\r\n\tat java.base/jdk.internal.reflect.NativeMethodAccessorImpl.invoke0(Native Method)\r\n\tat java.base/jdk.internal.reflect.NativeMethodAccessorImpl.invoke(NativeMethodAccessorImpl.java:62)\r\n\tat java.base/jdk.internal.reflect.DelegatingMethodAccessorImpl.invoke(DelegatingMethodAccessorImpl.java:43)\r\n\tat java.base/java.lang.reflect.Method.invoke(Method.java:567)\r\n\tat org.testng.internal.invokers.MethodInvocationHelper.invokeMethod(MethodInvocationHelper.java:139)\r\n\tat org.testng.internal.invokers.TestInvoker.invokeMethod(TestInvoker.java:677)\r\n\tat org.testng.internal.invokers.TestInvoker.retryFailed(TestInvoker.java:263)\r\n\tat org.testng.internal.invokers.MethodRunner.runInSequence(MethodRunner.java:62)\r\n\tat org.testng.internal.invokers.TestInvoker$MethodInvocationAgent.invoke(TestInvoker.java:962)\r\n\tat org.testng.internal.invokers.TestInvoker.invokeTestMethods(TestInvoker.java:194)\r\n\tat org.testng.internal.invokers.TestMethodWorker.invokeTestMethods(TestMethodWorker.java:148)\r\n\tat org.testng.internal.invokers.TestMethodWorker.run(TestMethodWorker.java:128)\r\n\tat java.base/java.util.ArrayList.forEach(ArrayList.java:1540)\r\n\tat org.testng.TestRunner.privateRun(TestRunner.java:806)\r\n\tat org.testng.TestRunner.run(TestRunner.java:601)\r\n\tat org.testng.SuiteRunner.runTest(SuiteRunner.java:433)\r\n\tat org.testng.SuiteRunner.runSequentially(SuiteRunner.java:427)\r\n\tat org.testng.SuiteRunner.privateRun(SuiteRunner.java:387)\r\n\tat org.testng.SuiteRunner.run(SuiteRunner.java:330)\r\n\tat org.testng.SuiteRunnerWorker.runSuite(SuiteRunnerWorker.java:52)\r\n\tat org.testng.SuiteRunnerWorker.run(SuiteRunnerWorker.java:95)\r\n\tat org.testng.TestNG.runSuitesSequentially(TestNG.java:1256)\r\n\tat org.testng.TestNG.runSuitesLocally(TestNG.java:1176)\r\n\tat org.testng.TestNG.runSuites(TestNG.java:1099)\r\n\tat org.testng.TestNG.run(TestNG.java:1067)\r\n\tat org.testng.remote.AbstractRemoteTestNG.run(AbstractRemoteTestNG.java:115)\r\n\tat org.testng.remote.RemoteTestNG.initAndRun(RemoteTestNG.java:251)\r\n\tat org.testng.remote.RemoteTestNG.main(RemoteTestNG.java:77)\r\n","steps":[],"attachments":[],"parameters":[{"name":"message","value":"Day Type: ' Automation ' added successfully"}],"shouldDisplayMessage":true,"attachmentsCount":0,"hasContent":true,"stepsCount":0,"attachmentStep":false}],"attachments":[],"parameters":[],"shouldDisplayMessage":false,"attachmentsCount":0,"hasContent":true,"stepsCount":6,"attachmentStep":false},"afterStages":[{"name":"tearDown","time":{"start":1715677378030,"stop":1715677378030,"duration":0},"description":"","status":"passed","steps":[],"attachments":[],"parameters":[],"shouldDisplayMessage":false,"attachmentsCount":0,"hasContent":false,"stepsCount":0,"attachmentStep":false}],"labels":[{"name":"package","value":"net.testcases_worktimemodule.validate_worktemplate_addmodifydelete_administrationmenu.DayTypeAddDuplicateValidation"},{"name":"testClass","value":"net.testcases_worktimemodule.validate_worktemplate_addmodifydelete_administrationmenu.DayTypeAddDuplicateValidation"},{"name":"testMethod","value":"addDuplicateValidation"},{"name":"parentSuite","value":"validate_worktemplate_addmodifydelete_administrationmenu"},{"name":"suite","value":"net.testcases_worktimemodule.validate_worktemplate_addmodifydelete_administrationmenu"},{"name":"subSuite","value":"net.testcases_worktimemodule.validate_worktemplate_addmodifydelete_administrationmenu.DayTypeAddDuplicateValidation"},{"name":"host","value":"JAMOCHA64"},{"name":"thread","value":"51860@JAMOCHA64.main(1)"},{"name":"framework","value":"testng"},{"name":"language","value":"java"},{"name":"resultFormat","value":"allure2"}],"parameters":[{"name":"browser","value":"chrome"}],"links":[],"hidden":true,"retry":true,"extra":{"categories":[],"tags":[]},"source":"61e6b732a999e30f.json","parameterValues":["chrome"]}