{"uid":"ca0381d33a625a29","name":"Add the WorkTemplate and validate if it has been successfully added.","fullName":"net.testcases_worktimemodule.validate_worktemplate_addmodifydelete_administrationmenu.WorkTemplateAdd.workTemplateAdd","historyId":"777df401a20c8dc1b6cbfd84ac865906","time":{"start":1715678160562,"stop":1715678211927,"duration":51365},"description":"Add the WorkTemplate and validate if it has been successfully added.","descriptionHtml":"<p>Add the WorkTemplate and validate if it has been successfully added.</p>\n","status":"broken","statusMessage":"element click intercepted: Element <iframe id=\"contentFrame\" name=\"contentFrame\" frameborder=\"0\" src=\"/prohance/WorkTemplateSummary.htm?menuItemId=118\" style=\"height: 838px;\" cd_frame_id_=\"cf796a4a3296cd81555b9bbdcf4fe0a9\"></iframe> is not clickable at point (146, 301). Other element would receive the click: <div class=\"modal fade in\" role=\"dialog\" tabindex=\"-1\" id=\"adminLoadingModal\" aria-labelledby=\"gridSystemModalLabel\" style=\"z-index: 1040; display: block;\">...</div>\n  (Session info: chrome=114.0.5735.91)\nBuild info: version: '4.13.0', revision: 'ba948ece5b*'\nSystem info: os.name: 'Windows 10', os.arch: 'amd64', os.version: '10.0', java.version: '12.0.2'\nDriver info: org.openqa.selenium.chrome.ChromeDriver\nCommand: [4c6eba4cd5cdbbe102fcceb268837558, clickElement {id=0248552901EA58BF7BA53F98B224F27D_element_3854}]\nCapabilities {acceptInsecureCerts: false, browserName: chrome, browserVersion: 114.0.5735.91, chrome: {chromedriverVersion: 114.0.5735.90 (386bc09e8f4f..., userDataDir: C:\\Users\\mahesh.d\\AppData\\L...}, goog:chromeOptions: {debuggerAddress: localhost:61315}, networkConnectionEnabled: false, pageLoadStrategy: normal, platformName: windows, proxy: Proxy(), se:cdp: ws://localhost:61315/devtoo..., se:cdpVersion: 114.0.5735.91, setWindowRect: true, strictFileInteractability: false, timeouts: {implicit: 0, pageLoad: 300000, script: 30000}, unhandledPromptBehavior: dismiss and notify, webauthn:extension:credBlob: true, webauthn:extension:largeBlob: true, webauthn:extension:minPinLength: true, webauthn:extension:prf: true, webauthn:virtualAuthenticators: true}\nElement: [[ChromeDriver: chrome on windows (4c6eba4cd5cdbbe102fcceb268837558)] -> xpath: //td[@id='workLoadTD']/span[@class='nav-label']]\nSession ID: 4c6eba4cd5cdbbe102fcceb268837558","statusTrace":"org.openqa.selenium.ElementClickInterceptedException: element click intercepted: Element <iframe id=\"contentFrame\" name=\"contentFrame\" frameborder=\"0\" src=\"/prohance/WorkTemplateSummary.htm?menuItemId=118\" style=\"height: 838px;\" cd_frame_id_=\"cf796a4a3296cd81555b9bbdcf4fe0a9\"></iframe> is not clickable at point (146, 301). Other element would receive the click: <div class=\"modal fade in\" role=\"dialog\" tabindex=\"-1\" id=\"adminLoadingModal\" aria-labelledby=\"gridSystemModalLabel\" style=\"z-index: 1040; display: block;\">...</div>\n  (Session info: chrome=114.0.5735.91)\nBuild info: version: '4.13.0', revision: 'ba948ece5b*'\nSystem info: os.name: 'Windows 10', os.arch: 'amd64', os.version: '10.0', java.version: '12.0.2'\nDriver info: org.openqa.selenium.chrome.ChromeDriver\nCommand: [4c6eba4cd5cdbbe102fcceb268837558, clickElement {id=0248552901EA58BF7BA53F98B224F27D_element_3854}]\nCapabilities {acceptInsecureCerts: false, browserName: chrome, browserVersion: 114.0.5735.91, chrome: {chromedriverVersion: 114.0.5735.90 (386bc09e8f4f..., userDataDir: C:\\Users\\mahesh.d\\AppData\\L...}, goog:chromeOptions: {debuggerAddress: localhost:61315}, networkConnectionEnabled: false, pageLoadStrategy: normal, platformName: windows, proxy: Proxy(), se:cdp: ws://localhost:61315/devtoo..., se:cdpVersion: 114.0.5735.91, setWindowRect: true, strictFileInteractability: false, timeouts: {implicit: 0, pageLoad: 300000, script: 30000}, unhandledPromptBehavior: dismiss and notify, webauthn:extension:credBlob: true, webauthn:extension:largeBlob: true, webauthn:extension:minPinLength: true, webauthn:extension:prf: true, webauthn:virtualAuthenticators: true}\nElement: [[ChromeDriver: chrome on windows (4c6eba4cd5cdbbe102fcceb268837558)] -> xpath: //td[@id='workLoadTD']/span[@class='nav-label']]\nSession ID: 4c6eba4cd5cdbbe102fcceb268837558\r\n\tat java.base/jdk.internal.reflect.NativeConstructorAccessorImpl.newInstance0(Native Method)\r\n\tat java.base/jdk.internal.reflect.NativeConstructorAccessorImpl.newInstance(NativeConstructorAccessorImpl.java:62)\r\n\tat java.base/jdk.internal.reflect.DelegatingConstructorAccessorImpl.newInstance(DelegatingConstructorAccessorImpl.java:45)\r\n\tat java.base/java.lang.reflect.Constructor.newInstanceWithCaller(Constructor.java:500)\r\n\tat java.base/java.lang.reflect.Constructor.newInstance(Constructor.java:481)\r\n\tat org.openqa.selenium.remote.codec.w3c.W3CHttpResponseCodec.createException(W3CHttpResponseCodec.java:200)\r\n\tat org.openqa.selenium.remote.codec.w3c.W3CHttpResponseCodec.decode(W3CHttpResponseCodec.java:133)\r\n\tat org.openqa.selenium.remote.codec.w3c.W3CHttpResponseCodec.decode(W3CHttpResponseCodec.java:52)\r\n\tat org.openqa.selenium.remote.HttpCommandExecutor.execute(HttpCommandExecutor.java:191)\r\n\tat org.openqa.selenium.remote.service.DriverCommandExecutor.invokeExecute(DriverCommandExecutor.java:196)\r\n\tat org.openqa.selenium.remote.service.DriverCommandExecutor.execute(DriverCommandExecutor.java:171)\r\n\tat org.openqa.selenium.remote.RemoteWebDriver.execute(RemoteWebDriver.java:602)\r\n\tat org.openqa.selenium.remote.RemoteWebElement.execute(RemoteWebElement.java:224)\r\n\tat org.openqa.selenium.remote.RemoteWebElement.click(RemoteWebElement.java:77)\r\n\tat jdk.internal.reflect.GeneratedMethodAccessor1.invoke(Unknown Source)\r\n\tat java.base/jdk.internal.reflect.DelegatingMethodAccessorImpl.invoke(DelegatingMethodAccessorImpl.java:43)\r\n\tat java.base/java.lang.reflect.Method.invoke(Method.java:567)\r\n\tat org.openqa.selenium.support.pagefactory.internal.LocatingElementHandler.invoke(LocatingElementHandler.java:51)\r\n\tat com.sun.proxy.$Proxy21.click(Unknown Source)\r\n\tat net.pages_worktimemodule.WorkTemplatePage.clickWorkLoadCategoriesLabel(WorkTemplatePage.java:468)\r\n\tat net.testcases_worktimemodule.validate_worktemplate_addmodifydelete_administrationmenu.WorkTemplateAdd.workTemplateAdd(WorkTemplateAdd.java:69)\r\n\tat java.base/jdk.internal.reflect.NativeMethodAccessorImpl.invoke0(Native Method)\r\n\tat java.base/jdk.internal.reflect.NativeMethodAccessorImpl.invoke(NativeMethodAccessorImpl.java:62)\r\n\tat java.base/jdk.internal.reflect.DelegatingMethodAccessorImpl.invoke(DelegatingMethodAccessorImpl.java:43)\r\n\tat java.base/java.lang.reflect.Method.invoke(Method.java:567)\r\n\tat org.testng.internal.invokers.MethodInvocationHelper.invokeMethod(MethodInvocationHelper.java:139)\r\n\tat org.testng.internal.invokers.TestInvoker.invokeMethod(TestInvoker.java:677)\r\n\tat org.testng.internal.invokers.TestInvoker.invokeTestMethod(TestInvoker.java:221)\r\n\tat org.testng.internal.invokers.MethodRunner.runInSequence(MethodRunner.java:50)\r\n\tat org.testng.internal.invokers.TestInvoker$MethodInvocationAgent.invoke(TestInvoker.java:962)\r\n\tat org.testng.internal.invokers.TestInvoker.invokeTestMethods(TestInvoker.java:194)\r\n\tat org.testng.internal.invokers.TestMethodWorker.invokeTestMethods(TestMethodWorker.java:148)\r\n\tat org.testng.internal.invokers.TestMethodWorker.run(TestMethodWorker.java:128)\r\n\tat java.base/java.util.ArrayList.forEach(ArrayList.java:1540)\r\n\tat org.testng.TestRunner.privateRun(TestRunner.java:806)\r\n\tat org.testng.TestRunner.run(TestRunner.java:601)\r\n\tat org.testng.SuiteRunner.runTest(SuiteRunner.java:433)\r\n\tat org.testng.SuiteRunner.runSequentially(SuiteRunner.java:427)\r\n\tat org.testng.SuiteRunner.privateRun(SuiteRunner.java:387)\r\n\tat org.testng.SuiteRunner.run(SuiteRunner.java:330)\r\n\tat org.testng.SuiteRunnerWorker.runSuite(SuiteRunnerWorker.java:52)\r\n\tat org.testng.SuiteRunnerWorker.run(SuiteRunnerWorker.java:95)\r\n\tat org.testng.TestNG.runSuitesSequentially(TestNG.java:1256)\r\n\tat org.testng.TestNG.runSuitesLocally(TestNG.java:1176)\r\n\tat org.testng.TestNG.runSuites(TestNG.java:1099)\r\n\tat org.testng.TestNG.run(TestNG.java:1067)\r\n\tat org.testng.remote.AbstractRemoteTestNG.run(AbstractRemoteTestNG.java:115)\r\n\tat org.testng.remote.RemoteTestNG.initAndRun(RemoteTestNG.java:251)\r\n\tat org.testng.remote.RemoteTestNG.main(RemoteTestNG.java:77)\r\n","flaky":false,"newFailed":false,"newBroken":false,"newPassed":false,"retriesCount":0,"retriesStatusChange":false,"beforeStages":[],"testStage":{"description":"Add the WorkTemplate and validate if it has been successfully added.","status":"broken","statusMessage":"element click intercepted: Element <iframe id=\"contentFrame\" name=\"contentFrame\" frameborder=\"0\" src=\"/prohance/WorkTemplateSummary.htm?menuItemId=118\" style=\"height: 838px;\" cd_frame_id_=\"cf796a4a3296cd81555b9bbdcf4fe0a9\"></iframe> is not clickable at point (146, 301). Other element would receive the click: <div class=\"modal fade in\" role=\"dialog\" tabindex=\"-1\" id=\"adminLoadingModal\" aria-labelledby=\"gridSystemModalLabel\" style=\"z-index: 1040; display: block;\">...</div>\n  (Session info: chrome=114.0.5735.91)\nBuild info: version: '4.13.0', revision: 'ba948ece5b*'\nSystem info: os.name: 'Windows 10', os.arch: 'amd64', os.version: '10.0', java.version: '12.0.2'\nDriver info: org.openqa.selenium.chrome.ChromeDriver\nCommand: [4c6eba4cd5cdbbe102fcceb268837558, clickElement {id=0248552901EA58BF7BA53F98B224F27D_element_3854}]\nCapabilities {acceptInsecureCerts: false, browserName: chrome, browserVersion: 114.0.5735.91, chrome: {chromedriverVersion: 114.0.5735.90 (386bc09e8f4f..., userDataDir: C:\\Users\\mahesh.d\\AppData\\L...}, goog:chromeOptions: {debuggerAddress: localhost:61315}, networkConnectionEnabled: false, pageLoadStrategy: normal, platformName: windows, proxy: Proxy(), se:cdp: ws://localhost:61315/devtoo..., se:cdpVersion: 114.0.5735.91, setWindowRect: true, strictFileInteractability: false, timeouts: {implicit: 0, pageLoad: 300000, script: 30000}, unhandledPromptBehavior: dismiss and notify, webauthn:extension:credBlob: true, webauthn:extension:largeBlob: true, webauthn:extension:minPinLength: true, webauthn:extension:prf: true, webauthn:virtualAuthenticators: true}\nElement: [[ChromeDriver: chrome on windows (4c6eba4cd5cdbbe102fcceb268837558)] -> xpath: //td[@id='workLoadTD']/span[@class='nav-label']]\nSession ID: 4c6eba4cd5cdbbe102fcceb268837558","statusTrace":"org.openqa.selenium.ElementClickInterceptedException: element click intercepted: Element <iframe id=\"contentFrame\" name=\"contentFrame\" frameborder=\"0\" src=\"/prohance/WorkTemplateSummary.htm?menuItemId=118\" style=\"height: 838px;\" cd_frame_id_=\"cf796a4a3296cd81555b9bbdcf4fe0a9\"></iframe> is not clickable at point (146, 301). Other element would receive the click: <div class=\"modal fade in\" role=\"dialog\" tabindex=\"-1\" id=\"adminLoadingModal\" aria-labelledby=\"gridSystemModalLabel\" style=\"z-index: 1040; display: block;\">...</div>\n  (Session info: chrome=114.0.5735.91)\nBuild info: version: '4.13.0', revision: 'ba948ece5b*'\nSystem info: os.name: 'Windows 10', os.arch: 'amd64', os.version: '10.0', java.version: '12.0.2'\nDriver info: org.openqa.selenium.chrome.ChromeDriver\nCommand: [4c6eba4cd5cdbbe102fcceb268837558, clickElement {id=0248552901EA58BF7BA53F98B224F27D_element_3854}]\nCapabilities {acceptInsecureCerts: false, browserName: chrome, browserVersion: 114.0.5735.91, chrome: {chromedriverVersion: 114.0.5735.90 (386bc09e8f4f..., userDataDir: C:\\Users\\mahesh.d\\AppData\\L...}, goog:chromeOptions: {debuggerAddress: localhost:61315}, networkConnectionEnabled: false, pageLoadStrategy: normal, platformName: windows, proxy: Proxy(), se:cdp: ws://localhost:61315/devtoo..., se:cdpVersion: 114.0.5735.91, setWindowRect: true, strictFileInteractability: false, timeouts: {implicit: 0, pageLoad: 300000, script: 30000}, unhandledPromptBehavior: dismiss and notify, webauthn:extension:credBlob: true, webauthn:extension:largeBlob: true, webauthn:extension:minPinLength: true, webauthn:extension:prf: true, webauthn:virtualAuthenticators: true}\nElement: [[ChromeDriver: chrome on windows (4c6eba4cd5cdbbe102fcceb268837558)] -> xpath: //td[@id='workLoadTD']/span[@class='nav-label']]\nSession ID: 4c6eba4cd5cdbbe102fcceb268837558\r\n\tat java.base/jdk.internal.reflect.NativeConstructorAccessorImpl.newInstance0(Native Method)\r\n\tat java.base/jdk.internal.reflect.NativeConstructorAccessorImpl.newInstance(NativeConstructorAccessorImpl.java:62)\r\n\tat java.base/jdk.internal.reflect.DelegatingConstructorAccessorImpl.newInstance(DelegatingConstructorAccessorImpl.java:45)\r\n\tat java.base/java.lang.reflect.Constructor.newInstanceWithCaller(Constructor.java:500)\r\n\tat java.base/java.lang.reflect.Constructor.newInstance(Constructor.java:481)\r\n\tat org.openqa.selenium.remote.codec.w3c.W3CHttpResponseCodec.createException(W3CHttpResponseCodec.java:200)\r\n\tat org.openqa.selenium.remote.codec.w3c.W3CHttpResponseCodec.decode(W3CHttpResponseCodec.java:133)\r\n\tat org.openqa.selenium.remote.codec.w3c.W3CHttpResponseCodec.decode(W3CHttpResponseCodec.java:52)\r\n\tat org.openqa.selenium.remote.HttpCommandExecutor.execute(HttpCommandExecutor.java:191)\r\n\tat org.openqa.selenium.remote.service.DriverCommandExecutor.invokeExecute(DriverCommandExecutor.java:196)\r\n\tat org.openqa.selenium.remote.service.DriverCommandExecutor.execute(DriverCommandExecutor.java:171)\r\n\tat org.openqa.selenium.remote.RemoteWebDriver.execute(RemoteWebDriver.java:602)\r\n\tat org.openqa.selenium.remote.RemoteWebElement.execute(RemoteWebElement.java:224)\r\n\tat org.openqa.selenium.remote.RemoteWebElement.click(RemoteWebElement.java:77)\r\n\tat jdk.internal.reflect.GeneratedMethodAccessor1.invoke(Unknown Source)\r\n\tat java.base/jdk.internal.reflect.DelegatingMethodAccessorImpl.invoke(DelegatingMethodAccessorImpl.java:43)\r\n\tat java.base/java.lang.reflect.Method.invoke(Method.java:567)\r\n\tat org.openqa.selenium.support.pagefactory.internal.LocatingElementHandler.invoke(LocatingElementHandler.java:51)\r\n\tat com.sun.proxy.$Proxy21.click(Unknown Source)\r\n\tat net.pages_worktimemodule.WorkTemplatePage.clickWorkLoadCategoriesLabel(WorkTemplatePage.java:468)\r\n\tat net.testcases_worktimemodule.validate_worktemplate_addmodifydelete_administrationmenu.WorkTemplateAdd.workTemplateAdd(WorkTemplateAdd.java:69)\r\n\tat java.base/jdk.internal.reflect.NativeMethodAccessorImpl.invoke0(Native Method)\r\n\tat java.base/jdk.internal.reflect.NativeMethodAccessorImpl.invoke(NativeMethodAccessorImpl.java:62)\r\n\tat java.base/jdk.internal.reflect.DelegatingMethodAccessorImpl.invoke(DelegatingMethodAccessorImpl.java:43)\r\n\tat java.base/java.lang.reflect.Method.invoke(Method.java:567)\r\n\tat org.testng.internal.invokers.MethodInvocationHelper.invokeMethod(MethodInvocationHelper.java:139)\r\n\tat org.testng.internal.invokers.TestInvoker.invokeMethod(TestInvoker.java:677)\r\n\tat org.testng.internal.invokers.TestInvoker.invokeTestMethod(TestInvoker.java:221)\r\n\tat org.testng.internal.invokers.MethodRunner.runInSequence(MethodRunner.java:50)\r\n\tat org.testng.internal.invokers.TestInvoker$MethodInvocationAgent.invoke(TestInvoker.java:962)\r\n\tat org.testng.internal.invokers.TestInvoker.invokeTestMethods(TestInvoker.java:194)\r\n\tat org.testng.internal.invokers.TestMethodWorker.invokeTestMethods(TestMethodWorker.java:148)\r\n\tat org.testng.internal.invokers.TestMethodWorker.run(TestMethodWorker.java:128)\r\n\tat java.base/java.util.ArrayList.forEach(ArrayList.java:1540)\r\n\tat org.testng.TestRunner.privateRun(TestRunner.java:806)\r\n\tat org.testng.TestRunner.run(TestRunner.java:601)\r\n\tat org.testng.SuiteRunner.runTest(SuiteRunner.java:433)\r\n\tat org.testng.SuiteRunner.runSequentially(SuiteRunner.java:427)\r\n\tat org.testng.SuiteRunner.privateRun(SuiteRunner.java:387)\r\n\tat org.testng.SuiteRunner.run(SuiteRunner.java:330)\r\n\tat org.testng.SuiteRunnerWorker.runSuite(SuiteRunnerWorker.java:52)\r\n\tat org.testng.SuiteRunnerWorker.run(SuiteRunnerWorker.java:95)\r\n\tat org.testng.TestNG.runSuitesSequentially(TestNG.java:1256)\r\n\tat org.testng.TestNG.runSuitesLocally(TestNG.java:1176)\r\n\tat org.testng.TestNG.runSuites(TestNG.java:1099)\r\n\tat org.testng.TestNG.run(TestNG.java:1067)\r\n\tat org.testng.remote.AbstractRemoteTestNG.run(AbstractRemoteTestNG.java:115)\r\n\tat org.testng.remote.RemoteTestNG.initAndRun(RemoteTestNG.java:251)\r\n\tat org.testng.remote.RemoteTestNG.main(RemoteTestNG.java:77)\r\n","steps":[{"name":"login to application","time":{"start":1715678160581,"stop":1715678163617,"duration":3036},"status":"passed","steps":[],"attachments":[],"parameters":[{"name":"browser","value":"chrome"}],"shouldDisplayMessage":false,"attachmentsCount":0,"hasContent":true,"stepsCount":0,"attachmentStep":false},{"name":"select iframeSwitch","time":{"start":1715678167037,"stop":1715678167890,"duration":853},"status":"passed","steps":[],"attachments":[],"parameters":[],"shouldDisplayMessage":false,"attachmentsCount":0,"hasContent":false,"stepsCount":0,"attachmentStep":false},{"name":"Click AddNewBtn","time":{"start":1715678169897,"stop":1715678170167,"duration":270},"status":"passed","steps":[],"attachments":[],"parameters":[],"shouldDisplayMessage":false,"attachmentsCount":0,"hasContent":false,"stepsCount":0,"attachmentStep":false},{"name":"Add Name And Description","time":{"start":1715678170167,"stop":1715678170311,"duration":144},"status":"passed","steps":[],"attachments":[],"parameters":[{"name":"name","value":"TemplateTestAutomation"},{"name":"description","value":"TemplateDesc"}],"shouldDisplayMessage":false,"attachmentsCount":0,"hasContent":true,"stepsCount":0,"attachmentStep":false},{"name":"Click SaveBtn","time":{"start":1715678170311,"stop":1715678201800,"duration":31489},"status":"passed","steps":[],"attachments":[],"parameters":[],"shouldDisplayMessage":false,"attachmentsCount":0,"hasContent":false,"stepsCount":0,"attachmentStep":false},{"name":"Navigate To WorkTimeTargets","time":{"start":1715678201800,"stop":1715678202306,"duration":506},"status":"passed","steps":[],"attachments":[],"parameters":[],"shouldDisplayMessage":false,"attachmentsCount":0,"hasContent":false,"stepsCount":0,"attachmentStep":false},{"name":"SaveBtn WorkTemplate","time":{"start":1715678202442,"stop":1715678202689,"duration":247},"status":"passed","steps":[],"attachments":[],"parameters":[],"shouldDisplayMessage":false,"attachmentsCount":0,"hasContent":false,"stepsCount":0,"attachmentStep":false},{"name":"SuccessMessage Validate","time":{"start":1715678202689,"stop":1715678203359,"duration":670},"status":"passed","steps":[],"attachments":[],"parameters":[{"name":"expectedMessage","value":"Work Time Targets modified successfully"}],"shouldDisplayMessage":false,"attachmentsCount":0,"hasContent":true,"stepsCount":0,"attachmentStep":false},{"name":"Click Holiday Label","time":{"start":1715678203359,"stop":1715678203686,"duration":327},"status":"passed","steps":[],"attachments":[],"parameters":[],"shouldDisplayMessage":false,"attachmentsCount":0,"hasContent":false,"stepsCount":0,"attachmentStep":false},{"name":"Enter HolidayNameInput","time":{"start":1715678203686,"stop":1715678203795,"duration":109},"status":"passed","steps":[],"attachments":[],"parameters":[{"name":"name","value":"Diwali"}],"shouldDisplayMessage":false,"attachmentsCount":0,"hasContent":true,"stepsCount":0,"attachmentStep":false},{"name":"Click DatePicker In Holiday","time":{"start":1715678203795,"stop":1715678204161,"duration":366},"status":"passed","steps":[],"attachments":[],"parameters":[],"shouldDisplayMessage":false,"attachmentsCount":0,"hasContent":false,"stepsCount":0,"attachmentStep":false},{"name":"Select DatePicker In Holiday","time":{"start":1715678204161,"stop":1715678204426,"duration":265},"status":"passed","steps":[],"attachments":[],"parameters":[{"name":"year","value":"2023"},{"name":"monthGiven","value":"Mar"},{"name":"dateGiven","value":"15"}],"shouldDisplayMessage":false,"attachmentsCount":0,"hasContent":true,"stepsCount":0,"attachmentStep":false},{"name":"Save Holiday tab","time":{"start":1715678204426,"stop":1715678204487,"duration":61},"status":"passed","steps":[],"attachments":[],"parameters":[],"shouldDisplayMessage":false,"attachmentsCount":0,"hasContent":false,"stepsCount":0,"attachmentStep":false},{"name":"SuccessMessage Validate","time":{"start":1715678204488,"stop":1715678206240,"duration":1752},"status":"passed","steps":[],"attachments":[],"parameters":[{"name":"expectedMessage","value":"Holidays Diwali added successfully"}],"shouldDisplayMessage":false,"attachmentsCount":0,"hasContent":true,"stepsCount":0,"attachmentStep":false},{"name":"Navigate To TeamMapping Label","time":{"start":1715678206240,"stop":1715678206548,"duration":308},"status":"passed","steps":[],"attachments":[],"parameters":[],"shouldDisplayMessage":false,"attachmentsCount":0,"hasContent":false,"stepsCount":0,"attachmentStep":false},{"name":"Click AddButton TeamMapping","time":{"start":1715678206549,"stop":1715678209273,"duration":2724},"status":"passed","steps":[],"attachments":[],"parameters":[],"shouldDisplayMessage":false,"attachmentsCount":0,"hasContent":false,"stepsCount":0,"attachmentStep":false},{"name":"childWindow","time":{"start":1715678209273,"stop":1715678209421,"duration":148},"status":"passed","steps":[],"attachments":[],"parameters":[],"shouldDisplayMessage":false,"attachmentsCount":0,"hasContent":false,"stepsCount":0,"attachmentStep":false},{"name":"Check First Team In WorkTemplate","time":{"start":1715678209421,"stop":1715678210004,"duration":583},"status":"passed","steps":[],"attachments":[],"parameters":[],"shouldDisplayMessage":false,"attachmentsCount":0,"hasContent":false,"stepsCount":0,"attachmentStep":false},{"name":"Get Selected TeamName","time":{"start":1715678210004,"stop":1715678210039,"duration":35},"status":"passed","steps":[],"attachments":[],"parameters":[],"shouldDisplayMessage":false,"attachmentsCount":0,"hasContent":false,"stepsCount":0,"attachmentStep":false},{"name":"Add Team in WorkTemaplate","time":{"start":1715678210039,"stop":1715678210432,"duration":393},"status":"passed","steps":[],"attachments":[],"parameters":[],"shouldDisplayMessage":false,"attachmentsCount":0,"hasContent":false,"stepsCount":0,"attachmentStep":false},{"name":"mainWindow","time":{"start":1715678210432,"stop":1715678210449,"duration":17},"status":"passed","steps":[],"attachments":[],"parameters":[{"name":"childWindow","value":"CAF108849D39D11AAACF1E4600EE6EC7"}],"shouldDisplayMessage":false,"attachmentsCount":0,"hasContent":true,"stepsCount":0,"attachmentStep":false},{"name":"select iframeSwitch","time":{"start":1715678210449,"stop":1715678210473,"duration":24},"status":"passed","steps":[],"attachments":[],"parameters":[],"shouldDisplayMessage":false,"attachmentsCount":0,"hasContent":false,"stepsCount":0,"attachmentStep":false},{"name":"Click WorkLoadCategories Label","time":{"start":1715678210473,"stop":1715678211927,"duration":1454},"status":"broken","statusMessage":"element click intercepted: Element <iframe id=\"contentFrame\" name=\"contentFrame\" frameborder=\"0\" src=\"/prohance/WorkTemplateSummary.htm?menuItemId=118\" style=\"height: 838px;\" cd_frame_id_=\"cf796a4a3296cd81555b9bbdcf4fe0a9\"></iframe> is not clickable at point (146, 301). Other element would receive the click: <div class=\"modal fade in\" role=\"dialog\" tabindex=\"-1\" id=\"adminLoadingModal\" aria-labelledby=\"gridSystemModalLabel\" style=\"z-index: 1040; display: block;\">...</div>\n  (Session info: chrome=114.0.5735.91)\nBuild info: version: '4.13.0', revision: 'ba948ece5b*'\nSystem info: os.name: 'Windows 10', os.arch: 'amd64', os.version: '10.0', java.version: '12.0.2'\nDriver info: org.openqa.selenium.chrome.ChromeDriver\nCommand: [4c6eba4cd5cdbbe102fcceb268837558, clickElement {id=0248552901EA58BF7BA53F98B224F27D_element_3854}]\nCapabilities {acceptInsecureCerts: false, browserName: chrome, browserVersion: 114.0.5735.91, chrome: {chromedriverVersion: 114.0.5735.90 (386bc09e8f4f..., userDataDir: C:\\Users\\mahesh.d\\AppData\\L...}, goog:chromeOptions: {debuggerAddress: localhost:61315}, networkConnectionEnabled: false, pageLoadStrategy: normal, platformName: windows, proxy: Proxy(), se:cdp: ws://localhost:61315/devtoo..., se:cdpVersion: 114.0.5735.91, setWindowRect: true, strictFileInteractability: false, timeouts: {implicit: 0, pageLoad: 300000, script: 30000}, unhandledPromptBehavior: dismiss and notify, webauthn:extension:credBlob: true, webauthn:extension:largeBlob: true, webauthn:extension:minPinLength: true, webauthn:extension:prf: true, webauthn:virtualAuthenticators: true}\nElement: [[ChromeDriver: chrome on windows (4c6eba4cd5cdbbe102fcceb268837558)] -> xpath: //td[@id='workLoadTD']/span[@class='nav-label']]\nSession ID: 4c6eba4cd5cdbbe102fcceb268837558","statusTrace":"org.openqa.selenium.ElementClickInterceptedException: element click intercepted: Element <iframe id=\"contentFrame\" name=\"contentFrame\" frameborder=\"0\" src=\"/prohance/WorkTemplateSummary.htm?menuItemId=118\" style=\"height: 838px;\" cd_frame_id_=\"cf796a4a3296cd81555b9bbdcf4fe0a9\"></iframe> is not clickable at point (146, 301). Other element would receive the click: <div class=\"modal fade in\" role=\"dialog\" tabindex=\"-1\" id=\"adminLoadingModal\" aria-labelledby=\"gridSystemModalLabel\" style=\"z-index: 1040; display: block;\">...</div>\n  (Session info: chrome=114.0.5735.91)\nBuild info: version: '4.13.0', revision: 'ba948ece5b*'\nSystem info: os.name: 'Windows 10', os.arch: 'amd64', os.version: '10.0', java.version: '12.0.2'\nDriver info: org.openqa.selenium.chrome.ChromeDriver\nCommand: [4c6eba4cd5cdbbe102fcceb268837558, clickElement {id=0248552901EA58BF7BA53F98B224F27D_element_3854}]\nCapabilities {acceptInsecureCerts: false, browserName: chrome, browserVersion: 114.0.5735.91, chrome: {chromedriverVersion: 114.0.5735.90 (386bc09e8f4f..., userDataDir: C:\\Users\\mahesh.d\\AppData\\L...}, goog:chromeOptions: {debuggerAddress: localhost:61315}, networkConnectionEnabled: false, pageLoadStrategy: normal, platformName: windows, proxy: Proxy(), se:cdp: ws://localhost:61315/devtoo..., se:cdpVersion: 114.0.5735.91, setWindowRect: true, strictFileInteractability: false, timeouts: {implicit: 0, pageLoad: 300000, script: 30000}, unhandledPromptBehavior: dismiss and notify, webauthn:extension:credBlob: true, webauthn:extension:largeBlob: true, webauthn:extension:minPinLength: true, webauthn:extension:prf: true, webauthn:virtualAuthenticators: true}\nElement: [[ChromeDriver: chrome on windows (4c6eba4cd5cdbbe102fcceb268837558)] -> xpath: //td[@id='workLoadTD']/span[@class='nav-label']]\nSession ID: 4c6eba4cd5cdbbe102fcceb268837558\r\n\tat java.base/jdk.internal.reflect.NativeConstructorAccessorImpl.newInstance0(Native Method)\r\n\tat java.base/jdk.internal.reflect.NativeConstructorAccessorImpl.newInstance(NativeConstructorAccessorImpl.java:62)\r\n\tat java.base/jdk.internal.reflect.DelegatingConstructorAccessorImpl.newInstance(DelegatingConstructorAccessorImpl.java:45)\r\n\tat java.base/java.lang.reflect.Constructor.newInstanceWithCaller(Constructor.java:500)\r\n\tat java.base/java.lang.reflect.Constructor.newInstance(Constructor.java:481)\r\n\tat org.openqa.selenium.remote.codec.w3c.W3CHttpResponseCodec.createException(W3CHttpResponseCodec.java:200)\r\n\tat org.openqa.selenium.remote.codec.w3c.W3CHttpResponseCodec.decode(W3CHttpResponseCodec.java:133)\r\n\tat org.openqa.selenium.remote.codec.w3c.W3CHttpResponseCodec.decode(W3CHttpResponseCodec.java:52)\r\n\tat org.openqa.selenium.remote.HttpCommandExecutor.execute(HttpCommandExecutor.java:191)\r\n\tat org.openqa.selenium.remote.service.DriverCommandExecutor.invokeExecute(DriverCommandExecutor.java:196)\r\n\tat org.openqa.selenium.remote.service.DriverCommandExecutor.execute(DriverCommandExecutor.java:171)\r\n\tat org.openqa.selenium.remote.RemoteWebDriver.execute(RemoteWebDriver.java:602)\r\n\tat org.openqa.selenium.remote.RemoteWebElement.execute(RemoteWebElement.java:224)\r\n\tat org.openqa.selenium.remote.RemoteWebElement.click(RemoteWebElement.java:77)\r\n\tat jdk.internal.reflect.GeneratedMethodAccessor1.invoke(Unknown Source)\r\n\tat java.base/jdk.internal.reflect.DelegatingMethodAccessorImpl.invoke(DelegatingMethodAccessorImpl.java:43)\r\n\tat java.base/java.lang.reflect.Method.invoke(Method.java:567)\r\n\tat org.openqa.selenium.support.pagefactory.internal.LocatingElementHandler.invoke(LocatingElementHandler.java:51)\r\n\tat com.sun.proxy.$Proxy21.click(Unknown Source)\r\n\tat net.pages_worktimemodule.WorkTemplatePage.clickWorkLoadCategoriesLabel(WorkTemplatePage.java:468)\r\n\tat net.testcases_worktimemodule.validate_worktemplate_addmodifydelete_administrationmenu.WorkTemplateAdd.workTemplateAdd(WorkTemplateAdd.java:69)\r\n\tat java.base/jdk.internal.reflect.NativeMethodAccessorImpl.invoke0(Native Method)\r\n\tat java.base/jdk.internal.reflect.NativeMethodAccessorImpl.invoke(NativeMethodAccessorImpl.java:62)\r\n\tat java.base/jdk.internal.reflect.DelegatingMethodAccessorImpl.invoke(DelegatingMethodAccessorImpl.java:43)\r\n\tat java.base/java.lang.reflect.Method.invoke(Method.java:567)\r\n\tat org.testng.internal.invokers.MethodInvocationHelper.invokeMethod(MethodInvocationHelper.java:139)\r\n\tat org.testng.internal.invokers.TestInvoker.invokeMethod(TestInvoker.java:677)\r\n\tat org.testng.internal.invokers.TestInvoker.invokeTestMethod(TestInvoker.java:221)\r\n\tat org.testng.internal.invokers.MethodRunner.runInSequence(MethodRunner.java:50)\r\n\tat org.testng.internal.invokers.TestInvoker$MethodInvocationAgent.invoke(TestInvoker.java:962)\r\n\tat org.testng.internal.invokers.TestInvoker.invokeTestMethods(TestInvoker.java:194)\r\n\tat org.testng.internal.invokers.TestMethodWorker.invokeTestMethods(TestMethodWorker.java:148)\r\n\tat org.testng.internal.invokers.TestMethodWorker.run(TestMethodWorker.java:128)\r\n\tat java.base/java.util.ArrayList.forEach(ArrayList.java:1540)\r\n\tat org.testng.TestRunner.privateRun(TestRunner.java:806)\r\n\tat org.testng.TestRunner.run(TestRunner.java:601)\r\n\tat org.testng.SuiteRunner.runTest(SuiteRunner.java:433)\r\n\tat org.testng.SuiteRunner.runSequentially(SuiteRunner.java:427)\r\n\tat org.testng.SuiteRunner.privateRun(SuiteRunner.java:387)\r\n\tat org.testng.SuiteRunner.run(SuiteRunner.java:330)\r\n\tat org.testng.SuiteRunnerWorker.runSuite(SuiteRunnerWorker.java:52)\r\n\tat org.testng.SuiteRunnerWorker.run(SuiteRunnerWorker.java:95)\r\n\tat org.testng.TestNG.runSuitesSequentially(TestNG.java:1256)\r\n\tat org.testng.TestNG.runSuitesLocally(TestNG.java:1176)\r\n\tat org.testng.TestNG.runSuites(TestNG.java:1099)\r\n\tat org.testng.TestNG.run(TestNG.java:1067)\r\n\tat org.testng.remote.AbstractRemoteTestNG.run(AbstractRemoteTestNG.java:115)\r\n\tat org.testng.remote.RemoteTestNG.initAndRun(RemoteTestNG.java:251)\r\n\tat org.testng.remote.RemoteTestNG.main(RemoteTestNG.java:77)\r\n","steps":[],"attachments":[],"parameters":[],"shouldDisplayMessage":true,"attachmentsCount":0,"hasContent":true,"stepsCount":0,"attachmentStep":false}],"attachments":[],"parameters":[],"shouldDisplayMessage":false,"attachmentsCount":0,"hasContent":true,"stepsCount":23,"attachmentStep":false},"afterStages":[{"name":"tearDown","time":{"start":1715678212189,"stop":1715678212189,"duration":0},"description":"","status":"passed","steps":[],"attachments":[],"parameters":[],"shouldDisplayMessage":false,"attachmentsCount":0,"hasContent":false,"stepsCount":0,"attachmentStep":false}],"labels":[{"name":"package","value":"net.testcases_worktimemodule.validate_worktemplate_addmodifydelete_administrationmenu.WorkTemplateAdd"},{"name":"testClass","value":"net.testcases_worktimemodule.validate_worktemplate_addmodifydelete_administrationmenu.WorkTemplateAdd"},{"name":"testMethod","value":"workTemplateAdd"},{"name":"parentSuite","value":"validate_worktemplate_addmodifydelete_administrationmenu"},{"name":"suite","value":"net.testcases_worktimemodule.validate_worktemplate_addmodifydelete_administrationmenu"},{"name":"subSuite","value":"net.testcases_worktimemodule.validate_worktemplate_addmodifydelete_administrationmenu.WorkTemplateAdd"},{"name":"host","value":"JAMOCHA64"},{"name":"thread","value":"58092@JAMOCHA64.main(1)"},{"name":"framework","value":"testng"},{"name":"language","value":"java"},{"name":"resultFormat","value":"allure2"}],"parameters":[{"name":"browser","value":"chrome"}],"links":[],"hidden":true,"retry":true,"extra":{"categories":[],"tags":[]},"source":"ca0381d33a625a29.json","parameterValues":["chrome"]}