<html>
<head>
<title>TestNG:  net.testcases_wrokflowmodule.validate_customattribute_bulkupload</title>
<link href="../testng.css" rel="stylesheet" type="text/css" />
<link href="../my-testng.css" rel="stylesheet" type="text/css" />

<style type="text/css">
.log { display: none;} 
.stack-trace { display: none;} 
</style>
<script type="text/javascript">
<!--
function flip(e) {
  current = e.style.display;
  if (current == 'block') {
    e.style.display = 'none';
    return 0;
  }
  else {
    e.style.display = 'block';
    return 1;
  }
}

function toggleBox(szDivId, elem, msg1, msg2)
{
  var res = -1;  if (document.getElementById) {
    res = flip(document.getElementById(szDivId));
  }
  else if (document.all) {
    // this is the way old msie versions work
    res = flip(document.all[szDivId]);
  }
  if(elem) {
    if(res == 0) elem.innerHTML = msg1; else elem.innerHTML = msg2;
  }

}

function toggleAllBoxes() {
  if (document.getElementsByTagName) {
    d = document.getElementsByTagName('div');
    for (i = 0; i < d.length; i++) {
      if (d[i].className == 'log') {
        flip(d[i]);
      }
    }
  }
}

// -->
</script>

</head>
<body>
<h2 align='center'>net.testcases_wrokflowmodule.validate_customattribute_bulkupload</h2><table border='1' align="center">
<tr>
<td>Tests passed/Failed/Skipped:</td><td>6/0/1</td>
</tr><tr>
<td>Started on:</td><td>Wed Jun 26 19:35:04 IST 2024</td>
</tr>
<tr><td>Total time:</td><td>146 seconds (146370 ms)</td>
</tr><tr>
<td>Included groups:</td><td></td>
</tr><tr>
<td>Excluded groups:</td><td></td>
</tr>
</table><p/>
<small><i>(Hover the method name to see the test class name)</i></small><p/>
<table width='100%' border='1' class='invocation-passed'>
<tr><td colspan='4' align='center'><b>PASSED TESTS</b></td></tr>
<tr><td><b>Test method</b></td>
<td><b>Attribute(s)</b></td>
<td width="30%"><b>Exception</b></td>
<td width="10%"><b>Time (seconds)</b></td>
<td><b>Instance</b></td>
</tr>
<tr>
<td title='net.testcases_wrokflowmodule.validate_customattribute_bulkupload.CustomAttributeWithModifyFieldType.customAttributeWithModifyFieldType()'><b>customAttributeWithModifyFieldType</b><br>Test class: net.testcases_wrokflowmodule.validate_customattribute_bulkupload.CustomAttributeWithModifyFieldType<br>Test method: CustomAttribute With Modify FieldType<br>Parameters: chrome</td>
<td></td>
<td>17</td>
<td>net.testcases_wrokflowmodule.validate_customattribute_bulkupload.CustomAttributeWithModifyFieldType@358ab600</td></tr>
<tr>
<td title='net.testcases_wrokflowmodule.validate_customattribute_bulkupload.CustomAttributeWithDeleteWithDependency.customAttributeWithModifyFieldType()'><b>customAttributeWithModifyFieldType</b><br>Test class: net.testcases_wrokflowmodule.validate_customattribute_bulkupload.CustomAttributeWithDeleteWithDependency<br>Test method: Custom Attribute Delete WithDependency<br>Parameters: chrome</td>
<td></td>
<td>17</td>
<td>net.testcases_wrokflowmodule.validate_customattribute_bulkupload.CustomAttributeWithDeleteWithDependency@75a0c890</td></tr>
<tr>
<td title='net.testcases_wrokflowmodule.validate_customattribute_bulkupload.CustomAttributeBulkUpload.customAttributeBulkUpload()'><b>customAttributeBulkUpload</b><br>Test class: net.testcases_wrokflowmodule.validate_customattribute_bulkupload.CustomAttributeBulkUpload<br>Test method: Custom Attribute BulkUpload.<br>Parameters: chrome</td>
<td></td>
<td>36</td>
<td>net.testcases_wrokflowmodule.validate_customattribute_bulkupload.CustomAttributeBulkUpload@44065156</td></tr>
<tr>
<td title='net.testcases_wrokflowmodule.validate_customattribute_bulkupload.CustomAttributeWithFilterbyProcess.customAttributeWithDuplicateName()'><b>customAttributeWithDuplicateName</b><br>Test class: net.testcases_wrokflowmodule.validate_customattribute_bulkupload.CustomAttributeWithFilterbyProcess<br>Parameters: chrome</td>
<td></td>
<td>20</td>
<td>net.testcases_wrokflowmodule.validate_customattribute_bulkupload.CustomAttributeWithFilterbyProcess@3791f50e</td></tr>
<tr>
<td title='net.testcases_wrokflowmodule.validate_customattribute_bulkupload.CustomAttributeWithMissingField.customAttributeWithMissingField()'><b>customAttributeWithMissingField</b><br>Test class: net.testcases_wrokflowmodule.validate_customattribute_bulkupload.CustomAttributeWithMissingField<br>Test method: Custom Attribute With Missing Field<br>Parameters: chrome</td>
<td></td>
<td>17</td>
<td>net.testcases_wrokflowmodule.validate_customattribute_bulkupload.CustomAttributeWithMissingField@e26af6</td></tr>
<tr>
<td title='net.testcases_wrokflowmodule.validate_customattribute_bulkupload.CustomAttributeWithDuplicateName.customAttributeWithDuplicateName()'><b>customAttributeWithDuplicateName</b><br>Test class: net.testcases_wrokflowmodule.validate_customattribute_bulkupload.CustomAttributeWithDuplicateName<br>Test method: Custom Attribute With DuplicateName<br>Parameters: chrome</td>
<td></td>
<td>22</td>
<td>net.testcases_wrokflowmodule.validate_customattribute_bulkupload.CustomAttributeWithDuplicateName@9b9a327</td></tr>
</table><p>
<table width='100%' border='1' class='invocation-skipped'>
<tr><td colspan='4' align='center'><b>SKIPPED TESTS</b></td></tr>
<tr><td><b>Test method</b></td>
<td><b>Attribute(s)</b></td>
<td width="30%"><b>Exception</b></td>
<td width="10%"><b>Time (seconds)</b></td>
<td><b>Instance</b></td>
</tr>
<tr>
<td title='net.testcases_wrokflowmodule.validate_customattribute_bulkupload.CustomAttributeWithDuplicateName.customAttributeWithDuplicateName()'><b>customAttributeWithDuplicateName</b><br>Test class: net.testcases_wrokflowmodule.validate_customattribute_bulkupload.CustomAttributeWithDuplicateName<br>Test method: Custom Attribute With DuplicateName<br>Parameters: chrome</td>
<td><div><pre>org.openqa.selenium.ElementClickInterceptedException: element click intercepted: Element &lt;i class=&quot;fa fa-chevron-right icon-white&quot;&gt;&lt;/i&gt; is not clickable at point (17, 73). Other element would receive the click: &lt;div class=&quot;modal fade in&quot; role=&quot;dialog&quot; tabindex=&quot;-1&quot; id=&quot;adminLoadingModal&quot; aria-labelledby=&quot;gridSystemModalLabel&quot; style=&quot;z-index: 1040; display: block;&quot;&gt;...&lt;/div&gt;
  (Session info: chrome=118.0.5993.118)
Build info: version: &apos;4.13.0&apos;, revision: &apos;ba948ece5b*&apos;
System info: os.name: &apos;Windows 10&apos;, os.arch: &apos;amd64&apos;, os.version: &apos;10.0&apos;, java.version: &apos;11.0.21&apos;
Driver info: org.openqa.selenium.chrome.ChromeDriver
Command: [950704f593bada77087e3e38bcb31470, clickElement {id=5D0E886D142DDCB82A66D536C097881F_element_99}]
Capabilities {acceptInsecureCerts: false, browserName: chrome, browserVersion: 118.0.5993.118, chrome: {chromedriverVersion: 118.0.5993.70 (e52f33f30b91..., userDataDir: C:\Users\pavana.c\AppData\L...}, fedcm:accounts: true, goog:chromeOptions: {debuggerAddress: localhost:55466}, networkConnectionEnabled: false, pageLoadStrategy: normal, platformName: windows, proxy: Proxy(), se:cdp: ws://localhost:55466/devtoo..., se:cdpVersion: 118.0.5993.118, setWindowRect: true, strictFileInteractability: false, timeouts: {implicit: 0, pageLoad: 300000, script: 30000}, unhandledPromptBehavior: dismiss and notify, webauthn:extension:credBlob: true, webauthn:extension:largeBlob: true, webauthn:extension:minPinLength: true, webauthn:extension:prf: true, webauthn:virtualAuthenticators: true}
Element: [[ChromeDriver: chrome on windows (950704f593bada77087e3e38bcb31470)] -&gt; xpath: //div[@id =&quot;arrow-top&quot;]/i]
Session ID: 950704f593bada77087e3e38bcb31470
	at org.openqa.selenium.remote.codec.w3c.W3CHttpResponseCodec.createException(W3CHttpResponseCodec.java:200)
	at org.openqa.selenium.remote.codec.w3c.W3CHttpResponseCodec.decode(W3CHttpResponseCodec.java:133)
	at org.openqa.selenium.remote.codec.w3c.W3CHttpResponseCodec.decode(W3CHttpResponseCodec.java:52)
	at org.openqa.selenium.remote.HttpCommandExecutor.execute(HttpCommandExecutor.java:191)
	at org.openqa.selenium.remote.service.DriverCommandExecutor.invokeExecute(DriverCommandExecutor.java:196)
	at org.openqa.selenium.remote.service.DriverCommandExecutor.execute(DriverCommandExecutor.java:171)
	at org.openqa.selenium.remote.RemoteWebDriver.execute(RemoteWebDriver.java:602)
	at org.openqa.selenium.remote.RemoteWebElement.execute(RemoteWebElement.java:224)
	at org.openqa.selenium.remote.RemoteWebElement.click(RemoteWebElement.java:77)
	at org.openqa.selenium.support.pagefactory.internal.LocatingElementHandler.invoke(LocatingElementHandler.java:51)
	at com.sun.proxy.$Proxy14.click(Unknown Source)
	at net.pages_worktimemodule.SideNavigationMenuPage.clickWorkFlowSideNavigationArrow(SideNavigationMenuPage.java:174)
	at net.testcases_wrokflowmodule.validate_customattribute_bulkupload.CustomAttributeWithDuplicateName.customAttributeWithDuplicateName(CustomAttributeWithDuplicateName.java:44)
	at java.base/java.util.ArrayList.forEach(ArrayList.java:1541)
... Removed 35 stack frames</pre></div><a href='#' onClick='toggleBox("stack-trace1912085698", this, "Click to show all stack frames", "Click to hide stack frames")'>Click to show all stack frames</a>
<div class='stack-trace' id='stack-trace1912085698'><pre>org.openqa.selenium.ElementClickInterceptedException: element click intercepted: Element &lt;i class=&quot;fa fa-chevron-right icon-white&quot;&gt;&lt;/i&gt; is not clickable at point (17, 73). Other element would receive the click: &lt;div class=&quot;modal fade in&quot; role=&quot;dialog&quot; tabindex=&quot;-1&quot; id=&quot;adminLoadingModal&quot; aria-labelledby=&quot;gridSystemModalLabel&quot; style=&quot;z-index: 1040; display: block;&quot;&gt;...&lt;/div&gt;
  (Session info: chrome=118.0.5993.118)
Build info: version: &apos;4.13.0&apos;, revision: &apos;ba948ece5b*&apos;
System info: os.name: &apos;Windows 10&apos;, os.arch: &apos;amd64&apos;, os.version: &apos;10.0&apos;, java.version: &apos;11.0.21&apos;
Driver info: org.openqa.selenium.chrome.ChromeDriver
Command: [950704f593bada77087e3e38bcb31470, clickElement {id=5D0E886D142DDCB82A66D536C097881F_element_99}]
Capabilities {acceptInsecureCerts: false, browserName: chrome, browserVersion: 118.0.5993.118, chrome: {chromedriverVersion: 118.0.5993.70 (e52f33f30b91..., userDataDir: C:\Users\pavana.c\AppData\L...}, fedcm:accounts: true, goog:chromeOptions: {debuggerAddress: localhost:55466}, networkConnectionEnabled: false, pageLoadStrategy: normal, platformName: windows, proxy: Proxy(), se:cdp: ws://localhost:55466/devtoo..., se:cdpVersion: 118.0.5993.118, setWindowRect: true, strictFileInteractability: false, timeouts: {implicit: 0, pageLoad: 300000, script: 30000}, unhandledPromptBehavior: dismiss and notify, webauthn:extension:credBlob: true, webauthn:extension:largeBlob: true, webauthn:extension:minPinLength: true, webauthn:extension:prf: true, webauthn:virtualAuthenticators: true}
Element: [[ChromeDriver: chrome on windows (950704f593bada77087e3e38bcb31470)] -&gt; xpath: //div[@id =&quot;arrow-top&quot;]/i]
Session ID: 950704f593bada77087e3e38bcb31470
	at java.base/jdk.internal.reflect.NativeConstructorAccessorImpl.newInstance0(Native Method)
	at java.base/jdk.internal.reflect.NativeConstructorAccessorImpl.newInstance(NativeConstructorAccessorImpl.java:62)
	at java.base/jdk.internal.reflect.DelegatingConstructorAccessorImpl.newInstance(DelegatingConstructorAccessorImpl.java:45)
	at java.base/java.lang.reflect.Constructor.newInstance(Constructor.java:490)
	at org.openqa.selenium.remote.codec.w3c.W3CHttpResponseCodec.createException(W3CHttpResponseCodec.java:200)
	at org.openqa.selenium.remote.codec.w3c.W3CHttpResponseCodec.decode(W3CHttpResponseCodec.java:133)
	at org.openqa.selenium.remote.codec.w3c.W3CHttpResponseCodec.decode(W3CHttpResponseCodec.java:52)
	at org.openqa.selenium.remote.HttpCommandExecutor.execute(HttpCommandExecutor.java:191)
	at org.openqa.selenium.remote.service.DriverCommandExecutor.invokeExecute(DriverCommandExecutor.java:196)
	at org.openqa.selenium.remote.service.DriverCommandExecutor.execute(DriverCommandExecutor.java:171)
	at org.openqa.selenium.remote.RemoteWebDriver.execute(RemoteWebDriver.java:602)
	at org.openqa.selenium.remote.RemoteWebElement.execute(RemoteWebElement.java:224)
	at org.openqa.selenium.remote.RemoteWebElement.click(RemoteWebElement.java:77)
	at jdk.internal.reflect.GeneratedMethodAccessor3.invoke(Unknown Source)
	at java.base/jdk.internal.reflect.DelegatingMethodAccessorImpl.invoke(DelegatingMethodAccessorImpl.java:43)
	at java.base/java.lang.reflect.Method.invoke(Method.java:566)
	at org.openqa.selenium.support.pagefactory.internal.LocatingElementHandler.invoke(LocatingElementHandler.java:51)
	at com.sun.proxy.$Proxy14.click(Unknown Source)
	at net.pages_worktimemodule.SideNavigationMenuPage.clickWorkFlowSideNavigationArrow(SideNavigationMenuPage.java:174)
	at net.testcases_wrokflowmodule.validate_customattribute_bulkupload.CustomAttributeWithDuplicateName.customAttributeWithDuplicateName(CustomAttributeWithDuplicateName.java:44)
	at java.base/jdk.internal.reflect.NativeMethodAccessorImpl.invoke0(Native Method)
	at java.base/jdk.internal.reflect.NativeMethodAccessorImpl.invoke(NativeMethodAccessorImpl.java:62)
	at java.base/jdk.internal.reflect.DelegatingMethodAccessorImpl.invoke(DelegatingMethodAccessorImpl.java:43)
	at java.base/java.lang.reflect.Method.invoke(Method.java:566)
	at org.testng.internal.invokers.MethodInvocationHelper.invokeMethod(MethodInvocationHelper.java:139)
	at org.testng.internal.invokers.TestInvoker.invokeMethod(TestInvoker.java:677)
	at org.testng.internal.invokers.TestInvoker.invokeTestMethod(TestInvoker.java:221)
	at org.testng.internal.invokers.MethodRunner.runInSequence(MethodRunner.java:50)
	at org.testng.internal.invokers.TestInvoker$MethodInvocationAgent.invoke(TestInvoker.java:962)
	at org.testng.internal.invokers.TestInvoker.invokeTestMethods(TestInvoker.java:194)
	at org.testng.internal.invokers.TestMethodWorker.invokeTestMethods(TestMethodWorker.java:148)
	at org.testng.internal.invokers.TestMethodWorker.run(TestMethodWorker.java:128)
	at java.base/java.util.ArrayList.forEach(ArrayList.java:1541)
	at org.testng.TestRunner.privateRun(TestRunner.java:806)
	at org.testng.TestRunner.run(TestRunner.java:601)
	at org.testng.SuiteRunner.runTest(SuiteRunner.java:433)
	at org.testng.SuiteRunner.runSequentially(SuiteRunner.java:427)
	at org.testng.SuiteRunner.privateRun(SuiteRunner.java:387)
	at org.testng.SuiteRunner.run(SuiteRunner.java:330)
	at org.testng.SuiteRunnerWorker.runSuite(SuiteRunnerWorker.java:52)
	at org.testng.SuiteRunnerWorker.run(SuiteRunnerWorker.java:95)
	at org.testng.TestNG.runSuitesSequentially(TestNG.java:1256)
	at org.testng.TestNG.runSuitesSequentially(TestNG.java:1251)
	at org.testng.TestNG.runSuitesLocally(TestNG.java:1176)
	at org.testng.TestNG.runSuites(TestNG.java:1099)
	at org.testng.TestNG.run(TestNG.java:1067)
	at org.testng.remote.AbstractRemoteTestNG.run(AbstractRemoteTestNG.java:115)
	at org.testng.remote.RemoteTestNG.initAndRun(RemoteTestNG.java:251)
	at org.testng.remote.RemoteTestNG.main(RemoteTestNG.java:77)
</pre></div></td>
<td>11</td>
<td>net.testcases_wrokflowmodule.validate_customattribute_bulkupload.CustomAttributeWithDuplicateName@9b9a327</td></tr>
</table><p>
</body>
</html>