<html>
<head>
<title>TestNG:  AOS</title>
<link href="../testng.css" rel="stylesheet" type="text/css" />
<link href="../my-testng.css" rel="stylesheet" type="text/css" />

<style type="text/css">
.log { display: none;} 
.stack-trace { display: none;} 
</style>
<script type="text/javascript">
<!--
function flip(e) {
  current = e.style.display;
  if (current == 'block') {
    e.style.display = 'none';
    return 0;
  }
  else {
    e.style.display = 'block';
    return 1;
  }
}

function toggleBox(szDivId, elem, msg1, msg2)
{
  var res = -1;  if (document.getElementById) {
    res = flip(document.getElementById(szDivId));
  }
  else if (document.all) {
    // this is the way old msie versions work
    res = flip(document.all[szDivId]);
  }
  if(elem) {
    if(res == 0) elem.innerHTML = msg1; else elem.innerHTML = msg2;
  }

}

function toggleAllBoxes() {
  if (document.getElementsByTagName) {
    d = document.getElementsByTagName('div');
    for (i = 0; i < d.length; i++) {
      if (d[i].className == 'log') {
        flip(d[i]);
      }
    }
  }
}

// -->
</script>

</head>
<body>
<h2 align='center'>AOS</h2><table border='1' align="center">
<tr>
<td>Tests passed/Failed/Skipped:</td><td>12/0/1</td>
</tr><tr>
<td>Started on:</td><td>Wed Jun 26 19:16:04 IST 2024</td>
</tr>
<tr><td>Total time:</td><td>401 seconds (401753 ms)</td>
</tr><tr>
<td>Included groups:</td><td></td>
</tr><tr>
<td>Excluded groups:</td><td></td>
</tr>
</table><p/>
<small><i>(Hover the method name to see the test class name)</i></small><p/>
<table width='100%' border='1' class='invocation-passed'>
<tr><td colspan='4' align='center'><b>PASSED TESTS</b></td></tr>
<tr><td><b>Test method</b></td>
<td><b>Attribute(s)</b></td>
<td width="30%"><b>Exception</b></td>
<td width="10%"><b>Time (seconds)</b></td>
<td><b>Instance</b></td>
</tr>
<tr>
<td title='net.testcases_worktimemodule.AOS.AOSUnknownApplicationAddingtoExistingQualifierText.aosUnknownApplicationAddingtoExistingQualifierText()'><b>aosUnknownApplicationAddingtoExistingQualifierText</b><br>Test class: net.testcases_worktimemodule.AOS.AOSUnknownApplicationAddingtoExistingQualifierText<br>Parameters: chrome</td>
<td></td>
<td>20</td>
<td>net.testcases_worktimemodule.AOS.AOSUnknownApplicationAddingtoExistingQualifierText@6f70a21b</td></tr>
<tr>
<td title='net.testcases_worktimemodule.AOS.AOSBulkUploadModify.aosBulkUploadModify()'><b>aosBulkUploadModify</b><br>Test class: net.testcases_worktimemodule.AOS.AOSBulkUploadModify<br>Parameters: chrome</td>
<td></td>
<td>132</td>
<td>net.testcases_worktimemodule.AOS.AOSBulkUploadModify@714f3da4</td></tr>
<tr>
<td title='net.testcases_worktimemodule.AOS.AOSUnknownApplicationAddingtoCreateNewProcessName.aosUnknownApplicationAddingtoCreateNewProcessName()'><b>aosUnknownApplicationAddingtoCreateNewProcessName</b><br>Test class: net.testcases_worktimemodule.AOS.AOSUnknownApplicationAddingtoCreateNewProcessName<br>Parameters: chrome</td>
<td></td>
<td>12</td>
<td>net.testcases_worktimemodule.AOS.AOSUnknownApplicationAddingtoCreateNewProcessName@617389a</td></tr>
<tr>
<td title='net.testcases_worktimemodule.AOS.AOSDeleteFunction.aosDeleteFunction()'><b>aosDeleteFunction</b><br>Test class: net.testcases_worktimemodule.AOS.AOSDeleteFunction<br>Parameters: chrome</td>
<td></td>
<td>33</td>
<td>net.testcases_worktimemodule.AOS.AOSDeleteFunction@27e7c77f</td></tr>
<tr>
<td title='net.testcases_worktimemodule.AOS.AOSUnknownApplicationAddingtoCreateNew.aosUnknownApplicationAddingtoCreateNew()'><b>aosUnknownApplicationAddingtoCreateNew</b><br>Test class: net.testcases_worktimemodule.AOS.AOSUnknownApplicationAddingtoCreateNew<br>Parameters: chrome</td>
<td></td>
<td>15</td>
<td>net.testcases_worktimemodule.AOS.AOSUnknownApplicationAddingtoCreateNew@6ae62c7e</td></tr>
<tr>
<td title='net.testcases_worktimemodule.AOS.AOSBulkUpload.aosBulkUpload()'><b>aosBulkUpload</b><br>Test class: net.testcases_worktimemodule.AOS.AOSBulkUpload<br>Parameters: chrome</td>
<td></td>
<td>18</td>
<td>net.testcases_worktimemodule.AOS.AOSBulkUpload@1caa9eb6</td></tr>
<tr>
<td title='net.testcases_worktimemodule.AOS.AOSAddNew.addNewFunction()'><b>addNewFunction</b><br>Test class: net.testcases_worktimemodule.AOS.AOSAddNew<br>Parameters: chrome</td>
<td></td>
<td>25</td>
<td>net.testcases_worktimemodule.AOS.AOSAddNew@1f53481b</td></tr>
<tr>
<td title='net.testcases_worktimemodule.AOS.AOSBulkUploadDelete.aosBulkUploadDelete()'><b>aosBulkUploadDelete</b><br>Test class: net.testcases_worktimemodule.AOS.AOSBulkUploadDelete<br>Parameters: chrome</td>
<td></td>
<td>29</td>
<td>net.testcases_worktimemodule.AOS.AOSBulkUploadDelete@2fcd7d3f</td></tr>
<tr>
<td title='net.testcases_worktimemodule.AOS.AOSUnknownApplicationAddingtoExisting.aosUnknownApplicationAddingtoExisting()'><b>aosUnknownApplicationAddingtoExisting</b><br>Test class: net.testcases_worktimemodule.AOS.AOSUnknownApplicationAddingtoExisting<br>Parameters: chrome</td>
<td></td>
<td>24</td>
<td>net.testcases_worktimemodule.AOS.AOSUnknownApplicationAddingtoExisting@37c36608</td></tr>
<tr>
<td title='net.testcases_worktimemodule.AOS.AOSUnknownApplicationAddingtoExistingProcessName.aosUnknownApplicationAddingtoExistingProcessName()'><b>aosUnknownApplicationAddingtoExistingProcessName</b><br>Test class: net.testcases_worktimemodule.AOS.AOSUnknownApplicationAddingtoExistingProcessName<br>Parameters: chrome</td>
<td></td>
<td>15</td>
<td>net.testcases_worktimemodule.AOS.AOSUnknownApplicationAddingtoExistingProcessName@5d497a91</td></tr>
<tr>
<td title='net.testcases_worktimemodule.AOS.AOSModifyFunction.a0sModifyFunction()'><b>a0sModifyFunction</b><br>Test class: net.testcases_worktimemodule.AOS.AOSModifyFunction<br>Parameters: chrome</td>
<td></td>
<td>21</td>
<td>net.testcases_worktimemodule.AOS.AOSModifyFunction@1c8f6a90</td></tr>
<tr>
<td title='net.testcases_worktimemodule.AOS.AOSUnknownApplicationAddingtoCreateNewQualifierText.aosUnknownApplicationAddingtoCreateNewQualifierText()'><b>aosUnknownApplicationAddingtoCreateNewQualifierText</b><br>Test class: net.testcases_worktimemodule.AOS.AOSUnknownApplicationAddingtoCreateNewQualifierText<br>Parameters: chrome</td>
<td></td>
<td>14</td>
<td>net.testcases_worktimemodule.AOS.AOSUnknownApplicationAddingtoCreateNewQualifierText@2e869098</td></tr>
</table><p>
<table width='100%' border='1' class='invocation-skipped'>
<tr><td colspan='4' align='center'><b>SKIPPED TESTS</b></td></tr>
<tr><td><b>Test method</b></td>
<td><b>Attribute(s)</b></td>
<td width="30%"><b>Exception</b></td>
<td width="10%"><b>Time (seconds)</b></td>
<td><b>Instance</b></td>
</tr>
<tr>
<td title='net.testcases_worktimemodule.AOS.AOSAddNew.addNewFunction()'><b>addNewFunction</b><br>Test class: net.testcases_worktimemodule.AOS.AOSAddNew<br>Parameters: chrome</td>
<td><div><pre>java.lang.AssertionError
	at org.junit.Assert.fail(Assert.java:86)
	at org.junit.Assert.assertTrue(Assert.java:41)
	at org.junit.Assert.assertTrue(Assert.java:52)
	at net.testcases_worktimemodule.AOS.AOSAddNew.addNewFunction(AOSAddNew.java:76)
	at java.base/java.util.ArrayList.forEach(ArrayList.java:1541)
... Removed 28 stack frames</pre></div><a href='#' onClick='toggleBox("stack-trace302857307", this, "Click to show all stack frames", "Click to hide stack frames")'>Click to show all stack frames</a>
<div class='stack-trace' id='stack-trace302857307'><pre>java.lang.AssertionError
	at org.junit.Assert.fail(Assert.java:86)
	at org.junit.Assert.assertTrue(Assert.java:41)
	at org.junit.Assert.assertTrue(Assert.java:52)
	at net.testcases_worktimemodule.AOS.AOSAddNew.addNewFunction(AOSAddNew.java:76)
	at java.base/jdk.internal.reflect.NativeMethodAccessorImpl.invoke0(Native Method)
	at java.base/jdk.internal.reflect.NativeMethodAccessorImpl.invoke(NativeMethodAccessorImpl.java:62)
	at java.base/jdk.internal.reflect.DelegatingMethodAccessorImpl.invoke(DelegatingMethodAccessorImpl.java:43)
	at java.base/java.lang.reflect.Method.invoke(Method.java:566)
	at org.testng.internal.invokers.MethodInvocationHelper.invokeMethod(MethodInvocationHelper.java:139)
	at org.testng.internal.invokers.TestInvoker.invokeMethod(TestInvoker.java:677)
	at org.testng.internal.invokers.TestInvoker.invokeTestMethod(TestInvoker.java:221)
	at org.testng.internal.invokers.MethodRunner.runInSequence(MethodRunner.java:50)
	at org.testng.internal.invokers.TestInvoker$MethodInvocationAgent.invoke(TestInvoker.java:962)
	at org.testng.internal.invokers.TestInvoker.invokeTestMethods(TestInvoker.java:194)
	at org.testng.internal.invokers.TestMethodWorker.invokeTestMethods(TestMethodWorker.java:148)
	at org.testng.internal.invokers.TestMethodWorker.run(TestMethodWorker.java:128)
	at java.base/java.util.ArrayList.forEach(ArrayList.java:1541)
	at org.testng.TestRunner.privateRun(TestRunner.java:806)
	at org.testng.TestRunner.run(TestRunner.java:601)
	at org.testng.SuiteRunner.runTest(SuiteRunner.java:433)
	at org.testng.SuiteRunner.runSequentially(SuiteRunner.java:427)
	at org.testng.SuiteRunner.privateRun(SuiteRunner.java:387)
	at org.testng.SuiteRunner.run(SuiteRunner.java:330)
	at org.testng.SuiteRunnerWorker.runSuite(SuiteRunnerWorker.java:52)
	at org.testng.SuiteRunnerWorker.run(SuiteRunnerWorker.java:95)
	at org.testng.TestNG.runSuitesSequentially(TestNG.java:1256)
	at org.testng.TestNG.runSuitesSequentially(TestNG.java:1251)
	at org.testng.TestNG.runSuitesLocally(TestNG.java:1176)
	at org.testng.TestNG.runSuites(TestNG.java:1099)
	at org.testng.TestNG.run(TestNG.java:1067)
	at org.testng.remote.AbstractRemoteTestNG.run(AbstractRemoteTestNG.java:115)
	at org.testng.remote.RemoteTestNG.initAndRun(RemoteTestNG.java:251)
	at org.testng.remote.RemoteTestNG.main(RemoteTestNG.java:77)
</pre></div></td>
<td>33</td>
<td>net.testcases_worktimemodule.AOS.AOSAddNew@1f53481b</td></tr>
</table><p>
</body>
</html>